#
# A fatal error has been detected by the Java Runtime Environment:
#
#  SIGSEGV (0xb) at pc=0x00007fdc01cdc0c0, pid=38, tid=38
#
# JRE version: OpenJDK Runtime Environment AdoptOpenJDK (11.0.8+10) (build 11.0.8+10)
# Java VM: OpenJDK 64-Bit Server VM AdoptOpenJDK (11.0.8+10, mixed mode, tiered, compressed oops, g1 gc, linux-amd64)
# Problematic frame:
# V  [libjvm.so+0xc0d0c0]  SR_handler(int, siginfo*, ucontext*)+0x30
#
# Core dump will be written. Default location: /divabotguardian/core
#
# If you would like to submit a bug report, please visit:
#   https://github.com/AdoptOpenJDK/openjdk-support/issues
#

---------------  S U M M A R Y ------------

Command Line: DivaBotGuardian/DivaBotGuardian/DivaBotGuardian.jar 3

Host: AMD EPYC 7601 32-Core Processor, 8 cores, 15G, Ubuntu 18.04.4 LTS
Time: Mon Sep 28 07:13:30 2020 UTC elapsed time: 147 seconds (0d 0h 2m 27s)

---------------  T H R E A D  ---------------

Current thread is native thread

Stack: [0x00007ffd1eb75000,0x00007ffd1f374000],  sp=0x00007ffd1f36ef40,  free space=8167k
Native frames: (J=compiled Java code, A=aot compiled Java code, j=interpreted, Vv=VM code, C=native code)
V  [libjvm.so+0xc0d0c0]  SR_handler(int, siginfo*, ucontext*)+0x30
C  [libpthread.so.0+0x12890]


siginfo: si_signo: 11 (SIGSEGV), si_code: 1 (SEGV_MAPERR), si_addr: 0x00000000000000d0

Register to memory mapping:

RAX=0x0 is NULL
RBX=
[error occurred during error reporting (printing register info), id 0xb, SIGSEGV (0xb) at pc=0x00007fdc01ea2e37]

Registers:
RAX=0x0000000000000000, RBX=0x00007fdc033bff80, RCX=0x00007fdc02d70d2d, RDX=0x0000000000000000
RSP=0x00007ffd1f36ef40, RBP=0x00007ffd1f36eff0, RSI=0x00007ffd1f36f130, RDI=0x0000000000000001
R8 =0x00000000000000ca, R9 =0x00007fdc033be9d0, R10=0x0000000000000000, R11=0x0000000000000246
R12=0x0000000000000000, R13=0x00007ffd1f36f130, R14=0x00007ffd1f36f000, R15=0x0000000000000001
RIP=0x00007fdc01cdc0c0, EFLAGS=0x0000000000010246, CSGSFS=0x002b000000000033, ERR=0x0000000000000004
  TRAPNO=0x000000000000000e

Top of Stack: (sp=0x00007ffd1f36ef40)
0x00007ffd1f36ef40:   00007fdc033c23e0 00007fdc02b63ceb
0x00007ffd1f36ef50:   00007ffd1f36f4f0 00007fdc031b5754
0x00007ffd1f36ef60:   0000000000000018 00007fdc033c1ef0
0x00007ffd1f36ef70:   0000000000000004 00007fdc031aef5f 

Instructions: (pc=0x00007fdc01cdc0c0)
0x00007fdc01cdbfc0:   44 39 66 ff 48 8b 45 c8 64 48 33 04 25 28 00 00
0x00007fdc01cdbfd0:   00 0f 85 a7 00 00 00 48 81 c4 18 01 00 00 5b 41
0x00007fdc01cdbfe0:   5c 41 5d 41 5e 41 5f 5d c3 4c 89 e2 be 00 01 00
0x00007fdc01cdbff0:   00 48 89 df e8 57 3a 66 ff 48 85 c0 74 9b 48 8d
0x00007fdc01cdc000:   35 ea b8 32 00 48 89 df e8 3b 39 66 ff 48 85 c0
0x00007fdc01cdc010:   75 1e 48 8d 35 eb b8 32 00 48 89 df e8 27 39 66
0x00007fdc01cdc020:   ff 48 85 c0 0f 84 6f ff ff ff 66 0f 1f 44 00 00
0x00007fdc01cdc030:   be 22 00 00 00 48 89 df e8 53 39 66 ff 48 85 c0
0x00007fdc01cdc040:   74 26 48 8d 58 01 be 22 00 00 00 48 89 df e8 3d
0x00007fdc01cdc050:   39 66 ff 48 85 c0 0f 85 4f ff ff ff e9 4d ff ff
0x00007fdc01cdc060:   ff 0f 1f 80 00 00 00 00 48 89 df be 3d 00 00 00
0x00007fdc01cdc070:   e8 1b 39 66 ff 48 8d 58 01 e9 1b ff ff ff e8 cd
0x00007fdc01cdc080:   37 66 ff 0f 1f 00 66 2e 0f 1f 84 00 00 00 00 00
0x00007fdc01cdc090:   55 48 89 e5 41 57 41 56 41 55 41 54 49 89 d6 53
0x00007fdc01cdc0a0:   49 89 f5 48 81 ec 88 00 00 00 e8 89 3c 66 ff 48
0x00007fdc01cdc0b0:   89 c3 44 8b 20 e8 46 57 1c 00 31 d2 84 c0 75 38
0x00007fdc01cdc0c0:   48 83 ba d0 00 00 00 00 74 16 4c 8b ba 68 02 00
0x00007fdc01cdc0d0:   00 41 8b 87 a8 00 00 00 83 f8 01 74 2b 44 89 23
0x00007fdc01cdc0e0:   48 81 c4 88 00 00 00 5b 41 5c 41 5d 41 5e 41 5f
0x00007fdc01cdc0f0:   5d c3 66 0f 1f 44 00 00 e8 13 57 1c 00 48 89 c2
0x00007fdc01cdc100:   eb be 66 0f 1f 44 00 00 4d 89 af b0 00 00 00 4d
0x00007fdc01cdc110:   8d af a8 00 00 00 4d 89 b7 b8 00 00 00 ba 02 00
0x00007fdc01cdc120:   00 00 be 01 00 00 00 4c 89 ef e8 01 be ff ff 83
0x00007fdc01cdc130:   f8 02 74 3c 85 c0 75 18 49 c7 87 b8 00 00 00 00
0x00007fdc01cdc140:   00 00 00 49 c7 87 b0 00 00 00 00 00 00 00 eb 8d
0x00007fdc01cdc150:   48 8d 05 51 a9 7f 00 48 8d 3d ba c0 32 00 be 7d
0x00007fdc01cdc160:   11 00 00 48 8b 00 c6 00 58 e8 82 13 a8 ff eb c8
0x00007fdc01cdc170:   4c 8d b5 50 ff ff ff 4c 89 f7 e8 d9 39 66 ff 4c
0x00007fdc01cdc180:   89 f2 31 f6 31 ff e8 55 3a 66 ff 8b 35 1f 4a 81
0x00007fdc01cdc190:   00 4c 89 f7 e8 27 38 66 ff 48 8d 3d c0 85 85 00
0x00007fdc01cdc1a0:   be 01 00 00 00 e8 16 89 0d 00 66 0f 1f 44 00 00
0x00007fdc01cdc1b0:   4c 89 f7 e8 b0 3b 66 ff 31 d2 be 03 00 00 00 4c 


Stack slot to memory mapping:
stack at sp + 0 slots: 
[error occurred during error reporting (inspecting top of stack), id 0xb, SIGSEGV (0xb) at pc=0x00007fdc01ea2e37]


---------------  P R O C E S S  ---------------

VM state:not at safepoint (normal execution)

VM Mutex/Monitor currently owned by a thread: None

Heap address: 0x0000000706000000, size: 4000 MB, Compressed Oops mode: Zero based, Oop shift amount: 3
Narrow klass base: 0x0000000800000000, Narrow klass shift: 0
Compressed class space size: 1073741824 Address: 0x0000000800000000

Heap:
 garbage-first heap   total 256000K, used 33526K [0x0000000706000000, 0x0000000800000000)
  region size 1024K, 21 young (21504K), 1 survivors (1024K)
 Metaspace       used 9334K, capacity 9640K, committed 9856K, reserved 1058816K
  class space    used 969K, capacity 1085K, committed 1152K, reserved 1048576K
Heap Regions: E=young(eden), S=young(survivor), O=old, HS=humongous(starts), HC=humongous(continues), CS=collection set, F=free, A=archive, TAMS=top-at-mark-start (previous, next)
|   0|0x0000000706000000, 0x0000000706100000, 0x0000000706100000|100%|HS|  |TAMS 0x0000000706000000, 0x0000000706000000| Complete 
|   1|0x0000000706100000, 0x0000000706200000, 0x0000000706200000|100%|HC|  |TAMS 0x0000000706100000, 0x0000000706100000| Complete 
|   2|0x0000000706200000, 0x0000000706300000, 0x0000000706300000|100%|HC|  |TAMS 0x0000000706200000, 0x0000000706200000| Complete 
|   3|0x0000000706300000, 0x0000000706400000, 0x0000000706400000|100%|HS|  |TAMS 0x0000000706300000, 0x0000000706300000| Complete 
|   4|0x0000000706400000, 0x0000000706500000, 0x0000000706500000|100%|HC|  |TAMS 0x0000000706400000, 0x0000000706400000| Complete 
|   5|0x0000000706500000, 0x0000000706600000, 0x0000000706600000|100%|HC|  |TAMS 0x0000000706500000, 0x0000000706500000| Complete 
|   6|0x0000000706600000, 0x0000000706700000, 0x0000000706700000|100%|HS|  |TAMS 0x0000000706600000, 0x0000000706600000| Complete 
|   7|0x0000000706700000, 0x0000000706800000, 0x0000000706800000|100%|HC|  |TAMS 0x0000000706700000, 0x0000000706700000| Complete 
|   8|0x0000000706800000, 0x0000000706900000, 0x0000000706900000|100%|HC|  |TAMS 0x0000000706800000, 0x0000000706800000| Complete 
|   9|0x0000000706900000, 0x0000000706900000, 0x0000000706a00000|  0%| F|  |TAMS 0x0000000706900000, 0x0000000706900000| Untracked 
|  10|0x0000000706a00000, 0x0000000706a00000, 0x0000000706b00000|  0%| F|  |TAMS 0x0000000706a00000, 0x0000000706a00000| Untracked 
|  11|0x0000000706b00000, 0x0000000706b00000, 0x0000000706c00000|  0%| F|  |TAMS 0x0000000706b00000, 0x0000000706b00000| Untracked 
|  12|0x0000000706c00000, 0x0000000706c00000, 0x0000000706d00000|  0%| F|  |TAMS 0x0000000706c00000, 0x0000000706c00000| Untracked 
|  13|0x0000000706d00000, 0x0000000706d00000, 0x0000000706e00000|  0%| F|  |TAMS 0x0000000706d00000, 0x0000000706d00000| Untracked 
|  14|0x0000000706e00000, 0x0000000706e00000, 0x0000000706f00000|  0%| F|  |TAMS 0x0000000706e00000, 0x0000000706e00000| Untracked 
|  15|0x0000000706f00000, 0x0000000706f00000, 0x0000000707000000|  0%| F|  |TAMS 0x0000000706f00000, 0x0000000706f00000| Untracked 
|  16|0x0000000707000000, 0x0000000707000000, 0x0000000707100000|  0%| F|  |TAMS 0x0000000707000000, 0x0000000707000000| Untracked 
|  17|0x0000000707100000, 0x0000000707100000, 0x0000000707200000|  0%| F|  |TAMS 0x0000000707100000, 0x0000000707100000| Untracked 
|  18|0x0000000707200000, 0x0000000707200000, 0x0000000707300000|  0%| F|  |TAMS 0x0000000707200000, 0x0000000707200000| Untracked 
|  19|0x0000000707300000, 0x0000000707300000, 0x0000000707400000|  0%| F|  |TAMS 0x0000000707300000, 0x0000000707300000| Untracked 
|  20|0x0000000707400000, 0x0000000707400000, 0x0000000707500000|  0%| F|  |TAMS 0x0000000707400000, 0x0000000707400000| Untracked 
|  21|0x0000000707500000, 0x0000000707500000, 0x0000000707600000|  0%| F|  |TAMS 0x0000000707500000, 0x0000000707500000| Untracked 
|  22|0x0000000707600000, 0x0000000707600000, 0x0000000707700000|  0%| F|  |TAMS 0x0000000707600000, 0x0000000707600000| Untracked 
|  23|0x0000000707700000, 0x0000000707700000, 0x0000000707800000|  0%| F|  |TAMS 0x0000000707700000, 0x0000000707700000| Untracked 
|  24|0x0000000707800000, 0x0000000707800000, 0x0000000707900000|  0%| F|  |TAMS 0x0000000707800000, 0x0000000707800000| Untracked 
|  25|0x0000000707900000, 0x0000000707900000, 0x0000000707a00000|  0%| F|  |TAMS 0x0000000707900000, 0x0000000707900000| Untracked 
|  26|0x0000000707a00000, 0x0000000707a00000, 0x0000000707b00000|  0%| F|  |TAMS 0x0000000707a00000, 0x0000000707a00000| Untracked 
|  27|0x0000000707b00000, 0x0000000707b00000, 0x0000000707c00000|  0%| F|  |TAMS 0x0000000707b00000, 0x0000000707b00000| Untracked 
|  28|0x0000000707c00000, 0x0000000707c00000, 0x0000000707d00000|  0%| F|  |TAMS 0x0000000707c00000, 0x0000000707c00000| Untracked 
|  29|0x0000000707d00000, 0x0000000707d00000, 0x0000000707e00000|  0%| F|  |TAMS 0x0000000707d00000, 0x0000000707d00000| Untracked 
|  30|0x0000000707e00000, 0x0000000707e00000, 0x0000000707f00000|  0%| F|  |TAMS 0x0000000707e00000, 0x0000000707e00000| Untracked 
|  31|0x0000000707f00000, 0x0000000707f00000, 0x0000000708000000|  0%| F|  |TAMS 0x0000000707f00000, 0x0000000707f00000| Untracked 
|  32|0x0000000708000000, 0x0000000708000000, 0x0000000708100000|  0%| F|  |TAMS 0x0000000708000000, 0x0000000708000000| Untracked 
|  33|0x0000000708100000, 0x0000000708100000, 0x0000000708200000|  0%| F|  |TAMS 0x0000000708100000, 0x0000000708100000| Untracked 
|  34|0x0000000708200000, 0x0000000708200000, 0x0000000708300000|  0%| F|  |TAMS 0x0000000708200000, 0x0000000708200000| Untracked 
|  35|0x0000000708300000, 0x0000000708300000, 0x0000000708400000|  0%| F|  |TAMS 0x0000000708300000, 0x0000000708300000| Untracked 
|  36|0x0000000708400000, 0x0000000708400000, 0x0000000708500000|  0%| F|  |TAMS 0x0000000708400000, 0x0000000708400000| Untracked 
|  37|0x0000000708500000, 0x0000000708500000, 0x0000000708600000|  0%| F|  |TAMS 0x0000000708500000, 0x0000000708500000| Untracked 
|  38|0x0000000708600000, 0x0000000708600000, 0x0000000708700000|  0%| F|  |TAMS 0x0000000708600000, 0x0000000708600000| Untracked 
|  39|0x0000000708700000, 0x0000000708700000, 0x0000000708800000|  0%| F|  |TAMS 0x0000000708700000, 0x0000000708700000| Untracked 
|  40|0x0000000708800000, 0x0000000708800000, 0x0000000708900000|  0%| F|  |TAMS 0x0000000708800000, 0x0000000708800000| Untracked 
|  41|0x0000000708900000, 0x0000000708900000, 0x0000000708a00000|  0%| F|  |TAMS 0x0000000708900000, 0x0000000708900000| Untracked 
|  42|0x0000000708a00000, 0x0000000708a00000, 0x0000000708b00000|  0%| F|  |TAMS 0x0000000708a00000, 0x0000000708a00000| Untracked 
|  43|0x0000000708b00000, 0x0000000708b00000, 0x0000000708c00000|  0%| F|  |TAMS 0x0000000708b00000, 0x0000000708b00000| Untracked 
|  44|0x0000000708c00000, 0x0000000708c00000, 0x0000000708d00000|  0%| F|  |TAMS 0x0000000708c00000, 0x0000000708c00000| Untracked 
|  45|0x0000000708d00000, 0x0000000708d00000, 0x0000000708e00000|  0%| F|  |TAMS 0x0000000708d00000, 0x0000000708d00000| Untracked 
|  46|0x0000000708e00000, 0x0000000708e00000, 0x0000000708f00000|  0%| F|  |TAMS 0x0000000708e00000, 0x0000000708e00000| Untracked 
|  47|0x0000000708f00000, 0x0000000708f00000, 0x0000000709000000|  0%| F|  |TAMS 0x0000000708f00000, 0x0000000708f00000| Untracked 
|  48|0x0000000709000000, 0x0000000709000000, 0x0000000709100000|  0%| F|  |TAMS 0x0000000709000000, 0x0000000709000000| Untracked 
|  49|0x0000000709100000, 0x0000000709100000, 0x0000000709200000|  0%| F|  |TAMS 0x0000000709100000, 0x0000000709100000| Untracked 
|  50|0x0000000709200000, 0x0000000709200000, 0x0000000709300000|  0%| F|  |TAMS 0x0000000709200000, 0x0000000709200000| Untracked 
|  51|0x0000000709300000, 0x0000000709300000, 0x0000000709400000|  0%| F|  |TAMS 0x0000000709300000, 0x0000000709300000| Untracked 
|  52|0x0000000709400000, 0x0000000709400000, 0x0000000709500000|  0%| F|  |TAMS 0x0000000709400000, 0x0000000709400000| Untracked 
|  53|0x0000000709500000, 0x0000000709500000, 0x0000000709600000|  0%| F|  |TAMS 0x0000000709500000, 0x0000000709500000| Untracked 
|  54|0x0000000709600000, 0x0000000709600000, 0x0000000709700000|  0%| F|  |TAMS 0x0000000709600000, 0x0000000709600000| Untracked 
|  55|0x0000000709700000, 0x0000000709700000, 0x0000000709800000|  0%| F|  |TAMS 0x0000000709700000, 0x0000000709700000| Untracked 
|  56|0x0000000709800000, 0x0000000709800000, 0x0000000709900000|  0%| F|  |TAMS 0x0000000709800000, 0x0000000709800000| Untracked 
|  57|0x0000000709900000, 0x0000000709900000, 0x0000000709a00000|  0%| F|  |TAMS 0x0000000709900000, 0x0000000709900000| Untracked 
|  58|0x0000000709a00000, 0x0000000709a00000, 0x0000000709b00000|  0%| F|  |TAMS 0x0000000709a00000, 0x0000000709a00000| Untracked 
|  59|0x0000000709b00000, 0x0000000709b00000, 0x0000000709c00000|  0%| F|  |TAMS 0x0000000709b00000, 0x0000000709b00000| Untracked 
|  60|0x0000000709c00000, 0x0000000709c00000, 0x0000000709d00000|  0%| F|  |TAMS 0x0000000709c00000, 0x0000000709c00000| Untracked 
|  61|0x0000000709d00000, 0x0000000709d00000, 0x0000000709e00000|  0%| F|  |TAMS 0x0000000709d00000, 0x0000000709d00000| Untracked 
|  62|0x0000000709e00000, 0x0000000709e00000, 0x0000000709f00000|  0%| F|  |TAMS 0x0000000709e00000, 0x0000000709e00000| Untracked 
|  63|0x0000000709f00000, 0x0000000709f00000, 0x000000070a000000|  0%| F|  |TAMS 0x0000000709f00000, 0x0000000709f00000| Untracked 
|  64|0x000000070a000000, 0x000000070a000000, 0x000000070a100000|  0%| F|  |TAMS 0x000000070a000000, 0x000000070a000000| Untracked 
|  65|0x000000070a100000, 0x000000070a100000, 0x000000070a200000|  0%| F|  |TAMS 0x000000070a100000, 0x000000070a100000| Untracked 
|  66|0x000000070a200000, 0x000000070a200000, 0x000000070a300000|  0%| F|  |TAMS 0x000000070a200000, 0x000000070a200000| Untracked 
|  67|0x000000070a300000, 0x000000070a300000, 0x000000070a400000|  0%| F|  |TAMS 0x000000070a300000, 0x000000070a300000| Untracked 
|  68|0x000000070a400000, 0x000000070a400000, 0x000000070a500000|  0%| F|  |TAMS 0x000000070a400000, 0x000000070a400000| Untracked 
|  69|0x000000070a500000, 0x000000070a500000, 0x000000070a600000|  0%| F|  |TAMS 0x000000070a500000, 0x000000070a500000| Untracked 
|  70|0x000000070a600000, 0x000000070a600000, 0x000000070a700000|  0%| F|  |TAMS 0x000000070a600000, 0x000000070a600000| Untracked 
|  71|0x000000070a700000, 0x000000070a700000, 0x000000070a800000|  0%| F|  |TAMS 0x000000070a700000, 0x000000070a700000| Untracked 
|  72|0x000000070a800000, 0x000000070a800000, 0x000000070a900000|  0%| F|  |TAMS 0x000000070a800000, 0x000000070a800000| Untracked 
|  73|0x000000070a900000, 0x000000070a900000, 0x000000070aa00000|  0%| F|  |TAMS 0x000000070a900000, 0x000000070a900000| Untracked 
|  74|0x000000070aa00000, 0x000000070aa00000, 0x000000070ab00000|  0%| F|  |TAMS 0x000000070aa00000, 0x000000070aa00000| Untracked 
|  75|0x000000070ab00000, 0x000000070ab00000, 0x000000070ac00000|  0%| F|  |TAMS 0x000000070ab00000, 0x000000070ab00000| Untracked 
|  76|0x000000070ac00000, 0x000000070ac00000, 0x000000070ad00000|  0%| F|  |TAMS 0x000000070ac00000, 0x000000070ac00000| Untracked 
|  77|0x000000070ad00000, 0x000000070ad00000, 0x000000070ae00000|  0%| F|  |TAMS 0x000000070ad00000, 0x000000070ad00000| Untracked 
|  78|0x000000070ae00000, 0x000000070ae00000, 0x000000070af00000|  0%| F|  |TAMS 0x000000070ae00000, 0x000000070ae00000| Untracked 
|  79|0x000000070af00000, 0x000000070af00000, 0x000000070b000000|  0%| F|  |TAMS 0x000000070af00000, 0x000000070af00000| Untracked 
|  80|0x000000070b000000, 0x000000070b000000, 0x000000070b100000|  0%| F|  |TAMS 0x000000070b000000, 0x000000070b000000| Untracked 
|  81|0x000000070b100000, 0x000000070b100000, 0x000000070b200000|  0%| F|  |TAMS 0x000000070b100000, 0x000000070b100000| Untracked 
|  82|0x000000070b200000, 0x000000070b200000, 0x000000070b300000|  0%| F|  |TAMS 0x000000070b200000, 0x000000070b200000| Untracked 
|  83|0x000000070b300000, 0x000000070b300000, 0x000000070b400000|  0%| F|  |TAMS 0x000000070b300000, 0x000000070b300000| Untracked 
|  84|0x000000070b400000, 0x000000070b400000, 0x000000070b500000|  0%| F|  |TAMS 0x000000070b400000, 0x000000070b400000| Untracked 
|  85|0x000000070b500000, 0x000000070b500000, 0x000000070b600000|  0%| F|  |TAMS 0x000000070b500000, 0x000000070b500000| Untracked 
|  86|0x000000070b600000, 0x000000070b600000, 0x000000070b700000|  0%| F|  |TAMS 0x000000070b600000, 0x000000070b600000| Untracked 
|  87|0x000000070b700000, 0x000000070b800000, 0x000000070b800000|100%| O|  |TAMS 0x000000070b700000, 0x000000070b700000| Untracked 
|  88|0x000000070b800000, 0x000000070b8b2e00, 0x000000070b900000| 69%| O|  |TAMS 0x000000070b800000, 0x000000070b800000| Untracked 
|  89|0x000000070b900000, 0x000000070ba00000, 0x000000070ba00000|100%|HS|  |TAMS 0x000000070b900000, 0x000000070b900000| Complete 
|  90|0x000000070ba00000, 0x000000070bb00000, 0x000000070bb00000|100%|HC|  |TAMS 0x000000070ba00000, 0x000000070ba00000| Complete 
|  91|0x000000070bb00000, 0x000000070bc00000, 0x000000070bc00000|100%|HC|  |TAMS 0x000000070bb00000, 0x000000070bb00000| Complete 
|  92|0x000000070bc00000, 0x000000070bc00000, 0x000000070bd00000|  0%| F|  |TAMS 0x000000070bc00000, 0x000000070bc00000| Untracked 
|  93|0x000000070bd00000, 0x000000070bd00000, 0x000000070be00000|  0%| F|  |TAMS 0x000000070bd00000, 0x000000070bd00000| Untracked 
|  94|0x000000070be00000, 0x000000070be00000, 0x000000070bf00000|  0%| F|  |TAMS 0x000000070be00000, 0x000000070be00000| Untracked 
|  95|0x000000070bf00000, 0x000000070bf00000, 0x000000070c000000|  0%| F|  |TAMS 0x000000070bf00000, 0x000000070bf00000| Untracked 
|  96|0x000000070c000000, 0x000000070c000000, 0x000000070c100000|  0%| F|  |TAMS 0x000000070c000000, 0x000000070c000000| Untracked 
|  97|0x000000070c100000, 0x000000070c100000, 0x000000070c200000|  0%| F|  |TAMS 0x000000070c100000, 0x000000070c100000| Untracked 
|  98|0x000000070c200000, 0x000000070c200000, 0x000000070c300000|  0%| F|  |TAMS 0x000000070c200000, 0x000000070c200000| Untracked 
|  99|0x000000070c300000, 0x000000070c300000, 0x000000070c400000|  0%| F|  |TAMS 0x000000070c300000, 0x000000070c300000| Untracked 
| 100|0x000000070c400000, 0x000000070c40ada0, 0x000000070c500000|  4%| S|CS|TAMS 0x000000070c400000, 0x000000070c400000| Complete 
| 101|0x000000070c500000, 0x000000070c500000, 0x000000070c600000|  0%| F|  |TAMS 0x000000070c500000, 0x000000070c500000| Untracked 
| 102|0x000000070c600000, 0x000000070c600000, 0x000000070c700000|  0%| F|  |TAMS 0x000000070c600000, 0x000000070c600000| Untracked 
| 103|0x000000070c700000, 0x000000070c700000, 0x000000070c800000|  0%| F|  |TAMS 0x000000070c700000, 0x000000070c700000| Untracked 
| 104|0x000000070c800000, 0x000000070c800000, 0x000000070c900000|  0%| F|  |TAMS 0x000000070c800000, 0x000000070c800000| Untracked 
| 105|0x000000070c900000, 0x000000070c900000, 0x000000070ca00000|  0%| F|  |TAMS 0x000000070c900000, 0x000000070c900000| Untracked 
| 106|0x000000070ca00000, 0x000000070ca00000, 0x000000070cb00000|  0%| F|  |TAMS 0x000000070ca00000, 0x000000070ca00000| Untracked 
| 107|0x000000070cb00000, 0x000000070cb00000, 0x000000070cc00000|  0%| F|  |TAMS 0x000000070cb00000, 0x000000070cb00000| Untracked 
| 108|0x000000070cc00000, 0x000000070cc00000, 0x000000070cd00000|  0%| F|  |TAMS 0x000000070cc00000, 0x000000070cc00000| Untracked 
| 109|0x000000070cd00000, 0x000000070cd00000, 0x000000070ce00000|  0%| F|  |TAMS 0x000000070cd00000, 0x000000070cd00000| Untracked 
| 110|0x000000070ce00000, 0x000000070ce00000, 0x000000070cf00000|  0%| F|  |TAMS 0x000000070ce00000, 0x000000070ce00000| Untracked 
| 111|0x000000070cf00000, 0x000000070cf00000, 0x000000070d000000|  0%| F|  |TAMS 0x000000070cf00000, 0x000000070cf00000| Untracked 
| 112|0x000000070d000000, 0x000000070d000000, 0x000000070d100000|  0%| F|  |TAMS 0x000000070d000000, 0x000000070d000000| Untracked 
| 113|0x000000070d100000, 0x000000070d100000, 0x000000070d200000|  0%| F|  |TAMS 0x000000070d100000, 0x000000070d100000| Untracked 
| 114|0x000000070d200000, 0x000000070d200000, 0x000000070d300000|  0%| F|  |TAMS 0x000000070d200000, 0x000000070d200000| Untracked 
| 115|0x000000070d300000, 0x000000070d300000, 0x000000070d400000|  0%| F|  |TAMS 0x000000070d300000, 0x000000070d300000| Untracked 
| 116|0x000000070d400000, 0x000000070d400000, 0x000000070d500000|  0%| F|  |TAMS 0x000000070d400000, 0x000000070d400000| Untracked 
| 117|0x000000070d500000, 0x000000070d500000, 0x000000070d600000|  0%| F|  |TAMS 0x000000070d500000, 0x000000070d500000| Untracked 
| 118|0x000000070d600000, 0x000000070d600000, 0x000000070d700000|  0%| F|  |TAMS 0x000000070d600000, 0x000000070d600000| Untracked 
| 119|0x000000070d700000, 0x000000070d700000, 0x000000070d800000|  0%| F|  |TAMS 0x000000070d700000, 0x000000070d700000| Untracked 
| 120|0x000000070d800000, 0x000000070d800000, 0x000000070d900000|  0%| F|  |TAMS 0x000000070d800000, 0x000000070d800000| Untracked 
| 121|0x000000070d900000, 0x000000070d900000, 0x000000070da00000|  0%| F|  |TAMS 0x000000070d900000, 0x000000070d900000| Untracked 
| 122|0x000000070da00000, 0x000000070da00000, 0x000000070db00000|  0%| F|  |TAMS 0x000000070da00000, 0x000000070da00000| Untracked 
| 123|0x000000070db00000, 0x000000070db00000, 0x000000070dc00000|  0%| F|  |TAMS 0x000000070db00000, 0x000000070db00000| Untracked 
| 124|0x000000070dc00000, 0x000000070dc00000, 0x000000070dd00000|  0%| F|  |TAMS 0x000000070dc00000, 0x000000070dc00000| Untracked 
| 125|0x000000070dd00000, 0x000000070dd00000, 0x000000070de00000|  0%| F|  |TAMS 0x000000070dd00000, 0x000000070dd00000| Untracked 
| 126|0x000000070de00000, 0x000000070de00000, 0x000000070df00000|  0%| F|  |TAMS 0x000000070de00000, 0x000000070de00000| Untracked 
| 127|0x000000070df00000, 0x000000070df00000, 0x000000070e000000|  0%| F|  |TAMS 0x000000070df00000, 0x000000070df00000| Untracked 
| 128|0x000000070e000000, 0x000000070e000000, 0x000000070e100000|  0%| F|  |TAMS 0x000000070e000000, 0x000000070e000000| Untracked 
| 129|0x000000070e100000, 0x000000070e100000, 0x000000070e200000|  0%| F|  |TAMS 0x000000070e100000, 0x000000070e100000| Untracked 
| 130|0x000000070e200000, 0x000000070e200000, 0x000000070e300000|  0%| F|  |TAMS 0x000000070e200000, 0x000000070e200000| Untracked 
| 131|0x000000070e300000, 0x000000070e300000, 0x000000070e400000|  0%| F|  |TAMS 0x000000070e300000, 0x000000070e300000| Untracked 
| 132|0x000000070e400000, 0x000000070e400000, 0x000000070e500000|  0%| F|  |TAMS 0x000000070e400000, 0x000000070e400000| Untracked 
| 133|0x000000070e500000, 0x000000070e500000, 0x000000070e600000|  0%| F|  |TAMS 0x000000070e500000, 0x000000070e500000| Untracked 
| 134|0x000000070e600000, 0x000000070e600000, 0x000000070e700000|  0%| F|  |TAMS 0x000000070e600000, 0x000000070e600000| Untracked 
| 135|0x000000070e700000, 0x000000070e700000, 0x000000070e800000|  0%| F|  |TAMS 0x000000070e700000, 0x000000070e700000| Untracked 
| 136|0x000000070e800000, 0x000000070e800000, 0x000000070e900000|  0%| F|  |TAMS 0x000000070e800000, 0x000000070e800000| Untracked 
| 137|0x000000070e900000, 0x000000070e900000, 0x000000070ea00000|  0%| F|  |TAMS 0x000000070e900000, 0x000000070e900000| Untracked 
| 138|0x000000070ea00000, 0x000000070ea00000, 0x000000070eb00000|  0%| F|  |TAMS 0x000000070ea00000, 0x000000070ea00000| Untracked 
| 139|0x000000070eb00000, 0x000000070eb00000, 0x000000070ec00000|  0%| F|  |TAMS 0x000000070eb00000, 0x000000070eb00000| Untracked 
| 140|0x000000070ec00000, 0x000000070ec00000, 0x000000070ed00000|  0%| F|  |TAMS 0x000000070ec00000, 0x000000070ec00000| Untracked 
| 141|0x000000070ed00000, 0x000000070ed00000, 0x000000070ee00000|  0%| F|  |TAMS 0x000000070ed00000, 0x000000070ed00000| Untracked 
| 142|0x000000070ee00000, 0x000000070ee00000, 0x000000070ef00000|  0%| F|  |TAMS 0x000000070ee00000, 0x000000070ee00000| Untracked 
| 143|0x000000070ef00000, 0x000000070ef00000, 0x000000070f000000|  0%| F|  |TAMS 0x000000070ef00000, 0x000000070ef00000| Untracked 
| 144|0x000000070f000000, 0x000000070f000000, 0x000000070f100000|  0%| F|  |TAMS 0x000000070f000000, 0x000000070f000000| Untracked 
| 145|0x000000070f100000, 0x000000070f100000, 0x000000070f200000|  0%| F|  |TAMS 0x000000070f100000, 0x000000070f100000| Untracked 
| 146|0x000000070f200000, 0x000000070f200000, 0x000000070f300000|  0%| F|  |TAMS 0x000000070f200000, 0x000000070f200000| Untracked 
| 147|0x000000070f300000, 0x000000070f300000, 0x000000070f400000|  0%| F|  |TAMS 0x000000070f300000, 0x000000070f300000| Untracked 
| 148|0x000000070f400000, 0x000000070f400000, 0x000000070f500000|  0%| F|  |TAMS 0x000000070f400000, 0x000000070f400000| Untracked 
| 149|0x000000070f500000, 0x000000070f500000, 0x000000070f600000|  0%| F|  |TAMS 0x000000070f500000, 0x000000070f500000| Untracked 
| 150|0x000000070f600000, 0x000000070f600000, 0x000000070f700000|  0%| F|  |TAMS 0x000000070f600000, 0x000000070f600000| Untracked 
| 151|0x000000070f700000, 0x000000070f700000, 0x000000070f800000|  0%| F|  |TAMS 0x000000070f700000, 0x000000070f700000| Untracked 
| 152|0x000000070f800000, 0x000000070f800000, 0x000000070f900000|  0%| F|  |TAMS 0x000000070f800000, 0x000000070f800000| Untracked 
| 153|0x000000070f900000, 0x000000070f900000, 0x000000070fa00000|  0%| F|  |TAMS 0x000000070f900000, 0x000000070f900000| Untracked 
| 154|0x000000070fa00000, 0x000000070fa00000, 0x000000070fb00000|  0%| F|  |TAMS 0x000000070fa00000, 0x000000070fa00000| Untracked 
| 155|0x000000070fb00000, 0x000000070fb00000, 0x000000070fc00000|  0%| F|  |TAMS 0x000000070fb00000, 0x000000070fb00000| Untracked 
| 156|0x000000070fc00000, 0x000000070fc00000, 0x000000070fd00000|  0%| F|  |TAMS 0x000000070fc00000, 0x000000070fc00000| Untracked 
| 157|0x000000070fd00000, 0x000000070fd00000, 0x000000070fe00000|  0%| F|  |TAMS 0x000000070fd00000, 0x000000070fd00000| Untracked 
| 158|0x000000070fe00000, 0x000000070fe00000, 0x000000070ff00000|  0%| F|  |TAMS 0x000000070fe00000, 0x000000070fe00000| Untracked 
| 159|0x000000070ff00000, 0x000000070ff00000, 0x0000000710000000|  0%| F|  |TAMS 0x000000070ff00000, 0x000000070ff00000| Untracked 
| 160|0x0000000710000000, 0x0000000710000000, 0x0000000710100000|  0%| F|  |TAMS 0x0000000710000000, 0x0000000710000000| Untracked 
| 161|0x0000000710100000, 0x0000000710100000, 0x0000000710200000|  0%| F|  |TAMS 0x0000000710100000, 0x0000000710100000| Untracked 
| 162|0x0000000710200000, 0x0000000710200000, 0x0000000710300000|  0%| F|  |TAMS 0x0000000710200000, 0x0000000710200000| Untracked 
| 163|0x0000000710300000, 0x0000000710300000, 0x0000000710400000|  0%| F|  |TAMS 0x0000000710300000, 0x0000000710300000| Untracked 
| 164|0x0000000710400000, 0x0000000710400000, 0x0000000710500000|  0%| F|  |TAMS 0x0000000710400000, 0x0000000710400000| Untracked 
| 165|0x0000000710500000, 0x0000000710500000, 0x0000000710600000|  0%| F|  |TAMS 0x0000000710500000, 0x0000000710500000| Untracked 
| 166|0x0000000710600000, 0x0000000710600000, 0x0000000710700000|  0%| F|  |TAMS 0x0000000710600000, 0x0000000710600000| Untracked 
| 167|0x0000000710700000, 0x0000000710700000, 0x0000000710800000|  0%| F|  |TAMS 0x0000000710700000, 0x0000000710700000| Untracked 
| 168|0x0000000710800000, 0x0000000710800000, 0x0000000710900000|  0%| F|  |TAMS 0x0000000710800000, 0x0000000710800000| Untracked 
| 169|0x0000000710900000, 0x0000000710900000, 0x0000000710a00000|  0%| F|  |TAMS 0x0000000710900000, 0x0000000710900000| Untracked 
| 170|0x0000000710a00000, 0x0000000710a00000, 0x0000000710b00000|  0%| F|  |TAMS 0x0000000710a00000, 0x0000000710a00000| Untracked 
| 171|0x0000000710b00000, 0x0000000710b00000, 0x0000000710c00000|  0%| F|  |TAMS 0x0000000710b00000, 0x0000000710b00000| Untracked 
| 172|0x0000000710c00000, 0x0000000710c00000, 0x0000000710d00000|  0%| F|  |TAMS 0x0000000710c00000, 0x0000000710c00000| Untracked 
| 173|0x0000000710d00000, 0x0000000710d00000, 0x0000000710e00000|  0%| F|  |TAMS 0x0000000710d00000, 0x0000000710d00000| Untracked 
| 174|0x0000000710e00000, 0x0000000710e00000, 0x0000000710f00000|  0%| F|  |TAMS 0x0000000710e00000, 0x0000000710e00000| Untracked 
| 175|0x0000000710f00000, 0x0000000710f00000, 0x0000000711000000|  0%| F|  |TAMS 0x0000000710f00000, 0x0000000710f00000| Untracked 
| 176|0x0000000711000000, 0x0000000711000000, 0x0000000711100000|  0%| F|  |TAMS 0x0000000711000000, 0x0000000711000000| Untracked 
| 177|0x0000000711100000, 0x0000000711100000, 0x0000000711200000|  0%| F|  |TAMS 0x0000000711100000, 0x0000000711100000| Untracked 
| 178|0x0000000711200000, 0x0000000711200000, 0x0000000711300000|  0%| F|  |TAMS 0x0000000711200000, 0x0000000711200000| Untracked 
| 179|0x0000000711300000, 0x0000000711300000, 0x0000000711400000|  0%| F|  |TAMS 0x0000000711300000, 0x0000000711300000| Untracked 
| 180|0x0000000711400000, 0x0000000711400000, 0x0000000711500000|  0%| F|  |TAMS 0x0000000711400000, 0x0000000711400000| Untracked 
| 181|0x0000000711500000, 0x0000000711500000, 0x0000000711600000|  0%| F|  |TAMS 0x0000000711500000, 0x0000000711500000| Untracked 
| 182|0x0000000711600000, 0x0000000711600000, 0x0000000711700000|  0%| F|  |TAMS 0x0000000711600000, 0x0000000711600000| Untracked 
| 183|0x0000000711700000, 0x0000000711700000, 0x0000000711800000|  0%| F|  |TAMS 0x0000000711700000, 0x0000000711700000| Untracked 
| 184|0x0000000711800000, 0x0000000711800000, 0x0000000711900000|  0%| F|  |TAMS 0x0000000711800000, 0x0000000711800000| Untracked 
| 185|0x0000000711900000, 0x0000000711900000, 0x0000000711a00000|  0%| F|  |TAMS 0x0000000711900000, 0x0000000711900000| Untracked 
| 186|0x0000000711a00000, 0x0000000711a00000, 0x0000000711b00000|  0%| F|  |TAMS 0x0000000711a00000, 0x0000000711a00000| Untracked 
| 187|0x0000000711b00000, 0x0000000711b00000, 0x0000000711c00000|  0%| F|  |TAMS 0x0000000711b00000, 0x0000000711b00000| Untracked 
| 188|0x0000000711c00000, 0x0000000711c00000, 0x0000000711d00000|  0%| F|  |TAMS 0x0000000711c00000, 0x0000000711c00000| Untracked 
| 189|0x0000000711d00000, 0x0000000711d00000, 0x0000000711e00000|  0%| F|  |TAMS 0x0000000711d00000, 0x0000000711d00000| Untracked 
| 190|0x0000000711e00000, 0x0000000711e00000, 0x0000000711f00000|  0%| F|  |TAMS 0x0000000711e00000, 0x0000000711e00000| Untracked 
| 191|0x0000000711f00000, 0x0000000711f00000, 0x0000000712000000|  0%| F|  |TAMS 0x0000000711f00000, 0x0000000711f00000| Untracked 
| 192|0x0000000712000000, 0x0000000712000000, 0x0000000712100000|  0%| F|  |TAMS 0x0000000712000000, 0x0000000712000000| Untracked 
| 193|0x0000000712100000, 0x0000000712100000, 0x0000000712200000|  0%| F|  |TAMS 0x0000000712100000, 0x0000000712100000| Untracked 
| 194|0x0000000712200000, 0x0000000712200000, 0x0000000712300000|  0%| F|  |TAMS 0x0000000712200000, 0x0000000712200000| Untracked 
| 195|0x0000000712300000, 0x0000000712300000, 0x0000000712400000|  0%| F|  |TAMS 0x0000000712300000, 0x0000000712300000| Untracked 
| 196|0x0000000712400000, 0x0000000712400000, 0x0000000712500000|  0%| F|  |TAMS 0x0000000712400000, 0x0000000712400000| Untracked 
| 197|0x0000000712500000, 0x0000000712500000, 0x0000000712600000|  0%| F|  |TAMS 0x0000000712500000, 0x0000000712500000| Untracked 
| 198|0x0000000712600000, 0x0000000712600000, 0x0000000712700000|  0%| F|  |TAMS 0x0000000712600000, 0x0000000712600000| Untracked 
| 199|0x0000000712700000, 0x0000000712700000, 0x0000000712800000|  0%| F|  |TAMS 0x0000000712700000, 0x0000000712700000| Untracked 
| 200|0x0000000712800000, 0x0000000712800000, 0x0000000712900000|  0%| F|  |TAMS 0x0000000712800000, 0x0000000712800000| Untracked 
| 201|0x0000000712900000, 0x0000000712900000, 0x0000000712a00000|  0%| F|  |TAMS 0x0000000712900000, 0x0000000712900000| Untracked 
| 202|0x0000000712a00000, 0x0000000712a00000, 0x0000000712b00000|  0%| F|  |TAMS 0x0000000712a00000, 0x0000000712a00000| Untracked 
| 203|0x0000000712b00000, 0x0000000712b00000, 0x0000000712c00000|  0%| F|  |TAMS 0x0000000712b00000, 0x0000000712b00000| Untracked 
| 204|0x0000000712c00000, 0x0000000712c00000, 0x0000000712d00000|  0%| F|  |TAMS 0x0000000712c00000, 0x0000000712c00000| Untracked 
| 205|0x0000000712d00000, 0x0000000712d00000, 0x0000000712e00000|  0%| F|  |TAMS 0x0000000712d00000, 0x0000000712d00000| Untracked 
| 206|0x0000000712e00000, 0x0000000712e00000, 0x0000000712f00000|  0%| F|  |TAMS 0x0000000712e00000, 0x0000000712e00000| Untracked 
| 207|0x0000000712f00000, 0x0000000712f00000, 0x0000000713000000|  0%| F|  |TAMS 0x0000000712f00000, 0x0000000712f00000| Untracked 
| 208|0x0000000713000000, 0x0000000713000000, 0x0000000713100000|  0%| F|  |TAMS 0x0000000713000000, 0x0000000713000000| Untracked 
| 209|0x0000000713100000, 0x0000000713100000, 0x0000000713200000|  0%| F|  |TAMS 0x0000000713100000, 0x0000000713100000| Untracked 
| 210|0x0000000713200000, 0x0000000713200000, 0x0000000713300000|  0%| F|  |TAMS 0x0000000713200000, 0x0000000713200000| Untracked 
| 211|0x0000000713300000, 0x0000000713300000, 0x0000000713400000|  0%| F|  |TAMS 0x0000000713300000, 0x0000000713300000| Untracked 
| 212|0x0000000713400000, 0x0000000713400000, 0x0000000713500000|  0%| F|  |TAMS 0x0000000713400000, 0x0000000713400000| Untracked 
| 213|0x0000000713500000, 0x0000000713500000, 0x0000000713600000|  0%| F|  |TAMS 0x0000000713500000, 0x0000000713500000| Untracked 
| 214|0x0000000713600000, 0x0000000713600000, 0x0000000713700000|  0%| F|  |TAMS 0x0000000713600000, 0x0000000713600000| Untracked 
| 215|0x0000000713700000, 0x0000000713700000, 0x0000000713800000|  0%| F|  |TAMS 0x0000000713700000, 0x0000000713700000| Untracked 
| 216|0x0000000713800000, 0x0000000713800000, 0x0000000713900000|  0%| F|  |TAMS 0x0000000713800000, 0x0000000713800000| Untracked 
| 217|0x0000000713900000, 0x0000000713900000, 0x0000000713a00000|  0%| F|  |TAMS 0x0000000713900000, 0x0000000713900000| Untracked 
| 218|0x0000000713a00000, 0x0000000713a00000, 0x0000000713b00000|  0%| F|  |TAMS 0x0000000713a00000, 0x0000000713a00000| Untracked 
| 219|0x0000000713b00000, 0x0000000713b00000, 0x0000000713c00000|  0%| F|  |TAMS 0x0000000713b00000, 0x0000000713b00000| Untracked 
| 220|0x0000000713c00000, 0x0000000713c00000, 0x0000000713d00000|  0%| F|  |TAMS 0x0000000713c00000, 0x0000000713c00000| Untracked 
| 221|0x0000000713d00000, 0x0000000713d00000, 0x0000000713e00000|  0%| F|  |TAMS 0x0000000713d00000, 0x0000000713d00000| Untracked 
| 222|0x0000000713e00000, 0x0000000713e00000, 0x0000000713f00000|  0%| F|  |TAMS 0x0000000713e00000, 0x0000000713e00000| Untracked 
| 223|0x0000000713f00000, 0x0000000713f00000, 0x0000000714000000|  0%| F|  |TAMS 0x0000000713f00000, 0x0000000713f00000| Untracked 
| 224|0x0000000714000000, 0x0000000714000000, 0x0000000714100000|  0%| F|  |TAMS 0x0000000714000000, 0x0000000714000000| Untracked 
| 225|0x0000000714100000, 0x0000000714100000, 0x0000000714200000|  0%| F|  |TAMS 0x0000000714100000, 0x0000000714100000| Untracked 
| 226|0x0000000714200000, 0x0000000714200000, 0x0000000714300000|  0%| F|  |TAMS 0x0000000714200000, 0x0000000714200000| Untracked 
| 227|0x0000000714300000, 0x0000000714300000, 0x0000000714400000|  0%| F|  |TAMS 0x0000000714300000, 0x0000000714300000| Untracked 
| 228|0x0000000714400000, 0x0000000714400000, 0x0000000714500000|  0%| F|  |TAMS 0x0000000714400000, 0x0000000714400000| Untracked 
| 229|0x0000000714500000, 0x0000000714500000, 0x0000000714600000|  0%| F|  |TAMS 0x0000000714500000, 0x0000000714500000| Untracked 
| 230|0x0000000714600000, 0x0000000714680f10, 0x0000000714700000| 50%| E|  |TAMS 0x0000000714600000, 0x0000000714600000| Complete 
| 231|0x0000000714700000, 0x0000000714800000, 0x0000000714800000|100%| E|CS|TAMS 0x0000000714700000, 0x0000000714700000| Complete 
| 232|0x0000000714800000, 0x0000000714900000, 0x0000000714900000|100%| E|CS|TAMS 0x0000000714800000, 0x0000000714800000| Complete 
| 233|0x0000000714900000, 0x0000000714a00000, 0x0000000714a00000|100%| E|CS|TAMS 0x0000000714900000, 0x0000000714900000| Complete 
| 234|0x0000000714a00000, 0x0000000714b00000, 0x0000000714b00000|100%| E|CS|TAMS 0x0000000714a00000, 0x0000000714a00000| Complete 
| 235|0x0000000714b00000, 0x0000000714c00000, 0x0000000714c00000|100%| E|CS|TAMS 0x0000000714b00000, 0x0000000714b00000| Complete 
| 236|0x0000000714c00000, 0x0000000714d00000, 0x0000000714d00000|100%| E|CS|TAMS 0x0000000714c00000, 0x0000000714c00000| Complete 
| 237|0x0000000714d00000, 0x0000000714e00000, 0x0000000714e00000|100%| E|CS|TAMS 0x0000000714d00000, 0x0000000714d00000| Complete 
| 238|0x0000000714e00000, 0x0000000714f00000, 0x0000000714f00000|100%| E|CS|TAMS 0x0000000714e00000, 0x0000000714e00000| Complete 
| 239|0x0000000714f00000, 0x0000000715000000, 0x0000000715000000|100%| E|CS|TAMS 0x0000000714f00000, 0x0000000714f00000| Complete 
| 240|0x0000000715000000, 0x0000000715100000, 0x0000000715100000|100%| E|CS|TAMS 0x0000000715000000, 0x0000000715000000| Complete 
| 241|0x0000000715100000, 0x0000000715200000, 0x0000000715200000|100%| E|CS|TAMS 0x0000000715100000, 0x0000000715100000| Complete 
| 242|0x0000000715200000, 0x0000000715300000, 0x0000000715300000|100%| E|CS|TAMS 0x0000000715200000, 0x0000000715200000| Complete 
| 243|0x0000000715300000, 0x0000000715400000, 0x0000000715400000|100%| E|CS|TAMS 0x0000000715300000, 0x0000000715300000| Complete 
| 244|0x0000000715400000, 0x0000000715500000, 0x0000000715500000|100%| E|CS|TAMS 0x0000000715400000, 0x0000000715400000| Complete 
| 245|0x0000000715500000, 0x0000000715600000, 0x0000000715600000|100%| E|CS|TAMS 0x0000000715500000, 0x0000000715500000| Complete 
| 246|0x0000000715600000, 0x0000000715700000, 0x0000000715700000|100%| E|CS|TAMS 0x0000000715600000, 0x0000000715600000| Complete 
| 247|0x0000000715700000, 0x0000000715800000, 0x0000000715800000|100%| E|CS|TAMS 0x0000000715700000, 0x0000000715700000| Complete 
| 248|0x0000000715800000, 0x0000000715900000, 0x0000000715900000|100%| E|CS|TAMS 0x0000000715800000, 0x0000000715800000| Complete 
| 249|0x0000000715900000, 0x0000000715a00000, 0x0000000715a00000|100%| E|CS|TAMS 0x0000000715900000, 0x0000000715900000| Complete 

Card table byte_map: [0x00007fdbe54c9000,0x00007fdbe5c99000] _byte_map_base: 0x00007fdbe1c99000

Marking Bits (Prev, Next): (CMBitMap*) 0x00007fdbfc08e048, (CMBitMap*) 0x00007fdbfc08e080
 Prev Bits: [0x00007fdbdc180000, 0x00007fdbe0000000)
 Next Bits: [0x00007fdbd8300000, 0x00007fdbdc180000)

Polling page: 0x00007fdc033c9000

Metaspace:

Usage:
  Non-class:      8.35 MB capacity,     8.17 MB ( 98%) used,   166.53 KB (  2%) free+waste,    24.12 KB ( <1%) overhead. 
      Class:      1.06 MB capacity,   969.90 KB ( 89%) used,   102.85 KB (  9%) free+waste,    12.25 KB (  1%) overhead. 
       Both:      9.41 MB capacity,     9.12 MB ( 97%) used,   269.38 KB (  3%) free+waste,    36.38 KB ( <1%) overhead. 

Virtual space:
  Non-class space:       10.00 MB reserved,       8.50 MB ( 85%) committed 
      Class space:        1.00 GB reserved,       1.12 MB ( <1%) committed 
             Both:        1.01 GB reserved,       9.62 MB ( <1%) committed 

Chunk freelists:
   Non-Class:  65.00 KB
       Class:  3.00 KB
        Both:  68.00 KB

MaxMetaspaceSize: unlimited
CompressedClassSpaceSize: 1.00 GB

CodeHeap 'non-profiled nmethods': size=120032Kb used=677Kb max_used=677Kb free=119354Kb
 bounds [0x00007fdbeea11000, 0x00007fdbeec81000, 0x00007fdbf5f49000]
CodeHeap 'profiled nmethods': size=120028Kb used=2654Kb max_used=2654Kb free=117373Kb
 bounds [0x00007fdbe74da000, 0x00007fdbe777a000, 0x00007fdbeea11000]
CodeHeap 'non-nmethods': size=5700Kb used=1101Kb max_used=1141Kb free=4598Kb
 bounds [0x00007fdbe6f49000, 0x00007fdbe71b9000, 0x00007fdbe74da000]
 total_blobs=1774 nmethods=1342 adapters=345
 compilation: enabled
              stopped_count=0, restarted_count=0
 full_count=0

Compilation events (20 events):
Event: 137.490 Thread 0x00007fdbfc285800 1337       4       sig.ColorRegion::getRed (177 bytes)
Event: 137.514 Thread 0x00007fdbfc285800 nmethod 1337 0x00007fdbeeab3990 code [0x00007fdbeeab3ba0, 0x00007fdbeeab46e8]
Event: 139.089 Thread 0x00007fdbfc285800 1338       4       java.lang.ref.Reference::clear (6 bytes)
Event: 139.090 Thread 0x00007fdbfc285800 nmethod 1338 0x00007fdbeeab5110 code [0x00007fdbeeab52a0, 0x00007fdbeeab5358]
Event: 140.071 Thread 0x00007fdbfc285800 1339       4       java.lang.StringBuilder::append (9 bytes)
Event: 140.079 Thread 0x00007fdbfc285800 nmethod 1339 0x00007fdbeeab5410 code [0x00007fdbeeab55e0, 0x00007fdbeeab5c28]
Event: 141.712 Thread 0x00007fdbfc285800 1341   !   4       sun.nio.ch.NativeThreadSet::remove (50 bytes)
Event: 141.715 Thread 0x00007fdbfc285800 nmethod 1341 0x00007fdbeeab6010 code [0x00007fdbeeab61a0, 0x00007fdbeeab6458]
Event: 141.715 Thread 0x00007fdbfc285800 1342       4       java.nio.channels.spi.AbstractInterruptibleChannel::end (53 bytes)
Event: 141.718 Thread 0x00007fdbfc285800 nmethod 1342 0x00007fdbeeab6590 code [0x00007fdbeeab6740, 0x00007fdbeeab6a58]
Event: 141.718 Thread 0x00007fdbfc285800 1340   !   4       sun.nio.ch.NativeThreadSet::add (155 bytes)
Event: 141.722 Thread 0x00007fdbfc285800 nmethod 1340 0x00007fdbeeab6c10 code [0x00007fdbeeab6dc0, 0x00007fdbeeab7108]
Event: 143.344 Thread 0x00007fdbfc285800 1343       4       sun.awt.image.ByteInterleavedRaster::<init> (420 bytes)
Event: 143.381 Thread 0x00007fdbfc285800 nmethod 1343 0x00007fdbeeab7310 code [0x00007fdbeeab7540, 0x00007fdbeeab87b8]
Event: 144.637 Thread 0x00007fdbfc285800 1344   !   4       javax.imageio.ImageIO$CanDecodeInputFilter::filter (82 bytes)
Event: 144.640 Thread 0x00007fdbfc285800 nmethod 1344 0x00007fdbeeab9390 code [0x00007fdbeeab9560, 0x00007fdbeeab9788]
Event: 144.773 Thread 0x00007fdbfc285800 1345       4       javax.imageio.stream.ImageInputStreamImpl::readFully (73 bytes)
Event: 144.779 Thread 0x00007fdbfc285800 nmethod 1345 0x00007fdbeeab9990 code [0x00007fdbeeab9b60, 0x00007fdbeeab9df8]
Event: 146.098 Thread 0x00007fdbfc285800 1346  s    4       java.io.BufferedOutputStream::flush (12 bytes)
Event: 146.101 Thread 0x00007fdbfc285800 nmethod 1346 0x00007fdbeeaba090 code [0x00007fdbeeaba240, 0x00007fdbeeaba5e8]

GC Heap History (20 events):
Event: 111.299 GC heap before
{Heap before GC invocations=23 (full 0):
 garbage-first heap   total 256000K, used 246462K [0x0000000706000000, 0x0000000800000000)
  region size 1024K, 150 young (153600K), 1 survivors (1024K)
 Metaspace       used 9334K, capacity 9640K, committed 9856K, reserved 1058816K
  class space    used 969K, capacity 1085K, committed 1152K, reserved 1048576K
}
Event: 111.302 GC heap after
{Heap after GC invocations=24 (full 0):
 garbage-first heap   total 256000K, used 4842K [0x0000000706000000, 0x0000000800000000)
  region size 1024K, 1 young (1024K), 1 survivors (1024K)
 Metaspace       used 9334K, capacity 9640K, committed 9856K, reserved 1058816K
  class space    used 969K, capacity 1085K, committed 1152K, reserved 1048576K
}
Event: 115.271 GC heap before
{Heap before GC invocations=24 (full 0):
 garbage-first heap   total 256000K, used 243434K [0x0000000706000000, 0x0000000800000000)
  region size 1024K, 150 young (153600K), 1 survivors (1024K)
 Metaspace       used 9334K, capacity 9640K, committed 9856K, reserved 1058816K
  class space    used 969K, capacity 1085K, committed 1152K, reserved 1048576K
}
Event: 115.273 GC heap after
{Heap after GC invocations=25 (full 0):
 garbage-first heap   total 256000K, used 4848K [0x0000000706000000, 0x0000000800000000)
  region size 1024K, 1 young (1024K), 1 survivors (1024K)
 Metaspace       used 9334K, capacity 9640K, committed 9856K, reserved 1058816K
  class space    used 969K, capacity 1085K, committed 1152K, reserved 1048576K
}
Event: 119.243 GC heap before
{Heap before GC invocations=25 (full 0):
 garbage-first heap   total 256000K, used 243440K [0x0000000706000000, 0x0000000800000000)
  region size 1024K, 150 young (153600K), 1 survivors (1024K)
 Metaspace       used 9334K, capacity 9640K, committed 9856K, reserved 1058816K
  class space    used 969K, capacity 1085K, committed 1152K, reserved 1048576K
}
Event: 119.245 GC heap after
{Heap after GC invocations=26 (full 0):
 garbage-first heap   total 256000K, used 4847K [0x0000000706000000, 0x0000000800000000)
  region size 1024K, 1 young (1024K), 1 survivors (1024K)
 Metaspace       used 9334K, capacity 9640K, committed 9856K, reserved 1058816K
  class space    used 969K, capacity 1085K, committed 1152K, reserved 1048576K
}
Event: 123.248 GC heap before
{Heap before GC invocations=26 (full 0):
 garbage-first heap   total 256000K, used 243439K [0x0000000706000000, 0x0000000800000000)
  region size 1024K, 150 young (153600K), 1 survivors (1024K)
 Metaspace       used 9334K, capacity 9640K, committed 9856K, reserved 1058816K
  class space    used 969K, capacity 1085K, committed 1152K, reserved 1048576K
}
Event: 123.250 GC heap after
{Heap after GC invocations=27 (full 0):
 garbage-first heap   total 256000K, used 4847K [0x0000000706000000, 0x0000000800000000)
  region size 1024K, 1 young (1024K), 1 survivors (1024K)
 Metaspace       used 9334K, capacity 9640K, committed 9856K, reserved 1058816K
  class space    used 969K, capacity 1085K, committed 1152K, reserved 1048576K
}
Event: 127.156 GC heap before
{Heap before GC invocations=27 (full 0):
 garbage-first heap   total 256000K, used 243439K [0x0000000706000000, 0x0000000800000000)
  region size 1024K, 150 young (153600K), 1 survivors (1024K)
 Metaspace       used 9334K, capacity 9640K, committed 9856K, reserved 1058816K
  class space    used 969K, capacity 1085K, committed 1152K, reserved 1048576K
}
Event: 127.158 GC heap after
{Heap after GC invocations=28 (full 0):
 garbage-first heap   total 256000K, used 4851K [0x0000000706000000, 0x0000000800000000)
  region size 1024K, 1 young (1024K), 1 survivors (1024K)
 Metaspace       used 9334K, capacity 9640K, committed 9856K, reserved 1058816K
  class space    used 969K, capacity 1085K, committed 1152K, reserved 1048576K
}
Event: 131.134 GC heap before
{Heap before GC invocations=28 (full 0):
 garbage-first heap   total 256000K, used 246515K [0x0000000706000000, 0x0000000800000000)
  region size 1024K, 150 young (153600K), 1 survivors (1024K)
 Metaspace       used 9334K, capacity 9640K, committed 9856K, reserved 1058816K
  class space    used 969K, capacity 1085K, committed 1152K, reserved 1048576K
}
Event: 131.137 GC heap after
{Heap after GC invocations=29 (full 0):
 garbage-first heap   total 256000K, used 4849K [0x0000000706000000, 0x0000000800000000)
  region size 1024K, 1 young (1024K), 1 survivors (1024K)
 Metaspace       used 9334K, capacity 9640K, committed 9856K, reserved 1058816K
  class space    used 969K, capacity 1085K, committed 1152K, reserved 1048576K
}
Event: 135.092 GC heap before
{Heap before GC invocations=29 (full 0):
 garbage-first heap   total 256000K, used 246513K [0x0000000706000000, 0x0000000800000000)
  region size 1024K, 150 young (153600K), 1 survivors (1024K)
 Metaspace       used 9334K, capacity 9640K, committed 9856K, reserved 1058816K
  class space    used 969K, capacity 1085K, committed 1152K, reserved 1048576K
}
Event: 135.095 GC heap after
{Heap after GC invocations=30 (full 0):
 garbage-first heap   total 256000K, used 4850K [0x0000000706000000, 0x0000000800000000)
  region size 1024K, 1 young (1024K), 1 survivors (1024K)
 Metaspace       used 9334K, capacity 9640K, committed 9856K, reserved 1058816K
  class space    used 969K, capacity 1085K, committed 1152K, reserved 1048576K
}
Event: 139.087 GC heap before
{Heap before GC invocations=30 (full 0):
 garbage-first heap   total 256000K, used 243442K [0x0000000706000000, 0x0000000800000000)
  region size 1024K, 150 young (153600K), 1 survivors (1024K)
 Metaspace       used 9334K, capacity 9640K, committed 9856K, reserved 1058816K
  class space    used 969K, capacity 1085K, committed 1152K, reserved 1048576K
}
Event: 139.088 GC heap after
{Heap after GC invocations=31 (full 0):
 garbage-first heap   total 256000K, used 4854K [0x0000000706000000, 0x0000000800000000)
  region size 1024K, 1 young (1024K), 1 survivors (1024K)
 Metaspace       used 9334K, capacity 9640K, committed 9856K, reserved 1058816K
  class space    used 969K, capacity 1085K, committed 1152K, reserved 1048576K
}
Event: 143.091 GC heap before
{Heap before GC invocations=31 (full 0):
 garbage-first heap   total 256000K, used 243446K [0x0000000706000000, 0x0000000800000000)
  region size 1024K, 150 young (153600K), 1 survivors (1024K)
 Metaspace       used 9334K, capacity 9640K, committed 9856K, reserved 1058816K
  class space    used 969K, capacity 1085K, committed 1152K, reserved 1048576K
}
Event: 143.094 GC heap after
{Heap after GC invocations=32 (full 0):
 garbage-first heap   total 256000K, used 4854K [0x0000000706000000, 0x0000000800000000)
  region size 1024K, 1 young (1024K), 1 survivors (1024K)
 Metaspace       used 9334K, capacity 9640K, committed 9856K, reserved 1058816K
  class space    used 969K, capacity 1085K, committed 1152K, reserved 1048576K
}
Event: 147.152 GC heap before
{Heap before GC invocations=32 (full 0):
 garbage-first heap   total 256000K, used 246518K [0x0000000706000000, 0x0000000800000000)
  region size 1024K, 150 young (153600K), 1 survivors (1024K)
 Metaspace       used 9334K, capacity 9640K, committed 9856K, reserved 1058816K
  class space    used 969K, capacity 1085K, committed 1152K, reserved 1048576K
}
Event: 147.154 GC heap after
{Heap after GC invocations=33 (full 0):
 garbage-first heap   total 256000K, used 4854K [0x0000000706000000, 0x0000000800000000)
  region size 1024K, 1 young (1024K), 1 survivors (1024K)
 Metaspace       used 9334K, capacity 9640K, committed 9856K, reserved 1058816K
  class space    used 969K, capacity 1085K, committed 1152K, reserved 1048576K
}

Deoptimization events (20 events):
Event: 55.576 Thread 0x00007fdbfc028000 DEOPT PACKING pc=0x00007fdbe76e0c76 sp=0x00007fdc033bcb10
Event: 55.576 Thread 0x00007fdbfc028000 DEOPT UNPACKING pc=0x00007fdbe6f6f5ba sp=0x00007fdc033bc140 mode 0
Event: 57.225 Thread 0x00007fdbfc028000 DEOPT PACKING pc=0x00007fdbe76e0c76 sp=0x00007fdc033bcb10
Event: 57.225 Thread 0x00007fdbfc028000 DEOPT UNPACKING pc=0x00007fdbe6f6f5ba sp=0x00007fdc033bc140 mode 0
Event: 58.850 Thread 0x00007fdbfc028000 DEOPT PACKING pc=0x00007fdbe76e0c76 sp=0x00007fdc033bcb10
Event: 58.850 Thread 0x00007fdbfc028000 DEOPT UNPACKING pc=0x00007fdbe6f6f5ba sp=0x00007fdc033bc140 mode 0
Event: 60.405 Thread 0x00007fdbfc028000 DEOPT PACKING pc=0x00007fdbe76e0c76 sp=0x00007fdc033bcb10
Event: 60.405 Thread 0x00007fdbfc028000 DEOPT UNPACKING pc=0x00007fdbe6f6f5ba sp=0x00007fdc033bc140 mode 0
Event: 107.650 Thread 0x00007fdbfc028000 Uncommon trap: trap_request=0xfffffff6 fr.pc=0x00007fdbeea611cc relative=0x00000000000009ac
Event: 107.650 Thread 0x00007fdbfc028000 Uncommon trap: reason=null_check action=maybe_recompile pc=0x00007fdbeea611cc method=sig.ColorRegion.getRed()I @ 120 c2
Event: 107.650 Thread 0x00007fdbfc028000 DEOPT PACKING pc=0x00007fdbeea611cc sp=0x00007fdc033bd040
Event: 107.650 Thread 0x00007fdbfc028000 DEOPT UNPACKING pc=0x00007fdbe6f6f7a5 sp=0x00007fdc033bcfe8 mode 2
Event: 107.650 Thread 0x00007fdbfc028000 Uncommon trap: trap_request=0xffffff4d fr.pc=0x00007fdbeea5c0b0 relative=0x00000000000005f0
Event: 107.650 Thread 0x00007fdbfc028000 Uncommon trap: reason=unstable_if action=reinterpret pc=0x00007fdbeea5c0b0 method=java.lang.AbstractStringBuilder.append(Ljava/lang/String;)Ljava/lang/AbstractStringBuilder; @ 1 c2
Event: 107.650 Thread 0x00007fdbfc028000 DEOPT PACKING pc=0x00007fdbeea5c0b0 sp=0x00007fdc033bd0b0
Event: 107.650 Thread 0x00007fdbfc028000 DEOPT UNPACKING pc=0x00007fdbe6f6f7a5 sp=0x00007fdc033bd088 mode 2
Event: 137.308 Thread 0x00007fdbfc028000 Uncommon trap: trap_request=0xfffffff6 fr.pc=0x00007fdbeea611cc relative=0x00000000000009ac
Event: 137.308 Thread 0x00007fdbfc028000 Uncommon trap: reason=null_check action=maybe_recompile pc=0x00007fdbeea611cc method=sig.ColorRegion.getRed()I @ 120 c2
Event: 137.308 Thread 0x00007fdbfc028000 DEOPT PACKING pc=0x00007fdbeea611cc sp=0x00007fdc033bd040
Event: 137.309 Thread 0x00007fdbfc028000 DEOPT UNPACKING pc=0x00007fdbe6f6f7a5 sp=0x00007fdc033bcfe8 mode 2

Classes redefined (0 events):
No events

Internal exceptions (20 events):
Event: 0.352 Thread 0x00007fdbfc028000 Exception <a 'java/lang/NoSuchMethodError'{0x00000007156518a0}: 'java.lang.Object java.lang.invoke.DirectMethodHandle$Holder.invokeStatic(java.lang.Object, java.lang.Object, java.lang.Object, java.lang.Object, java.lang.Object, java.lang.Object, java.lang.Object, java.lang.Object, java.lang.Object, java.lang.Object, java.lang.Object, java.lang.Object, java.lang.Object, java.lang.Object, java.lang.Object, java.lang.Object)'> (0x00000007156518a0) thrown at [./src/hotspot/share/interpreter/linkResolver.cpp, l
Event: 0.354 Thread 0x00007fdbfc028000 Exception <a 'java/lang/NoSuchMethodError'{0x000000071565f510}: 'java.lang.Object java.lang.invoke.DirectMethodHandle$Holder.invokeSpecial(java.lang.Object, java.lang.Object, int, int, java.lang.Object, java.lang.Object, java.lang.Object)'> (0x000000071565f510) thrown at [./src/hotspot/share/interpreter/linkResolver.cpp, line 773]
Event: 0.355 Thread 0x00007fdbfc028000 Exception <a 'java/lang/NoSuchMethodError'{0x0000000715662aa0}: 'java.lang.Object java.lang.invoke.DelegatingMethodHandle$Holder.reinvoke_L(java.lang.Object, int, int, java.lang.Object, java.lang.Object, java.lang.Object)'> (0x0000000715662aa0) thrown at [./src/hotspot/share/interpreter/linkResolver.cpp, line 773]
Event: 0.355 Thread 0x00007fdbfc028000 Exception <a 'java/lang/NoSuchMethodError'{0x0000000715666e28}: 'java.lang.Object java.lang.invoke.DirectMethodHandle$Holder.invokeStatic(java.lang.Object, java.lang.Object, java.lang.Object, java.lang.Object, int)'> (0x0000000715666e28) thrown at [./src/hotspot/share/interpreter/linkResolver.cpp, line 773]
Event: 0.370 Thread 0x00007fdbfc028000 Exception <a 'java/io/FileNotFoundException'{0x00000007156ca168}> (0x00000007156ca168) thrown at [./src/hotspot/share/prims/jni.cpp, line 615]
Event: 19.225 Thread 0x00007fdbfc028000 Exception <a 'java/lang/NoSuchMethodError'{0x00000007145921f8}: 'java.lang.Object java.lang.invoke.DirectMethodHandle$Holder.invokeSpecial(java.lang.Object, java.lang.Object, int, int, int, java.lang.Object, int, int)'> (0x00000007145921f8) thrown at [./src/hotspot/share/interpreter/linkResolver.cpp, line 773]
Event: 19.226 Thread 0x00007fdbfc028000 Exception <a 'java/lang/NoSuchMethodError'{0x0000000714595638}: 'java.lang.Object java.lang.invoke.DelegatingMethodHandle$Holder.reinvoke_L(java.lang.Object, int, int, int, java.lang.Object, int, int)'> (0x0000000714595638) thrown at [./src/hotspot/share/interpreter/linkResolver.cpp, line 773]
Event: 19.226 Thread 0x00007fdbfc028000 Exception <a 'java/lang/NoSuchMethodError'{0x000000071459c630}: 'java.lang.Object java.lang.invoke.DirectMethodHandle$Holder.invokeStatic(java.lang.Object, java.lang.Object, java.lang.Object, java.lang.Object, java.lang.Object, int)'> (0x000000071459c630) thrown at [./src/hotspot/share/interpreter/linkResolver.cpp, line 773]
Event: 19.231 Thread 0x00007fdbfc028000 Exception <a 'java/lang/NoSuchMethodError'{0x00000007145cfd88}: 'java.lang.Object java.lang.invoke.Invokers$Holder.linkToTargetMethod(java.lang.Object, int, int, java.lang.Object)'> (0x00000007145cfd88) thrown at [./src/hotspot/share/interpreter/linkResolver.cpp, line 773]
Event: 19.240 Thread 0x00007fdbfc028000 Exception <a 'java/lang/NoSuchMethodError'{0x0000000714441298}: 'java.lang.Object java.lang.invoke.DirectMethodHandle$Holder.invokeSpecial(java.lang.Object, java.lang.Object, int, int, int, java.lang.Object, int, int, int, int)'> (0x0000000714441298) thrown at [./src/hotspot/share/interpreter/linkResolver.cpp, line 773]
Event: 19.240 Thread 0x00007fdbfc028000 Exception <a 'java/lang/NoSuchMethodError'{0x0000000714444860}: 'java.lang.Object java.lang.invoke.DelegatingMethodHandle$Holder.reinvoke_L(java.lang.Object, int, int, int, java.lang.Object, int, int, int, int)'> (0x0000000714444860) thrown at [./src/hotspot/share/interpreter/linkResolver.cpp, line 773]
Event: 19.244 Thread 0x00007fdbfc028000 Exception <a 'java/lang/NoSuchMethodError'{0x0000000714480cf0}: 'java.lang.Object java.lang.invoke.DirectMethodHandle$Holder.invokeStatic(java.lang.Object, java.lang.Object, java.lang.Object, java.lang.Object, java.lang.Object, java.lang.Object, java.lang.Object, java.lang.Object, java.lang.Object, java.lang.Object, java.lang.Object, java.lang.Object, java.lang.Object, int)'> (0x0000000714480cf0) thrown at [./src/hotspot/share/interpreter/linkResolver.cpp, line 773]
Event: 19.246 Thread 0x00007fdbfc028000 Exception <a 'java/lang/NoSuchMethodError'{0x000000071448d570}: 'java.lang.Object java.lang.invoke.DirectMethodHandle$Holder.invokeStatic(java.lang.Object, java.lang.Object, java.lang.Object, java.lang.Object, java.lang.Object, java.lang.Object, java.lang.Object, java.lang.Object, java.lang.Object, java.lang.Object, java.lang.Object, java.lang.Object, java.lang.Object, int, int)'> (0x000000071448d570) thrown at [./src/hotspot/share/interpreter/linkResolver.cpp, line 773]
Event: 19.248 Thread 0x00007fdbfc028000 Exception <a 'java/lang/NoSuchMethodError'{0x00000007144a9298}: 'java.lang.Object java.lang.invoke.DelegatingMethodHandle$Holder.reinvoke_L(java.lang.Object, java.lang.Object, int, int, int, int)'> (0x00000007144a9298) thrown at [./src/hotspot/share/interpreter/linkResolver.cpp, line 773]
Event: 27.209 Thread 0x00007fdbfc028000 Implicit null exception at 0x00007fdbeea60a18 to 0x00007fdbeea611bc
Event: 27.209 Thread 0x00007fdbfc028000 Implicit null exception at 0x00007fdbeea5c5f4 to 0x00007fdbeea5cb74
Event: 37.633 Thread 0x00007fdbfc028000 Exception <a 'java/util/zip/DataFormatException'{0x0000000710146e40}: invalid block type> (0x0000000710146e40) thrown at [./src/hotspot/share/prims/jni.cpp, line 636]
Event: 107.650 Thread 0x00007fdbfc028000 Implicit null exception at 0x00007fdbeea60a18 to 0x00007fdbeea611bc
Event: 107.650 Thread 0x00007fdbfc028000 Implicit null exception at 0x00007fdbeea5baf4 to 0x00007fdbeea5c098
Event: 137.308 Thread 0x00007fdbfc028000 Implicit null exception at 0x00007fdbeea60a18 to 0x00007fdbeea611bc

Events (20 events):
Event: 111.299 Executing VM operation: G1CollectForAllocation
Event: 111.302 Executing VM operation: G1CollectForAllocation done
Event: 115.271 Executing VM operation: G1CollectForAllocation
Event: 115.273 Executing VM operation: G1CollectForAllocation done
Event: 119.243 Executing VM operation: G1CollectForAllocation
Event: 119.245 Executing VM operation: G1CollectForAllocation done
Event: 123.248 Executing VM operation: G1CollectForAllocation
Event: 123.250 Executing VM operation: G1CollectForAllocation done
Event: 127.156 Executing VM operation: G1CollectForAllocation
Event: 127.158 Executing VM operation: G1CollectForAllocation done
Event: 131.134 Executing VM operation: G1CollectForAllocation
Event: 131.137 Executing VM operation: G1CollectForAllocation done
Event: 135.092 Executing VM operation: G1CollectForAllocation
Event: 135.095 Executing VM operation: G1CollectForAllocation done
Event: 139.087 Executing VM operation: G1CollectForAllocation
Event: 139.088 Executing VM operation: G1CollectForAllocation done
Event: 143.091 Executing VM operation: G1CollectForAllocation
Event: 143.094 Executing VM operation: G1CollectForAllocation done
Event: 147.152 Executing VM operation: G1CollectForAllocation
Event: 147.154 Executing VM operation: G1CollectForAllocation done


Dynamic libraries:
706000000-715a00000 rw-p 00000000 00:00 0 
715a00000-800000000 ---p 00000000 00:00 0 
800000000-800120000 rw-p 00000000 00:00 0 
800120000-840000000 ---p 00000000 00:00 0 
5574b2069000-5574b206a000 r-xp 00000000 08:00 6071476                    /opt/java/openjdk/bin/java
5574b226a000-5574b226b000 r--p 00001000 08:00 6071476                    /opt/java/openjdk/bin/java
5574b226b000-5574b226c000 rw-p 00002000 08:00 6071476                    /opt/java/openjdk/bin/java
5574b3fd1000-5574b4017000 rw-p 00000000 00:00 0                          [heap]
7fdb74000000-7fdb74021000 rw-p 00000000 00:00 0 
7fdb74021000-7fdb78000000 ---p 00000000 00:00 0 
7fdb7c000000-7fdb7c021000 rw-p 00000000 00:00 0 
7fdb7c021000-7fdb80000000 ---p 00000000 00:00 0 
7fdb80000000-7fdb80021000 rw-p 00000000 00:00 0 
7fdb80021000-7fdb84000000 ---p 00000000 00:00 0 
7fdb84000000-7fdb84021000 rw-p 00000000 00:00 0 
7fdb84021000-7fdb88000000 ---p 00000000 00:00 0 
7fdb88000000-7fdb88021000 rw-p 00000000 00:00 0 
7fdb88021000-7fdb8c000000 ---p 00000000 00:00 0 
7fdb8c000000-7fdb8c18e000 rw-p 00000000 00:00 0 
7fdb8c18e000-7fdb90000000 ---p 00000000 00:00 0 
7fdb90000000-7fdb90021000 rw-p 00000000 00:00 0 
7fdb90021000-7fdb94000000 ---p 00000000 00:00 0 
7fdb9746a000-7fdb97875000 rw-p 00000000 00:00 0 
7fdb97875000-7fdb979f5000 ---p 00000000 00:00 0 
7fdb979f5000-7fdb979f6000 ---p 00000000 00:00 0 
7fdb979f6000-7fdb97af7000 rw-p 00000000 00:00 0 
7fdb97af7000-7fdb97af8000 ---p 00000000 00:00 0 
7fdb97af8000-7fdb97bf9000 rw-p 00000000 00:00 0 
7fdb97bf9000-7fdb97bfa000 ---p 00000000 00:00 0 
7fdb97bfa000-7fdb97cfb000 rw-p 00000000 00:00 0 
7fdb97cfb000-7fdb97cfc000 ---p 00000000 00:00 0 
7fdb97cfc000-7fdb97dfd000 rw-p 00000000 00:00 0 
7fdb97dfd000-7fdb97dfe000 ---p 00000000 00:00 0 
7fdb97dfe000-7fdb97eff000 rw-p 00000000 00:00 0 
7fdb97eff000-7fdb97f03000 ---p 00000000 00:00 0 
7fdb97f03000-7fdb98000000 rw-p 00000000 00:00 0 
7fdb98000000-7fdb98021000 rw-p 00000000 00:00 0 
7fdb98021000-7fdb9c000000 ---p 00000000 00:00 0 
7fdb9c000000-7fdb9c4bd000 rw-p 00000000 00:00 0 
7fdb9c4bd000-7fdba0000000 ---p 00000000 00:00 0 
7fdba0000000-7fdba0021000 rw-p 00000000 00:00 0 
7fdba0021000-7fdba4000000 ---p 00000000 00:00 0 
7fdba4000000-7fdba4021000 rw-p 00000000 00:00 0 
7fdba4021000-7fdba8000000 ---p 00000000 00:00 0 
7fdba8000000-7fdba837a000 rw-p 00000000 00:00 0 
7fdba837a000-7fdbac000000 ---p 00000000 00:00 0 
7fdbac000000-7fdbac021000 rw-p 00000000 00:00 0 
7fdbac021000-7fdbb0000000 ---p 00000000 00:00 0 
7fdbb0000000-7fdbb0021000 rw-p 00000000 00:00 0 
7fdbb0021000-7fdbb4000000 ---p 00000000 00:00 0 
7fdbb4000000-7fdbb50af000 rw-p 00000000 00:00 0 
7fdbb50af000-7fdbb8000000 ---p 00000000 00:00 0 
7fdbb8000000-7fdbb8021000 rw-p 00000000 00:00 0 
7fdbb8021000-7fdbbc000000 ---p 00000000 00:00 0 
7fdbbc000000-7fdbbc021000 rw-p 00000000 00:00 0 
7fdbbc021000-7fdbc0000000 ---p 00000000 00:00 0 
7fdbc0000000-7fdbc0021000 rw-p 00000000 00:00 0 
7fdbc0021000-7fdbc4000000 ---p 00000000 00:00 0 
7fdbc4000000-7fdbc4021000 rw-p 00000000 00:00 0 
7fdbc4021000-7fdbc8000000 ---p 00000000 00:00 0 
7fdbc8000000-7fdbc8021000 rw-p 00000000 00:00 0 
7fdbc8021000-7fdbcc000000 ---p 00000000 00:00 0 
7fdbcc000000-7fdbcc021000 rw-p 00000000 00:00 0 
7fdbcc021000-7fdbd0000000 ---p 00000000 00:00 0 
7fdbd00cc000-7fdbd00d0000 ---p 00000000 00:00 0 
7fdbd00d0000-7fdbd01cd000 rw-p 00000000 00:00 0 
7fdbd01cd000-7fdbd01d1000 ---p 00000000 00:00 0 
7fdbd01d1000-7fdbd02ce000 rw-p 00000000 00:00 0 
7fdbd02ce000-7fdbd02d6000 r-xp 00000000 08:00 6071699                    /opt/java/openjdk/lib/libawt_headless.so
7fdbd02d6000-7fdbd04d5000 ---p 00008000 08:00 6071699                    /opt/java/openjdk/lib/libawt_headless.so
7fdbd04d5000-7fdbd04d6000 r--p 00007000 08:00 6071699                    /opt/java/openjdk/lib/libawt_headless.so
7fdbd04d6000-7fdbd04d7000 rw-p 00008000 08:00 6071699                    /opt/java/openjdk/lib/libawt_headless.so
7fdbd04d7000-7fdbd0575000 r-xp 00000000 08:00 6071698                    /opt/java/openjdk/lib/libawt.so
7fdbd0575000-7fdbd0774000 ---p 0009e000 08:00 6071698                    /opt/java/openjdk/lib/libawt.so
7fdbd0774000-7fdbd0775000 r--p 0009d000 08:00 6071698                    /opt/java/openjdk/lib/libawt.so
7fdbd0775000-7fdbd0780000 rw-p 0009e000 08:00 6071698                    /opt/java/openjdk/lib/libawt.so
7fdbd0780000-7fdbd07a5000 rw-p 00000000 00:00 0 
7fdbd07a5000-7fdbd07bb000 r-xp 00000000 08:00 6071722                    /opt/java/openjdk/lib/libnet.so
7fdbd07bb000-7fdbd09ba000 ---p 00016000 08:00 6071722                    /opt/java/openjdk/lib/libnet.so
7fdbd09ba000-7fdbd09bb000 r--p 00015000 08:00 6071722                    /opt/java/openjdk/lib/libnet.so
7fdbd09bb000-7fdbd09bc000 rw-p 00016000 08:00 6071722                    /opt/java/openjdk/lib/libnet.so
7fdbd09bc000-7fdbd09cb000 r-xp 00000000 08:00 6071723                    /opt/java/openjdk/lib/libnio.so
7fdbd09cb000-7fdbd0bcb000 ---p 0000f000 08:00 6071723                    /opt/java/openjdk/lib/libnio.so
7fdbd0bcb000-7fdbd0bcc000 r--p 0000f000 08:00 6071723                    /opt/java/openjdk/lib/libnio.so
7fdbd0bcc000-7fdbd0bcd000 rw-p 00010000 08:00 6071723                    /opt/java/openjdk/lib/libnio.so
7fdbd0bcd000-7fdbd0bd1000 ---p 00000000 00:00 0 
7fdbd0bd1000-7fdbd0cce000 rw-p 00000000 00:00 0 
7fdbd0cce000-7fdbd0ccf000 ---p 00000000 00:00 0 
7fdbd0ccf000-7fdbd0dd0000 rw-p 00000000 00:00 0 
7fdbd0dd0000-7fdbd0dd4000 ---p 00000000 00:00 0 
7fdbd0dd4000-7fdbd0ed1000 rw-p 00000000 00:00 0 
7fdbd0ed1000-7fdbd0ed5000 ---p 00000000 00:00 0 
7fdbd0ed5000-7fdbd0fd2000 rw-p 00000000 00:00 0 
7fdbd0fd2000-7fdbd0fd6000 ---p 00000000 00:00 0 
7fdbd0fd6000-7fdbd10d3000 rw-p 00000000 00:00 0 
7fdbd10d3000-7fdbd10d7000 ---p 00000000 00:00 0 
7fdbd10d7000-7fdbd11d4000 rw-p 00000000 00:00 0 
7fdbd11d4000-7fdbd11d8000 ---p 00000000 00:00 0 
7fdbd11d8000-7fdbd12d5000 rw-p 00000000 00:00 0 
7fdbd12d5000-7fdbd15fe000 r--p 00000000 08:00 1894102                    /usr/lib/locale/locale-archive
7fdbd15fe000-7fdbd1602000 ---p 00000000 00:00 0 
7fdbd1602000-7fdbd16ff000 rw-p 00000000 00:00 0 
7fdbd16ff000-7fdbd1703000 ---p 00000000 00:00 0 
7fdbd1703000-7fdbd4000000 rw-p 00000000 00:00 0 
7fdbd4000000-7fdbd4021000 rw-p 00000000 00:00 0 
7fdbd4021000-7fdbd8000000 ---p 00000000 00:00 0 
7fdbd80fc000-7fdbd80fd000 ---p 00000000 00:00 0 
7fdbd80fd000-7fdbd81fe000 rw-p 00000000 00:00 0 
7fdbd81fe000-7fdbd81ff000 ---p 00000000 00:00 0 
7fdbd81ff000-7fdbd86e8000 rw-p 00000000 00:00 0 
7fdbd86e8000-7fdbdc180000 ---p 00000000 00:00 0 
7fdbdc180000-7fdbdc568000 rw-p 00000000 00:00 0 
7fdbdc568000-7fdbe0000000 ---p 00000000 00:00 0 
7fdbe0000000-7fdbe0021000 rw-p 00000000 00:00 0 
7fdbe0021000-7fdbe4000000 ---p 00000000 00:00 0 
7fdbe40e9000-7fdbe40ea000 ---p 00000000 00:00 0 
7fdbe40ea000-7fdbe49f3000 rw-p 00000000 00:00 0 
7fdbe49f3000-7fdbe49f4000 ---p 00000000 00:00 0 
7fdbe49f4000-7fdbe4af5000 rw-p 00000000 00:00 0 
7fdbe4af5000-7fdbe4af6000 ---p 00000000 00:00 0 
7fdbe4af6000-7fdbe4d76000 rw-p 00000000 00:00 0 
7fdbe4d76000-7fdbe54c9000 ---p 00000000 00:00 0 
7fdbe54c9000-7fdbe5546000 rw-p 00000000 00:00 0 
7fdbe5546000-7fdbe5c99000 ---p 00000000 00:00 0 
7fdbe5c99000-7fdbe5d16000 rw-p 00000000 00:00 0 
7fdbe5d16000-7fdbe6469000 ---p 00000000 00:00 0 
7fdbe6469000-7fdbe6c71000 rw-p 00000000 00:00 0 
7fdbe6c71000-7fdbe6c72000 ---p 00000000 00:00 0 
7fdbe6c72000-7fdbe6d78000 rw-p 00000000 00:00 0 
7fdbe6d78000-7fdbe6e5e000 ---p 00000000 00:00 0 
7fdbe6e5e000-7fdbe6e64000 rw-p 00000000 00:00 0 
7fdbe6e64000-7fdbe6f49000 ---p 00000000 00:00 0 
7fdbe6f49000-7fdbe71b9000 rwxp 00000000 00:00 0 
7fdbe71b9000-7fdbe74da000 ---p 00000000 00:00 0 
7fdbe74da000-7fdbe777a000 rwxp 00000000 00:00 0 
7fdbe777a000-7fdbeea11000 ---p 00000000 00:00 0 
7fdbeea11000-7fdbeec81000 rwxp 00000000 00:00 0 
7fdbeec81000-7fdbf5f49000 ---p 00000000 00:00 0 
7fdbf5f49000-7fdbfb9cc000 r--s 00000000 08:00 6071732                    /opt/java/openjdk/lib/modules
7fdbfb9cc000-7fdbfb9d3000 r-xp 00000000 08:00 6071731                    /opt/java/openjdk/lib/libzip.so
7fdbfb9d3000-7fdbfbbd2000 ---p 00007000 08:00 6071731                    /opt/java/openjdk/lib/libzip.so
7fdbfbbd2000-7fdbfbbd3000 r--p 00006000 08:00 6071731                    /opt/java/openjdk/lib/libzip.so
7fdbfbbd3000-7fdbfbbd4000 rw-p 00007000 08:00 6071731                    /opt/java/openjdk/lib/libzip.so
7fdbfbbd4000-7fdbfbbdf000 r-xp 00000000 08:00 6062403                    /lib/x86_64-linux-gnu/libnss_files-2.27.so
7fdbfbbdf000-7fdbfbdde000 ---p 0000b000 08:00 6062403                    /lib/x86_64-linux-gnu/libnss_files-2.27.so
7fdbfbdde000-7fdbfbddf000 r--p 0000a000 08:00 6062403                    /lib/x86_64-linux-gnu/libnss_files-2.27.so
7fdbfbddf000-7fdbfbde0000 rw-p 0000b000 08:00 6062403                    /lib/x86_64-linux-gnu/libnss_files-2.27.so
7fdbfbde0000-7fdbfbde6000 rw-p 00000000 00:00 0 
7fdbfbde6000-7fdbfbdfd000 r-xp 00000000 08:00 6062397                    /lib/x86_64-linux-gnu/libnsl-2.27.so
7fdbfbdfd000-7fdbfbffc000 ---p 00017000 08:00 6062397                    /lib/x86_64-linux-gnu/libnsl-2.27.so
7fdbfbffc000-7fdbfbffd000 r--p 00016000 08:00 6062397                    /lib/x86_64-linux-gnu/libnsl-2.27.so
7fdbfbffd000-7fdbfbffe000 rw-p 00017000 08:00 6062397                    /lib/x86_64-linux-gnu/libnsl-2.27.so
7fdbfbffe000-7fdbfc000000 rw-p 00000000 00:00 0 
7fdbfc000000-7fdbfc4e6000 rw-p 00000000 00:00 0 
7fdbfc4e6000-7fdc00000000 ---p 00000000 00:00 0 
7fdc000b7000-7fdc000c2000 r-xp 00000000 08:00 6062407                    /lib/x86_64-linux-gnu/libnss_nis-2.27.so
7fdc000c2000-7fdc002c1000 ---p 0000b000 08:00 6062407                    /lib/x86_64-linux-gnu/libnss_nis-2.27.so
7fdc002c1000-7fdc002c2000 r--p 0000a000 08:00 6062407                    /lib/x86_64-linux-gnu/libnss_nis-2.27.so
7fdc002c2000-7fdc002c3000 rw-p 0000b000 08:00 6062407                    /lib/x86_64-linux-gnu/libnss_nis-2.27.so
7fdc002c3000-7fdc002cb000 r-xp 00000000 08:00 6062399                    /lib/x86_64-linux-gnu/libnss_compat-2.27.so
7fdc002cb000-7fdc004cb000 ---p 00008000 08:00 6062399                    /lib/x86_64-linux-gnu/libnss_compat-2.27.so
7fdc004cb000-7fdc004cc000 r--p 00008000 08:00 6062399                    /lib/x86_64-linux-gnu/libnss_compat-2.27.so
7fdc004cc000-7fdc004cd000 rw-p 00009000 08:00 6062399                    /lib/x86_64-linux-gnu/libnss_compat-2.27.so
7fdc004cd000-7fdc004e8000 r-xp 00000000 08:00 6071714                    /opt/java/openjdk/lib/libjimage.so
7fdc004e8000-7fdc006e8000 ---p 0001b000 08:00 6071714                    /opt/java/openjdk/lib/libjimage.so
7fdc006e8000-7fdc006ea000 r--p 0001b000 08:00 6071714                    /opt/java/openjdk/lib/libjimage.so
7fdc006ea000-7fdc006eb000 rw-p 0001d000 08:00 6071714                    /opt/java/openjdk/lib/libjimage.so
7fdc006eb000-7fdc00713000 r-xp 00000000 08:00 6071710                    /opt/java/openjdk/lib/libjava.so
7fdc00713000-7fdc00913000 ---p 00028000 08:00 6071710                    /opt/java/openjdk/lib/libjava.so
7fdc00913000-7fdc00914000 r--p 00028000 08:00 6071710                    /opt/java/openjdk/lib/libjava.so
7fdc00914000-7fdc00915000 rw-p 00029000 08:00 6071710                    /opt/java/openjdk/lib/libjava.so
7fdc00915000-7fdc00916000 rw-p 00000000 00:00 0 
7fdc00916000-7fdc00927000 r-xp 00000000 08:00 6071730                    /opt/java/openjdk/lib/libverify.so
7fdc00927000-7fdc00b26000 ---p 00011000 08:00 6071730                    /opt/java/openjdk/lib/libverify.so
7fdc00b26000-7fdc00b28000 r--p 00010000 08:00 6071730                    /opt/java/openjdk/lib/libverify.so
7fdc00b28000-7fdc00b29000 rw-p 00012000 08:00 6071730                    /opt/java/openjdk/lib/libverify.so
7fdc00b29000-7fdc00b30000 r-xp 00000000 08:00 6062426                    /lib/x86_64-linux-gnu/librt-2.27.so
7fdc00b30000-7fdc00d2f000 ---p 00007000 08:00 6062426                    /lib/x86_64-linux-gnu/librt-2.27.so
7fdc00d2f000-7fdc00d30000 r--p 00006000 08:00 6062426                    /lib/x86_64-linux-gnu/librt-2.27.so
7fdc00d30000-7fdc00d31000 rw-p 00007000 08:00 6062426                    /lib/x86_64-linux-gnu/librt-2.27.so
7fdc00d31000-7fdc00ece000 r-xp 00000000 08:00 6062386                    /lib/x86_64-linux-gnu/libm-2.27.so
7fdc00ece000-7fdc010cd000 ---p 0019d000 08:00 6062386                    /lib/x86_64-linux-gnu/libm-2.27.so
7fdc010cd000-7fdc010ce000 r--p 0019c000 08:00 6062386                    /lib/x86_64-linux-gnu/libm-2.27.so
7fdc010ce000-7fdc010cf000 rw-p 0019d000 08:00 6062386                    /lib/x86_64-linux-gnu/libm-2.27.so
7fdc010cf000-7fdc02213000 r-xp 00000000 08:00 6071741                    /opt/java/openjdk/lib/server/libjvm.so
7fdc02213000-7fdc02413000 ---p 01144000 08:00 6071741                    /opt/java/openjdk/lib/server/libjvm.so
7fdc02413000-7fdc024d2000 r--p 01144000 08:00 6071741                    /opt/java/openjdk/lib/server/libjvm.so
7fdc024d2000-7fdc0250b000 rw-p 01203000 08:00 6071741                    /opt/java/openjdk/lib/server/libjvm.so
7fdc0250b000-7fdc02562000 rw-p 00000000 00:00 0 
7fdc02562000-7fdc02749000 r-xp 00000000 08:00 6062361                    /lib/x86_64-linux-gnu/libc-2.27.so
7fdc02749000-7fdc02949000 ---p 001e7000 08:00 6062361                    /lib/x86_64-linux-gnu/libc-2.27.so
7fdc02949000-7fdc0294d000 r--p 001e7000 08:00 6062361                    /lib/x86_64-linux-gnu/libc-2.27.so
7fdc0294d000-7fdc0294f000 rw-p 001eb000 08:00 6062361                    /lib/x86_64-linux-gnu/libc-2.27.so
7fdc0294f000-7fdc02953000 rw-p 00000000 00:00 0 
7fdc02953000-7fdc02956000 r-xp 00000000 08:00 6062371                    /lib/x86_64-linux-gnu/libdl-2.27.so
7fdc02956000-7fdc02b55000 ---p 00003000 08:00 6062371                    /lib/x86_64-linux-gnu/libdl-2.27.so
7fdc02b55000-7fdc02b56000 r--p 00002000 08:00 6062371                    /lib/x86_64-linux-gnu/libdl-2.27.so
7fdc02b56000-7fdc02b57000 rw-p 00003000 08:00 6062371                    /lib/x86_64-linux-gnu/libdl-2.27.so
7fdc02b57000-7fdc02b67000 r-xp 00000000 08:00 6071694                    /opt/java/openjdk/lib/jli/libjli.so
7fdc02b67000-7fdc02d66000 ---p 00010000 08:00 6071694                    /opt/java/openjdk/lib/jli/libjli.so
7fdc02d66000-7fdc02d67000 r--p 0000f000 08:00 6071694                    /opt/java/openjdk/lib/jli/libjli.so
7fdc02d67000-7fdc02d68000 rw-p 00010000 08:00 6071694                    /opt/java/openjdk/lib/jli/libjli.so
7fdc02d68000-7fdc02d82000 r-xp 00000000 08:00 6062422                    /lib/x86_64-linux-gnu/libpthread-2.27.so
7fdc02d82000-7fdc02f81000 ---p 0001a000 08:00 6062422                    /lib/x86_64-linux-gnu/libpthread-2.27.so
7fdc02f81000-7fdc02f82000 r--p 00019000 08:00 6062422                    /lib/x86_64-linux-gnu/libpthread-2.27.so
7fdc02f82000-7fdc02f83000 rw-p 0001a000 08:00 6062422                    /lib/x86_64-linux-gnu/libpthread-2.27.so
7fdc02f83000-7fdc02f87000 rw-p 00000000 00:00 0 
7fdc02f87000-7fdc02fa3000 r-xp 00000000 08:00 6062449                    /lib/x86_64-linux-gnu/libz.so.1.2.11
7fdc02fa3000-7fdc031a2000 ---p 0001c000 08:00 6062449                    /lib/x86_64-linux-gnu/libz.so.1.2.11
7fdc031a2000-7fdc031a3000 r--p 0001b000 08:00 6062449                    /lib/x86_64-linux-gnu/libz.so.1.2.11
7fdc031a3000-7fdc031a4000 rw-p 0001c000 08:00 6062449                    /lib/x86_64-linux-gnu/libz.so.1.2.11
7fdc031a4000-7fdc031cb000 r-xp 00000000 08:00 6062343                    /lib/x86_64-linux-gnu/ld-2.27.so
7fdc031ce000-7fdc032af000 rw-p 00000000 00:00 0 
7fdc032af000-7fdc032b6000 ---p 00000000 00:00 0 
7fdc032b6000-7fdc032be000 rw-s 00000000 08:00 387713                     /tmp/hsperfdata_root/38
7fdc032be000-7fdc032c2000 ---p 00000000 00:00 0 
7fdc032c2000-7fdc033c3000 rw-p 00000000 00:00 0 
7fdc033c9000-7fdc033ca000 ---p 00000000 00:00 0 
7fdc033ca000-7fdc033cb000 r--p 00000000 00:00 0 
7fdc033cb000-7fdc033cc000 r--p 00027000 08:00 6062343                    /lib/x86_64-linux-gnu/ld-2.27.so
7fdc033cc000-7fdc033cd000 rw-p 00028000 08:00 6062343                    /lib/x86_64-linux-gnu/ld-2.27.so
7fdc033cd000-7fdc033ce000 rw-p 00000000 00:00 0 
7ffd1f354000-7ffd1f375000 rw-p 00000000 00:00 0                          [stack]
7ffd1f375000-7ffd1f379000 r--p 00000000 00:00 0                          [vvar]
7ffd1f379000-7ffd1f37b000 r-xp 00000000 00:00 0                          [vdso]
ffffffffff600000-ffffffffff601000 --xp 00000000 00:00 0                  [vsyscall]


VM Arguments:
java_command: DivaBotGuardian/DivaBotGuardian/DivaBotGuardian.jar 3
java_class_path (initial): DivaBotGuardian/DivaBotGuardian/DivaBotGuardian.jar
Launcher Type: SUN_STANDARD

[Global flags]
     intx CICompilerCount                          = 4                                         {product} {ergonomic}
     uint ConcGCThreads                            = 2                                         {product} {ergonomic}
     uint G1ConcRefinementThreads                  = 8                                         {product} {ergonomic}
   size_t G1HeapRegionSize                         = 1048576                                   {product} {ergonomic}
    uintx GCDrainStackTargetSize                   = 64                                        {product} {ergonomic}
   size_t InitialHeapSize                          = 262144000                                 {product} {ergonomic}
   size_t MarkStackSize                            = 4194304                                   {product} {ergonomic}
   size_t MaxHeapSize                              = 4194304000                                {product} {ergonomic}
   size_t MaxNewSize                               = 2516582400                                {product} {ergonomic}
   size_t MinHeapDeltaBytes                        = 1048576                                   {product} {ergonomic}
    uintx NonNMethodCodeHeapSize                   = 5836300                                {pd product} {ergonomic}
    uintx NonProfiledCodeHeapSize                  = 122910970                              {pd product} {ergonomic}
    uintx ProfiledCodeHeapSize                     = 122910970                              {pd product} {ergonomic}
    uintx ReservedCodeCacheSize                    = 251658240                              {pd product} {ergonomic}
     bool SegmentedCodeCache                       = true                                      {product} {ergonomic}
     bool UseCompressedClassPointers               = true                                 {lp64_product} {ergonomic}
     bool UseCompressedOops                        = true                                 {lp64_product} {ergonomic}
     bool UseG1GC                                  = true                                      {product} {ergonomic}

Logging:
Log output configuration:
 #0: stdout all=warning uptime,level,tags
 #1: stderr all=off uptime,level,tags

Environment Variables:
JAVA_HOME=/opt/java/openjdk
PATH=/opt/java/openjdk/bin:/usr/local/sbin:/usr/local/bin:/usr/sbin:/usr/bin:/sbin:/bin
LANG=en_US.UTF-8
LC_ALL=en_US.UTF-8

Signal Handlers:
SIGSEGV: [libjvm.so+0xe3c180], sa_mask[0]=11111111011111111101111111111110, sa_flags=SA_RESTART|SA_SIGINFO
SIGBUS: [libjvm.so+0xe3c180], sa_mask[0]=11111111011111111101111111111110, sa_flags=SA_RESTART|SA_SIGINFO
SIGFPE: [libjvm.so+0xe3c180], sa_mask[0]=11111111011111111101111111111110, sa_flags=SA_RESTART|SA_SIGINFO
SIGPIPE: [libjvm.so+0xc0d1f0], sa_mask[0]=11111111011111111101111111111110, sa_flags=SA_RESTART|SA_SIGINFO
SIGXFSZ: [libjvm.so+0xc0d1f0], sa_mask[0]=11111111011111111101111111111110, sa_flags=SA_RESTART|SA_SIGINFO
SIGILL: [libjvm.so+0xe3c180], sa_mask[0]=11111111011111111101111111111110, sa_flags=SA_RESTART|SA_SIGINFO
SIGUSR2: [libjvm.so+0xc0d090], sa_mask[0]=00000000000000000000000000000000, sa_flags=SA_RESTART|SA_SIGINFO
SIGHUP: [libjvm.so+0xc0d3f0], sa_mask[0]=11111111011111111101111111111110, sa_flags=SA_RESTART|SA_SIGINFO
SIGINT: SIG_IGN, sa_mask[0]=00000000000000000000000000000000, sa_flags=none
SIGTERM: [libjvm.so+0xc0d3f0], sa_mask[0]=11111111011111111101111111111110, sa_flags=SA_RESTART|SA_SIGINFO
SIGQUIT: [libjvm.so+0xc0d3f0], sa_mask[0]=11111111011111111101111111111110, sa_flags=SA_RESTART|SA_SIGINFO


---------------  S Y S T E M  ---------------

OS:DISTRIB_ID=Ubuntu
DISTRIB_RELEASE=18.04
DISTRIB_CODENAME=bionic
DISTRIB_DESCRIPTION="Ubuntu 18.04.4 LTS"
uname:Linux 5.6.14-x86_64-linode135 #1 SMP PREEMPT Fri May 22 14:57:20 UTC 2020 x86_64
OS uptime: 51 days 1:50 hours
libc:glibc 2.27 NPTL 2.27 
rlimit (soft/hard): STACK 8192k/infinity , CORE infinity/infinity , NPROC infinity/infinity , NOFILE 1048576/1048576 , AS infinity/infinity , CPU infinity/infinity , DATA infinity/infinity , FSIZE infinity/infinity , MEMLOCK 16384k/16384k
load average:3.45 1.80 1.17

/proc/meminfo:
MemTotal:       16379668 kB
MemFree:         6078840 kB
MemAvailable:   13564176 kB
Buffers:         2140056 kB
Cached:          1552012 kB
SwapCached:        25136 kB
Active:          3664720 kB
Inactive:        2200524 kB
Active(anon):    1409432 kB
Inactive(anon):   737620 kB
Active(file):    2255288 kB
Inactive(file):  1462904 kB
Unevictable:           0 kB
Mlocked:               0 kB
SwapTotal:        524284 kB
SwapFree:          10008 kB
Dirty:               160 kB
Writeback:             0 kB
AnonPages:       2148240 kB
Mapped:           226584 kB
Shmem:             30944 kB
KReclaimable:    4109284 kB
Slab:            4281368 kB
SReclaimable:    4109284 kB
SUnreclaim:       172084 kB
KernelStack:       11600 kB
PageTables:        27972 kB
NFS_Unstable:          0 kB
Bounce:                0 kB
WritebackTmp:          0 kB
CommitLimit:     8714116 kB
Committed_AS:    6049820 kB
VmallocTotal:   34359738367 kB
VmallocUsed:       22744 kB
VmallocChunk:          0 kB
Percpu:             6976 kB
HardwareCorrupted:     0 kB
AnonHugePages:         0 kB
ShmemHugePages:        0 kB
ShmemPmdMapped:        0 kB
FileHugePages:         0 kB
FilePmdMapped:         0 kB
HugePages_Total:       0
HugePages_Free:        0
HugePages_Rsvd:        0
HugePages_Surp:        0
Hugepagesize:       2048 kB
Hugetlb:               0 kB
DirectMap4k:    11677552 kB
DirectMap2M:     5099520 kB
DirectMap1G:     2097152 kB

/sys/kernel/mm/transparent_hugepage/enabled:
always [madvise] never

/sys/kernel/mm/transparent_hugepage/defrag (defrag/compaction efforts parameter):
always defer defer+madvise [madvise] never


/proc/sys/kernel/threads-max (system-wide limit on the number of threads):
127912


/proc/sys/vm/max_map_count (maximum number of memory map areas a process may have):
65530


/proc/sys/kernel/pid_max (system-wide limit on number of process identifiers):
32768



container (cgroup) information:
container_type: cgroupv1
cpu_cpuset_cpus: 0-7
cpu_memory_nodes: 0
active_processor_count: 8
cpu_quota: -1
cpu_period: 100000
cpu_shares: -1
memory_limit_in_bytes: -1
memory_and_swap_limit_in_bytes: -1
memory_soft_limit_in_bytes: -1
memory_usage_in_bytes: 408039424
memory_max_usage_in_bytes: 554004480

KVM virtualization detected
Steal ticks since vm start: 79
Steal ticks percentage since vm start:  0.001

CPU:total 8 (initial active 8) (1 cores per cpu, 1 threads per core) family 23 model 1 stepping 2, cmov, cx8, fxsr, mmx, sse, sse2, sse3, ssse3, sse4.1, sse4.2, popcnt, avx, avx2, aes, clmul, mmxext, 3dnowpref, lzcnt, sse4a, tsc, bmi1, bmi2, adx, sha, fma
CPU Model and flags from /proc/cpuinfo:
model name	: AMD EPYC 7601 32-Core Processor
flags		: fpu vme de pse tsc msr pae mce cx8 apic sep mtrr pge mca cmov pat pse36 clflush mmx fxsr sse sse2 syscall nx mmxext fxsr_opt pdpe1gb rdtscp lm rep_good nopl cpuid extd_apicid tsc_known_freq pni pclmulqdq ssse3 fma cx16 sse4_1 sse4_2 x2apic movbe popcnt tsc_deadline_timer aes xsave avx f16c rdrand hypervisor lahf_lm cmp_legacy cr8_legacy abm sse4a misalignsse 3dnowprefetch osvw perfctr_core ssbd ibpb vmmcall fsgsbase tsc_adjust bmi1 avx2 smep bmi2 rdseed adx smap clflushopt sha_ni xsaveopt xsavec xgetbv1 xsaves virt_ssbd arat

Memory: 4k page, physical 16379668k(6078840k free), swap 524284k(10008k free)

vm_info: OpenJDK 64-Bit Server VM (11.0.8+10) for linux-amd64 JRE (11.0.8+10), built on Jul 15 2020 09:02:55 by "" with gcc 7.5.0

END.
