#
# A fatal error has been detected by the Java Runtime Environment:
#
#  SIGSEGV (0xb) at pc=0x00007f45f500a0c0, pid=39, tid=39
#
# JRE version: OpenJDK Runtime Environment AdoptOpenJDK (11.0.8+10) (build 11.0.8+10)
# Java VM: OpenJDK 64-Bit Server VM AdoptOpenJDK (11.0.8+10, mixed mode, tiered, compressed oops, g1 gc, linux-amd64)
# Problematic frame:
# V  [libjvm.so+0xc0d0c0]  SR_handler(int, siginfo*, ucontext*)+0x30
#
# Core dump will be written. Default location: /divabotguardian/core
#
# If you would like to submit a bug report, please visit:
#   https://github.com/AdoptOpenJDK/openjdk-support/issues
#

---------------  S U M M A R Y ------------

Command Line: DivaBotGuardian/DivaBotGuardian/DivaBotGuardian.jar 3

Host: AMD EPYC 7601 32-Core Processor, 8 cores, 15G, Ubuntu 18.04.4 LTS
Time: Mon Sep 28 07:00:50 2020 UTC elapsed time: 21 seconds (0d 0h 0m 21s)

---------------  T H R E A D  ---------------

Current thread is native thread

Stack: [0x00007ffc11d5b000,0x00007ffc1255b000],  sp=0x00007ffc125559c0,  free space=8170k
Native frames: (J=compiled Java code, A=aot compiled Java code, j=interpreted, Vv=VM code, C=native code)
V  [libjvm.so+0xc0d0c0]  SR_handler(int, siginfo*, ucontext*)+0x30
C  [libpthread.so.0+0x12890]


siginfo: si_signo: 11 (SIGSEGV), si_code: 1 (SEGV_MAPERR), si_addr: 0x00000000000000d0

Register to memory mapping:

RAX=0x0 is NULL
RBX=
[error occurred during error reporting (printing register info), id 0xb, SIGSEGV (0xb) at pc=0x00007f45f51d0e37]

Registers:
RAX=0x0000000000000000, RBX=0x00007f45f66edf80, RCX=0x00007f45f609ed2d, RDX=0x0000000000000000
RSP=0x00007ffc125559c0, RBP=0x00007ffc12555a70, RSI=0x00007ffc12555bb0, RDI=0x0000000000000001
R8 =0x00000000000000ca, R9 =0x00007f45f66ec9d0, R10=0x0000000000000000, R11=0x0000000000000246
R12=0x0000000000000000, R13=0x00007ffc12555bb0, R14=0x00007ffc12555a80, R15=0x0000000000000001
RIP=0x00007f45f500a0c0, EFLAGS=0x0000000000010246, CSGSFS=0x002b000000000033, ERR=0x0000000000000004
  TRAPNO=0x000000000000000e

Top of Stack: (sp=0x00007ffc125559c0)
0x00007ffc125559c0:   676e61676b726f77 00007f45f591e4cc
0x00007ffc125559d0:   00007f45f5e92a5a 00007f45f64e3754
0x00007ffc125559e0:   636275730070616d 00007f45f66efef0
0x00007ffc125559f0:   0000000000000004 00007f45f64dcf5f 

Instructions: (pc=0x00007f45f500a0c0)
0x00007f45f5009fc0:   44 39 66 ff 48 8b 45 c8 64 48 33 04 25 28 00 00
0x00007f45f5009fd0:   00 0f 85 a7 00 00 00 48 81 c4 18 01 00 00 5b 41
0x00007f45f5009fe0:   5c 41 5d 41 5e 41 5f 5d c3 4c 89 e2 be 00 01 00
0x00007f45f5009ff0:   00 48 89 df e8 57 3a 66 ff 48 85 c0 74 9b 48 8d
0x00007f45f500a000:   35 ea b8 32 00 48 89 df e8 3b 39 66 ff 48 85 c0
0x00007f45f500a010:   75 1e 48 8d 35 eb b8 32 00 48 89 df e8 27 39 66
0x00007f45f500a020:   ff 48 85 c0 0f 84 6f ff ff ff 66 0f 1f 44 00 00
0x00007f45f500a030:   be 22 00 00 00 48 89 df e8 53 39 66 ff 48 85 c0
0x00007f45f500a040:   74 26 48 8d 58 01 be 22 00 00 00 48 89 df e8 3d
0x00007f45f500a050:   39 66 ff 48 85 c0 0f 85 4f ff ff ff e9 4d ff ff
0x00007f45f500a060:   ff 0f 1f 80 00 00 00 00 48 89 df be 3d 00 00 00
0x00007f45f500a070:   e8 1b 39 66 ff 48 8d 58 01 e9 1b ff ff ff e8 cd
0x00007f45f500a080:   37 66 ff 0f 1f 00 66 2e 0f 1f 84 00 00 00 00 00
0x00007f45f500a090:   55 48 89 e5 41 57 41 56 41 55 41 54 49 89 d6 53
0x00007f45f500a0a0:   49 89 f5 48 81 ec 88 00 00 00 e8 89 3c 66 ff 48
0x00007f45f500a0b0:   89 c3 44 8b 20 e8 46 57 1c 00 31 d2 84 c0 75 38
0x00007f45f500a0c0:   48 83 ba d0 00 00 00 00 74 16 4c 8b ba 68 02 00
0x00007f45f500a0d0:   00 41 8b 87 a8 00 00 00 83 f8 01 74 2b 44 89 23
0x00007f45f500a0e0:   48 81 c4 88 00 00 00 5b 41 5c 41 5d 41 5e 41 5f
0x00007f45f500a0f0:   5d c3 66 0f 1f 44 00 00 e8 13 57 1c 00 48 89 c2
0x00007f45f500a100:   eb be 66 0f 1f 44 00 00 4d 89 af b0 00 00 00 4d
0x00007f45f500a110:   8d af a8 00 00 00 4d 89 b7 b8 00 00 00 ba 02 00
0x00007f45f500a120:   00 00 be 01 00 00 00 4c 89 ef e8 01 be ff ff 83
0x00007f45f500a130:   f8 02 74 3c 85 c0 75 18 49 c7 87 b8 00 00 00 00
0x00007f45f500a140:   00 00 00 49 c7 87 b0 00 00 00 00 00 00 00 eb 8d
0x00007f45f500a150:   48 8d 05 51 a9 7f 00 48 8d 3d ba c0 32 00 be 7d
0x00007f45f500a160:   11 00 00 48 8b 00 c6 00 58 e8 82 13 a8 ff eb c8
0x00007f45f500a170:   4c 8d b5 50 ff ff ff 4c 89 f7 e8 d9 39 66 ff 4c
0x00007f45f500a180:   89 f2 31 f6 31 ff e8 55 3a 66 ff 8b 35 1f 4a 81
0x00007f45f500a190:   00 4c 89 f7 e8 27 38 66 ff 48 8d 3d c0 85 85 00
0x00007f45f500a1a0:   be 01 00 00 00 e8 16 89 0d 00 66 0f 1f 44 00 00
0x00007f45f500a1b0:   4c 89 f7 e8 b0 3b 66 ff 31 d2 be 03 00 00 00 4c 


Stack slot to memory mapping:
stack at sp + 0 slots: 
[error occurred during error reporting (inspecting top of stack), id 0xb, SIGSEGV (0xb) at pc=0x00007f45f51d0e37]


---------------  P R O C E S S  ---------------

VM state:not at safepoint (normal execution)

VM Mutex/Monitor currently owned by a thread: None

Heap address: 0x0000000706000000, size: 4000 MB, Compressed Oops mode: Zero based, Oop shift amount: 3
Narrow klass base: 0x0000000800000000, Narrow klass shift: 0
Compressed class space size: 1073741824 Address: 0x0000000800000000

Heap:
 garbage-first heap   total 256000K, used 184928K [0x0000000706000000, 0x0000000800000000)
  region size 1024K, 119 young (121856K), 2 survivors (2048K)
 Metaspace       used 8935K, capacity 9176K, committed 9344K, reserved 1056768K
  class space    used 960K, capacity 1045K, committed 1152K, reserved 1048576K
Heap Regions: E=young(eden), S=young(survivor), O=old, HS=humongous(starts), HC=humongous(continues), CS=collection set, F=free, A=archive, TAMS=top-at-mark-start (previous, next)
|   0|0x0000000706000000, 0x0000000706100000, 0x0000000706100000|100%|HS|  |TAMS 0x0000000706000000, 0x0000000706000000| Complete 
|   1|0x0000000706100000, 0x0000000706200000, 0x0000000706200000|100%|HC|  |TAMS 0x0000000706100000, 0x0000000706100000| Complete 
|   2|0x0000000706200000, 0x0000000706300000, 0x0000000706300000|100%|HC|  |TAMS 0x0000000706200000, 0x0000000706200000| Complete 
|   3|0x0000000706300000, 0x0000000706400000, 0x0000000706400000|100%|HS|  |TAMS 0x0000000706300000, 0x0000000706300000| Complete 
|   4|0x0000000706400000, 0x0000000706500000, 0x0000000706500000|100%|HC|  |TAMS 0x0000000706400000, 0x0000000706400000| Complete 
|   5|0x0000000706500000, 0x0000000706600000, 0x0000000706600000|100%|HC|  |TAMS 0x0000000706500000, 0x0000000706500000| Complete 
|   6|0x0000000706600000, 0x0000000706700000, 0x0000000706700000|100%|HS|  |TAMS 0x0000000706600000, 0x0000000706600000| Complete 
|   7|0x0000000706700000, 0x0000000706800000, 0x0000000706800000|100%|HC|  |TAMS 0x0000000706700000, 0x0000000706700000| Complete 
|   8|0x0000000706800000, 0x0000000706900000, 0x0000000706900000|100%|HC|  |TAMS 0x0000000706800000, 0x0000000706800000| Complete 
|   9|0x0000000706900000, 0x0000000706a00000, 0x0000000706a00000|100%|HS|  |TAMS 0x0000000706900000, 0x0000000706900000| Complete 
|  10|0x0000000706a00000, 0x0000000706b00000, 0x0000000706b00000|100%|HC|  |TAMS 0x0000000706a00000, 0x0000000706a00000| Complete 
|  11|0x0000000706b00000, 0x0000000706c00000, 0x0000000706c00000|100%|HC|  |TAMS 0x0000000706b00000, 0x0000000706b00000| Complete 
|  12|0x0000000706c00000, 0x0000000706d00000, 0x0000000706d00000|100%|HS|  |TAMS 0x0000000706c00000, 0x0000000706c00000| Complete 
|  13|0x0000000706d00000, 0x0000000706e00000, 0x0000000706e00000|100%|HC|  |TAMS 0x0000000706d00000, 0x0000000706d00000| Complete 
|  14|0x0000000706e00000, 0x0000000706f00000, 0x0000000706f00000|100%|HC|  |TAMS 0x0000000706e00000, 0x0000000706e00000| Complete 
|  15|0x0000000706f00000, 0x0000000707000000, 0x0000000707000000|100%|HS|  |TAMS 0x0000000706f00000, 0x0000000706f00000| Complete 
|  16|0x0000000707000000, 0x0000000707100000, 0x0000000707100000|100%|HC|  |TAMS 0x0000000707000000, 0x0000000707000000| Complete 
|  17|0x0000000707100000, 0x0000000707200000, 0x0000000707200000|100%|HC|  |TAMS 0x0000000707100000, 0x0000000707100000| Complete 
|  18|0x0000000707200000, 0x0000000707300000, 0x0000000707300000|100%|HS|  |TAMS 0x0000000707200000, 0x0000000707200000| Complete 
|  19|0x0000000707300000, 0x0000000707400000, 0x0000000707400000|100%|HC|  |TAMS 0x0000000707300000, 0x0000000707300000| Complete 
|  20|0x0000000707400000, 0x0000000707500000, 0x0000000707500000|100%|HC|  |TAMS 0x0000000707400000, 0x0000000707400000| Complete 
|  21|0x0000000707500000, 0x0000000707600000, 0x0000000707600000|100%|HS|  |TAMS 0x0000000707500000, 0x0000000707500000| Complete 
|  22|0x0000000707600000, 0x0000000707700000, 0x0000000707700000|100%|HC|  |TAMS 0x0000000707600000, 0x0000000707600000| Complete 
|  23|0x0000000707700000, 0x0000000707800000, 0x0000000707800000|100%|HC|  |TAMS 0x0000000707700000, 0x0000000707700000| Complete 
|  24|0x0000000707800000, 0x0000000707900000, 0x0000000707900000|100%|HS|  |TAMS 0x0000000707800000, 0x0000000707800000| Complete 
|  25|0x0000000707900000, 0x0000000707a00000, 0x0000000707a00000|100%|HC|  |TAMS 0x0000000707900000, 0x0000000707900000| Complete 
|  26|0x0000000707a00000, 0x0000000707b00000, 0x0000000707b00000|100%|HC|  |TAMS 0x0000000707a00000, 0x0000000707a00000| Complete 
|  27|0x0000000707b00000, 0x0000000707c00000, 0x0000000707c00000|100%|HS|  |TAMS 0x0000000707b00000, 0x0000000707b00000| Complete 
|  28|0x0000000707c00000, 0x0000000707d00000, 0x0000000707d00000|100%|HC|  |TAMS 0x0000000707c00000, 0x0000000707c00000| Complete 
|  29|0x0000000707d00000, 0x0000000707e00000, 0x0000000707e00000|100%|HC|  |TAMS 0x0000000707d00000, 0x0000000707d00000| Complete 
|  30|0x0000000707e00000, 0x0000000707f00000, 0x0000000707f00000|100%|HS|  |TAMS 0x0000000707e00000, 0x0000000707e00000| Complete 
|  31|0x0000000707f00000, 0x0000000708000000, 0x0000000708000000|100%|HC|  |TAMS 0x0000000707f00000, 0x0000000707f00000| Complete 
|  32|0x0000000708000000, 0x0000000708100000, 0x0000000708100000|100%|HC|  |TAMS 0x0000000708000000, 0x0000000708000000| Complete 
|  33|0x0000000708100000, 0x0000000708200000, 0x0000000708200000|100%|HS|  |TAMS 0x0000000708100000, 0x0000000708100000| Complete 
|  34|0x0000000708200000, 0x0000000708300000, 0x0000000708300000|100%|HC|  |TAMS 0x0000000708200000, 0x0000000708200000| Complete 
|  35|0x0000000708300000, 0x0000000708400000, 0x0000000708400000|100%|HC|  |TAMS 0x0000000708300000, 0x0000000708300000| Complete 
|  36|0x0000000708400000, 0x0000000708500000, 0x0000000708500000|100%|HS|  |TAMS 0x0000000708400000, 0x0000000708400000| Complete 
|  37|0x0000000708500000, 0x0000000708600000, 0x0000000708600000|100%|HC|  |TAMS 0x0000000708500000, 0x0000000708500000| Complete 
|  38|0x0000000708600000, 0x0000000708700000, 0x0000000708700000|100%|HC|  |TAMS 0x0000000708600000, 0x0000000708600000| Complete 
|  39|0x0000000708700000, 0x0000000708800000, 0x0000000708800000|100%|HS|  |TAMS 0x0000000708700000, 0x0000000708700000| Complete 
|  40|0x0000000708800000, 0x0000000708900000, 0x0000000708900000|100%|HC|  |TAMS 0x0000000708800000, 0x0000000708800000| Complete 
|  41|0x0000000708900000, 0x0000000708a00000, 0x0000000708a00000|100%|HC|  |TAMS 0x0000000708900000, 0x0000000708900000| Complete 
|  42|0x0000000708a00000, 0x0000000708b00000, 0x0000000708b00000|100%|HS|  |TAMS 0x0000000708a00000, 0x0000000708a00000| Complete 
|  43|0x0000000708b00000, 0x0000000708c00000, 0x0000000708c00000|100%|HC|  |TAMS 0x0000000708b00000, 0x0000000708b00000| Complete 
|  44|0x0000000708c00000, 0x0000000708d00000, 0x0000000708d00000|100%|HC|  |TAMS 0x0000000708c00000, 0x0000000708c00000| Complete 
|  45|0x0000000708d00000, 0x0000000708e00000, 0x0000000708e00000|100%|HS|  |TAMS 0x0000000708d00000, 0x0000000708d00000| Complete 
|  46|0x0000000708e00000, 0x0000000708f00000, 0x0000000708f00000|100%|HC|  |TAMS 0x0000000708e00000, 0x0000000708e00000| Complete 
|  47|0x0000000708f00000, 0x0000000709000000, 0x0000000709000000|100%|HC|  |TAMS 0x0000000708f00000, 0x0000000708f00000| Complete 
|  48|0x0000000709000000, 0x0000000709100000, 0x0000000709100000|100%|HS|  |TAMS 0x0000000709000000, 0x0000000709000000| Complete 
|  49|0x0000000709100000, 0x0000000709200000, 0x0000000709200000|100%|HC|  |TAMS 0x0000000709100000, 0x0000000709100000| Complete 
|  50|0x0000000709200000, 0x0000000709300000, 0x0000000709300000|100%|HC|  |TAMS 0x0000000709200000, 0x0000000709200000| Complete 
|  51|0x0000000709300000, 0x0000000709400000, 0x0000000709400000|100%|HS|  |TAMS 0x0000000709300000, 0x0000000709300000| Complete 
|  52|0x0000000709400000, 0x0000000709500000, 0x0000000709500000|100%|HC|  |TAMS 0x0000000709400000, 0x0000000709400000| Complete 
|  53|0x0000000709500000, 0x0000000709600000, 0x0000000709600000|100%|HC|  |TAMS 0x0000000709500000, 0x0000000709500000| Complete 
|  54|0x0000000709600000, 0x0000000709700000, 0x0000000709700000|100%|HS|  |TAMS 0x0000000709600000, 0x0000000709600000| Complete 
|  55|0x0000000709700000, 0x0000000709800000, 0x0000000709800000|100%|HC|  |TAMS 0x0000000709700000, 0x0000000709700000| Complete 
|  56|0x0000000709800000, 0x0000000709900000, 0x0000000709900000|100%|HC|  |TAMS 0x0000000709800000, 0x0000000709800000| Complete 
|  57|0x0000000709900000, 0x0000000709a00000, 0x0000000709a00000|100%|HS|  |TAMS 0x0000000709900000, 0x0000000709900000| Complete 
|  58|0x0000000709a00000, 0x0000000709b00000, 0x0000000709b00000|100%|HC|  |TAMS 0x0000000709a00000, 0x0000000709a00000| Complete 
|  59|0x0000000709b00000, 0x0000000709c00000, 0x0000000709c00000|100%|HC|  |TAMS 0x0000000709b00000, 0x0000000709b00000| Complete 
|  60|0x0000000709c00000, 0x0000000709d00000, 0x0000000709d00000|100%|HS|  |TAMS 0x0000000709c00000, 0x0000000709c00000| Complete 
|  61|0x0000000709d00000, 0x0000000709e00000, 0x0000000709e00000|100%|HC|  |TAMS 0x0000000709d00000, 0x0000000709d00000| Complete 
|  62|0x0000000709e00000, 0x0000000709f00000, 0x0000000709f00000|100%|HC|  |TAMS 0x0000000709e00000, 0x0000000709e00000| Complete 
|  63|0x0000000709f00000, 0x0000000709f00000, 0x000000070a000000|  0%| F|  |TAMS 0x0000000709f00000, 0x0000000709f00000| Untracked 
|  64|0x000000070a000000, 0x000000070a000000, 0x000000070a100000|  0%| F|  |TAMS 0x000000070a000000, 0x000000070a000000| Untracked 
|  65|0x000000070a100000, 0x000000070a100000, 0x000000070a200000|  0%| F|  |TAMS 0x000000070a100000, 0x000000070a100000| Untracked 
|  66|0x000000070a200000, 0x000000070a200000, 0x000000070a300000|  0%| F|  |TAMS 0x000000070a200000, 0x000000070a200000| Untracked 
|  67|0x000000070a300000, 0x000000070a300000, 0x000000070a400000|  0%| F|  |TAMS 0x000000070a300000, 0x000000070a300000| Untracked 
|  68|0x000000070a400000, 0x000000070a400000, 0x000000070a500000|  0%| F|  |TAMS 0x000000070a400000, 0x000000070a400000| Untracked 
|  69|0x000000070a500000, 0x000000070a500000, 0x000000070a600000|  0%| F|  |TAMS 0x000000070a500000, 0x000000070a500000| Untracked 
|  70|0x000000070a600000, 0x000000070a600000, 0x000000070a700000|  0%| F|  |TAMS 0x000000070a600000, 0x000000070a600000| Untracked 
|  71|0x000000070a700000, 0x000000070a700000, 0x000000070a800000|  0%| F|  |TAMS 0x000000070a700000, 0x000000070a700000| Untracked 
|  72|0x000000070a800000, 0x000000070a800000, 0x000000070a900000|  0%| F|  |TAMS 0x000000070a800000, 0x000000070a800000| Untracked 
|  73|0x000000070a900000, 0x000000070a900000, 0x000000070aa00000|  0%| F|  |TAMS 0x000000070a900000, 0x000000070a900000| Untracked 
|  74|0x000000070aa00000, 0x000000070aa00000, 0x000000070ab00000|  0%| F|  |TAMS 0x000000070aa00000, 0x000000070aa00000| Untracked 
|  75|0x000000070ab00000, 0x000000070ab00000, 0x000000070ac00000|  0%| F|  |TAMS 0x000000070ab00000, 0x000000070ab00000| Untracked 
|  76|0x000000070ac00000, 0x000000070ac00000, 0x000000070ad00000|  0%| F|  |TAMS 0x000000070ac00000, 0x000000070ac00000| Untracked 
|  77|0x000000070ad00000, 0x000000070ad00000, 0x000000070ae00000|  0%| F|  |TAMS 0x000000070ad00000, 0x000000070ad00000| Untracked 
|  78|0x000000070ae00000, 0x000000070ae00000, 0x000000070af00000|  0%| F|  |TAMS 0x000000070ae00000, 0x000000070ae00000| Untracked 
|  79|0x000000070af00000, 0x000000070af00000, 0x000000070b000000|  0%| F|  |TAMS 0x000000070af00000, 0x000000070af00000| Untracked 
|  80|0x000000070b000000, 0x000000070b000000, 0x000000070b100000|  0%| F|  |TAMS 0x000000070b000000, 0x000000070b000000| Untracked 
|  81|0x000000070b100000, 0x000000070b100000, 0x000000070b200000|  0%| F|  |TAMS 0x000000070b100000, 0x000000070b100000| Untracked 
|  82|0x000000070b200000, 0x000000070b200000, 0x000000070b300000|  0%| F|  |TAMS 0x000000070b200000, 0x000000070b200000| Untracked 
|  83|0x000000070b300000, 0x000000070b300000, 0x000000070b400000|  0%| F|  |TAMS 0x000000070b300000, 0x000000070b300000| Untracked 
|  84|0x000000070b400000, 0x000000070b400000, 0x000000070b500000|  0%| F|  |TAMS 0x000000070b400000, 0x000000070b400000| Untracked 
|  85|0x000000070b500000, 0x000000070b500000, 0x000000070b600000|  0%| F|  |TAMS 0x000000070b500000, 0x000000070b500000| Untracked 
|  86|0x000000070b600000, 0x000000070b600000, 0x000000070b700000|  0%| F|  |TAMS 0x000000070b600000, 0x000000070b600000| Untracked 
|  87|0x000000070b700000, 0x000000070b700000, 0x000000070b800000|  0%| F|  |TAMS 0x000000070b700000, 0x000000070b700000| Untracked 
|  88|0x000000070b800000, 0x000000070b800000, 0x000000070b900000|  0%| F|  |TAMS 0x000000070b800000, 0x000000070b800000| Untracked 
|  89|0x000000070b900000, 0x000000070b900000, 0x000000070ba00000|  0%| F|  |TAMS 0x000000070b900000, 0x000000070b900000| Untracked 
|  90|0x000000070ba00000, 0x000000070ba00000, 0x000000070bb00000|  0%| F|  |TAMS 0x000000070ba00000, 0x000000070ba00000| Untracked 
|  91|0x000000070bb00000, 0x000000070bb00000, 0x000000070bc00000|  0%| F|  |TAMS 0x000000070bb00000, 0x000000070bb00000| Untracked 
|  92|0x000000070bc00000, 0x000000070bc00000, 0x000000070bd00000|  0%| F|  |TAMS 0x000000070bc00000, 0x000000070bc00000| Untracked 
|  93|0x000000070bd00000, 0x000000070bd00000, 0x000000070be00000|  0%| F|  |TAMS 0x000000070bd00000, 0x000000070bd00000| Untracked 
|  94|0x000000070be00000, 0x000000070be00000, 0x000000070bf00000|  0%| F|  |TAMS 0x000000070be00000, 0x000000070be00000| Untracked 
|  95|0x000000070bf00000, 0x000000070bf00000, 0x000000070c000000|  0%| F|  |TAMS 0x000000070bf00000, 0x000000070bf00000| Untracked 
|  96|0x000000070c000000, 0x000000070c000000, 0x000000070c100000|  0%| F|  |TAMS 0x000000070c000000, 0x000000070c000000| Untracked 
|  97|0x000000070c100000, 0x000000070c100000, 0x000000070c200000|  0%| F|  |TAMS 0x000000070c100000, 0x000000070c100000| Untracked 
|  98|0x000000070c200000, 0x000000070c200000, 0x000000070c300000|  0%| F|  |TAMS 0x000000070c200000, 0x000000070c200000| Untracked 
|  99|0x000000070c300000, 0x000000070c300000, 0x000000070c400000|  0%| F|  |TAMS 0x000000070c300000, 0x000000070c300000| Untracked 
| 100|0x000000070c400000, 0x000000070c400000, 0x000000070c500000|  0%| F|  |TAMS 0x000000070c400000, 0x000000070c400000| Untracked 
| 101|0x000000070c500000, 0x000000070c500000, 0x000000070c600000|  0%| F|  |TAMS 0x000000070c500000, 0x000000070c500000| Untracked 
| 102|0x000000070c600000, 0x000000070c600000, 0x000000070c700000|  0%| F|  |TAMS 0x000000070c600000, 0x000000070c600000| Untracked 
| 103|0x000000070c700000, 0x000000070c700000, 0x000000070c800000|  0%| F|  |TAMS 0x000000070c700000, 0x000000070c700000| Untracked 
| 104|0x000000070c800000, 0x000000070c800000, 0x000000070c900000|  0%| F|  |TAMS 0x000000070c800000, 0x000000070c800000| Untracked 
| 105|0x000000070c900000, 0x000000070c900000, 0x000000070ca00000|  0%| F|  |TAMS 0x000000070c900000, 0x000000070c900000| Untracked 
| 106|0x000000070ca00000, 0x000000070ca00000, 0x000000070cb00000|  0%| F|  |TAMS 0x000000070ca00000, 0x000000070ca00000| Untracked 
| 107|0x000000070cb00000, 0x000000070cb00000, 0x000000070cc00000|  0%| F|  |TAMS 0x000000070cb00000, 0x000000070cb00000| Untracked 
| 108|0x000000070cc00000, 0x000000070cc00000, 0x000000070cd00000|  0%| F|  |TAMS 0x000000070cc00000, 0x000000070cc00000| Untracked 
| 109|0x000000070cd00000, 0x000000070cd00000, 0x000000070ce00000|  0%| F|  |TAMS 0x000000070cd00000, 0x000000070cd00000| Untracked 
| 110|0x000000070ce00000, 0x000000070ce00000, 0x000000070cf00000|  0%| F|  |TAMS 0x000000070ce00000, 0x000000070ce00000| Untracked 
| 111|0x000000070cf00000, 0x000000070cf00000, 0x000000070d000000|  0%| F|  |TAMS 0x000000070cf00000, 0x000000070cf00000| Untracked 
| 112|0x000000070d000000, 0x000000070d000000, 0x000000070d100000|  0%| F|  |TAMS 0x000000070d000000, 0x000000070d000000| Untracked 
| 113|0x000000070d100000, 0x000000070d100000, 0x000000070d200000|  0%| F|  |TAMS 0x000000070d100000, 0x000000070d100000| Untracked 
| 114|0x000000070d200000, 0x000000070d200000, 0x000000070d300000|  0%| F|  |TAMS 0x000000070d200000, 0x000000070d200000| Untracked 
| 115|0x000000070d300000, 0x000000070d300000, 0x000000070d400000|  0%| F|  |TAMS 0x000000070d300000, 0x000000070d300000| Untracked 
| 116|0x000000070d400000, 0x000000070d400000, 0x000000070d500000|  0%| F|  |TAMS 0x000000070d400000, 0x000000070d400000| Untracked 
| 117|0x000000070d500000, 0x000000070d500000, 0x000000070d600000|  0%| F|  |TAMS 0x000000070d500000, 0x000000070d500000| Untracked 
| 118|0x000000070d600000, 0x000000070d600000, 0x000000070d700000|  0%| F|  |TAMS 0x000000070d600000, 0x000000070d600000| Untracked 
| 119|0x000000070d700000, 0x000000070d700000, 0x000000070d800000|  0%| F|  |TAMS 0x000000070d700000, 0x000000070d700000| Untracked 
| 120|0x000000070d800000, 0x000000070d800000, 0x000000070d900000|  0%| F|  |TAMS 0x000000070d800000, 0x000000070d800000| Untracked 
| 121|0x000000070d900000, 0x000000070d900000, 0x000000070da00000|  0%| F|  |TAMS 0x000000070d900000, 0x000000070d900000| Untracked 
| 122|0x000000070da00000, 0x000000070da00000, 0x000000070db00000|  0%| F|  |TAMS 0x000000070da00000, 0x000000070da00000| Untracked 
| 123|0x000000070db00000, 0x000000070db00000, 0x000000070dc00000|  0%| F|  |TAMS 0x000000070db00000, 0x000000070db00000| Untracked 
| 124|0x000000070dc00000, 0x000000070dc00000, 0x000000070dd00000|  0%| F|  |TAMS 0x000000070dc00000, 0x000000070dc00000| Untracked 
| 125|0x000000070dd00000, 0x000000070dd00000, 0x000000070de00000|  0%| F|  |TAMS 0x000000070dd00000, 0x000000070dd00000| Untracked 
| 126|0x000000070de00000, 0x000000070de00000, 0x000000070df00000|  0%| F|  |TAMS 0x000000070de00000, 0x000000070de00000| Untracked 
| 127|0x000000070df00000, 0x000000070df00000, 0x000000070e000000|  0%| F|  |TAMS 0x000000070df00000, 0x000000070df00000| Untracked 
| 128|0x000000070e000000, 0x000000070e000000, 0x000000070e100000|  0%| F|  |TAMS 0x000000070e000000, 0x000000070e000000| Untracked 
| 129|0x000000070e100000, 0x000000070e100000, 0x000000070e200000|  0%| F|  |TAMS 0x000000070e100000, 0x000000070e100000| Untracked 
| 130|0x000000070e200000, 0x000000070e200000, 0x000000070e300000|  0%| F|  |TAMS 0x000000070e200000, 0x000000070e200000| Untracked 
| 131|0x000000070e300000, 0x000000070e400000, 0x000000070e400000|100%| E|  |TAMS 0x000000070e300000, 0x000000070e300000| Complete 
| 132|0x000000070e400000, 0x000000070e500000, 0x000000070e500000|100%| E|CS|TAMS 0x000000070e400000, 0x000000070e400000| Complete 
| 133|0x000000070e500000, 0x000000070e600000, 0x000000070e600000|100%| E|CS|TAMS 0x000000070e500000, 0x000000070e500000| Complete 
| 134|0x000000070e600000, 0x000000070e700000, 0x000000070e700000|100%| E|CS|TAMS 0x000000070e600000, 0x000000070e600000| Complete 
| 135|0x000000070e700000, 0x000000070e800000, 0x000000070e800000|100%| E|CS|TAMS 0x000000070e700000, 0x000000070e700000| Complete 
| 136|0x000000070e800000, 0x000000070e900000, 0x000000070e900000|100%| E|CS|TAMS 0x000000070e800000, 0x000000070e800000| Complete 
| 137|0x000000070e900000, 0x000000070ea00000, 0x000000070ea00000|100%| E|CS|TAMS 0x000000070e900000, 0x000000070e900000| Complete 
| 138|0x000000070ea00000, 0x000000070eb00000, 0x000000070eb00000|100%| E|CS|TAMS 0x000000070ea00000, 0x000000070ea00000| Complete 
| 139|0x000000070eb00000, 0x000000070ec00000, 0x000000070ec00000|100%| E|CS|TAMS 0x000000070eb00000, 0x000000070eb00000| Complete 
| 140|0x000000070ec00000, 0x000000070ed00000, 0x000000070ed00000|100%| E|CS|TAMS 0x000000070ec00000, 0x000000070ec00000| Complete 
| 141|0x000000070ed00000, 0x000000070ee00000, 0x000000070ee00000|100%| E|CS|TAMS 0x000000070ed00000, 0x000000070ed00000| Complete 
| 142|0x000000070ee00000, 0x000000070ef00000, 0x000000070ef00000|100%| E|CS|TAMS 0x000000070ee00000, 0x000000070ee00000| Complete 
| 143|0x000000070ef00000, 0x000000070f000000, 0x000000070f000000|100%| E|CS|TAMS 0x000000070ef00000, 0x000000070ef00000| Complete 
| 144|0x000000070f000000, 0x000000070f100000, 0x000000070f100000|100%| E|CS|TAMS 0x000000070f000000, 0x000000070f000000| Complete 
| 145|0x000000070f100000, 0x000000070f200000, 0x000000070f200000|100%| E|CS|TAMS 0x000000070f100000, 0x000000070f100000| Complete 
| 146|0x000000070f200000, 0x000000070f300000, 0x000000070f300000|100%| E|CS|TAMS 0x000000070f200000, 0x000000070f200000| Complete 
| 147|0x000000070f300000, 0x000000070f400000, 0x000000070f400000|100%| E|CS|TAMS 0x000000070f300000, 0x000000070f300000| Complete 
| 148|0x000000070f400000, 0x000000070f500000, 0x000000070f500000|100%| E|CS|TAMS 0x000000070f400000, 0x000000070f400000| Complete 
| 149|0x000000070f500000, 0x000000070f600000, 0x000000070f600000|100%| E|CS|TAMS 0x000000070f500000, 0x000000070f500000| Complete 
| 150|0x000000070f600000, 0x000000070f700000, 0x000000070f700000|100%| E|CS|TAMS 0x000000070f600000, 0x000000070f600000| Complete 
| 151|0x000000070f700000, 0x000000070f800000, 0x000000070f800000|100%| E|CS|TAMS 0x000000070f700000, 0x000000070f700000| Complete 
| 152|0x000000070f800000, 0x000000070f900000, 0x000000070f900000|100%| E|CS|TAMS 0x000000070f800000, 0x000000070f800000| Complete 
| 153|0x000000070f900000, 0x000000070fa00000, 0x000000070fa00000|100%| E|CS|TAMS 0x000000070f900000, 0x000000070f900000| Complete 
| 154|0x000000070fa00000, 0x000000070fb00000, 0x000000070fb00000|100%| E|CS|TAMS 0x000000070fa00000, 0x000000070fa00000| Complete 
| 155|0x000000070fb00000, 0x000000070fc00000, 0x000000070fc00000|100%| E|CS|TAMS 0x000000070fb00000, 0x000000070fb00000| Complete 
| 156|0x000000070fc00000, 0x000000070fd00000, 0x000000070fd00000|100%| E|CS|TAMS 0x000000070fc00000, 0x000000070fc00000| Complete 
| 157|0x000000070fd00000, 0x000000070fe00000, 0x000000070fe00000|100%| E|CS|TAMS 0x000000070fd00000, 0x000000070fd00000| Complete 
| 158|0x000000070fe00000, 0x000000070ff00000, 0x000000070ff00000|100%| E|CS|TAMS 0x000000070fe00000, 0x000000070fe00000| Complete 
| 159|0x000000070ff00000, 0x0000000710000000, 0x0000000710000000|100%| E|CS|TAMS 0x000000070ff00000, 0x000000070ff00000| Complete 
| 160|0x0000000710000000, 0x0000000710100000, 0x0000000710100000|100%| E|CS|TAMS 0x0000000710000000, 0x0000000710000000| Complete 
| 161|0x0000000710100000, 0x0000000710200000, 0x0000000710200000|100%| E|CS|TAMS 0x0000000710100000, 0x0000000710100000| Complete 
| 162|0x0000000710200000, 0x0000000710300000, 0x0000000710300000|100%| E|CS|TAMS 0x0000000710200000, 0x0000000710200000| Complete 
| 163|0x0000000710300000, 0x0000000710400000, 0x0000000710400000|100%| E|CS|TAMS 0x0000000710300000, 0x0000000710300000| Complete 
| 164|0x0000000710400000, 0x0000000710500000, 0x0000000710500000|100%| E|CS|TAMS 0x0000000710400000, 0x0000000710400000| Complete 
| 165|0x0000000710500000, 0x0000000710600000, 0x0000000710600000|100%| E|CS|TAMS 0x0000000710500000, 0x0000000710500000| Complete 
| 166|0x0000000710600000, 0x0000000710700000, 0x0000000710700000|100%| E|CS|TAMS 0x0000000710600000, 0x0000000710600000| Complete 
| 167|0x0000000710700000, 0x0000000710800000, 0x0000000710800000|100%| E|CS|TAMS 0x0000000710700000, 0x0000000710700000| Complete 
| 168|0x0000000710800000, 0x0000000710900000, 0x0000000710900000|100%| E|CS|TAMS 0x0000000710800000, 0x0000000710800000| Complete 
| 169|0x0000000710900000, 0x0000000710a00000, 0x0000000710a00000|100%| E|CS|TAMS 0x0000000710900000, 0x0000000710900000| Complete 
| 170|0x0000000710a00000, 0x0000000710b00000, 0x0000000710b00000|100%| E|CS|TAMS 0x0000000710a00000, 0x0000000710a00000| Complete 
| 171|0x0000000710b00000, 0x0000000710c00000, 0x0000000710c00000|100%| E|CS|TAMS 0x0000000710b00000, 0x0000000710b00000| Complete 
| 172|0x0000000710c00000, 0x0000000710d00000, 0x0000000710d00000|100%| E|CS|TAMS 0x0000000710c00000, 0x0000000710c00000| Complete 
| 173|0x0000000710d00000, 0x0000000710e00000, 0x0000000710e00000|100%| E|CS|TAMS 0x0000000710d00000, 0x0000000710d00000| Complete 
| 174|0x0000000710e00000, 0x0000000710f00000, 0x0000000710f00000|100%| E|CS|TAMS 0x0000000710e00000, 0x0000000710e00000| Complete 
| 175|0x0000000710f00000, 0x0000000711000000, 0x0000000711000000|100%| E|CS|TAMS 0x0000000710f00000, 0x0000000710f00000| Complete 
| 176|0x0000000711000000, 0x0000000711100000, 0x0000000711100000|100%| E|CS|TAMS 0x0000000711000000, 0x0000000711000000| Complete 
| 177|0x0000000711100000, 0x0000000711200000, 0x0000000711200000|100%| E|CS|TAMS 0x0000000711100000, 0x0000000711100000| Complete 
| 178|0x0000000711200000, 0x0000000711300000, 0x0000000711300000|100%| E|CS|TAMS 0x0000000711200000, 0x0000000711200000| Complete 
| 179|0x0000000711300000, 0x0000000711400000, 0x0000000711400000|100%| E|CS|TAMS 0x0000000711300000, 0x0000000711300000| Complete 
| 180|0x0000000711400000, 0x0000000711500000, 0x0000000711500000|100%| E|CS|TAMS 0x0000000711400000, 0x0000000711400000| Complete 
| 181|0x0000000711500000, 0x0000000711600000, 0x0000000711600000|100%| E|CS|TAMS 0x0000000711500000, 0x0000000711500000| Complete 
| 182|0x0000000711600000, 0x0000000711700000, 0x0000000711700000|100%| E|CS|TAMS 0x0000000711600000, 0x0000000711600000| Complete 
| 183|0x0000000711700000, 0x0000000711800000, 0x0000000711800000|100%| E|CS|TAMS 0x0000000711700000, 0x0000000711700000| Complete 
| 184|0x0000000711800000, 0x0000000711900000, 0x0000000711900000|100%| E|CS|TAMS 0x0000000711800000, 0x0000000711800000| Complete 
| 185|0x0000000711900000, 0x0000000711a00000, 0x0000000711a00000|100%| E|CS|TAMS 0x0000000711900000, 0x0000000711900000| Complete 
| 186|0x0000000711a00000, 0x0000000711b00000, 0x0000000711b00000|100%| E|CS|TAMS 0x0000000711a00000, 0x0000000711a00000| Complete 
| 187|0x0000000711b00000, 0x0000000711c00000, 0x0000000711c00000|100%| E|CS|TAMS 0x0000000711b00000, 0x0000000711b00000| Complete 
| 188|0x0000000711c00000, 0x0000000711d00000, 0x0000000711d00000|100%| E|CS|TAMS 0x0000000711c00000, 0x0000000711c00000| Complete 
| 189|0x0000000711d00000, 0x0000000711e00000, 0x0000000711e00000|100%| E|CS|TAMS 0x0000000711d00000, 0x0000000711d00000| Complete 
| 190|0x0000000711e00000, 0x0000000711f00000, 0x0000000711f00000|100%| E|CS|TAMS 0x0000000711e00000, 0x0000000711e00000| Complete 
| 191|0x0000000711f00000, 0x0000000712000000, 0x0000000712000000|100%| E|CS|TAMS 0x0000000711f00000, 0x0000000711f00000| Complete 
| 192|0x0000000712000000, 0x0000000712100000, 0x0000000712100000|100%| E|CS|TAMS 0x0000000712000000, 0x0000000712000000| Complete 
| 193|0x0000000712100000, 0x0000000712200000, 0x0000000712200000|100%| E|CS|TAMS 0x0000000712100000, 0x0000000712100000| Complete 
| 194|0x0000000712200000, 0x0000000712300000, 0x0000000712300000|100%| E|CS|TAMS 0x0000000712200000, 0x0000000712200000| Complete 
| 195|0x0000000712300000, 0x0000000712400000, 0x0000000712400000|100%| E|CS|TAMS 0x0000000712300000, 0x0000000712300000| Complete 
| 196|0x0000000712400000, 0x0000000712500000, 0x0000000712500000|100%| E|CS|TAMS 0x0000000712400000, 0x0000000712400000| Complete 
| 197|0x0000000712500000, 0x0000000712600000, 0x0000000712600000|100%| E|CS|TAMS 0x0000000712500000, 0x0000000712500000| Complete 
| 198|0x0000000712600000, 0x0000000712700000, 0x0000000712700000|100%| E|CS|TAMS 0x0000000712600000, 0x0000000712600000| Complete 
| 199|0x0000000712700000, 0x0000000712800000, 0x0000000712800000|100%| E|CS|TAMS 0x0000000712700000, 0x0000000712700000| Complete 
| 200|0x0000000712800000, 0x0000000712900000, 0x0000000712900000|100%| E|CS|TAMS 0x0000000712800000, 0x0000000712800000| Complete 
| 201|0x0000000712900000, 0x0000000712a00000, 0x0000000712a00000|100%| E|CS|TAMS 0x0000000712900000, 0x0000000712900000| Complete 
| 202|0x0000000712a00000, 0x0000000712b00000, 0x0000000712b00000|100%| E|CS|TAMS 0x0000000712a00000, 0x0000000712a00000| Complete 
| 203|0x0000000712b00000, 0x0000000712c00000, 0x0000000712c00000|100%| E|CS|TAMS 0x0000000712b00000, 0x0000000712b00000| Complete 
| 204|0x0000000712c00000, 0x0000000712d00000, 0x0000000712d00000|100%| E|CS|TAMS 0x0000000712c00000, 0x0000000712c00000| Complete 
| 205|0x0000000712d00000, 0x0000000712e00000, 0x0000000712e00000|100%| E|CS|TAMS 0x0000000712d00000, 0x0000000712d00000| Complete 
| 206|0x0000000712e00000, 0x0000000712f00000, 0x0000000712f00000|100%| E|CS|TAMS 0x0000000712e00000, 0x0000000712e00000| Complete 
| 207|0x0000000712f00000, 0x0000000713000000, 0x0000000713000000|100%| E|CS|TAMS 0x0000000712f00000, 0x0000000712f00000| Complete 
| 208|0x0000000713000000, 0x0000000713100000, 0x0000000713100000|100%| E|CS|TAMS 0x0000000713000000, 0x0000000713000000| Complete 
| 209|0x0000000713100000, 0x0000000713200000, 0x0000000713200000|100%| E|CS|TAMS 0x0000000713100000, 0x0000000713100000| Complete 
| 210|0x0000000713200000, 0x0000000713300000, 0x0000000713300000|100%| E|CS|TAMS 0x0000000713200000, 0x0000000713200000| Complete 
| 211|0x0000000713300000, 0x0000000713400000, 0x0000000713400000|100%| E|CS|TAMS 0x0000000713300000, 0x0000000713300000| Complete 
| 212|0x0000000713400000, 0x0000000713500000, 0x0000000713500000|100%| E|CS|TAMS 0x0000000713400000, 0x0000000713400000| Complete 
| 213|0x0000000713500000, 0x0000000713600000, 0x0000000713600000|100%| E|CS|TAMS 0x0000000713500000, 0x0000000713500000| Complete 
| 214|0x0000000713600000, 0x0000000713700000, 0x0000000713700000|100%| E|CS|TAMS 0x0000000713600000, 0x0000000713600000| Complete 
| 215|0x0000000713700000, 0x0000000713800000, 0x0000000713800000|100%| E|CS|TAMS 0x0000000713700000, 0x0000000713700000| Complete 
| 216|0x0000000713800000, 0x0000000713900000, 0x0000000713900000|100%| E|CS|TAMS 0x0000000713800000, 0x0000000713800000| Complete 
| 217|0x0000000713900000, 0x0000000713a00000, 0x0000000713a00000|100%| E|CS|TAMS 0x0000000713900000, 0x0000000713900000| Complete 
| 218|0x0000000713a00000, 0x0000000713b00000, 0x0000000713b00000|100%| E|CS|TAMS 0x0000000713a00000, 0x0000000713a00000| Complete 
| 219|0x0000000713b00000, 0x0000000713c00000, 0x0000000713c00000|100%| E|CS|TAMS 0x0000000713b00000, 0x0000000713b00000| Complete 
| 220|0x0000000713c00000, 0x0000000713d00000, 0x0000000713d00000|100%| E|CS|TAMS 0x0000000713c00000, 0x0000000713c00000| Complete 
| 221|0x0000000713d00000, 0x0000000713e00000, 0x0000000713e00000|100%| E|CS|TAMS 0x0000000713d00000, 0x0000000713d00000| Complete 
| 222|0x0000000713e00000, 0x0000000713f00000, 0x0000000713f00000|100%| E|CS|TAMS 0x0000000713e00000, 0x0000000713e00000| Complete 
| 223|0x0000000713f00000, 0x0000000714000000, 0x0000000714000000|100%| E|CS|TAMS 0x0000000713f00000, 0x0000000713f00000| Complete 
| 224|0x0000000714000000, 0x0000000714098328, 0x0000000714100000| 59%| S|CS|TAMS 0x0000000714000000, 0x0000000714000000| Complete 
| 225|0x0000000714100000, 0x0000000714200000, 0x0000000714200000|100%| S|CS|TAMS 0x0000000714100000, 0x0000000714100000| Complete 
| 226|0x0000000714200000, 0x0000000714300000, 0x0000000714300000|100%| E|CS|TAMS 0x0000000714200000, 0x0000000714200000| Complete 
| 227|0x0000000714300000, 0x0000000714400000, 0x0000000714400000|100%| E|CS|TAMS 0x0000000714300000, 0x0000000714300000| Complete 
| 228|0x0000000714400000, 0x0000000714500000, 0x0000000714500000|100%| E|CS|TAMS 0x0000000714400000, 0x0000000714400000| Complete 
| 229|0x0000000714500000, 0x0000000714600000, 0x0000000714600000|100%| E|CS|TAMS 0x0000000714500000, 0x0000000714500000| Complete 
| 230|0x0000000714600000, 0x0000000714700000, 0x0000000714700000|100%| E|CS|TAMS 0x0000000714600000, 0x0000000714600000| Complete 
| 231|0x0000000714700000, 0x0000000714800000, 0x0000000714800000|100%| E|CS|TAMS 0x0000000714700000, 0x0000000714700000| Complete 
| 232|0x0000000714800000, 0x0000000714900000, 0x0000000714900000|100%| E|CS|TAMS 0x0000000714800000, 0x0000000714800000| Complete 
| 233|0x0000000714900000, 0x0000000714a00000, 0x0000000714a00000|100%| E|CS|TAMS 0x0000000714900000, 0x0000000714900000| Complete 
| 234|0x0000000714a00000, 0x0000000714b00000, 0x0000000714b00000|100%| E|CS|TAMS 0x0000000714a00000, 0x0000000714a00000| Complete 
| 235|0x0000000714b00000, 0x0000000714c00000, 0x0000000714c00000|100%| E|CS|TAMS 0x0000000714b00000, 0x0000000714b00000| Complete 
| 236|0x0000000714c00000, 0x0000000714d00000, 0x0000000714d00000|100%| E|CS|TAMS 0x0000000714c00000, 0x0000000714c00000| Complete 
| 237|0x0000000714d00000, 0x0000000714e00000, 0x0000000714e00000|100%| E|CS|TAMS 0x0000000714d00000, 0x0000000714d00000| Complete 
| 238|0x0000000714e00000, 0x0000000714f00000, 0x0000000714f00000|100%| E|CS|TAMS 0x0000000714e00000, 0x0000000714e00000| Complete 
| 239|0x0000000714f00000, 0x0000000715000000, 0x0000000715000000|100%| E|CS|TAMS 0x0000000714f00000, 0x0000000714f00000| Complete 
| 240|0x0000000715000000, 0x0000000715100000, 0x0000000715100000|100%| E|CS|TAMS 0x0000000715000000, 0x0000000715000000| Complete 
| 241|0x0000000715100000, 0x0000000715200000, 0x0000000715200000|100%| E|CS|TAMS 0x0000000715100000, 0x0000000715100000| Complete 
| 242|0x0000000715200000, 0x0000000715300000, 0x0000000715300000|100%| E|CS|TAMS 0x0000000715200000, 0x0000000715200000| Complete 
| 243|0x0000000715300000, 0x0000000715400000, 0x0000000715400000|100%| E|CS|TAMS 0x0000000715300000, 0x0000000715300000| Complete 
| 244|0x0000000715400000, 0x0000000715500000, 0x0000000715500000|100%| E|CS|TAMS 0x0000000715400000, 0x0000000715400000| Complete 
| 245|0x0000000715500000, 0x0000000715600000, 0x0000000715600000|100%| E|CS|TAMS 0x0000000715500000, 0x0000000715500000| Complete 
| 246|0x0000000715600000, 0x0000000715700000, 0x0000000715700000|100%| E|CS|TAMS 0x0000000715600000, 0x0000000715600000| Complete 
| 247|0x0000000715700000, 0x0000000715800000, 0x0000000715800000|100%| E|CS|TAMS 0x0000000715700000, 0x0000000715700000| Complete 
| 248|0x0000000715800000, 0x0000000715900000, 0x0000000715900000|100%| E|CS|TAMS 0x0000000715800000, 0x0000000715800000| Complete 
| 249|0x0000000715900000, 0x0000000715a00000, 0x0000000715a00000|100%| E|CS|TAMS 0x0000000715900000, 0x0000000715900000| Complete 

Card table byte_map: [0x00007f45d884f000,0x00007f45d901f000] _byte_map_base: 0x00007f45d501f000

Marking Bits (Prev, Next): (CMBitMap*) 0x00007f45f008e048, (CMBitMap*) 0x00007f45f008e080
 Prev Bits: [0x00007f45d0180000, 0x00007f45d4000000)
 Next Bits: [0x00007f45cc300000, 0x00007f45d0180000)

Polling page: 0x00007f45f66f7000

Metaspace:

Usage:
  Non-class:      7.94 MB capacity,     7.79 MB ( 98%) used,   133.59 KB (  2%) free+waste,    22.19 KB ( <1%) overhead. 
      Class:      1.02 MB capacity,   960.31 KB ( 92%) used,    73.00 KB (  7%) free+waste,    11.69 KB (  1%) overhead. 
       Both:      8.96 MB capacity,     8.73 MB ( 97%) used,   206.59 KB (  2%) free+waste,    33.88 KB ( <1%) overhead. 

Virtual space:
  Non-class space:        8.00 MB reserved,       8.00 MB (100%) committed 
      Class space:        1.00 GB reserved,       1.12 MB ( <1%) committed 
             Both:        1.01 GB reserved,       9.12 MB ( <1%) committed 

Chunk freelists:
   Non-Class:  53.00 KB
       Class:  0 bytes
        Both:  53.00 KB

MaxMetaspaceSize: unlimited
CompressedClassSpaceSize: 1.00 GB

CodeHeap 'non-profiled nmethods': size=120032Kb used=341Kb max_used=341Kb free=119691Kb
 bounds [0x00007f45e1d97000, 0x00007f45e2007000, 0x00007f45e92cf000]
CodeHeap 'profiled nmethods': size=120028Kb used=1374Kb max_used=1374Kb free=118653Kb
 bounds [0x00007f45da860000, 0x00007f45daad0000, 0x00007f45e1d97000]
CodeHeap 'non-nmethods': size=5700Kb used=1102Kb max_used=1131Kb free=4597Kb
 bounds [0x00007f45da2cf000, 0x00007f45da53f000, 0x00007f45da860000]
 total_blobs=1288 nmethods=857 adapters=344
 compilation: enabled
              stopped_count=0, restarted_count=0
 full_count=0

Compilation events (20 events):
Event: 21.525 Thread 0x00007f45f0287800  848 %     3       sig.ColorRegion::getBlue @ 12 (177 bytes)
Event: 21.526 Thread 0x00007f45f0287800 nmethod 848% 0x00007f45da9b2890 code [0x00007f45da9b2ac0, 0x00007f45da9b3430]
Event: 21.628 Thread 0x00007f45f0287800  849       3       java.lang.ref.PhantomReference::<init> (7 bytes)
Event: 21.628 Thread 0x00007f45f0287800 nmethod 849 0x00007f45da9b3790 code [0x00007f45da9b3960, 0x00007f45da9b3c30]
Event: 21.628 Thread 0x00007f45f0287800  850       3       java.util.HashSet::iterator (13 bytes)
Event: 21.628 Thread 0x00007f45f0287800 nmethod 850 0x00007f45da9b3d10 code [0x00007f45da9b3ee0, 0x00007f45da9b4170]
Event: 21.670 Thread 0x00007f45f0287800  851       3       sig.ColorRegion::getGreen (177 bytes)
Event: 21.671 Thread 0x00007f45f0287800 nmethod 851 0x00007f45da9b4290 code [0x00007f45da9b44c0, 0x00007f45da9b4df0]
Event: 21.671 Thread 0x00007f45f0287800  852       3       sig.ColorRegion::getBlue (177 bytes)
Event: 21.672 Thread 0x00007f45f0287800 nmethod 852 0x00007f45da9b5110 code [0x00007f45da9b5340, 0x00007f45da9b5c70]
Event: 21.773 Thread 0x00007f45f0287800  853       3       java.util.LinkedList::add (7 bytes)
Event: 21.773 Thread 0x00007f45f0287800 nmethod 853 0x00007f45da9b5f90 code [0x00007f45da9b6140, 0x00007f45da9b6280]
Event: 21.773 Thread 0x00007f45f0287800  854       3       java.util.LinkedList::linkLast (59 bytes)
Event: 21.773 Thread 0x00007f45f0287800 nmethod 854 0x00007f45da9b6310 code [0x00007f45da9b64e0, 0x00007f45da9b6970]
Event: 21.773 Thread 0x00007f45f0287800  855       3       javax.imageio.spi.PartialOrderIterator::hasNext (16 bytes)
Event: 21.774 Thread 0x00007f45f0287800 nmethod 855 0x00007f45da9b6b10 code [0x00007f45da9b6cc0, 0x00007f45da9b6f70]
Event: 21.811 Thread 0x00007f45f0287800  856       3       java.lang.StringConcatHelper::mixCoder (2 bytes)
Event: 21.811 Thread 0x00007f45f0287800 nmethod 856 0x00007f45da9b7090 code [0x00007f45da9b7240, 0x00007f45da9b7310]
Event: 21.811 Thread 0x00007f45f0287800  857       3       java.lang.StringConcatHelper::mixLen (10 bytes)
Event: 21.811 Thread 0x00007f45f0287800 nmethod 857 0x00007f45da9b7390 code [0x00007f45da9b7560, 0x00007f45da9b77d0]

GC Heap History (2 events):
Event: 18.812 GC heap before
{Heap before GC invocations=0 (full 0):
 garbage-first heap   total 256000K, used 32768K [0x0000000706000000, 0x0000000800000000)
  region size 1024K, 24 young (24576K), 0 survivors (0K)
 Metaspace       used 8815K, capacity 9105K, committed 9344K, reserved 1056768K
  class space    used 951K, capacity 1044K, committed 1152K, reserved 1048576K
}
Event: 18.824 GC heap after
{Heap after GC invocations=1 (full 0):
 garbage-first heap   total 256000K, used 4704K [0x0000000706000000, 0x0000000800000000)
  region size 1024K, 2 young (2048K), 2 survivors (2048K)
 Metaspace       used 8815K, capacity 9105K, committed 9344K, reserved 1056768K
  class space    used 951K, capacity 1044K, committed 1152K, reserved 1048576K
}

Deoptimization events (20 events):
Event: 18.504 Thread 0x00007f45f0028000 DEOPT PACKING pc=0x00007f45da952c8e sp=0x00007f45f66eab90
Event: 18.504 Thread 0x00007f45f0028000 DEOPT UNPACKING pc=0x00007f45da2f55ba sp=0x00007f45f66ea038 mode 0
Event: 18.506 Thread 0x00007f45f0028000 DEOPT PACKING pc=0x00007f45da952c8e sp=0x00007f45f66eab90
Event: 18.506 Thread 0x00007f45f0028000 DEOPT UNPACKING pc=0x00007f45da2f55ba sp=0x00007f45f66ea038 mode 0
Event: 18.506 Thread 0x00007f45f0028000 DEOPT PACKING pc=0x00007f45da952c8e sp=0x00007f45f66eab90
Event: 18.506 Thread 0x00007f45f0028000 DEOPT UNPACKING pc=0x00007f45da2f55ba sp=0x00007f45f66ea038 mode 0
Event: 18.508 Thread 0x00007f45f0028000 DEOPT PACKING pc=0x00007f45da952c8e sp=0x00007f45f66eab90
Event: 18.508 Thread 0x00007f45f0028000 DEOPT UNPACKING pc=0x00007f45da2f55ba sp=0x00007f45f66ea038 mode 0
Event: 18.508 Thread 0x00007f45f0028000 DEOPT PACKING pc=0x00007f45da952c8e sp=0x00007f45f66eab90
Event: 18.508 Thread 0x00007f45f0028000 DEOPT UNPACKING pc=0x00007f45da2f55ba sp=0x00007f45f66ea038 mode 0
Event: 18.511 Thread 0x00007f45f0028000 DEOPT PACKING pc=0x00007f45da952c8e sp=0x00007f45f66eab90
Event: 18.511 Thread 0x00007f45f0028000 DEOPT UNPACKING pc=0x00007f45da2f55ba sp=0x00007f45f66ea038 mode 0
Event: 18.511 Thread 0x00007f45f0028000 DEOPT PACKING pc=0x00007f45da952c8e sp=0x00007f45f66eab90
Event: 18.511 Thread 0x00007f45f0028000 DEOPT UNPACKING pc=0x00007f45da2f55ba sp=0x00007f45f66ea038 mode 0
Event: 18.511 Thread 0x00007f45f0028000 DEOPT PACKING pc=0x00007f45da952c8e sp=0x00007f45f66eab90
Event: 18.511 Thread 0x00007f45f0028000 DEOPT UNPACKING pc=0x00007f45da2f55ba sp=0x00007f45f66ea038 mode 0
Event: 18.514 Thread 0x00007f45f0028000 DEOPT PACKING pc=0x00007f45da952c8e sp=0x00007f45f66eacd0
Event: 18.514 Thread 0x00007f45f0028000 DEOPT UNPACKING pc=0x00007f45da2f55ba sp=0x00007f45f66ea178 mode 0
Event: 21.238 Thread 0x00007f45f0028000 DEOPT PACKING pc=0x00007f45da9a1655 sp=0x00007f45f66eaf40
Event: 21.238 Thread 0x00007f45f0028000 DEOPT UNPACKING pc=0x00007f45da2f55ba sp=0x00007f45f66ea450 mode 0

Classes redefined (0 events):
No events

Internal exceptions (17 events):
Event: 0.223 Thread 0x00007f45f0028000 Exception <a 'java/lang/ClassNotFoundException'{0x0000000715758fa8}: sun/awt/resources/spi/awtProvider> (0x0000000715758fa8) thrown at [./src/hotspot/share/classfile/systemDictionary.cpp, line 231]
Event: 0.260 Thread 0x00007f45f0028000 Exception <a 'java/io/FileNotFoundException'{0x00000007157e87e0}> (0x00000007157e87e0) thrown at [./src/hotspot/share/prims/jni.cpp, line 615]
Event: 0.275 Thread 0x00007f45f0028000 Exception <a 'java/lang/NoSuchMethodError'{0x0000000715643b30}: 'java.lang.Object java.lang.invoke.DirectMethodHandle$Holder.invokeStatic(java.lang.Object, java.lang.Object, java.lang.Object, java.lang.Object, java.lang.Object, java.lang.Object, java.lang.Object, java.lang.Object, java.lang.Object, java.lang.Object, java.lang.Object, java.lang.Object, java.lang.Object, java.lang.Object, java.lang.Object)'> (0x0000000715643b30) thrown at [./src/hotspot/share/interpreter/linkResolver.cpp, line 773]
Event: 0.277 Thread 0x00007f45f0028000 Exception <a 'java/lang/NoSuchMethodError'{0x0000000715651d00}: 'java.lang.Object java.lang.invoke.DirectMethodHandle$Holder.invokeStatic(java.lang.Object, java.lang.Object, java.lang.Object, java.lang.Object, java.lang.Object, java.lang.Object, java.lang.Object, java.lang.Object, java.lang.Object, java.lang.Object, java.lang.Object, java.lang.Object, java.lang.Object, java.lang.Object, java.lang.Object, java.lang.Object)'> (0x0000000715651d00) thrown at [./src/hotspot/share/interpreter/linkResolver.cpp, l
Event: 0.279 Thread 0x00007f45f0028000 Exception <a 'java/lang/NoSuchMethodError'{0x000000071565f970}: 'java.lang.Object java.lang.invoke.DirectMethodHandle$Holder.invokeSpecial(java.lang.Object, java.lang.Object, int, int, java.lang.Object, java.lang.Object, java.lang.Object)'> (0x000000071565f970) thrown at [./src/hotspot/share/interpreter/linkResolver.cpp, line 773]
Event: 0.279 Thread 0x00007f45f0028000 Exception <a 'java/lang/NoSuchMethodError'{0x0000000715662f00}: 'java.lang.Object java.lang.invoke.DelegatingMethodHandle$Holder.reinvoke_L(java.lang.Object, int, int, java.lang.Object, java.lang.Object, java.lang.Object)'> (0x0000000715662f00) thrown at [./src/hotspot/share/interpreter/linkResolver.cpp, line 773]
Event: 0.280 Thread 0x00007f45f0028000 Exception <a 'java/lang/NoSuchMethodError'{0x0000000715667288}: 'java.lang.Object java.lang.invoke.DirectMethodHandle$Holder.invokeStatic(java.lang.Object, java.lang.Object, java.lang.Object, java.lang.Object, int)'> (0x0000000715667288) thrown at [./src/hotspot/share/interpreter/linkResolver.cpp, line 773]
Event: 0.292 Thread 0x00007f45f0028000 Exception <a 'java/io/FileNotFoundException'{0x00000007156c9f88}> (0x00000007156c9f88) thrown at [./src/hotspot/share/prims/jni.cpp, line 615]
Event: 18.667 Thread 0x00007f45f0028000 Exception <a 'java/lang/NoSuchMethodError'{0x0000000714579790}: 'java.lang.Object java.lang.invoke.DirectMethodHandle$Holder.invokeSpecial(java.lang.Object, java.lang.Object, int, int, int, java.lang.Object, int, int)'> (0x0000000714579790) thrown at [./src/hotspot/share/interpreter/linkResolver.cpp, line 773]
Event: 18.667 Thread 0x00007f45f0028000 Exception <a 'java/lang/NoSuchMethodError'{0x000000071457ce30}: 'java.lang.Object java.lang.invoke.DelegatingMethodHandle$Holder.reinvoke_L(java.lang.Object, int, int, int, java.lang.Object, int, int)'> (0x000000071457ce30) thrown at [./src/hotspot/share/interpreter/linkResolver.cpp, line 773]
Event: 18.668 Thread 0x00007f45f0028000 Exception <a 'java/lang/NoSuchMethodError'{0x0000000714583e28}: 'java.lang.Object java.lang.invoke.DirectMethodHandle$Holder.invokeStatic(java.lang.Object, java.lang.Object, java.lang.Object, java.lang.Object, java.lang.Object, int)'> (0x0000000714583e28) thrown at [./src/hotspot/share/interpreter/linkResolver.cpp, line 773]
Event: 18.672 Thread 0x00007f45f0028000 Exception <a 'java/lang/NoSuchMethodError'{0x00000007145b7580}: 'java.lang.Object java.lang.invoke.Invokers$Holder.linkToTargetMethod(java.lang.Object, int, int, java.lang.Object)'> (0x00000007145b7580) thrown at [./src/hotspot/share/interpreter/linkResolver.cpp, line 773]
Event: 18.681 Thread 0x00007f45f0028000 Exception <a 'java/lang/NoSuchMethodError'{0x0000000714428ba0}: 'java.lang.Object java.lang.invoke.DirectMethodHandle$Holder.invokeSpecial(java.lang.Object, java.lang.Object, int, int, int, java.lang.Object, int, int, int, int)'> (0x0000000714428ba0) thrown at [./src/hotspot/share/interpreter/linkResolver.cpp, line 773]
Event: 18.682 Thread 0x00007f45f0028000 Exception <a 'java/lang/NoSuchMethodError'{0x000000071442c168}: 'java.lang.Object java.lang.invoke.DelegatingMethodHandle$Holder.reinvoke_L(java.lang.Object, int, int, int, java.lang.Object, int, int, int, int)'> (0x000000071442c168) thrown at [./src/hotspot/share/interpreter/linkResolver.cpp, line 773]
Event: 18.686 Thread 0x00007f45f0028000 Exception <a 'java/lang/NoSuchMethodError'{0x00000007144683e8}: 'java.lang.Object java.lang.invoke.DirectMethodHandle$Holder.invokeStatic(java.lang.Object, java.lang.Object, java.lang.Object, java.lang.Object, java.lang.Object, java.lang.Object, java.lang.Object, java.lang.Object, java.lang.Object, java.lang.Object, java.lang.Object, java.lang.Object, java.lang.Object, int)'> (0x00000007144683e8) thrown at [./src/hotspot/share/interpreter/linkResolver.cpp, line 773]
Event: 18.687 Thread 0x00007f45f0028000 Exception <a 'java/lang/NoSuchMethodError'{0x0000000714474c68}: 'java.lang.Object java.lang.invoke.DirectMethodHandle$Holder.invokeStatic(java.lang.Object, java.lang.Object, java.lang.Object, java.lang.Object, java.lang.Object, java.lang.Object, java.lang.Object, java.lang.Object, java.lang.Object, java.lang.Object, java.lang.Object, java.lang.Object, java.lang.Object, int, int)'> (0x0000000714474c68) thrown at [./src/hotspot/share/interpreter/linkResolver.cpp, line 773]
Event: 18.690 Thread 0x00007f45f0028000 Exception <a 'java/lang/NoSuchMethodError'{0x0000000714490bd8}: 'java.lang.Object java.lang.invoke.DelegatingMethodHandle$Holder.reinvoke_L(java.lang.Object, java.lang.Object, int, int, int, int)'> (0x0000000714490bd8) thrown at [./src/hotspot/share/interpreter/linkResolver.cpp, line 773]

Events (20 events):
Event: 20.772 loading class jdk/internal/reflect/ByteVectorImpl
Event: 20.772 loading class jdk/internal/reflect/ByteVector
Event: 20.772 loading class jdk/internal/reflect/ByteVector done
Event: 20.772 loading class jdk/internal/reflect/ByteVectorImpl done
Event: 20.773 loading class jdk/internal/reflect/ClassFileAssembler
Event: 20.773 loading class jdk/internal/reflect/ClassFileAssembler done
Event: 20.773 loading class jdk/internal/reflect/UTF8
Event: 20.773 loading class jdk/internal/reflect/UTF8 done
Event: 20.774 loading class jdk/internal/reflect/Label
Event: 20.774 loading class jdk/internal/reflect/Label done
Event: 20.774 loading class jdk/internal/reflect/Label$PatchInfo
Event: 20.774 loading class jdk/internal/reflect/Label$PatchInfo done
Event: 20.774 loading class jdk/internal/reflect/MethodAccessorGenerator$1
Event: 20.774 loading class jdk/internal/reflect/MethodAccessorGenerator$1 done
Event: 20.774 loading class jdk/internal/reflect/ClassDefiner
Event: 20.774 loading class jdk/internal/reflect/ClassDefiner done
Event: 20.774 loading class jdk/internal/reflect/ClassDefiner$1
Event: 20.774 loading class jdk/internal/reflect/ClassDefiner$1 done
Event: 20.775 loading class jdk/internal/reflect/BootstrapConstructorAccessorImpl
Event: 20.775 loading class jdk/internal/reflect/BootstrapConstructorAccessorImpl done


Dynamic libraries:
706000000-715a00000 rw-p 00000000 00:00 0 
715a00000-800000000 ---p 00000000 00:00 0 
800000000-800120000 rw-p 00000000 00:00 0 
800120000-840000000 ---p 00000000 00:00 0 
556d0a700000-556d0a701000 r-xp 00000000 08:00 6071476                    /opt/java/openjdk/bin/java
556d0a901000-556d0a902000 r--p 00001000 08:00 6071476                    /opt/java/openjdk/bin/java
556d0a902000-556d0a903000 rw-p 00002000 08:00 6071476                    /opt/java/openjdk/bin/java
556d0a94b000-556d0a991000 rw-p 00000000 00:00 0                          [heap]
7f456c000000-7f456c021000 rw-p 00000000 00:00 0 
7f456c021000-7f4570000000 ---p 00000000 00:00 0 
7f4570000000-7f4570021000 rw-p 00000000 00:00 0 
7f4570021000-7f4574000000 ---p 00000000 00:00 0 
7f4574000000-7f4574021000 rw-p 00000000 00:00 0 
7f4574021000-7f4578000000 ---p 00000000 00:00 0 
7f4578000000-7f4578021000 rw-p 00000000 00:00 0 
7f4578021000-7f457c000000 ---p 00000000 00:00 0 
7f457c000000-7f457c02a000 rw-p 00000000 00:00 0 
7f457c02a000-7f4580000000 ---p 00000000 00:00 0 
7f4580000000-7f4580021000 rw-p 00000000 00:00 0 
7f4580021000-7f4584000000 ---p 00000000 00:00 0 
7f4584000000-7f4584021000 rw-p 00000000 00:00 0 
7f4584021000-7f4588000000 ---p 00000000 00:00 0 
7f4588000000-7f45885e2000 rw-p 00000000 00:00 0 
7f45885e2000-7f458c000000 ---p 00000000 00:00 0 
7f458c000000-7f458c021000 rw-p 00000000 00:00 0 
7f458c021000-7f4590000000 ---p 00000000 00:00 0 
7f4590000000-7f4590021000 rw-p 00000000 00:00 0 
7f4590021000-7f4594000000 ---p 00000000 00:00 0 
7f4596a68000-7f4596df3000 rw-p 00000000 00:00 0 
7f4596df3000-7f4596df4000 ---p 00000000 00:00 0 
7f4596df4000-7f4596ef5000 rw-p 00000000 00:00 0 
7f4596ef5000-7f4596ef6000 ---p 00000000 00:00 0 
7f4596ef6000-7f4596ff7000 rw-p 00000000 00:00 0 
7f4596ff7000-7f4596ff8000 ---p 00000000 00:00 0 
7f4596ff8000-7f45970f9000 rw-p 00000000 00:00 0 
7f45970f9000-7f45970fa000 ---p 00000000 00:00 0 
7f45970fa000-7f45971fb000 rw-p 00000000 00:00 0 
7f45971fb000-7f45971fc000 ---p 00000000 00:00 0 
7f45971fc000-7f45972fd000 rw-p 00000000 00:00 0 
7f45972fd000-7f4597301000 ---p 00000000 00:00 0 
7f4597301000-7f45973fe000 rw-p 00000000 00:00 0 
7f45973fe000-7f4597402000 ---p 00000000 00:00 0 
7f4597402000-7f45974ff000 rw-p 00000000 00:00 0 
7f45974ff000-7f4597503000 ---p 00000000 00:00 0 
7f4597503000-7f4597600000 rw-p 00000000 00:00 0 
7f4597600000-7f4597608000 r-xp 00000000 08:00 6071699                    /opt/java/openjdk/lib/libawt_headless.so
7f4597608000-7f4597807000 ---p 00008000 08:00 6071699                    /opt/java/openjdk/lib/libawt_headless.so
7f4597807000-7f4597808000 r--p 00007000 08:00 6071699                    /opt/java/openjdk/lib/libawt_headless.so
7f4597808000-7f4597809000 rw-p 00008000 08:00 6071699                    /opt/java/openjdk/lib/libawt_headless.so
7f4597809000-7f45978a7000 r-xp 00000000 08:00 6071698                    /opt/java/openjdk/lib/libawt.so
7f45978a7000-7f4597aa6000 ---p 0009e000 08:00 6071698                    /opt/java/openjdk/lib/libawt.so
7f4597aa6000-7f4597aa7000 r--p 0009d000 08:00 6071698                    /opt/java/openjdk/lib/libawt.so
7f4597aa7000-7f4597ab2000 rw-p 0009e000 08:00 6071698                    /opt/java/openjdk/lib/libawt.so
7f4597ab2000-7f4597ad7000 rw-p 00000000 00:00 0 
7f4597ad7000-7f4597aed000 r-xp 00000000 08:00 6071722                    /opt/java/openjdk/lib/libnet.so
7f4597aed000-7f4597cec000 ---p 00016000 08:00 6071722                    /opt/java/openjdk/lib/libnet.so
7f4597cec000-7f4597ced000 r--p 00015000 08:00 6071722                    /opt/java/openjdk/lib/libnet.so
7f4597ced000-7f4597cee000 rw-p 00016000 08:00 6071722                    /opt/java/openjdk/lib/libnet.so
7f4597cee000-7f4597cfd000 r-xp 00000000 08:00 6071723                    /opt/java/openjdk/lib/libnio.so
7f4597cfd000-7f4597efd000 ---p 0000f000 08:00 6071723                    /opt/java/openjdk/lib/libnio.so
7f4597efd000-7f4597efe000 r--p 0000f000 08:00 6071723                    /opt/java/openjdk/lib/libnio.so
7f4597efe000-7f4597eff000 rw-p 00010000 08:00 6071723                    /opt/java/openjdk/lib/libnio.so
7f4597eff000-7f4597f03000 ---p 00000000 00:00 0 
7f4597f03000-7f4598000000 rw-p 00000000 00:00 0 
7f4598000000-7f4598021000 rw-p 00000000 00:00 0 
7f4598021000-7f459c000000 ---p 00000000 00:00 0 
7f459c000000-7f459c021000 rw-p 00000000 00:00 0 
7f459c021000-7f45a0000000 ---p 00000000 00:00 0 
7f45a0000000-7f45a04fd000 rw-p 00000000 00:00 0 
7f45a04fd000-7f45a4000000 ---p 00000000 00:00 0 
7f45a4000000-7f45a4302000 rw-p 00000000 00:00 0 
7f45a4302000-7f45a8000000 ---p 00000000 00:00 0 
7f45a8000000-7f45a8021000 rw-p 00000000 00:00 0 
7f45a8021000-7f45ac000000 ---p 00000000 00:00 0 
7f45ac000000-7f45ac021000 rw-p 00000000 00:00 0 
7f45ac021000-7f45b0000000 ---p 00000000 00:00 0 
7f45b0000000-7f45b0021000 rw-p 00000000 00:00 0 
7f45b0021000-7f45b4000000 ---p 00000000 00:00 0 
7f45b4000000-7f45b4021000 rw-p 00000000 00:00 0 
7f45b4021000-7f45b8000000 ---p 00000000 00:00 0 
7f45b8000000-7f45b8021000 rw-p 00000000 00:00 0 
7f45b8021000-7f45bc000000 ---p 00000000 00:00 0 
7f45bc000000-7f45bc021000 rw-p 00000000 00:00 0 
7f45bc021000-7f45c0000000 ---p 00000000 00:00 0 
7f45c0000000-7f45c0021000 rw-p 00000000 00:00 0 
7f45c0021000-7f45c4000000 ---p 00000000 00:00 0 
7f45c40be000-7f45c40bf000 ---p 00000000 00:00 0 
7f45c40bf000-7f45c41c0000 rw-p 00000000 00:00 0 
7f45c41c0000-7f45c41c4000 ---p 00000000 00:00 0 
7f45c41c4000-7f45c42c1000 rw-p 00000000 00:00 0 
7f45c42c1000-7f45c42c5000 ---p 00000000 00:00 0 
7f45c42c5000-7f45c43c2000 rw-p 00000000 00:00 0 
7f45c43c2000-7f45c43c6000 ---p 00000000 00:00 0 
7f45c43c6000-7f45c44c3000 rw-p 00000000 00:00 0 
7f45c44c3000-7f45c44c7000 ---p 00000000 00:00 0 
7f45c44c7000-7f45c45c4000 rw-p 00000000 00:00 0 
7f45c45c4000-7f45c45c8000 ---p 00000000 00:00 0 
7f45c45c8000-7f45c46c5000 rw-p 00000000 00:00 0 
7f45c46c5000-7f45c49ee000 r--p 00000000 08:00 1894102                    /usr/lib/locale/locale-archive
7f45c49ee000-7f45c49f2000 ---p 00000000 00:00 0 
7f45c49f2000-7f45c4aef000 rw-p 00000000 00:00 0 
7f45c4aef000-7f45c4af3000 ---p 00000000 00:00 0 
7f45c4af3000-7f45c4bf0000 rw-p 00000000 00:00 0 
7f45c4bf0000-7f45c4bf1000 ---p 00000000 00:00 0 
7f45c4bf1000-7f45c54f2000 rw-p 00000000 00:00 0 
7f45c54f2000-7f45c54f3000 ---p 00000000 00:00 0 
7f45c54f3000-7f45c55f4000 rw-p 00000000 00:00 0 
7f45c55f4000-7f45c55f5000 ---p 00000000 00:00 0 
7f45c55f5000-7f45c7efe000 rw-p 00000000 00:00 0 
7f45c7efe000-7f45c7eff000 ---p 00000000 00:00 0 
7f45c7eff000-7f45c8000000 rw-p 00000000 00:00 0 
7f45c8000000-7f45c8021000 rw-p 00000000 00:00 0 
7f45c8021000-7f45cc000000 ---p 00000000 00:00 0 
7f45cc0fc000-7f45cc0fd000 ---p 00000000 00:00 0 
7f45cc0fd000-7f45cc6e8000 rw-p 00000000 00:00 0 
7f45cc6e8000-7f45d0180000 ---p 00000000 00:00 0 
7f45d0180000-7f45d0568000 rw-p 00000000 00:00 0 
7f45d0568000-7f45d4000000 ---p 00000000 00:00 0 
7f45d4000000-7f45d4021000 rw-p 00000000 00:00 0 
7f45d4021000-7f45d8000000 ---p 00000000 00:00 0 
7f45d807f000-7f45d80fc000 rw-p 00000000 00:00 0 
7f45d80fc000-7f45d884f000 ---p 00000000 00:00 0 
7f45d884f000-7f45d88cc000 rw-p 00000000 00:00 0 
7f45d88cc000-7f45d901f000 ---p 00000000 00:00 0 
7f45d901f000-7f45d909c000 rw-p 00000000 00:00 0 
7f45d909c000-7f45d97ef000 ---p 00000000 00:00 0 
7f45d97ef000-7f45d9ff7000 rw-p 00000000 00:00 0 
7f45d9ff7000-7f45d9ff8000 ---p 00000000 00:00 0 
7f45d9ff8000-7f45da0fe000 rw-p 00000000 00:00 0 
7f45da0fe000-7f45da1e4000 ---p 00000000 00:00 0 
7f45da1e4000-7f45da1e9000 rw-p 00000000 00:00 0 
7f45da1e9000-7f45da2cf000 ---p 00000000 00:00 0 
7f45da2cf000-7f45da53f000 rwxp 00000000 00:00 0 
7f45da53f000-7f45da860000 ---p 00000000 00:00 0 
7f45da860000-7f45daad0000 rwxp 00000000 00:00 0 
7f45daad0000-7f45e1d97000 ---p 00000000 00:00 0 
7f45e1d97000-7f45e2007000 rwxp 00000000 00:00 0 
7f45e2007000-7f45e92cf000 ---p 00000000 00:00 0 
7f45e92cf000-7f45eed52000 r--s 00000000 08:00 6071732                    /opt/java/openjdk/lib/modules
7f45eed52000-7f45eed59000 r-xp 00000000 08:00 6071731                    /opt/java/openjdk/lib/libzip.so
7f45eed59000-7f45eef58000 ---p 00007000 08:00 6071731                    /opt/java/openjdk/lib/libzip.so
7f45eef58000-7f45eef59000 r--p 00006000 08:00 6071731                    /opt/java/openjdk/lib/libzip.so
7f45eef59000-7f45eef5a000 rw-p 00007000 08:00 6071731                    /opt/java/openjdk/lib/libzip.so
7f45eef5a000-7f45eef65000 r-xp 00000000 08:00 6062403                    /lib/x86_64-linux-gnu/libnss_files-2.27.so
7f45eef65000-7f45ef164000 ---p 0000b000 08:00 6062403                    /lib/x86_64-linux-gnu/libnss_files-2.27.so
7f45ef164000-7f45ef165000 r--p 0000a000 08:00 6062403                    /lib/x86_64-linux-gnu/libnss_files-2.27.so
7f45ef165000-7f45ef166000 rw-p 0000b000 08:00 6062403                    /lib/x86_64-linux-gnu/libnss_files-2.27.so
7f45ef166000-7f45ef16c000 rw-p 00000000 00:00 0 
7f45ef16c000-7f45ef183000 r-xp 00000000 08:00 6062397                    /lib/x86_64-linux-gnu/libnsl-2.27.so
7f45ef183000-7f45ef382000 ---p 00017000 08:00 6062397                    /lib/x86_64-linux-gnu/libnsl-2.27.so
7f45ef382000-7f45ef383000 r--p 00016000 08:00 6062397                    /lib/x86_64-linux-gnu/libnsl-2.27.so
7f45ef383000-7f45ef384000 rw-p 00017000 08:00 6062397                    /lib/x86_64-linux-gnu/libnsl-2.27.so
7f45ef384000-7f45ef386000 rw-p 00000000 00:00 0 
7f45ef386000-7f45ef391000 r-xp 00000000 08:00 6062407                    /lib/x86_64-linux-gnu/libnss_nis-2.27.so
7f45ef391000-7f45ef590000 ---p 0000b000 08:00 6062407                    /lib/x86_64-linux-gnu/libnss_nis-2.27.so
7f45ef590000-7f45ef591000 r--p 0000a000 08:00 6062407                    /lib/x86_64-linux-gnu/libnss_nis-2.27.so
7f45ef591000-7f45ef592000 rw-p 0000b000 08:00 6062407                    /lib/x86_64-linux-gnu/libnss_nis-2.27.so
7f45ef592000-7f45ef59a000 r-xp 00000000 08:00 6062399                    /lib/x86_64-linux-gnu/libnss_compat-2.27.so
7f45ef59a000-7f45ef79a000 ---p 00008000 08:00 6062399                    /lib/x86_64-linux-gnu/libnss_compat-2.27.so
7f45ef79a000-7f45ef79b000 r--p 00008000 08:00 6062399                    /lib/x86_64-linux-gnu/libnss_compat-2.27.so
7f45ef79b000-7f45ef79c000 rw-p 00009000 08:00 6062399                    /lib/x86_64-linux-gnu/libnss_compat-2.27.so
7f45ef79c000-7f45ef7b7000 r-xp 00000000 08:00 6071714                    /opt/java/openjdk/lib/libjimage.so
7f45ef7b7000-7f45ef9b7000 ---p 0001b000 08:00 6071714                    /opt/java/openjdk/lib/libjimage.so
7f45ef9b7000-7f45ef9b9000 r--p 0001b000 08:00 6071714                    /opt/java/openjdk/lib/libjimage.so
7f45ef9b9000-7f45ef9ba000 rw-p 0001d000 08:00 6071714                    /opt/java/openjdk/lib/libjimage.so
7f45ef9ba000-7f45ef9e2000 r-xp 00000000 08:00 6071710                    /opt/java/openjdk/lib/libjava.so
7f45ef9e2000-7f45efbe2000 ---p 00028000 08:00 6071710                    /opt/java/openjdk/lib/libjava.so
7f45efbe2000-7f45efbe3000 r--p 00028000 08:00 6071710                    /opt/java/openjdk/lib/libjava.so
7f45efbe3000-7f45efbe4000 rw-p 00029000 08:00 6071710                    /opt/java/openjdk/lib/libjava.so
7f45efbe4000-7f45efbe5000 rw-p 00000000 00:00 0 
7f45efbe5000-7f45efbf6000 r-xp 00000000 08:00 6071730                    /opt/java/openjdk/lib/libverify.so
7f45efbf6000-7f45efdf5000 ---p 00011000 08:00 6071730                    /opt/java/openjdk/lib/libverify.so
7f45efdf5000-7f45efdf7000 r--p 00010000 08:00 6071730                    /opt/java/openjdk/lib/libverify.so
7f45efdf7000-7f45efdf8000 rw-p 00012000 08:00 6071730                    /opt/java/openjdk/lib/libverify.so
7f45efdf8000-7f45efdff000 r-xp 00000000 08:00 6062426                    /lib/x86_64-linux-gnu/librt-2.27.so
7f45efdff000-7f45efffe000 ---p 00007000 08:00 6062426                    /lib/x86_64-linux-gnu/librt-2.27.so
7f45efffe000-7f45effff000 r--p 00006000 08:00 6062426                    /lib/x86_64-linux-gnu/librt-2.27.so
7f45effff000-7f45f0000000 rw-p 00007000 08:00 6062426                    /lib/x86_64-linux-gnu/librt-2.27.so
7f45f0000000-7f45f0525000 rw-p 00000000 00:00 0 
7f45f0525000-7f45f4000000 ---p 00000000 00:00 0 
7f45f405f000-7f45f41fc000 r-xp 00000000 08:00 6062386                    /lib/x86_64-linux-gnu/libm-2.27.so
7f45f41fc000-7f45f43fb000 ---p 0019d000 08:00 6062386                    /lib/x86_64-linux-gnu/libm-2.27.so
7f45f43fb000-7f45f43fc000 r--p 0019c000 08:00 6062386                    /lib/x86_64-linux-gnu/libm-2.27.so
7f45f43fc000-7f45f43fd000 rw-p 0019d000 08:00 6062386                    /lib/x86_64-linux-gnu/libm-2.27.so
7f45f43fd000-7f45f5541000 r-xp 00000000 08:00 6071741                    /opt/java/openjdk/lib/server/libjvm.so
7f45f5541000-7f45f5741000 ---p 01144000 08:00 6071741                    /opt/java/openjdk/lib/server/libjvm.so
7f45f5741000-7f45f5800000 r--p 01144000 08:00 6071741                    /opt/java/openjdk/lib/server/libjvm.so
7f45f5800000-7f45f5839000 rw-p 01203000 08:00 6071741                    /opt/java/openjdk/lib/server/libjvm.so
7f45f5839000-7f45f5890000 rw-p 00000000 00:00 0 
7f45f5890000-7f45f5a77000 r-xp 00000000 08:00 6062361                    /lib/x86_64-linux-gnu/libc-2.27.so
7f45f5a77000-7f45f5c77000 ---p 001e7000 08:00 6062361                    /lib/x86_64-linux-gnu/libc-2.27.so
7f45f5c77000-7f45f5c7b000 r--p 001e7000 08:00 6062361                    /lib/x86_64-linux-gnu/libc-2.27.so
7f45f5c7b000-7f45f5c7d000 rw-p 001eb000 08:00 6062361                    /lib/x86_64-linux-gnu/libc-2.27.so
7f45f5c7d000-7f45f5c81000 rw-p 00000000 00:00 0 
7f45f5c81000-7f45f5c84000 r-xp 00000000 08:00 6062371                    /lib/x86_64-linux-gnu/libdl-2.27.so
7f45f5c84000-7f45f5e83000 ---p 00003000 08:00 6062371                    /lib/x86_64-linux-gnu/libdl-2.27.so
7f45f5e83000-7f45f5e84000 r--p 00002000 08:00 6062371                    /lib/x86_64-linux-gnu/libdl-2.27.so
7f45f5e84000-7f45f5e85000 rw-p 00003000 08:00 6062371                    /lib/x86_64-linux-gnu/libdl-2.27.so
7f45f5e85000-7f45f5e95000 r-xp 00000000 08:00 6071694                    /opt/java/openjdk/lib/jli/libjli.so
7f45f5e95000-7f45f6094000 ---p 00010000 08:00 6071694                    /opt/java/openjdk/lib/jli/libjli.so
7f45f6094000-7f45f6095000 r--p 0000f000 08:00 6071694                    /opt/java/openjdk/lib/jli/libjli.so
7f45f6095000-7f45f6096000 rw-p 00010000 08:00 6071694                    /opt/java/openjdk/lib/jli/libjli.so
7f45f6096000-7f45f60b0000 r-xp 00000000 08:00 6062422                    /lib/x86_64-linux-gnu/libpthread-2.27.so
7f45f60b0000-7f45f62af000 ---p 0001a000 08:00 6062422                    /lib/x86_64-linux-gnu/libpthread-2.27.so
7f45f62af000-7f45f62b0000 r--p 00019000 08:00 6062422                    /lib/x86_64-linux-gnu/libpthread-2.27.so
7f45f62b0000-7f45f62b1000 rw-p 0001a000 08:00 6062422                    /lib/x86_64-linux-gnu/libpthread-2.27.so
7f45f62b1000-7f45f62b5000 rw-p 00000000 00:00 0 
7f45f62b5000-7f45f62d1000 r-xp 00000000 08:00 6062449                    /lib/x86_64-linux-gnu/libz.so.1.2.11
7f45f62d1000-7f45f64d0000 ---p 0001c000 08:00 6062449                    /lib/x86_64-linux-gnu/libz.so.1.2.11
7f45f64d0000-7f45f64d1000 r--p 0001b000 08:00 6062449                    /lib/x86_64-linux-gnu/libz.so.1.2.11
7f45f64d1000-7f45f64d2000 rw-p 0001c000 08:00 6062449                    /lib/x86_64-linux-gnu/libz.so.1.2.11
7f45f64d2000-7f45f64f9000 r-xp 00000000 08:00 6062343                    /lib/x86_64-linux-gnu/ld-2.27.so
7f45f64fc000-7f45f65dd000 rw-p 00000000 00:00 0 
7f45f65dd000-7f45f65e4000 ---p 00000000 00:00 0 
7f45f65e4000-7f45f65ec000 rw-s 00000000 08:00 6573404                    /tmp/hsperfdata_root/39
7f45f65ec000-7f45f65f0000 ---p 00000000 00:00 0 
7f45f65f0000-7f45f66f1000 rw-p 00000000 00:00 0 
7f45f66f7000-7f45f66f8000 ---p 00000000 00:00 0 
7f45f66f8000-7f45f66f9000 r--p 00000000 00:00 0 
7f45f66f9000-7f45f66fa000 r--p 00027000 08:00 6062343                    /lib/x86_64-linux-gnu/ld-2.27.so
7f45f66fa000-7f45f66fb000 rw-p 00028000 08:00 6062343                    /lib/x86_64-linux-gnu/ld-2.27.so
7f45f66fb000-7f45f66fc000 rw-p 00000000 00:00 0 
7ffc1253a000-7ffc1255b000 rw-p 00000000 00:00 0                          [stack]
7ffc125ad000-7ffc125b1000 r--p 00000000 00:00 0                          [vvar]
7ffc125b1000-7ffc125b3000 r-xp 00000000 00:00 0                          [vdso]
ffffffffff600000-ffffffffff601000 --xp 00000000 00:00 0                  [vsyscall]


VM Arguments:
java_command: DivaBotGuardian/DivaBotGuardian/DivaBotGuardian.jar 3
java_class_path (initial): DivaBotGuardian/DivaBotGuardian/DivaBotGuardian.jar
Launcher Type: SUN_STANDARD

[Global flags]
     intx CICompilerCount                          = 4                                         {product} {ergonomic}
     uint ConcGCThreads                            = 2                                         {product} {ergonomic}
     uint G1ConcRefinementThreads                  = 8                                         {product} {ergonomic}
   size_t G1HeapRegionSize                         = 1048576                                   {product} {ergonomic}
    uintx GCDrainStackTargetSize                   = 64                                        {product} {ergonomic}
   size_t InitialHeapSize                          = 262144000                                 {product} {ergonomic}
   size_t MarkStackSize                            = 4194304                                   {product} {ergonomic}
   size_t MaxHeapSize                              = 4194304000                                {product} {ergonomic}
   size_t MaxNewSize                               = 2516582400                                {product} {ergonomic}
   size_t MinHeapDeltaBytes                        = 1048576                                   {product} {ergonomic}
    uintx NonNMethodCodeHeapSize                   = 5836300                                {pd product} {ergonomic}
    uintx NonProfiledCodeHeapSize                  = 122910970                              {pd product} {ergonomic}
    uintx ProfiledCodeHeapSize                     = 122910970                              {pd product} {ergonomic}
    uintx ReservedCodeCacheSize                    = 251658240                              {pd product} {ergonomic}
     bool SegmentedCodeCache                       = true                                      {product} {ergonomic}
     bool UseCompressedClassPointers               = true                                 {lp64_product} {ergonomic}
     bool UseCompressedOops                        = true                                 {lp64_product} {ergonomic}
     bool UseG1GC                                  = true                                      {product} {ergonomic}

Logging:
Log output configuration:
 #0: stdout all=warning uptime,level,tags
 #1: stderr all=off uptime,level,tags

Environment Variables:
JAVA_HOME=/opt/java/openjdk
PATH=/opt/java/openjdk/bin:/usr/local/sbin:/usr/local/bin:/usr/sbin:/usr/bin:/sbin:/bin
LANG=en_US.UTF-8
LC_ALL=en_US.UTF-8

Signal Handlers:
SIGSEGV: [libjvm.so+0xe3c180], sa_mask[0]=11111111011111111101111111111110, sa_flags=SA_RESTART|SA_SIGINFO
SIGBUS: [libjvm.so+0xe3c180], sa_mask[0]=11111111011111111101111111111110, sa_flags=SA_RESTART|SA_SIGINFO
SIGFPE: [libjvm.so+0xe3c180], sa_mask[0]=11111111011111111101111111111110, sa_flags=SA_RESTART|SA_SIGINFO
SIGPIPE: [libjvm.so+0xc0d1f0], sa_mask[0]=11111111011111111101111111111110, sa_flags=SA_RESTART|SA_SIGINFO
SIGXFSZ: [libjvm.so+0xc0d1f0], sa_mask[0]=11111111011111111101111111111110, sa_flags=SA_RESTART|SA_SIGINFO
SIGILL: [libjvm.so+0xe3c180], sa_mask[0]=11111111011111111101111111111110, sa_flags=SA_RESTART|SA_SIGINFO
SIGUSR2: [libjvm.so+0xc0d090], sa_mask[0]=00000000000000000000000000000000, sa_flags=SA_RESTART|SA_SIGINFO
SIGHUP: [libjvm.so+0xc0d3f0], sa_mask[0]=11111111011111111101111111111110, sa_flags=SA_RESTART|SA_SIGINFO
SIGINT: SIG_IGN, sa_mask[0]=00000000000000000000000000000000, sa_flags=none
SIGTERM: [libjvm.so+0xc0d3f0], sa_mask[0]=11111111011111111101111111111110, sa_flags=SA_RESTART|SA_SIGINFO
SIGQUIT: [libjvm.so+0xc0d3f0], sa_mask[0]=11111111011111111101111111111110, sa_flags=SA_RESTART|SA_SIGINFO


---------------  S Y S T E M  ---------------

OS:DISTRIB_ID=Ubuntu
DISTRIB_RELEASE=18.04
DISTRIB_CODENAME=bionic
DISTRIB_DESCRIPTION="Ubuntu 18.04.4 LTS"
uname:Linux 5.6.14-x86_64-linode135 #1 SMP PREEMPT Fri May 22 14:57:20 UTC 2020 x86_64
OS uptime: 51 days 1:37 hours
libc:glibc 2.27 NPTL 2.27 
rlimit (soft/hard): STACK 8192k/infinity , CORE infinity/infinity , NPROC infinity/infinity , NOFILE 1048576/1048576 , AS infinity/infinity , CPU infinity/infinity , DATA infinity/infinity , FSIZE infinity/infinity , MEMLOCK 16384k/16384k
load average:1.05 0.58 0.70

/proc/meminfo:
MemTotal:       16379668 kB
MemFree:          780652 kB
MemAvailable:   13430996 kB
Buffers:         2282448 kB
Cached:          6076728 kB
SwapCached:        25016 kB
Active:          5405608 kB
Inactive:        5082584 kB
Active(anon):    1357196 kB
Inactive(anon):   692000 kB
Active(file):    4048412 kB
Inactive(file):  4390584 kB
Unevictable:           0 kB
Mlocked:               0 kB
SwapTotal:        524284 kB
SwapFree:           9716 kB
Dirty:             50700 kB
Writeback:             0 kB
AnonPages:       2103800 kB
Mapped:           204340 kB
Shmem:             31056 kB
KReclaimable:    4774832 kB
Slab:            4966680 kB
SReclaimable:    4774832 kB
SUnreclaim:       191848 kB
KernelStack:       11868 kB
PageTables:        28072 kB
NFS_Unstable:          0 kB
Bounce:                0 kB
WritebackTmp:          0 kB
CommitLimit:     8714116 kB
Committed_AS:    5820800 kB
VmallocTotal:   34359738367 kB
VmallocUsed:       22988 kB
VmallocChunk:          0 kB
Percpu:             6976 kB
HardwareCorrupted:     0 kB
AnonHugePages:         0 kB
ShmemHugePages:        0 kB
ShmemPmdMapped:        0 kB
FileHugePages:         0 kB
FilePmdMapped:         0 kB
HugePages_Total:       0
HugePages_Free:        0
HugePages_Rsvd:        0
HugePages_Surp:        0
Hugepagesize:       2048 kB
Hugetlb:               0 kB
DirectMap4k:    11665264 kB
DirectMap2M:     5111808 kB
DirectMap1G:     2097152 kB

/sys/kernel/mm/transparent_hugepage/enabled:
always [madvise] never

/sys/kernel/mm/transparent_hugepage/defrag (defrag/compaction efforts parameter):
always defer defer+madvise [madvise] never


/proc/sys/kernel/threads-max (system-wide limit on the number of threads):
127912


/proc/sys/vm/max_map_count (maximum number of memory map areas a process may have):
65530


/proc/sys/kernel/pid_max (system-wide limit on number of process identifiers):
32768



container (cgroup) information:
container_type: cgroupv1
cpu_cpuset_cpus: 0-7
cpu_memory_nodes: 0
active_processor_count: 8
cpu_quota: -1
cpu_period: 100000
cpu_shares: -1
memory_limit_in_bytes: -1
memory_and_swap_limit_in_bytes: -1
memory_soft_limit_in_bytes: -1
memory_usage_in_bytes: 279048192
memory_max_usage_in_bytes: 421285888

KVM virtualization detected
Steal ticks since vm start: 5
Steal ticks percentage since vm start:  0.000

CPU:total 8 (initial active 8) (1 cores per cpu, 1 threads per core) family 23 model 1 stepping 2, cmov, cx8, fxsr, mmx, sse, sse2, sse3, ssse3, sse4.1, sse4.2, popcnt, avx, avx2, aes, clmul, mmxext, 3dnowpref, lzcnt, sse4a, tsc, bmi1, bmi2, adx, sha, fma
CPU Model and flags from /proc/cpuinfo:
model name	: AMD EPYC 7601 32-Core Processor
flags		: fpu vme de pse tsc msr pae mce cx8 apic sep mtrr pge mca cmov pat pse36 clflush mmx fxsr sse sse2 syscall nx mmxext fxsr_opt pdpe1gb rdtscp lm rep_good nopl cpuid extd_apicid tsc_known_freq pni pclmulqdq ssse3 fma cx16 sse4_1 sse4_2 x2apic movbe popcnt tsc_deadline_timer aes xsave avx f16c rdrand hypervisor lahf_lm cmp_legacy cr8_legacy abm sse4a misalignsse 3dnowprefetch osvw perfctr_core ssbd ibpb vmmcall fsgsbase tsc_adjust bmi1 avx2 smep bmi2 rdseed adx smap clflushopt sha_ni xsaveopt xsavec xgetbv1 xsaves virt_ssbd arat

Memory: 4k page, physical 16379668k(780652k free), swap 524284k(9716k free)

vm_info: OpenJDK 64-Bit Server VM (11.0.8+10) for linux-amd64 JRE (11.0.8+10), built on Jul 15 2020 09:02:55 by "" with gcc 7.5.0

END.
