#
# A fatal error has been detected by the Java Runtime Environment:
#
#  SIGSEGV (0xb) at pc=0x00007f4f7cddc0c0, pid=582, tid=582
#
# JRE version: OpenJDK Runtime Environment AdoptOpenJDK (11.0.8+10) (build 11.0.8+10)
# Java VM: OpenJDK 64-Bit Server VM AdoptOpenJDK (11.0.8+10, mixed mode, tiered, compressed oops, g1 gc, linux-amd64)
# Problematic frame:
# V  [libjvm.so+0xc0d0c0]  SR_handler(int, siginfo*, ucontext*)+0x30
#
# Core dump will be written. Default location: /divabotguardian/core
#
# If you would like to submit a bug report, please visit:
#   https://github.com/AdoptOpenJDK/openjdk-support/issues
#

---------------  S U M M A R Y ------------

Command Line: DivaBotGuardian/DivaBotGuardian/DivaBotGuardian.jar 3

Host: AMD EPYC 7601 32-Core Processor, 8 cores, 15G, Ubuntu 18.04.4 LTS
Time: Mon Sep 28 07:09:26 2020 UTC elapsed time: 50 seconds (0d 0h 0m 50s)

---------------  T H R E A D  ---------------

Current thread is native thread

Stack: [0x00007fff33e9e000,0x00007fff3469d000],  sp=0x00007fff346983c0,  free space=8168k
Native frames: (J=compiled Java code, A=aot compiled Java code, j=interpreted, Vv=VM code, C=native code)
V  [libjvm.so+0xc0d0c0]  SR_handler(int, siginfo*, ucontext*)+0x30
C  [libpthread.so.0+0x12890]


siginfo: si_signo: 11 (SIGSEGV), si_code: 1 (SEGV_MAPERR), si_addr: 0x00000000000000d0

Register to memory mapping:

RAX=0x0 is NULL
RBX=
[error occurred during error reporting (printing register info), id 0xb, SIGSEGV (0xb) at pc=0x00007f4f7cfa2e37]

Registers:
RAX=0x0000000000000000, RBX=0x00007f4f7e4bff80, RCX=0x00007f4f7de70d2d, RDX=0x0000000000000000
RSP=0x00007fff346983c0, RBP=0x00007fff34698470, RSI=0x00007fff346985b0, RDI=0x0000000000000001
R8 =0x00000000000000ca, R9 =0x00007f4f7e4be9d0, R10=0x0000000000000000, R11=0x0000000000000246
R12=0x0000000000000000, R13=0x00007fff346985b0, R14=0x00007fff34698480, R15=0x0000000000000001
RIP=0x00007f4f7cddc0c0, EFLAGS=0x0000000000010246, CSGSFS=0x002b000000000033, ERR=0x0000000000000004
  TRAPNO=0x000000000000000e

Top of Stack: (sp=0x00007fff346983c0)
0x00007fff346983c0:   676e61676b726f77 00007f4f7d6f04cc
0x00007fff346983d0:   00007f4f7dc64a5a 00007f4f7e2b5754
0x00007fff346983e0:   636275730070616d 00007f4f7e4c1ef0
0x00007fff346983f0:   0000000000000004 00007f4f7e2aef5f 

Instructions: (pc=0x00007f4f7cddc0c0)
0x00007f4f7cddbfc0:   44 39 66 ff 48 8b 45 c8 64 48 33 04 25 28 00 00
0x00007f4f7cddbfd0:   00 0f 85 a7 00 00 00 48 81 c4 18 01 00 00 5b 41
0x00007f4f7cddbfe0:   5c 41 5d 41 5e 41 5f 5d c3 4c 89 e2 be 00 01 00
0x00007f4f7cddbff0:   00 48 89 df e8 57 3a 66 ff 48 85 c0 74 9b 48 8d
0x00007f4f7cddc000:   35 ea b8 32 00 48 89 df e8 3b 39 66 ff 48 85 c0
0x00007f4f7cddc010:   75 1e 48 8d 35 eb b8 32 00 48 89 df e8 27 39 66
0x00007f4f7cddc020:   ff 48 85 c0 0f 84 6f ff ff ff 66 0f 1f 44 00 00
0x00007f4f7cddc030:   be 22 00 00 00 48 89 df e8 53 39 66 ff 48 85 c0
0x00007f4f7cddc040:   74 26 48 8d 58 01 be 22 00 00 00 48 89 df e8 3d
0x00007f4f7cddc050:   39 66 ff 48 85 c0 0f 85 4f ff ff ff e9 4d ff ff
0x00007f4f7cddc060:   ff 0f 1f 80 00 00 00 00 48 89 df be 3d 00 00 00
0x00007f4f7cddc070:   e8 1b 39 66 ff 48 8d 58 01 e9 1b ff ff ff e8 cd
0x00007f4f7cddc080:   37 66 ff 0f 1f 00 66 2e 0f 1f 84 00 00 00 00 00
0x00007f4f7cddc090:   55 48 89 e5 41 57 41 56 41 55 41 54 49 89 d6 53
0x00007f4f7cddc0a0:   49 89 f5 48 81 ec 88 00 00 00 e8 89 3c 66 ff 48
0x00007f4f7cddc0b0:   89 c3 44 8b 20 e8 46 57 1c 00 31 d2 84 c0 75 38
0x00007f4f7cddc0c0:   48 83 ba d0 00 00 00 00 74 16 4c 8b ba 68 02 00
0x00007f4f7cddc0d0:   00 41 8b 87 a8 00 00 00 83 f8 01 74 2b 44 89 23
0x00007f4f7cddc0e0:   48 81 c4 88 00 00 00 5b 41 5c 41 5d 41 5e 41 5f
0x00007f4f7cddc0f0:   5d c3 66 0f 1f 44 00 00 e8 13 57 1c 00 48 89 c2
0x00007f4f7cddc100:   eb be 66 0f 1f 44 00 00 4d 89 af b0 00 00 00 4d
0x00007f4f7cddc110:   8d af a8 00 00 00 4d 89 b7 b8 00 00 00 ba 02 00
0x00007f4f7cddc120:   00 00 be 01 00 00 00 4c 89 ef e8 01 be ff ff 83
0x00007f4f7cddc130:   f8 02 74 3c 85 c0 75 18 49 c7 87 b8 00 00 00 00
0x00007f4f7cddc140:   00 00 00 49 c7 87 b0 00 00 00 00 00 00 00 eb 8d
0x00007f4f7cddc150:   48 8d 05 51 a9 7f 00 48 8d 3d ba c0 32 00 be 7d
0x00007f4f7cddc160:   11 00 00 48 8b 00 c6 00 58 e8 82 13 a8 ff eb c8
0x00007f4f7cddc170:   4c 8d b5 50 ff ff ff 4c 89 f7 e8 d9 39 66 ff 4c
0x00007f4f7cddc180:   89 f2 31 f6 31 ff e8 55 3a 66 ff 8b 35 1f 4a 81
0x00007f4f7cddc190:   00 4c 89 f7 e8 27 38 66 ff 48 8d 3d c0 85 85 00
0x00007f4f7cddc1a0:   be 01 00 00 00 e8 16 89 0d 00 66 0f 1f 44 00 00
0x00007f4f7cddc1b0:   4c 89 f7 e8 b0 3b 66 ff 31 d2 be 03 00 00 00 4c 


Stack slot to memory mapping:
stack at sp + 0 slots: 
[error occurred during error reporting (inspecting top of stack), id 0xb, SIGSEGV (0xb) at pc=0x00007f4f7cfa2e37]


---------------  P R O C E S S  ---------------

VM state:not at safepoint (normal execution)

VM Mutex/Monitor currently owned by a thread: None

Heap address: 0x0000000706000000, size: 4000 MB, Compressed Oops mode: Zero based, Oop shift amount: 3
Narrow klass base: 0x0000000800000000, Narrow klass shift: 0
Compressed class space size: 1073741824 Address: 0x0000000800000000

Heap:
 garbage-first heap   total 256000K, used 200417K [0x0000000706000000, 0x0000000800000000)
  region size 1024K, 125 young (128000K), 2 survivors (2048K)
 Metaspace       used 9151K, capacity 9384K, committed 9600K, reserved 1058816K
  class space    used 962K, capacity 1045K, committed 1152K, reserved 1048576K
Heap Regions: E=young(eden), S=young(survivor), O=old, HS=humongous(starts), HC=humongous(continues), CS=collection set, F=free, A=archive, TAMS=top-at-mark-start (previous, next)
|   0|0x0000000706000000, 0x0000000706100000, 0x0000000706100000|100%|HS|  |TAMS 0x0000000706000000, 0x0000000706000000| Complete 
|   1|0x0000000706100000, 0x0000000706200000, 0x0000000706200000|100%|HC|  |TAMS 0x0000000706100000, 0x0000000706100000| Complete 
|   2|0x0000000706200000, 0x0000000706300000, 0x0000000706300000|100%|HC|  |TAMS 0x0000000706200000, 0x0000000706200000| Complete 
|   3|0x0000000706300000, 0x0000000706400000, 0x0000000706400000|100%|HS|  |TAMS 0x0000000706300000, 0x0000000706300000| Complete 
|   4|0x0000000706400000, 0x0000000706500000, 0x0000000706500000|100%|HC|  |TAMS 0x0000000706400000, 0x0000000706400000| Complete 
|   5|0x0000000706500000, 0x0000000706600000, 0x0000000706600000|100%|HC|  |TAMS 0x0000000706500000, 0x0000000706500000| Complete 
|   6|0x0000000706600000, 0x0000000706700000, 0x0000000706700000|100%|HS|  |TAMS 0x0000000706600000, 0x0000000706600000| Complete 
|   7|0x0000000706700000, 0x0000000706800000, 0x0000000706800000|100%|HC|  |TAMS 0x0000000706700000, 0x0000000706700000| Complete 
|   8|0x0000000706800000, 0x0000000706900000, 0x0000000706900000|100%|HC|  |TAMS 0x0000000706800000, 0x0000000706800000| Complete 
|   9|0x0000000706900000, 0x0000000706a00000, 0x0000000706a00000|100%|HS|  |TAMS 0x0000000706900000, 0x0000000706900000| Complete 
|  10|0x0000000706a00000, 0x0000000706b00000, 0x0000000706b00000|100%|HC|  |TAMS 0x0000000706a00000, 0x0000000706a00000| Complete 
|  11|0x0000000706b00000, 0x0000000706c00000, 0x0000000706c00000|100%|HC|  |TAMS 0x0000000706b00000, 0x0000000706b00000| Complete 
|  12|0x0000000706c00000, 0x0000000706d00000, 0x0000000706d00000|100%|HS|  |TAMS 0x0000000706c00000, 0x0000000706c00000| Complete 
|  13|0x0000000706d00000, 0x0000000706e00000, 0x0000000706e00000|100%|HC|  |TAMS 0x0000000706d00000, 0x0000000706d00000| Complete 
|  14|0x0000000706e00000, 0x0000000706f00000, 0x0000000706f00000|100%|HC|  |TAMS 0x0000000706e00000, 0x0000000706e00000| Complete 
|  15|0x0000000706f00000, 0x0000000707000000, 0x0000000707000000|100%|HS|  |TAMS 0x0000000706f00000, 0x0000000706f00000| Complete 
|  16|0x0000000707000000, 0x0000000707100000, 0x0000000707100000|100%|HC|  |TAMS 0x0000000707000000, 0x0000000707000000| Complete 
|  17|0x0000000707100000, 0x0000000707200000, 0x0000000707200000|100%|HC|  |TAMS 0x0000000707100000, 0x0000000707100000| Complete 
|  18|0x0000000707200000, 0x0000000707300000, 0x0000000707300000|100%|HS|  |TAMS 0x0000000707200000, 0x0000000707200000| Complete 
|  19|0x0000000707300000, 0x0000000707400000, 0x0000000707400000|100%|HC|  |TAMS 0x0000000707300000, 0x0000000707300000| Complete 
|  20|0x0000000707400000, 0x0000000707500000, 0x0000000707500000|100%|HC|  |TAMS 0x0000000707400000, 0x0000000707400000| Complete 
|  21|0x0000000707500000, 0x0000000707600000, 0x0000000707600000|100%|HS|  |TAMS 0x0000000707500000, 0x0000000707500000| Complete 
|  22|0x0000000707600000, 0x0000000707700000, 0x0000000707700000|100%|HC|  |TAMS 0x0000000707600000, 0x0000000707600000| Complete 
|  23|0x0000000707700000, 0x0000000707800000, 0x0000000707800000|100%|HC|  |TAMS 0x0000000707700000, 0x0000000707700000| Complete 
|  24|0x0000000707800000, 0x0000000707900000, 0x0000000707900000|100%|HS|  |TAMS 0x0000000707800000, 0x0000000707800000| Complete 
|  25|0x0000000707900000, 0x0000000707a00000, 0x0000000707a00000|100%|HC|  |TAMS 0x0000000707900000, 0x0000000707900000| Complete 
|  26|0x0000000707a00000, 0x0000000707b00000, 0x0000000707b00000|100%|HC|  |TAMS 0x0000000707a00000, 0x0000000707a00000| Complete 
|  27|0x0000000707b00000, 0x0000000707c00000, 0x0000000707c00000|100%|HS|  |TAMS 0x0000000707b00000, 0x0000000707b00000| Complete 
|  28|0x0000000707c00000, 0x0000000707d00000, 0x0000000707d00000|100%|HC|  |TAMS 0x0000000707c00000, 0x0000000707c00000| Complete 
|  29|0x0000000707d00000, 0x0000000707e00000, 0x0000000707e00000|100%|HC|  |TAMS 0x0000000707d00000, 0x0000000707d00000| Complete 
|  30|0x0000000707e00000, 0x0000000707f00000, 0x0000000707f00000|100%|HS|  |TAMS 0x0000000707e00000, 0x0000000707e00000| Complete 
|  31|0x0000000707f00000, 0x0000000708000000, 0x0000000708000000|100%|HC|  |TAMS 0x0000000707f00000, 0x0000000707f00000| Complete 
|  32|0x0000000708000000, 0x0000000708100000, 0x0000000708100000|100%|HC|  |TAMS 0x0000000708000000, 0x0000000708000000| Complete 
|  33|0x0000000708100000, 0x0000000708200000, 0x0000000708200000|100%|HS|  |TAMS 0x0000000708100000, 0x0000000708100000| Complete 
|  34|0x0000000708200000, 0x0000000708300000, 0x0000000708300000|100%|HC|  |TAMS 0x0000000708200000, 0x0000000708200000| Complete 
|  35|0x0000000708300000, 0x0000000708400000, 0x0000000708400000|100%|HC|  |TAMS 0x0000000708300000, 0x0000000708300000| Complete 
|  36|0x0000000708400000, 0x0000000708500000, 0x0000000708500000|100%|HS|  |TAMS 0x0000000708400000, 0x0000000708400000| Complete 
|  37|0x0000000708500000, 0x0000000708600000, 0x0000000708600000|100%|HC|  |TAMS 0x0000000708500000, 0x0000000708500000| Complete 
|  38|0x0000000708600000, 0x0000000708700000, 0x0000000708700000|100%|HC|  |TAMS 0x0000000708600000, 0x0000000708600000| Complete 
|  39|0x0000000708700000, 0x0000000708800000, 0x0000000708800000|100%|HS|  |TAMS 0x0000000708700000, 0x0000000708700000| Complete 
|  40|0x0000000708800000, 0x0000000708900000, 0x0000000708900000|100%|HC|  |TAMS 0x0000000708800000, 0x0000000708800000| Complete 
|  41|0x0000000708900000, 0x0000000708a00000, 0x0000000708a00000|100%|HC|  |TAMS 0x0000000708900000, 0x0000000708900000| Complete 
|  42|0x0000000708a00000, 0x0000000708b00000, 0x0000000708b00000|100%|HS|  |TAMS 0x0000000708a00000, 0x0000000708a00000| Complete 
|  43|0x0000000708b00000, 0x0000000708c00000, 0x0000000708c00000|100%|HC|  |TAMS 0x0000000708b00000, 0x0000000708b00000| Complete 
|  44|0x0000000708c00000, 0x0000000708d00000, 0x0000000708d00000|100%|HC|  |TAMS 0x0000000708c00000, 0x0000000708c00000| Complete 
|  45|0x0000000708d00000, 0x0000000708e00000, 0x0000000708e00000|100%|HS|  |TAMS 0x0000000708d00000, 0x0000000708d00000| Complete 
|  46|0x0000000708e00000, 0x0000000708f00000, 0x0000000708f00000|100%|HC|  |TAMS 0x0000000708e00000, 0x0000000708e00000| Complete 
|  47|0x0000000708f00000, 0x0000000709000000, 0x0000000709000000|100%|HC|  |TAMS 0x0000000708f00000, 0x0000000708f00000| Complete 
|  48|0x0000000709000000, 0x0000000709100000, 0x0000000709100000|100%|HS|  |TAMS 0x0000000709000000, 0x0000000709000000| Complete 
|  49|0x0000000709100000, 0x0000000709200000, 0x0000000709200000|100%|HC|  |TAMS 0x0000000709100000, 0x0000000709100000| Complete 
|  50|0x0000000709200000, 0x0000000709300000, 0x0000000709300000|100%|HC|  |TAMS 0x0000000709200000, 0x0000000709200000| Complete 
|  51|0x0000000709300000, 0x0000000709400000, 0x0000000709400000|100%|HS|  |TAMS 0x0000000709300000, 0x0000000709300000| Complete 
|  52|0x0000000709400000, 0x0000000709500000, 0x0000000709500000|100%|HC|  |TAMS 0x0000000709400000, 0x0000000709400000| Complete 
|  53|0x0000000709500000, 0x0000000709600000, 0x0000000709600000|100%|HC|  |TAMS 0x0000000709500000, 0x0000000709500000| Complete 
|  54|0x0000000709600000, 0x0000000709700000, 0x0000000709700000|100%|HS|  |TAMS 0x0000000709600000, 0x0000000709600000| Complete 
|  55|0x0000000709700000, 0x0000000709800000, 0x0000000709800000|100%|HC|  |TAMS 0x0000000709700000, 0x0000000709700000| Complete 
|  56|0x0000000709800000, 0x0000000709900000, 0x0000000709900000|100%|HC|  |TAMS 0x0000000709800000, 0x0000000709800000| Complete 
|  57|0x0000000709900000, 0x0000000709a00000, 0x0000000709a00000|100%|HS|  |TAMS 0x0000000709900000, 0x0000000709900000| Complete 
|  58|0x0000000709a00000, 0x0000000709b00000, 0x0000000709b00000|100%|HC|  |TAMS 0x0000000709a00000, 0x0000000709a00000| Complete 
|  59|0x0000000709b00000, 0x0000000709c00000, 0x0000000709c00000|100%|HC|  |TAMS 0x0000000709b00000, 0x0000000709b00000| Complete 
|  60|0x0000000709c00000, 0x0000000709d00000, 0x0000000709d00000|100%|HS|  |TAMS 0x0000000709c00000, 0x0000000709c00000| Complete 
|  61|0x0000000709d00000, 0x0000000709e00000, 0x0000000709e00000|100%|HC|  |TAMS 0x0000000709d00000, 0x0000000709d00000| Complete 
|  62|0x0000000709e00000, 0x0000000709f00000, 0x0000000709f00000|100%|HC|  |TAMS 0x0000000709e00000, 0x0000000709e00000| Complete 
|  63|0x0000000709f00000, 0x000000070a000000, 0x000000070a000000|100%|HS|  |TAMS 0x0000000709f00000, 0x0000000709f00000| Complete 
|  64|0x000000070a000000, 0x000000070a100000, 0x000000070a100000|100%|HC|  |TAMS 0x000000070a000000, 0x000000070a000000| Complete 
|  65|0x000000070a100000, 0x000000070a200000, 0x000000070a200000|100%|HC|  |TAMS 0x000000070a100000, 0x000000070a100000| Complete 
|  66|0x000000070a200000, 0x000000070a300000, 0x000000070a300000|100%|HS|  |TAMS 0x000000070a200000, 0x000000070a200000| Complete 
|  67|0x000000070a300000, 0x000000070a400000, 0x000000070a400000|100%|HC|  |TAMS 0x000000070a300000, 0x000000070a300000| Complete 
|  68|0x000000070a400000, 0x000000070a500000, 0x000000070a500000|100%|HC|  |TAMS 0x000000070a400000, 0x000000070a400000| Complete 
|  69|0x000000070a500000, 0x000000070a500000, 0x000000070a600000|  0%| F|  |TAMS 0x000000070a500000, 0x000000070a500000| Untracked 
|  70|0x000000070a600000, 0x000000070a600000, 0x000000070a700000|  0%| F|  |TAMS 0x000000070a600000, 0x000000070a600000| Untracked 
|  71|0x000000070a700000, 0x000000070a700000, 0x000000070a800000|  0%| F|  |TAMS 0x000000070a700000, 0x000000070a700000| Untracked 
|  72|0x000000070a800000, 0x000000070a800000, 0x000000070a900000|  0%| F|  |TAMS 0x000000070a800000, 0x000000070a800000| Untracked 
|  73|0x000000070a900000, 0x000000070a900000, 0x000000070aa00000|  0%| F|  |TAMS 0x000000070a900000, 0x000000070a900000| Untracked 
|  74|0x000000070aa00000, 0x000000070aa00000, 0x000000070ab00000|  0%| F|  |TAMS 0x000000070aa00000, 0x000000070aa00000| Untracked 
|  75|0x000000070ab00000, 0x000000070ab00000, 0x000000070ac00000|  0%| F|  |TAMS 0x000000070ab00000, 0x000000070ab00000| Untracked 
|  76|0x000000070ac00000, 0x000000070ac00000, 0x000000070ad00000|  0%| F|  |TAMS 0x000000070ac00000, 0x000000070ac00000| Untracked 
|  77|0x000000070ad00000, 0x000000070ad00000, 0x000000070ae00000|  0%| F|  |TAMS 0x000000070ad00000, 0x000000070ad00000| Untracked 
|  78|0x000000070ae00000, 0x000000070ae00000, 0x000000070af00000|  0%| F|  |TAMS 0x000000070ae00000, 0x000000070ae00000| Untracked 
|  79|0x000000070af00000, 0x000000070af00000, 0x000000070b000000|  0%| F|  |TAMS 0x000000070af00000, 0x000000070af00000| Untracked 
|  80|0x000000070b000000, 0x000000070b000000, 0x000000070b100000|  0%| F|  |TAMS 0x000000070b000000, 0x000000070b000000| Untracked 
|  81|0x000000070b100000, 0x000000070b100000, 0x000000070b200000|  0%| F|  |TAMS 0x000000070b100000, 0x000000070b100000| Untracked 
|  82|0x000000070b200000, 0x000000070b200000, 0x000000070b300000|  0%| F|  |TAMS 0x000000070b200000, 0x000000070b200000| Untracked 
|  83|0x000000070b300000, 0x000000070b300000, 0x000000070b400000|  0%| F|  |TAMS 0x000000070b300000, 0x000000070b300000| Untracked 
|  84|0x000000070b400000, 0x000000070b400000, 0x000000070b500000|  0%| F|  |TAMS 0x000000070b400000, 0x000000070b400000| Untracked 
|  85|0x000000070b500000, 0x000000070b500000, 0x000000070b600000|  0%| F|  |TAMS 0x000000070b500000, 0x000000070b500000| Untracked 
|  86|0x000000070b600000, 0x000000070b600000, 0x000000070b700000|  0%| F|  |TAMS 0x000000070b600000, 0x000000070b600000| Untracked 
|  87|0x000000070b700000, 0x000000070b800000, 0x000000070b800000|100%|HS|  |TAMS 0x000000070b700000, 0x000000070b700000| Complete 
|  88|0x000000070b800000, 0x000000070b900000, 0x000000070b900000|100%|HC|  |TAMS 0x000000070b800000, 0x000000070b800000| Complete 
|  89|0x000000070b900000, 0x000000070ba00000, 0x000000070ba00000|100%|HC|  |TAMS 0x000000070b900000, 0x000000070b900000| Complete 
|  90|0x000000070ba00000, 0x000000070ba00000, 0x000000070bb00000|  0%| F|  |TAMS 0x000000070ba00000, 0x000000070ba00000| Untracked 
|  91|0x000000070bb00000, 0x000000070bb00000, 0x000000070bc00000|  0%| F|  |TAMS 0x000000070bb00000, 0x000000070bb00000| Untracked 
|  92|0x000000070bc00000, 0x000000070bc00000, 0x000000070bd00000|  0%| F|  |TAMS 0x000000070bc00000, 0x000000070bc00000| Untracked 
|  93|0x000000070bd00000, 0x000000070bd00000, 0x000000070be00000|  0%| F|  |TAMS 0x000000070bd00000, 0x000000070bd00000| Untracked 
|  94|0x000000070be00000, 0x000000070be00000, 0x000000070bf00000|  0%| F|  |TAMS 0x000000070be00000, 0x000000070be00000| Untracked 
|  95|0x000000070bf00000, 0x000000070bf00000, 0x000000070c000000|  0%| F|  |TAMS 0x000000070bf00000, 0x000000070bf00000| Untracked 
|  96|0x000000070c000000, 0x000000070c000000, 0x000000070c100000|  0%| F|  |TAMS 0x000000070c000000, 0x000000070c000000| Untracked 
|  97|0x000000070c100000, 0x000000070c100000, 0x000000070c200000|  0%| F|  |TAMS 0x000000070c100000, 0x000000070c100000| Untracked 
|  98|0x000000070c200000, 0x000000070c2b8430, 0x000000070c300000| 71%| S|CS|TAMS 0x000000070c200000, 0x000000070c200000| Complete 
|  99|0x000000070c300000, 0x000000070c400000, 0x000000070c400000|100%| S|CS|TAMS 0x000000070c300000, 0x000000070c300000| Complete 
| 100|0x000000070c400000, 0x000000070c400000, 0x000000070c500000|  0%| F|  |TAMS 0x000000070c400000, 0x000000070c400000| Untracked 
| 101|0x000000070c500000, 0x000000070c500000, 0x000000070c600000|  0%| F|  |TAMS 0x000000070c500000, 0x000000070c500000| Untracked 
| 102|0x000000070c600000, 0x000000070c600000, 0x000000070c700000|  0%| F|  |TAMS 0x000000070c600000, 0x000000070c600000| Untracked 
| 103|0x000000070c700000, 0x000000070c700000, 0x000000070c800000|  0%| F|  |TAMS 0x000000070c700000, 0x000000070c700000| Untracked 
| 104|0x000000070c800000, 0x000000070c800000, 0x000000070c900000|  0%| F|  |TAMS 0x000000070c800000, 0x000000070c800000| Untracked 
| 105|0x000000070c900000, 0x000000070c900000, 0x000000070ca00000|  0%| F|  |TAMS 0x000000070c900000, 0x000000070c900000| Untracked 
| 106|0x000000070ca00000, 0x000000070ca00000, 0x000000070cb00000|  0%| F|  |TAMS 0x000000070ca00000, 0x000000070ca00000| Untracked 
| 107|0x000000070cb00000, 0x000000070cb00000, 0x000000070cc00000|  0%| F|  |TAMS 0x000000070cb00000, 0x000000070cb00000| Untracked 
| 108|0x000000070cc00000, 0x000000070cc00000, 0x000000070cd00000|  0%| F|  |TAMS 0x000000070cc00000, 0x000000070cc00000| Untracked 
| 109|0x000000070cd00000, 0x000000070cd00000, 0x000000070ce00000|  0%| F|  |TAMS 0x000000070cd00000, 0x000000070cd00000| Untracked 
| 110|0x000000070ce00000, 0x000000070ce00000, 0x000000070cf00000|  0%| F|  |TAMS 0x000000070ce00000, 0x000000070ce00000| Untracked 
| 111|0x000000070cf00000, 0x000000070cf00000, 0x000000070d000000|  0%| F|  |TAMS 0x000000070cf00000, 0x000000070cf00000| Untracked 
| 112|0x000000070d000000, 0x000000070d000000, 0x000000070d100000|  0%| F|  |TAMS 0x000000070d000000, 0x000000070d000000| Untracked 
| 113|0x000000070d100000, 0x000000070d100000, 0x000000070d200000|  0%| F|  |TAMS 0x000000070d100000, 0x000000070d100000| Untracked 
| 114|0x000000070d200000, 0x000000070d200000, 0x000000070d300000|  0%| F|  |TAMS 0x000000070d200000, 0x000000070d200000| Untracked 
| 115|0x000000070d300000, 0x000000070d300000, 0x000000070d400000|  0%| F|  |TAMS 0x000000070d300000, 0x000000070d300000| Untracked 
| 116|0x000000070d400000, 0x000000070d400000, 0x000000070d500000|  0%| F|  |TAMS 0x000000070d400000, 0x000000070d400000| Untracked 
| 117|0x000000070d500000, 0x000000070d500000, 0x000000070d600000|  0%| F|  |TAMS 0x000000070d500000, 0x000000070d500000| Untracked 
| 118|0x000000070d600000, 0x000000070d600000, 0x000000070d700000|  0%| F|  |TAMS 0x000000070d600000, 0x000000070d600000| Untracked 
| 119|0x000000070d700000, 0x000000070d700000, 0x000000070d800000|  0%| F|  |TAMS 0x000000070d700000, 0x000000070d700000| Untracked 
| 120|0x000000070d800000, 0x000000070d800000, 0x000000070d900000|  0%| F|  |TAMS 0x000000070d800000, 0x000000070d800000| Untracked 
| 121|0x000000070d900000, 0x000000070d900000, 0x000000070da00000|  0%| F|  |TAMS 0x000000070d900000, 0x000000070d900000| Untracked 
| 122|0x000000070da00000, 0x000000070da00000, 0x000000070db00000|  0%| F|  |TAMS 0x000000070da00000, 0x000000070da00000| Untracked 
| 123|0x000000070db00000, 0x000000070db00000, 0x000000070dc00000|  0%| F|  |TAMS 0x000000070db00000, 0x000000070db00000| Untracked 
| 124|0x000000070dc00000, 0x000000070dc00000, 0x000000070dd00000|  0%| F|  |TAMS 0x000000070dc00000, 0x000000070dc00000| Untracked 
| 125|0x000000070dd00000, 0x000000070dd00000, 0x000000070de00000|  0%| F|  |TAMS 0x000000070dd00000, 0x000000070dd00000| Untracked 
| 126|0x000000070de00000, 0x000000070de00000, 0x000000070df00000|  0%| F|  |TAMS 0x000000070de00000, 0x000000070de00000| Untracked 
| 127|0x000000070df00000, 0x000000070e000000, 0x000000070e000000|100%| E|  |TAMS 0x000000070df00000, 0x000000070df00000| Complete 
| 128|0x000000070e000000, 0x000000070e100000, 0x000000070e100000|100%| E|CS|TAMS 0x000000070e000000, 0x000000070e000000| Complete 
| 129|0x000000070e100000, 0x000000070e200000, 0x000000070e200000|100%| E|CS|TAMS 0x000000070e100000, 0x000000070e100000| Complete 
| 130|0x000000070e200000, 0x000000070e300000, 0x000000070e300000|100%| E|CS|TAMS 0x000000070e200000, 0x000000070e200000| Complete 
| 131|0x000000070e300000, 0x000000070e400000, 0x000000070e400000|100%| E|CS|TAMS 0x000000070e300000, 0x000000070e300000| Complete 
| 132|0x000000070e400000, 0x000000070e500000, 0x000000070e500000|100%| E|CS|TAMS 0x000000070e400000, 0x000000070e400000| Complete 
| 133|0x000000070e500000, 0x000000070e600000, 0x000000070e600000|100%| E|CS|TAMS 0x000000070e500000, 0x000000070e500000| Complete 
| 134|0x000000070e600000, 0x000000070e700000, 0x000000070e700000|100%| E|CS|TAMS 0x000000070e600000, 0x000000070e600000| Complete 
| 135|0x000000070e700000, 0x000000070e800000, 0x000000070e800000|100%| E|CS|TAMS 0x000000070e700000, 0x000000070e700000| Complete 
| 136|0x000000070e800000, 0x000000070e900000, 0x000000070e900000|100%| E|CS|TAMS 0x000000070e800000, 0x000000070e800000| Complete 
| 137|0x000000070e900000, 0x000000070ea00000, 0x000000070ea00000|100%| E|CS|TAMS 0x000000070e900000, 0x000000070e900000| Complete 
| 138|0x000000070ea00000, 0x000000070eb00000, 0x000000070eb00000|100%| E|CS|TAMS 0x000000070ea00000, 0x000000070ea00000| Complete 
| 139|0x000000070eb00000, 0x000000070ec00000, 0x000000070ec00000|100%| E|CS|TAMS 0x000000070eb00000, 0x000000070eb00000| Complete 
| 140|0x000000070ec00000, 0x000000070ed00000, 0x000000070ed00000|100%| E|CS|TAMS 0x000000070ec00000, 0x000000070ec00000| Complete 
| 141|0x000000070ed00000, 0x000000070ee00000, 0x000000070ee00000|100%| E|CS|TAMS 0x000000070ed00000, 0x000000070ed00000| Complete 
| 142|0x000000070ee00000, 0x000000070ef00000, 0x000000070ef00000|100%| E|CS|TAMS 0x000000070ee00000, 0x000000070ee00000| Complete 
| 143|0x000000070ef00000, 0x000000070f000000, 0x000000070f000000|100%| E|CS|TAMS 0x000000070ef00000, 0x000000070ef00000| Complete 
| 144|0x000000070f000000, 0x000000070f100000, 0x000000070f100000|100%| E|CS|TAMS 0x000000070f000000, 0x000000070f000000| Complete 
| 145|0x000000070f100000, 0x000000070f200000, 0x000000070f200000|100%| E|CS|TAMS 0x000000070f100000, 0x000000070f100000| Complete 
| 146|0x000000070f200000, 0x000000070f300000, 0x000000070f300000|100%| E|CS|TAMS 0x000000070f200000, 0x000000070f200000| Complete 
| 147|0x000000070f300000, 0x000000070f400000, 0x000000070f400000|100%| E|CS|TAMS 0x000000070f300000, 0x000000070f300000| Complete 
| 148|0x000000070f400000, 0x000000070f500000, 0x000000070f500000|100%| E|CS|TAMS 0x000000070f400000, 0x000000070f400000| Complete 
| 149|0x000000070f500000, 0x000000070f600000, 0x000000070f600000|100%| E|CS|TAMS 0x000000070f500000, 0x000000070f500000| Complete 
| 150|0x000000070f600000, 0x000000070f700000, 0x000000070f700000|100%| E|CS|TAMS 0x000000070f600000, 0x000000070f600000| Complete 
| 151|0x000000070f700000, 0x000000070f800000, 0x000000070f800000|100%| E|CS|TAMS 0x000000070f700000, 0x000000070f700000| Complete 
| 152|0x000000070f800000, 0x000000070f900000, 0x000000070f900000|100%| E|CS|TAMS 0x000000070f800000, 0x000000070f800000| Complete 
| 153|0x000000070f900000, 0x000000070fa00000, 0x000000070fa00000|100%| E|CS|TAMS 0x000000070f900000, 0x000000070f900000| Complete 
| 154|0x000000070fa00000, 0x000000070fb00000, 0x000000070fb00000|100%| E|CS|TAMS 0x000000070fa00000, 0x000000070fa00000| Complete 
| 155|0x000000070fb00000, 0x000000070fc00000, 0x000000070fc00000|100%| E|CS|TAMS 0x000000070fb00000, 0x000000070fb00000| Complete 
| 156|0x000000070fc00000, 0x000000070fd00000, 0x000000070fd00000|100%| E|CS|TAMS 0x000000070fc00000, 0x000000070fc00000| Complete 
| 157|0x000000070fd00000, 0x000000070fe00000, 0x000000070fe00000|100%| E|CS|TAMS 0x000000070fd00000, 0x000000070fd00000| Complete 
| 158|0x000000070fe00000, 0x000000070ff00000, 0x000000070ff00000|100%| E|CS|TAMS 0x000000070fe00000, 0x000000070fe00000| Complete 
| 159|0x000000070ff00000, 0x0000000710000000, 0x0000000710000000|100%| E|CS|TAMS 0x000000070ff00000, 0x000000070ff00000| Complete 
| 160|0x0000000710000000, 0x0000000710100000, 0x0000000710100000|100%| E|CS|TAMS 0x0000000710000000, 0x0000000710000000| Complete 
| 161|0x0000000710100000, 0x0000000710200000, 0x0000000710200000|100%| E|CS|TAMS 0x0000000710100000, 0x0000000710100000| Complete 
| 162|0x0000000710200000, 0x0000000710300000, 0x0000000710300000|100%| E|CS|TAMS 0x0000000710200000, 0x0000000710200000| Complete 
| 163|0x0000000710300000, 0x0000000710400000, 0x0000000710400000|100%| E|CS|TAMS 0x0000000710300000, 0x0000000710300000| Complete 
| 164|0x0000000710400000, 0x0000000710500000, 0x0000000710500000|100%| E|CS|TAMS 0x0000000710400000, 0x0000000710400000| Complete 
| 165|0x0000000710500000, 0x0000000710600000, 0x0000000710600000|100%| E|CS|TAMS 0x0000000710500000, 0x0000000710500000| Complete 
| 166|0x0000000710600000, 0x0000000710700000, 0x0000000710700000|100%| E|CS|TAMS 0x0000000710600000, 0x0000000710600000| Complete 
| 167|0x0000000710700000, 0x0000000710800000, 0x0000000710800000|100%| E|CS|TAMS 0x0000000710700000, 0x0000000710700000| Complete 
| 168|0x0000000710800000, 0x0000000710900000, 0x0000000710900000|100%| E|CS|TAMS 0x0000000710800000, 0x0000000710800000| Complete 
| 169|0x0000000710900000, 0x0000000710a00000, 0x0000000710a00000|100%| E|CS|TAMS 0x0000000710900000, 0x0000000710900000| Complete 
| 170|0x0000000710a00000, 0x0000000710b00000, 0x0000000710b00000|100%| E|CS|TAMS 0x0000000710a00000, 0x0000000710a00000| Complete 
| 171|0x0000000710b00000, 0x0000000710c00000, 0x0000000710c00000|100%| E|CS|TAMS 0x0000000710b00000, 0x0000000710b00000| Complete 
| 172|0x0000000710c00000, 0x0000000710d00000, 0x0000000710d00000|100%| E|CS|TAMS 0x0000000710c00000, 0x0000000710c00000| Complete 
| 173|0x0000000710d00000, 0x0000000710e00000, 0x0000000710e00000|100%| E|CS|TAMS 0x0000000710d00000, 0x0000000710d00000| Complete 
| 174|0x0000000710e00000, 0x0000000710f00000, 0x0000000710f00000|100%| E|CS|TAMS 0x0000000710e00000, 0x0000000710e00000| Complete 
| 175|0x0000000710f00000, 0x0000000711000000, 0x0000000711000000|100%| E|CS|TAMS 0x0000000710f00000, 0x0000000710f00000| Complete 
| 176|0x0000000711000000, 0x0000000711100000, 0x0000000711100000|100%| E|CS|TAMS 0x0000000711000000, 0x0000000711000000| Complete 
| 177|0x0000000711100000, 0x0000000711200000, 0x0000000711200000|100%| E|CS|TAMS 0x0000000711100000, 0x0000000711100000| Complete 
| 178|0x0000000711200000, 0x0000000711300000, 0x0000000711300000|100%| E|CS|TAMS 0x0000000711200000, 0x0000000711200000| Complete 
| 179|0x0000000711300000, 0x0000000711400000, 0x0000000711400000|100%| E|CS|TAMS 0x0000000711300000, 0x0000000711300000| Complete 
| 180|0x0000000711400000, 0x0000000711500000, 0x0000000711500000|100%| E|CS|TAMS 0x0000000711400000, 0x0000000711400000| Complete 
| 181|0x0000000711500000, 0x0000000711600000, 0x0000000711600000|100%| E|CS|TAMS 0x0000000711500000, 0x0000000711500000| Complete 
| 182|0x0000000711600000, 0x0000000711700000, 0x0000000711700000|100%| E|CS|TAMS 0x0000000711600000, 0x0000000711600000| Complete 
| 183|0x0000000711700000, 0x0000000711800000, 0x0000000711800000|100%| E|CS|TAMS 0x0000000711700000, 0x0000000711700000| Complete 
| 184|0x0000000711800000, 0x0000000711900000, 0x0000000711900000|100%| E|CS|TAMS 0x0000000711800000, 0x0000000711800000| Complete 
| 185|0x0000000711900000, 0x0000000711a00000, 0x0000000711a00000|100%| E|CS|TAMS 0x0000000711900000, 0x0000000711900000| Complete 
| 186|0x0000000711a00000, 0x0000000711b00000, 0x0000000711b00000|100%| E|CS|TAMS 0x0000000711a00000, 0x0000000711a00000| Complete 
| 187|0x0000000711b00000, 0x0000000711c00000, 0x0000000711c00000|100%| E|CS|TAMS 0x0000000711b00000, 0x0000000711b00000| Complete 
| 188|0x0000000711c00000, 0x0000000711d00000, 0x0000000711d00000|100%| E|CS|TAMS 0x0000000711c00000, 0x0000000711c00000| Complete 
| 189|0x0000000711d00000, 0x0000000711e00000, 0x0000000711e00000|100%| E|CS|TAMS 0x0000000711d00000, 0x0000000711d00000| Complete 
| 190|0x0000000711e00000, 0x0000000711f00000, 0x0000000711f00000|100%| E|CS|TAMS 0x0000000711e00000, 0x0000000711e00000| Complete 
| 191|0x0000000711f00000, 0x0000000712000000, 0x0000000712000000|100%| E|CS|TAMS 0x0000000711f00000, 0x0000000711f00000| Complete 
| 192|0x0000000712000000, 0x0000000712100000, 0x0000000712100000|100%| E|CS|TAMS 0x0000000712000000, 0x0000000712000000| Complete 
| 193|0x0000000712100000, 0x0000000712200000, 0x0000000712200000|100%| E|CS|TAMS 0x0000000712100000, 0x0000000712100000| Complete 
| 194|0x0000000712200000, 0x0000000712300000, 0x0000000712300000|100%| E|CS|TAMS 0x0000000712200000, 0x0000000712200000| Complete 
| 195|0x0000000712300000, 0x0000000712400000, 0x0000000712400000|100%| E|CS|TAMS 0x0000000712300000, 0x0000000712300000| Complete 
| 196|0x0000000712400000, 0x0000000712500000, 0x0000000712500000|100%| E|CS|TAMS 0x0000000712400000, 0x0000000712400000| Complete 
| 197|0x0000000712500000, 0x0000000712600000, 0x0000000712600000|100%| E|CS|TAMS 0x0000000712500000, 0x0000000712500000| Complete 
| 198|0x0000000712600000, 0x0000000712700000, 0x0000000712700000|100%| E|CS|TAMS 0x0000000712600000, 0x0000000712600000| Complete 
| 199|0x0000000712700000, 0x0000000712800000, 0x0000000712800000|100%| E|CS|TAMS 0x0000000712700000, 0x0000000712700000| Complete 
| 200|0x0000000712800000, 0x0000000712900000, 0x0000000712900000|100%| E|CS|TAMS 0x0000000712800000, 0x0000000712800000| Complete 
| 201|0x0000000712900000, 0x0000000712a00000, 0x0000000712a00000|100%| E|CS|TAMS 0x0000000712900000, 0x0000000712900000| Complete 
| 202|0x0000000712a00000, 0x0000000712b00000, 0x0000000712b00000|100%| E|CS|TAMS 0x0000000712a00000, 0x0000000712a00000| Complete 
| 203|0x0000000712b00000, 0x0000000712c00000, 0x0000000712c00000|100%| E|CS|TAMS 0x0000000712b00000, 0x0000000712b00000| Complete 
| 204|0x0000000712c00000, 0x0000000712d00000, 0x0000000712d00000|100%| E|CS|TAMS 0x0000000712c00000, 0x0000000712c00000| Complete 
| 205|0x0000000712d00000, 0x0000000712e00000, 0x0000000712e00000|100%| E|CS|TAMS 0x0000000712d00000, 0x0000000712d00000| Complete 
| 206|0x0000000712e00000, 0x0000000712f00000, 0x0000000712f00000|100%| E|CS|TAMS 0x0000000712e00000, 0x0000000712e00000| Complete 
| 207|0x0000000712f00000, 0x0000000713000000, 0x0000000713000000|100%| E|CS|TAMS 0x0000000712f00000, 0x0000000712f00000| Complete 
| 208|0x0000000713000000, 0x0000000713100000, 0x0000000713100000|100%| E|CS|TAMS 0x0000000713000000, 0x0000000713000000| Complete 
| 209|0x0000000713100000, 0x0000000713200000, 0x0000000713200000|100%| E|CS|TAMS 0x0000000713100000, 0x0000000713100000| Complete 
| 210|0x0000000713200000, 0x0000000713300000, 0x0000000713300000|100%| E|CS|TAMS 0x0000000713200000, 0x0000000713200000| Complete 
| 211|0x0000000713300000, 0x0000000713400000, 0x0000000713400000|100%| E|CS|TAMS 0x0000000713300000, 0x0000000713300000| Complete 
| 212|0x0000000713400000, 0x0000000713500000, 0x0000000713500000|100%| E|CS|TAMS 0x0000000713400000, 0x0000000713400000| Complete 
| 213|0x0000000713500000, 0x0000000713600000, 0x0000000713600000|100%| E|CS|TAMS 0x0000000713500000, 0x0000000713500000| Complete 
| 214|0x0000000713600000, 0x0000000713700000, 0x0000000713700000|100%| E|CS|TAMS 0x0000000713600000, 0x0000000713600000| Complete 
| 215|0x0000000713700000, 0x0000000713800000, 0x0000000713800000|100%| E|CS|TAMS 0x0000000713700000, 0x0000000713700000| Complete 
| 216|0x0000000713800000, 0x0000000713900000, 0x0000000713900000|100%| E|CS|TAMS 0x0000000713800000, 0x0000000713800000| Complete 
| 217|0x0000000713900000, 0x0000000713a00000, 0x0000000713a00000|100%| E|CS|TAMS 0x0000000713900000, 0x0000000713900000| Complete 
| 218|0x0000000713a00000, 0x0000000713b00000, 0x0000000713b00000|100%| E|CS|TAMS 0x0000000713a00000, 0x0000000713a00000| Complete 
| 219|0x0000000713b00000, 0x0000000713c00000, 0x0000000713c00000|100%| E|CS|TAMS 0x0000000713b00000, 0x0000000713b00000| Complete 
| 220|0x0000000713c00000, 0x0000000713d00000, 0x0000000713d00000|100%| E|CS|TAMS 0x0000000713c00000, 0x0000000713c00000| Complete 
| 221|0x0000000713d00000, 0x0000000713e00000, 0x0000000713e00000|100%| E|CS|TAMS 0x0000000713d00000, 0x0000000713d00000| Complete 
| 222|0x0000000713e00000, 0x0000000713f00000, 0x0000000713f00000|100%| E|CS|TAMS 0x0000000713e00000, 0x0000000713e00000| Complete 
| 223|0x0000000713f00000, 0x0000000714000000, 0x0000000714000000|100%| E|CS|TAMS 0x0000000713f00000, 0x0000000713f00000| Complete 
| 224|0x0000000714000000, 0x0000000714100000, 0x0000000714100000|100%| E|CS|TAMS 0x0000000714000000, 0x0000000714000000| Complete 
| 225|0x0000000714100000, 0x0000000714200000, 0x0000000714200000|100%| E|CS|TAMS 0x0000000714100000, 0x0000000714100000| Complete 
| 226|0x0000000714200000, 0x0000000714300000, 0x0000000714300000|100%| E|CS|TAMS 0x0000000714200000, 0x0000000714200000| Complete 
| 227|0x0000000714300000, 0x0000000714400000, 0x0000000714400000|100%| E|CS|TAMS 0x0000000714300000, 0x0000000714300000| Complete 
| 228|0x0000000714400000, 0x0000000714500000, 0x0000000714500000|100%| E|CS|TAMS 0x0000000714400000, 0x0000000714400000| Complete 
| 229|0x0000000714500000, 0x0000000714600000, 0x0000000714600000|100%| E|CS|TAMS 0x0000000714500000, 0x0000000714500000| Complete 
| 230|0x0000000714600000, 0x0000000714700000, 0x0000000714700000|100%| E|CS|TAMS 0x0000000714600000, 0x0000000714600000| Complete 
| 231|0x0000000714700000, 0x0000000714800000, 0x0000000714800000|100%| E|CS|TAMS 0x0000000714700000, 0x0000000714700000| Complete 
| 232|0x0000000714800000, 0x0000000714900000, 0x0000000714900000|100%| E|CS|TAMS 0x0000000714800000, 0x0000000714800000| Complete 
| 233|0x0000000714900000, 0x0000000714a00000, 0x0000000714a00000|100%| E|CS|TAMS 0x0000000714900000, 0x0000000714900000| Complete 
| 234|0x0000000714a00000, 0x0000000714b00000, 0x0000000714b00000|100%| E|CS|TAMS 0x0000000714a00000, 0x0000000714a00000| Complete 
| 235|0x0000000714b00000, 0x0000000714c00000, 0x0000000714c00000|100%| E|CS|TAMS 0x0000000714b00000, 0x0000000714b00000| Complete 
| 236|0x0000000714c00000, 0x0000000714d00000, 0x0000000714d00000|100%| E|CS|TAMS 0x0000000714c00000, 0x0000000714c00000| Complete 
| 237|0x0000000714d00000, 0x0000000714e00000, 0x0000000714e00000|100%| E|CS|TAMS 0x0000000714d00000, 0x0000000714d00000| Complete 
| 238|0x0000000714e00000, 0x0000000714f00000, 0x0000000714f00000|100%| E|CS|TAMS 0x0000000714e00000, 0x0000000714e00000| Complete 
| 239|0x0000000714f00000, 0x0000000715000000, 0x0000000715000000|100%| E|CS|TAMS 0x0000000714f00000, 0x0000000714f00000| Complete 
| 240|0x0000000715000000, 0x0000000715100000, 0x0000000715100000|100%| E|CS|TAMS 0x0000000715000000, 0x0000000715000000| Complete 
| 241|0x0000000715100000, 0x0000000715200000, 0x0000000715200000|100%| E|CS|TAMS 0x0000000715100000, 0x0000000715100000| Complete 
| 242|0x0000000715200000, 0x0000000715300000, 0x0000000715300000|100%| E|CS|TAMS 0x0000000715200000, 0x0000000715200000| Complete 
| 243|0x0000000715300000, 0x0000000715400000, 0x0000000715400000|100%| E|CS|TAMS 0x0000000715300000, 0x0000000715300000| Complete 
| 244|0x0000000715400000, 0x0000000715500000, 0x0000000715500000|100%| E|CS|TAMS 0x0000000715400000, 0x0000000715400000| Complete 
| 245|0x0000000715500000, 0x0000000715600000, 0x0000000715600000|100%| E|CS|TAMS 0x0000000715500000, 0x0000000715500000| Complete 
| 246|0x0000000715600000, 0x0000000715700000, 0x0000000715700000|100%| E|CS|TAMS 0x0000000715600000, 0x0000000715600000| Complete 
| 247|0x0000000715700000, 0x0000000715800000, 0x0000000715800000|100%| E|CS|TAMS 0x0000000715700000, 0x0000000715700000| Complete 
| 248|0x0000000715800000, 0x0000000715900000, 0x0000000715900000|100%| E|CS|TAMS 0x0000000715800000, 0x0000000715800000| Complete 
| 249|0x0000000715900000, 0x0000000715a00000, 0x0000000715a00000|100%| E|CS|TAMS 0x0000000715900000, 0x0000000715900000| Complete 

Card table byte_map: [0x00007f4f79103000,0x00007f4f798d3000] _byte_map_base: 0x00007f4f758d3000

Marking Bits (Prev, Next): (CMBitMap*) 0x00007f4f7408e048, (CMBitMap*) 0x00007f4f7408e080
 Prev Bits: [0x00007f4f54180000, 0x00007f4f58000000)
 Next Bits: [0x00007f4f50300000, 0x00007f4f54180000)

Polling page: 0x00007f4f7e4c9000

Metaspace:

Usage:
  Non-class:      8.14 MB capacity,     8.00 MB ( 98%) used,   127.95 KB (  2%) free+waste,    22.81 KB ( <1%) overhead. 
      Class:      1.02 MB capacity,   962.91 KB ( 92%) used,    70.41 KB (  7%) free+waste,    11.69 KB (  1%) overhead. 
       Both:      9.16 MB capacity,     8.94 MB ( 98%) used,   198.36 KB (  2%) free+waste,    34.50 KB ( <1%) overhead. 

Virtual space:
  Non-class space:       10.00 MB reserved,       8.25 MB ( 82%) committed 
      Class space:        1.00 GB reserved,       1.12 MB ( <1%) committed 
             Both:        1.01 GB reserved,       9.38 MB ( <1%) committed 

Chunk freelists:
   Non-Class:  81.00 KB
       Class:  0 bytes
        Both:  81.00 KB

MaxMetaspaceSize: unlimited
CompressedClassSpaceSize: 1.00 GB

CodeHeap 'non-profiled nmethods': size=120032Kb used=487Kb max_used=487Kb free=119544Kb
 bounds [0x00007f4f67045000, 0x00007f4f672b5000, 0x00007f4f6e57d000]
CodeHeap 'profiled nmethods': size=120028Kb used=2006Kb max_used=2006Kb free=118021Kb
 bounds [0x00007f4f5fb0e000, 0x00007f4f5fd7e000, 0x00007f4f67045000]
CodeHeap 'non-nmethods': size=5700Kb used=1103Kb max_used=1132Kb free=4596Kb
 bounds [0x00007f4f5f57d000, 0x00007f4f5f7ed000, 0x00007f4f5fb0e000]
 total_blobs=1551 nmethods=1120 adapters=344
 compilation: enabled
              stopped_count=0, restarted_count=0
 full_count=0

Compilation events (20 events):
Event: 46.413 Thread 0x00007f4f74287800 1111       3       java.lang.invoke.LambdaForm$BMH/0x0000000800104840::reinvoke (25 bytes)
Event: 46.413 Thread 0x00007f4f74287800 nmethod 1111 0x00007f4f5fcfed10 code [0x00007f4f5fcfeee0, 0x00007f4f5fcff3d0]
Event: 46.413 Thread 0x00007f4f74287800 1112       3       java.lang.invoke.LambdaForm$MH/0x0000000800104040::invoke (239 bytes)
Event: 46.414 Thread 0x00007f4f74287800 nmethod 1112 0x00007f4f5fcff510 code [0x00007f4f5fcff800, 0x00007f4f5fd00bf0]
Event: 47.958 Thread 0x00007f4f74285800 1113       4       sun.nio.cs.UTF_8$Encoder::encodeArrayLoop (489 bytes)
Event: 47.968 Thread 0x00007f4f74285800 nmethod 1113 0x00007f4f670be110 code [0x00007f4f670be2c0, 0x00007f4f670be7d8]
Event: 48.059 Thread 0x00007f4f74287800 1114       3       java.io.OutputStream::<init> (5 bytes)
Event: 48.059 Thread 0x00007f4f74287800 nmethod 1114 0x00007f4f5fd01310 code [0x00007f4f5fd014c0, 0x00007f4f5fd01610]
Event: 48.061 Thread 0x00007f4f74287800 1115       3       java.util.zip.InflaterInputStream::<init> (79 bytes)
Event: 48.062 Thread 0x00007f4f74287800 nmethod 1115 0x00007f4f5fd01710 code [0x00007f4f5fd01920, 0x00007f4f5fd02170]
Event: 48.668 Thread 0x00007f4f74287800 1116       3       com.sun.imageio.plugins.common.ReaderUtil::computeUpdatedPixels (67 bytes)
Event: 48.668 Thread 0x00007f4f74287800 nmethod 1116 0x00007f4f5fd02390 code [0x00007f4f5fd02560, 0x00007f4f5fd02810]
Event: 48.833 Thread 0x00007f4f74287800 1117       3       java.nio.CharBuffer::position (6 bytes)
Event: 48.834 Thread 0x00007f4f74287800 nmethod 1117 0x00007f4f5fd02a10 code [0x00007f4f5fd02be0, 0x00007f4f5fd02d80]
Event: 48.834 Thread 0x00007f4f74287800 1118       3       java.nio.CharBuffer::position (8 bytes)
Event: 48.834 Thread 0x00007f4f74287800 nmethod 1118 0x00007f4f5fd02e90 code [0x00007f4f5fd03040, 0x00007f4f5fd03180]
Event: 48.967 Thread 0x00007f4f74287800 1119       3       javax.imageio.ImageReader::processPassComplete (56 bytes)
Event: 48.967 Thread 0x00007f4f74287800 nmethod 1119 0x00007f4f5fd03210 code [0x00007f4f5fd03400, 0x00007f4f5fd03920]
Event: 49.235 Thread 0x00007f4f74285800 1120       4       java.io.OutputStream::flush (1 bytes)
Event: 49.235 Thread 0x00007f4f74285800 nmethod 1120 0x00007f4f670bec90 code [0x00007f4f670bee20, 0x00007f4f670bee78]

GC Heap History (16 events):
Event: 19.129 GC heap before
{Heap before GC invocations=0 (full 0):
 garbage-first heap   total 256000K, used 32768K [0x0000000706000000, 0x0000000800000000)
  region size 1024K, 24 young (24576K), 0 survivors (0K)
 Metaspace       used 8864K, capacity 9105K, committed 9344K, reserved 1056768K
  class space    used 951K, capacity 1044K, committed 1152K, reserved 1048576K
}
Event: 19.134 GC heap after
{Heap after GC invocations=1 (full 0):
 garbage-first heap   total 256000K, used 4710K [0x0000000706000000, 0x0000000800000000)
  region size 1024K, 2 young (2048K), 2 survivors (2048K)
 Metaspace       used 8864K, capacity 9105K, committed 9344K, reserved 1056768K
  class space    used 951K, capacity 1044K, committed 1152K, reserved 1048576K
}
Event: 22.973 GC heap before
{Heap before GC invocations=1 (full 0):
 garbage-first heap   total 256000K, used 236134K [0x0000000706000000, 0x0000000800000000)
  region size 1024K, 150 young (153600K), 2 survivors (2048K)
 Metaspace       used 8984K, capacity 9240K, committed 9600K, reserved 1058816K
  class space    used 960K, capacity 1045K, committed 1152K, reserved 1048576K
}
Event: 22.977 GC heap after
{Heap after GC invocations=2 (full 0):
 garbage-first heap   total 256000K, used 4741K [0x0000000706000000, 0x0000000800000000)
  region size 1024K, 2 young (2048K), 2 survivors (2048K)
 Metaspace       used 8984K, capacity 9240K, committed 9600K, reserved 1058816K
  class space    used 960K, capacity 1045K, committed 1152K, reserved 1048576K
}
Event: 26.845 GC heap before
{Heap before GC invocations=2 (full 0):
 garbage-first heap   total 256000K, used 242309K [0x0000000706000000, 0x0000000800000000)
  region size 1024K, 150 young (153600K), 2 survivors (2048K)
 Metaspace       used 9000K, capacity 9240K, committed 9600K, reserved 1058816K
  class space    used 960K, capacity 1045K, committed 1152K, reserved 1048576K
}
Event: 26.851 GC heap after
{Heap after GC invocations=3 (full 0):
 garbage-first heap   total 256000K, used 4775K [0x0000000706000000, 0x0000000800000000)
  region size 1024K, 2 young (2048K), 2 survivors (2048K)
 Metaspace       used 9000K, capacity 9240K, committed 9600K, reserved 1058816K
  class space    used 960K, capacity 1045K, committed 1152K, reserved 1048576K
}
Event: 30.874 GC heap before
{Heap before GC invocations=3 (full 0):
 garbage-first heap   total 256000K, used 245415K [0x0000000706000000, 0x0000000800000000)
  region size 1024K, 150 young (153600K), 2 survivors (2048K)
 Metaspace       used 9049K, capacity 9304K, committed 9600K, reserved 1058816K
  class space    used 962K, capacity 1045K, committed 1152K, reserved 1048576K
}
Event: 30.877 GC heap after
{Heap after GC invocations=4 (full 0):
 garbage-first heap   total 256000K, used 4801K [0x0000000706000000, 0x0000000800000000)
  region size 1024K, 2 young (2048K), 2 survivors (2048K)
 Metaspace       used 9049K, capacity 9304K, committed 9600K, reserved 1058816K
  class space    used 962K, capacity 1045K, committed 1152K, reserved 1048576K
}
Event: 34.853 GC heap before
{Heap before GC invocations=4 (full 0):
 garbage-first heap   total 256000K, used 245441K [0x0000000706000000, 0x0000000800000000)
  region size 1024K, 150 young (153600K), 2 survivors (2048K)
 Metaspace       used 9072K, capacity 9304K, committed 9600K, reserved 1058816K
  class space    used 962K, capacity 1045K, committed 1152K, reserved 1048576K
}
Event: 34.856 GC heap after
{Heap after GC invocations=5 (full 0):
 garbage-first heap   total 256000K, used 4788K [0x0000000706000000, 0x0000000800000000)
  region size 1024K, 2 young (2048K), 2 survivors (2048K)
 Metaspace       used 9072K, capacity 9304K, committed 9600K, reserved 1058816K
  class space    used 962K, capacity 1045K, committed 1152K, reserved 1048576K
}
Event: 38.915 GC heap before
{Heap before GC invocations=5 (full 0):
 garbage-first heap   total 256000K, used 242356K [0x0000000706000000, 0x0000000800000000)
  region size 1024K, 150 young (153600K), 2 survivors (2048K)
 Metaspace       used 9131K, capacity 9374K, committed 9600K, reserved 1058816K
  class space    used 962K, capacity 1045K, committed 1152K, reserved 1048576K
}
Event: 38.918 GC heap after
{Heap after GC invocations=6 (full 0):
 garbage-first heap   total 256000K, used 4815K [0x0000000706000000, 0x0000000800000000)
  region size 1024K, 2 young (2048K), 2 survivors (2048K)
 Metaspace       used 9131K, capacity 9374K, committed 9600K, reserved 1058816K
  class space    used 962K, capacity 1045K, committed 1152K, reserved 1048576K
}
Event: 42.764 GC heap before
{Heap before GC invocations=6 (full 0):
 garbage-first heap   total 256000K, used 242383K [0x0000000706000000, 0x0000000800000000)
  region size 1024K, 150 young (153600K), 2 survivors (2048K)
 Metaspace       used 9131K, capacity 9374K, committed 9600K, reserved 1058816K
  class space    used 962K, capacity 1045K, committed 1152K, reserved 1048576K
}
Event: 42.766 GC heap after
{Heap after GC invocations=7 (full 0):
 garbage-first heap   total 256000K, used 4819K [0x0000000706000000, 0x0000000800000000)
  region size 1024K, 2 young (2048K), 2 survivors (2048K)
 Metaspace       used 9131K, capacity 9374K, committed 9600K, reserved 1058816K
  class space    used 962K, capacity 1045K, committed 1152K, reserved 1048576K
}
Event: 46.863 GC heap before
{Heap before GC invocations=7 (full 0):
 garbage-first heap   total 256000K, used 245459K [0x0000000706000000, 0x0000000800000000)
  region size 1024K, 150 young (153600K), 2 survivors (2048K)
 Metaspace       used 9150K, capacity 9384K, committed 9600K, reserved 1058816K
  class space    used 962K, capacity 1045K, committed 1152K, reserved 1048576K
}
Event: 46.866 GC heap after
{Heap after GC invocations=8 (full 0):
 garbage-first heap   total 256000K, used 4833K [0x0000000706000000, 0x0000000800000000)
  region size 1024K, 2 young (2048K), 2 survivors (2048K)
 Metaspace       used 9150K, capacity 9384K, committed 9600K, reserved 1058816K
  class space    used 962K, capacity 1045K, committed 1152K, reserved 1048576K
}

Deoptimization events (20 events):
Event: 24.073 Thread 0x00007f4f74028000 DEOPT PACKING pc=0x00007f4f5fc70c55 sp=0x00007f4f7e4bcf10
Event: 24.073 Thread 0x00007f4f74028000 DEOPT UNPACKING pc=0x00007f4f5f5a35ba sp=0x00007f4f7e4bc420 mode 0
Event: 24.209 Thread 0x00007f4f74028000 DEOPT PACKING pc=0x00007f4f5fc71ad2 sp=0x00007f4f7e4bcf10
Event: 24.209 Thread 0x00007f4f74028000 DEOPT UNPACKING pc=0x00007f4f5f5a35ba sp=0x00007f4f7e4bc420 mode 0
Event: 26.549 Thread 0x00007f4f74028000 DEOPT PACKING pc=0x00007f4f5fc7b250 sp=0x00007f4f7e4bcaf0
Event: 26.549 Thread 0x00007f4f74028000 DEOPT UNPACKING pc=0x00007f4f5f5a35ba sp=0x00007f4f7e4bbfb0 mode 0
Event: 26.982 Thread 0x00007f4f74028000 Uncommon trap: trap_request=0xffffff4d fr.pc=0x00007f4f6707caec relative=0x00000000000015ec
Event: 26.982 Thread 0x00007f4f74028000 Uncommon trap: reason=unstable_if action=reinterpret pc=0x00007f4f6707caec method=javax.imageio.stream.FileImageInputStream.read([BII)I @ 24 c2
Event: 26.982 Thread 0x00007f4f74028000 DEOPT PACKING pc=0x00007f4f6707caec sp=0x00007f4f7e4bcb40
Event: 26.982 Thread 0x00007f4f74028000 DEOPT UNPACKING pc=0x00007f4f5f5a37a5 sp=0x00007f4f7e4bc7d8 mode 2
Event: 26.982 Thread 0x00007f4f74028000 Uncommon trap: trap_request=0xffffff4d fr.pc=0x00007f4f67096c04 relative=0x0000000000000fe4
Event: 26.982 Thread 0x00007f4f74028000 Uncommon trap: reason=unstable_if action=reinterpret pc=0x00007f4f67096c04 method=javax.imageio.stream.FileImageInputStream.read([BII)I @ 24 c2
Event: 26.982 Thread 0x00007f4f74028000 DEOPT PACKING pc=0x00007f4f67096c04 sp=0x00007f4f7e4bc880
Event: 26.982 Thread 0x00007f4f74028000 DEOPT UNPACKING pc=0x00007f4f5f5a37a5 sp=0x00007f4f7e4bc738 mode 2
Event: 39.478 Thread 0x00007f4f74028000 DEOPT PACKING pc=0x00007f4f5fbc4ad9 sp=0x00007f4f7e4bce20
Event: 39.478 Thread 0x00007f4f74028000 DEOPT UNPACKING pc=0x00007f4f5f5a35ba sp=0x00007f4f7e4bc2b8 mode 0
Event: 40.303 Thread 0x00007f4f74028000 DEOPT PACKING pc=0x00007f4f5fcae31e sp=0x00007f4f7e4bcc40
Event: 40.303 Thread 0x00007f4f74028000 DEOPT UNPACKING pc=0x00007f4f5f5a35ba sp=0x00007f4f7e4bc180 mode 0
Event: 47.958 Thread 0x00007f4f74028000 DEOPT PACKING pc=0x00007f4f5fc6a6ff sp=0x00007f4f7e4bcb10
Event: 47.958 Thread 0x00007f4f74028000 DEOPT UNPACKING pc=0x00007f4f5f5a35ba sp=0x00007f4f7e4bc0a8 mode 0

Classes redefined (0 events):
No events

Internal exceptions (18 events):
Event: 0.369 Thread 0x00007f4f74028000 Exception <a 'java/lang/ClassNotFoundException'{0x0000000715758fc0}: sun/awt/resources/spi/awtProvider> (0x0000000715758fc0) thrown at [./src/hotspot/share/classfile/systemDictionary.cpp, line 231]
Event: 0.468 Thread 0x00007f4f74028000 Exception <a 'java/io/FileNotFoundException'{0x00000007157e8820}> (0x00000007157e8820) thrown at [./src/hotspot/share/prims/jni.cpp, line 615]
Event: 0.485 Thread 0x00007f4f74028000 Exception <a 'java/lang/NoSuchMethodError'{0x0000000715643b68}: 'java.lang.Object java.lang.invoke.DirectMethodHandle$Holder.invokeStatic(java.lang.Object, java.lang.Object, java.lang.Object, java.lang.Object, java.lang.Object, java.lang.Object, java.lang.Object, java.lang.Object, java.lang.Object, java.lang.Object, java.lang.Object, java.lang.Object, java.lang.Object, java.lang.Object, java.lang.Object)'> (0x0000000715643b68) thrown at [./src/hotspot/share/interpreter/linkResolver.cpp, line 773]
Event: 0.488 Thread 0x00007f4f74028000 Exception <a 'java/lang/NoSuchMethodError'{0x00000007156518a0}: 'java.lang.Object java.lang.invoke.DirectMethodHandle$Holder.invokeStatic(java.lang.Object, java.lang.Object, java.lang.Object, java.lang.Object, java.lang.Object, java.lang.Object, java.lang.Object, java.lang.Object, java.lang.Object, java.lang.Object, java.lang.Object, java.lang.Object, java.lang.Object, java.lang.Object, java.lang.Object, java.lang.Object)'> (0x00000007156518a0) thrown at [./src/hotspot/share/interpreter/linkResolver.cpp, l
Event: 0.490 Thread 0x00007f4f74028000 Exception <a 'java/lang/NoSuchMethodError'{0x000000071565f510}: 'java.lang.Object java.lang.invoke.DirectMethodHandle$Holder.invokeSpecial(java.lang.Object, java.lang.Object, int, int, java.lang.Object, java.lang.Object, java.lang.Object)'> (0x000000071565f510) thrown at [./src/hotspot/share/interpreter/linkResolver.cpp, line 773]
Event: 0.490 Thread 0x00007f4f74028000 Exception <a 'java/lang/NoSuchMethodError'{0x0000000715662aa0}: 'java.lang.Object java.lang.invoke.DelegatingMethodHandle$Holder.reinvoke_L(java.lang.Object, int, int, java.lang.Object, java.lang.Object, java.lang.Object)'> (0x0000000715662aa0) thrown at [./src/hotspot/share/interpreter/linkResolver.cpp, line 773]
Event: 0.491 Thread 0x00007f4f74028000 Exception <a 'java/lang/NoSuchMethodError'{0x0000000715666e28}: 'java.lang.Object java.lang.invoke.DirectMethodHandle$Holder.invokeStatic(java.lang.Object, java.lang.Object, java.lang.Object, java.lang.Object, int)'> (0x0000000715666e28) thrown at [./src/hotspot/share/interpreter/linkResolver.cpp, line 773]
Event: 0.504 Thread 0x00007f4f74028000 Exception <a 'java/io/FileNotFoundException'{0x00000007156c9e98}> (0x00000007156c9e98) thrown at [./src/hotspot/share/prims/jni.cpp, line 615]
Event: 18.984 Thread 0x00007f4f74028000 Exception <a 'java/lang/NoSuchMethodError'{0x000000071458b830}: 'java.lang.Object java.lang.invoke.DirectMethodHandle$Holder.invokeSpecial(java.lang.Object, java.lang.Object, int, int, int, java.lang.Object, int, int)'> (0x000000071458b830) thrown at [./src/hotspot/share/interpreter/linkResolver.cpp, line 773]
Event: 18.984 Thread 0x00007f4f74028000 Exception <a 'java/lang/NoSuchMethodError'{0x000000071458ec70}: 'java.lang.Object java.lang.invoke.DelegatingMethodHandle$Holder.reinvoke_L(java.lang.Object, int, int, int, java.lang.Object, int, int)'> (0x000000071458ec70) thrown at [./src/hotspot/share/interpreter/linkResolver.cpp, line 773]
Event: 18.985 Thread 0x00007f4f74028000 Exception <a 'java/lang/NoSuchMethodError'{0x0000000714595c68}: 'java.lang.Object java.lang.invoke.DirectMethodHandle$Holder.invokeStatic(java.lang.Object, java.lang.Object, java.lang.Object, java.lang.Object, java.lang.Object, int)'> (0x0000000714595c68) thrown at [./src/hotspot/share/interpreter/linkResolver.cpp, line 773]
Event: 18.989 Thread 0x00007f4f74028000 Exception <a 'java/lang/NoSuchMethodError'{0x00000007145c9728}: 'java.lang.Object java.lang.invoke.Invokers$Holder.linkToTargetMethod(java.lang.Object, int, int, java.lang.Object)'> (0x00000007145c9728) thrown at [./src/hotspot/share/interpreter/linkResolver.cpp, line 773]
Event: 18.998 Thread 0x00007f4f74028000 Exception <a 'java/lang/NoSuchMethodError'{0x000000071443ac20}: 'java.lang.Object java.lang.invoke.DirectMethodHandle$Holder.invokeSpecial(java.lang.Object, java.lang.Object, int, int, int, java.lang.Object, int, int, int, int)'> (0x000000071443ac20) thrown at [./src/hotspot/share/interpreter/linkResolver.cpp, line 773]
Event: 18.998 Thread 0x00007f4f74028000 Exception <a 'java/lang/NoSuchMethodError'{0x000000071443e1e8}: 'java.lang.Object java.lang.invoke.DelegatingMethodHandle$Holder.reinvoke_L(java.lang.Object, int, int, int, java.lang.Object, int, int, int, int)'> (0x000000071443e1e8) thrown at [./src/hotspot/share/interpreter/linkResolver.cpp, line 773]
Event: 19.002 Thread 0x00007f4f74028000 Exception <a 'java/lang/NoSuchMethodError'{0x000000071447a408}: 'java.lang.Object java.lang.invoke.DirectMethodHandle$Holder.invokeStatic(java.lang.Object, java.lang.Object, java.lang.Object, java.lang.Object, java.lang.Object, java.lang.Object, java.lang.Object, java.lang.Object, java.lang.Object, java.lang.Object, java.lang.Object, java.lang.Object, java.lang.Object, int)'> (0x000000071447a408) thrown at [./src/hotspot/share/interpreter/linkResolver.cpp, line 773]
Event: 19.003 Thread 0x00007f4f74028000 Exception <a 'java/lang/NoSuchMethodError'{0x0000000714486ed0}: 'java.lang.Object java.lang.invoke.DirectMethodHandle$Holder.invokeStatic(java.lang.Object, java.lang.Object, java.lang.Object, java.lang.Object, java.lang.Object, java.lang.Object, java.lang.Object, java.lang.Object, java.lang.Object, java.lang.Object, java.lang.Object, java.lang.Object, java.lang.Object, int, int)'> (0x0000000714486ed0) thrown at [./src/hotspot/share/interpreter/linkResolver.cpp, line 773]
Event: 19.006 Thread 0x00007f4f74028000 Exception <a 'java/lang/NoSuchMethodError'{0x00000007144a2bf8}: 'java.lang.Object java.lang.invoke.DelegatingMethodHandle$Holder.reinvoke_L(java.lang.Object, java.lang.Object, int, int, int, int)'> (0x00000007144a2bf8) thrown at [./src/hotspot/share/interpreter/linkResolver.cpp, line 773]
Event: 37.364 Thread 0x00007f4f74028000 Exception <a 'java/io/IOException'{0x000000070fcd9fd8}> (0x000000070fcd9fd8) thrown at [./src/hotspot/share/prims/jni.cpp, line 615]

Events (20 events):
Event: 26.982 loading class java/io/EOFException
Event: 26.982 loading class java/io/EOFException done
Event: 26.982 loading class java/util/zip/DataFormatException
Event: 26.992 loading class java/util/zip/DataFormatException done
Event: 26.992 loading class java/util/zip/ZipException
Event: 26.992 loading class java/util/zip/ZipException done
Event: 26.992 loading class javax/imageio/IIOException
Event: 26.992 loading class javax/imageio/IIOException done
Event: 29.048 Loaded shared library /opt/java/openjdk/lib/server/libjvm.so
Event: 29.680 Loaded shared library /opt/java/openjdk/lib/server/libjvm.so
Event: 30.874 Executing VM operation: G1CollectForAllocation
Event: 30.877 Executing VM operation: G1CollectForAllocation done
Event: 34.853 Executing VM operation: G1CollectForAllocation
Event: 34.856 Executing VM operation: G1CollectForAllocation done
Event: 38.915 Executing VM operation: G1CollectForAllocation
Event: 38.918 Executing VM operation: G1CollectForAllocation done
Event: 42.763 Executing VM operation: G1CollectForAllocation
Event: 42.766 Executing VM operation: G1CollectForAllocation done
Event: 46.863 Executing VM operation: G1CollectForAllocation
Event: 46.866 Executing VM operation: G1CollectForAllocation done


Dynamic libraries:
706000000-715a00000 rw-p 00000000 00:00 0 
715a00000-800000000 ---p 00000000 00:00 0 
800000000-800120000 rw-p 00000000 00:00 0 
800120000-840000000 ---p 00000000 00:00 0 
55601dd2e000-55601dd2f000 r-xp 00000000 08:00 6071476                    /opt/java/openjdk/bin/java
55601df2f000-55601df30000 r--p 00001000 08:00 6071476                    /opt/java/openjdk/bin/java
55601df30000-55601df31000 rw-p 00002000 08:00 6071476                    /opt/java/openjdk/bin/java
55601f6fb000-55601f741000 rw-p 00000000 00:00 0                          [heap]
7f4ef0000000-7f4ef0021000 rw-p 00000000 00:00 0 
7f4ef0021000-7f4ef4000000 ---p 00000000 00:00 0 
7f4ef8000000-7f4ef8021000 rw-p 00000000 00:00 0 
7f4ef8021000-7f4efc000000 ---p 00000000 00:00 0 
7f4efc000000-7f4efc021000 rw-p 00000000 00:00 0 
7f4efc021000-7f4f00000000 ---p 00000000 00:00 0 
7f4f00000000-7f4f00021000 rw-p 00000000 00:00 0 
7f4f00021000-7f4f04000000 ---p 00000000 00:00 0 
7f4f04000000-7f4f04021000 rw-p 00000000 00:00 0 
7f4f04021000-7f4f08000000 ---p 00000000 00:00 0 
7f4f08000000-7f4f0848d000 rw-p 00000000 00:00 0 
7f4f0848d000-7f4f0c000000 ---p 00000000 00:00 0 
7f4f0c000000-7f4f0c114000 rw-p 00000000 00:00 0 
7f4f0c114000-7f4f10000000 ---p 00000000 00:00 0 
7f4f10000000-7f4f10021000 rw-p 00000000 00:00 0 
7f4f10021000-7f4f14000000 ---p 00000000 00:00 0 
7f4f14000000-7f4f14021000 rw-p 00000000 00:00 0 
7f4f14021000-7f4f18000000 ---p 00000000 00:00 0 
7f4f18000000-7f4f18021000 rw-p 00000000 00:00 0 
7f4f18021000-7f4f1c000000 ---p 00000000 00:00 0 
7f4f1c000000-7f4f1c021000 rw-p 00000000 00:00 0 
7f4f1c021000-7f4f20000000 ---p 00000000 00:00 0 
7f4f2264c000-7f4f22a17000 rw-p 00000000 00:00 0 
7f4f22a17000-7f4f22bd7000 ---p 00000000 00:00 0 
7f4f22cf1000-7f4f22cf2000 ---p 00000000 00:00 0 
7f4f22cf2000-7f4f22df3000 rw-p 00000000 00:00 0 
7f4f22df3000-7f4f22df4000 ---p 00000000 00:00 0 
7f4f22df4000-7f4f22ef5000 rw-p 00000000 00:00 0 
7f4f22ef5000-7f4f22ef6000 ---p 00000000 00:00 0 
7f4f22ef6000-7f4f22ff7000 rw-p 00000000 00:00 0 
7f4f22ff7000-7f4f22ff8000 ---p 00000000 00:00 0 
7f4f22ff8000-7f4f230f9000 rw-p 00000000 00:00 0 
7f4f230f9000-7f4f230fa000 ---p 00000000 00:00 0 
7f4f230fa000-7f4f231fb000 rw-p 00000000 00:00 0 
7f4f231fb000-7f4f231ff000 ---p 00000000 00:00 0 
7f4f231ff000-7f4f232fc000 rw-p 00000000 00:00 0 
7f4f232fc000-7f4f23300000 ---p 00000000 00:00 0 
7f4f23300000-7f4f233fd000 rw-p 00000000 00:00 0 
7f4f233fd000-7f4f23401000 ---p 00000000 00:00 0 
7f4f23401000-7f4f234fe000 rw-p 00000000 00:00 0 
7f4f234fe000-7f4f23506000 r-xp 00000000 08:00 6071699                    /opt/java/openjdk/lib/libawt_headless.so
7f4f23506000-7f4f23705000 ---p 00008000 08:00 6071699                    /opt/java/openjdk/lib/libawt_headless.so
7f4f23705000-7f4f23706000 r--p 00007000 08:00 6071699                    /opt/java/openjdk/lib/libawt_headless.so
7f4f23706000-7f4f23707000 rw-p 00008000 08:00 6071699                    /opt/java/openjdk/lib/libawt_headless.so
7f4f23707000-7f4f237a5000 r-xp 00000000 08:00 6071698                    /opt/java/openjdk/lib/libawt.so
7f4f237a5000-7f4f239a4000 ---p 0009e000 08:00 6071698                    /opt/java/openjdk/lib/libawt.so
7f4f239a4000-7f4f239a5000 r--p 0009d000 08:00 6071698                    /opt/java/openjdk/lib/libawt.so
7f4f239a5000-7f4f239b0000 rw-p 0009e000 08:00 6071698                    /opt/java/openjdk/lib/libawt.so
7f4f239b0000-7f4f239d5000 rw-p 00000000 00:00 0 
7f4f239d5000-7f4f239eb000 r-xp 00000000 08:00 6071722                    /opt/java/openjdk/lib/libnet.so
7f4f239eb000-7f4f23bea000 ---p 00016000 08:00 6071722                    /opt/java/openjdk/lib/libnet.so
7f4f23bea000-7f4f23beb000 r--p 00015000 08:00 6071722                    /opt/java/openjdk/lib/libnet.so
7f4f23beb000-7f4f23bec000 rw-p 00016000 08:00 6071722                    /opt/java/openjdk/lib/libnet.so
7f4f23bec000-7f4f23bfb000 r-xp 00000000 08:00 6071723                    /opt/java/openjdk/lib/libnio.so
7f4f23bfb000-7f4f23dfb000 ---p 0000f000 08:00 6071723                    /opt/java/openjdk/lib/libnio.so
7f4f23dfb000-7f4f23dfc000 r--p 0000f000 08:00 6071723                    /opt/java/openjdk/lib/libnio.so
7f4f23dfc000-7f4f23dfd000 rw-p 00010000 08:00 6071723                    /opt/java/openjdk/lib/libnio.so
7f4f23dfd000-7f4f23e01000 ---p 00000000 00:00 0 
7f4f23e01000-7f4f23efe000 rw-p 00000000 00:00 0 
7f4f23efe000-7f4f23eff000 ---p 00000000 00:00 0 
7f4f23eff000-7f4f24000000 rw-p 00000000 00:00 0 
7f4f24000000-7f4f2434f000 rw-p 00000000 00:00 0 
7f4f2434f000-7f4f28000000 ---p 00000000 00:00 0 
7f4f28000000-7f4f28021000 rw-p 00000000 00:00 0 
7f4f28021000-7f4f2c000000 ---p 00000000 00:00 0 
7f4f2c000000-7f4f2c021000 rw-p 00000000 00:00 0 
7f4f2c021000-7f4f30000000 ---p 00000000 00:00 0 
7f4f30000000-7f4f3077a000 rw-p 00000000 00:00 0 
7f4f3077a000-7f4f34000000 ---p 00000000 00:00 0 
7f4f34000000-7f4f34021000 rw-p 00000000 00:00 0 
7f4f34021000-7f4f38000000 ---p 00000000 00:00 0 
7f4f38000000-7f4f38021000 rw-p 00000000 00:00 0 
7f4f38021000-7f4f3c000000 ---p 00000000 00:00 0 
7f4f3c000000-7f4f3c021000 rw-p 00000000 00:00 0 
7f4f3c021000-7f4f40000000 ---p 00000000 00:00 0 
7f4f40000000-7f4f40021000 rw-p 00000000 00:00 0 
7f4f40021000-7f4f44000000 ---p 00000000 00:00 0 
7f4f44000000-7f4f44021000 rw-p 00000000 00:00 0 
7f4f44021000-7f4f48000000 ---p 00000000 00:00 0 
7f4f48000000-7f4f48021000 rw-p 00000000 00:00 0 
7f4f48021000-7f4f4c000000 ---p 00000000 00:00 0 
7f4f4c000000-7f4f4c021000 rw-p 00000000 00:00 0 
7f4f4c021000-7f4f50000000 ---p 00000000 00:00 0 
7f4f500fe000-7f4f50102000 ---p 00000000 00:00 0 
7f4f50102000-7f4f501ff000 rw-p 00000000 00:00 0 
7f4f501ff000-7f4f50203000 ---p 00000000 00:00 0 
7f4f50203000-7f4f506e8000 rw-p 00000000 00:00 0 
7f4f506e8000-7f4f54180000 ---p 00000000 00:00 0 
7f4f54180000-7f4f54568000 rw-p 00000000 00:00 0 
7f4f54568000-7f4f58000000 ---p 00000000 00:00 0 
7f4f58000000-7f4f58021000 rw-p 00000000 00:00 0 
7f4f58021000-7f4f5c000000 ---p 00000000 00:00 0 
7f4f5c047000-7f4f5c04b000 ---p 00000000 00:00 0 
7f4f5c04b000-7f4f5c148000 rw-p 00000000 00:00 0 
7f4f5c148000-7f4f5c14c000 ---p 00000000 00:00 0 
7f4f5c14c000-7f4f5c249000 rw-p 00000000 00:00 0 
7f4f5c249000-7f4f5c24d000 ---p 00000000 00:00 0 
7f4f5c24d000-7f4f5c34a000 rw-p 00000000 00:00 0 
7f4f5c34a000-7f4f5c673000 r--p 00000000 08:00 1894102                    /usr/lib/locale/locale-archive
7f4f5c673000-7f4f5c677000 ---p 00000000 00:00 0 
7f4f5c677000-7f4f5c774000 rw-p 00000000 00:00 0 
7f4f5c774000-7f4f5c778000 ---p 00000000 00:00 0 
7f4f5c778000-7f4f5c875000 rw-p 00000000 00:00 0 
7f4f5c875000-7f4f5c876000 ---p 00000000 00:00 0 
7f4f5c876000-7f4f5d177000 rw-p 00000000 00:00 0 
7f4f5d177000-7f4f5d178000 ---p 00000000 00:00 0 
7f4f5d178000-7f4f5d279000 rw-p 00000000 00:00 0 
7f4f5d279000-7f4f5d27a000 ---p 00000000 00:00 0 
7f4f5d27a000-7f4f5f57d000 rw-p 00000000 00:00 0 
7f4f5f57d000-7f4f5f7ed000 rwxp 00000000 00:00 0 
7f4f5f7ed000-7f4f5fb0e000 ---p 00000000 00:00 0 
7f4f5fb0e000-7f4f5fd7e000 rwxp 00000000 00:00 0 
7f4f5fd7e000-7f4f67045000 ---p 00000000 00:00 0 
7f4f67045000-7f4f672b5000 rwxp 00000000 00:00 0 
7f4f672b5000-7f4f6e57d000 ---p 00000000 00:00 0 
7f4f6e57d000-7f4f74000000 r--s 00000000 08:00 6071732                    /opt/java/openjdk/lib/modules
7f4f74000000-7f4f7451d000 rw-p 00000000 00:00 0 
7f4f7451d000-7f4f78000000 ---p 00000000 00:00 0 
7f4f78027000-7f4f7862d000 rw-p 00000000 00:00 0 
7f4f7862d000-7f4f7862e000 ---p 00000000 00:00 0 
7f4f7862e000-7f4f7872f000 rw-p 00000000 00:00 0 
7f4f7872f000-7f4f78730000 ---p 00000000 00:00 0 
7f4f78730000-7f4f789b0000 rw-p 00000000 00:00 0 
7f4f789b0000-7f4f79103000 ---p 00000000 00:00 0 
7f4f79103000-7f4f79180000 rw-p 00000000 00:00 0 
7f4f79180000-7f4f798d3000 ---p 00000000 00:00 0 
7f4f798d3000-7f4f79950000 rw-p 00000000 00:00 0 
7f4f79950000-7f4f7a0a3000 ---p 00000000 00:00 0 
7f4f7a0a3000-7f4f7a8ab000 rw-p 00000000 00:00 0 
7f4f7a8ab000-7f4f7a8ac000 ---p 00000000 00:00 0 
7f4f7a8ac000-7f4f7a9b2000 rw-p 00000000 00:00 0 
7f4f7a9b2000-7f4f7aa98000 ---p 00000000 00:00 0 
7f4f7aa98000-7f4f7aa9d000 rw-p 00000000 00:00 0 
7f4f7aa9d000-7f4f7ab83000 ---p 00000000 00:00 0 
7f4f7ab83000-7f4f7ab8a000 r-xp 00000000 08:00 6071731                    /opt/java/openjdk/lib/libzip.so
7f4f7ab8a000-7f4f7ad89000 ---p 00007000 08:00 6071731                    /opt/java/openjdk/lib/libzip.so
7f4f7ad89000-7f4f7ad8a000 r--p 00006000 08:00 6071731                    /opt/java/openjdk/lib/libzip.so
7f4f7ad8a000-7f4f7ad8b000 rw-p 00007000 08:00 6071731                    /opt/java/openjdk/lib/libzip.so
7f4f7ad8b000-7f4f7ad96000 r-xp 00000000 08:00 6062403                    /lib/x86_64-linux-gnu/libnss_files-2.27.so
7f4f7ad96000-7f4f7af95000 ---p 0000b000 08:00 6062403                    /lib/x86_64-linux-gnu/libnss_files-2.27.so
7f4f7af95000-7f4f7af96000 r--p 0000a000 08:00 6062403                    /lib/x86_64-linux-gnu/libnss_files-2.27.so
7f4f7af96000-7f4f7af97000 rw-p 0000b000 08:00 6062403                    /lib/x86_64-linux-gnu/libnss_files-2.27.so
7f4f7af97000-7f4f7af9d000 rw-p 00000000 00:00 0 
7f4f7af9d000-7f4f7afb4000 r-xp 00000000 08:00 6062397                    /lib/x86_64-linux-gnu/libnsl-2.27.so
7f4f7afb4000-7f4f7b1b3000 ---p 00017000 08:00 6062397                    /lib/x86_64-linux-gnu/libnsl-2.27.so
7f4f7b1b3000-7f4f7b1b4000 r--p 00016000 08:00 6062397                    /lib/x86_64-linux-gnu/libnsl-2.27.so
7f4f7b1b4000-7f4f7b1b5000 rw-p 00017000 08:00 6062397                    /lib/x86_64-linux-gnu/libnsl-2.27.so
7f4f7b1b5000-7f4f7b1b7000 rw-p 00000000 00:00 0 
7f4f7b1b7000-7f4f7b1c2000 r-xp 00000000 08:00 6062407                    /lib/x86_64-linux-gnu/libnss_nis-2.27.so
7f4f7b1c2000-7f4f7b3c1000 ---p 0000b000 08:00 6062407                    /lib/x86_64-linux-gnu/libnss_nis-2.27.so
7f4f7b3c1000-7f4f7b3c2000 r--p 0000a000 08:00 6062407                    /lib/x86_64-linux-gnu/libnss_nis-2.27.so
7f4f7b3c2000-7f4f7b3c3000 rw-p 0000b000 08:00 6062407                    /lib/x86_64-linux-gnu/libnss_nis-2.27.so
7f4f7b3c3000-7f4f7b3cb000 r-xp 00000000 08:00 6062399                    /lib/x86_64-linux-gnu/libnss_compat-2.27.so
7f4f7b3cb000-7f4f7b5cb000 ---p 00008000 08:00 6062399                    /lib/x86_64-linux-gnu/libnss_compat-2.27.so
7f4f7b5cb000-7f4f7b5cc000 r--p 00008000 08:00 6062399                    /lib/x86_64-linux-gnu/libnss_compat-2.27.so
7f4f7b5cc000-7f4f7b5cd000 rw-p 00009000 08:00 6062399                    /lib/x86_64-linux-gnu/libnss_compat-2.27.so
7f4f7b5cd000-7f4f7b5e8000 r-xp 00000000 08:00 6071714                    /opt/java/openjdk/lib/libjimage.so
7f4f7b5e8000-7f4f7b7e8000 ---p 0001b000 08:00 6071714                    /opt/java/openjdk/lib/libjimage.so
7f4f7b7e8000-7f4f7b7ea000 r--p 0001b000 08:00 6071714                    /opt/java/openjdk/lib/libjimage.so
7f4f7b7ea000-7f4f7b7eb000 rw-p 0001d000 08:00 6071714                    /opt/java/openjdk/lib/libjimage.so
7f4f7b7eb000-7f4f7b813000 r-xp 00000000 08:00 6071710                    /opt/java/openjdk/lib/libjava.so
7f4f7b813000-7f4f7ba13000 ---p 00028000 08:00 6071710                    /opt/java/openjdk/lib/libjava.so
7f4f7ba13000-7f4f7ba14000 r--p 00028000 08:00 6071710                    /opt/java/openjdk/lib/libjava.so
7f4f7ba14000-7f4f7ba15000 rw-p 00029000 08:00 6071710                    /opt/java/openjdk/lib/libjava.so
7f4f7ba15000-7f4f7ba16000 rw-p 00000000 00:00 0 
7f4f7ba16000-7f4f7ba27000 r-xp 00000000 08:00 6071730                    /opt/java/openjdk/lib/libverify.so
7f4f7ba27000-7f4f7bc26000 ---p 00011000 08:00 6071730                    /opt/java/openjdk/lib/libverify.so
7f4f7bc26000-7f4f7bc28000 r--p 00010000 08:00 6071730                    /opt/java/openjdk/lib/libverify.so
7f4f7bc28000-7f4f7bc29000 rw-p 00012000 08:00 6071730                    /opt/java/openjdk/lib/libverify.so
7f4f7bc29000-7f4f7bc30000 r-xp 00000000 08:00 6062426                    /lib/x86_64-linux-gnu/librt-2.27.so
7f4f7bc30000-7f4f7be2f000 ---p 00007000 08:00 6062426                    /lib/x86_64-linux-gnu/librt-2.27.so
7f4f7be2f000-7f4f7be30000 r--p 00006000 08:00 6062426                    /lib/x86_64-linux-gnu/librt-2.27.so
7f4f7be30000-7f4f7be31000 rw-p 00007000 08:00 6062426                    /lib/x86_64-linux-gnu/librt-2.27.so
7f4f7be31000-7f4f7bfce000 r-xp 00000000 08:00 6062386                    /lib/x86_64-linux-gnu/libm-2.27.so
7f4f7bfce000-7f4f7c1cd000 ---p 0019d000 08:00 6062386                    /lib/x86_64-linux-gnu/libm-2.27.so
7f4f7c1cd000-7f4f7c1ce000 r--p 0019c000 08:00 6062386                    /lib/x86_64-linux-gnu/libm-2.27.so
7f4f7c1ce000-7f4f7c1cf000 rw-p 0019d000 08:00 6062386                    /lib/x86_64-linux-gnu/libm-2.27.so
7f4f7c1cf000-7f4f7d313000 r-xp 00000000 08:00 6071741                    /opt/java/openjdk/lib/server/libjvm.so
7f4f7d313000-7f4f7d513000 ---p 01144000 08:00 6071741                    /opt/java/openjdk/lib/server/libjvm.so
7f4f7d513000-7f4f7d5d2000 r--p 01144000 08:00 6071741                    /opt/java/openjdk/lib/server/libjvm.so
7f4f7d5d2000-7f4f7d60b000 rw-p 01203000 08:00 6071741                    /opt/java/openjdk/lib/server/libjvm.so
7f4f7d60b000-7f4f7d662000 rw-p 00000000 00:00 0 
7f4f7d662000-7f4f7d849000 r-xp 00000000 08:00 6062361                    /lib/x86_64-linux-gnu/libc-2.27.so
7f4f7d849000-7f4f7da49000 ---p 001e7000 08:00 6062361                    /lib/x86_64-linux-gnu/libc-2.27.so
7f4f7da49000-7f4f7da4d000 r--p 001e7000 08:00 6062361                    /lib/x86_64-linux-gnu/libc-2.27.so
7f4f7da4d000-7f4f7da4f000 rw-p 001eb000 08:00 6062361                    /lib/x86_64-linux-gnu/libc-2.27.so
7f4f7da4f000-7f4f7da53000 rw-p 00000000 00:00 0 
7f4f7da53000-7f4f7da56000 r-xp 00000000 08:00 6062371                    /lib/x86_64-linux-gnu/libdl-2.27.so
7f4f7da56000-7f4f7dc55000 ---p 00003000 08:00 6062371                    /lib/x86_64-linux-gnu/libdl-2.27.so
7f4f7dc55000-7f4f7dc56000 r--p 00002000 08:00 6062371                    /lib/x86_64-linux-gnu/libdl-2.27.so
7f4f7dc56000-7f4f7dc57000 rw-p 00003000 08:00 6062371                    /lib/x86_64-linux-gnu/libdl-2.27.so
7f4f7dc57000-7f4f7dc67000 r-xp 00000000 08:00 6071694                    /opt/java/openjdk/lib/jli/libjli.so
7f4f7dc67000-7f4f7de66000 ---p 00010000 08:00 6071694                    /opt/java/openjdk/lib/jli/libjli.so
7f4f7de66000-7f4f7de67000 r--p 0000f000 08:00 6071694                    /opt/java/openjdk/lib/jli/libjli.so
7f4f7de67000-7f4f7de68000 rw-p 00010000 08:00 6071694                    /opt/java/openjdk/lib/jli/libjli.so
7f4f7de68000-7f4f7de82000 r-xp 00000000 08:00 6062422                    /lib/x86_64-linux-gnu/libpthread-2.27.so
7f4f7de82000-7f4f7e081000 ---p 0001a000 08:00 6062422                    /lib/x86_64-linux-gnu/libpthread-2.27.so
7f4f7e081000-7f4f7e082000 r--p 00019000 08:00 6062422                    /lib/x86_64-linux-gnu/libpthread-2.27.so
7f4f7e082000-7f4f7e083000 rw-p 0001a000 08:00 6062422                    /lib/x86_64-linux-gnu/libpthread-2.27.so
7f4f7e083000-7f4f7e087000 rw-p 00000000 00:00 0 
7f4f7e087000-7f4f7e0a3000 r-xp 00000000 08:00 6062449                    /lib/x86_64-linux-gnu/libz.so.1.2.11
7f4f7e0a3000-7f4f7e2a2000 ---p 0001c000 08:00 6062449                    /lib/x86_64-linux-gnu/libz.so.1.2.11
7f4f7e2a2000-7f4f7e2a3000 r--p 0001b000 08:00 6062449                    /lib/x86_64-linux-gnu/libz.so.1.2.11
7f4f7e2a3000-7f4f7e2a4000 rw-p 0001c000 08:00 6062449                    /lib/x86_64-linux-gnu/libz.so.1.2.11
7f4f7e2a4000-7f4f7e2cb000 r-xp 00000000 08:00 6062343                    /lib/x86_64-linux-gnu/ld-2.27.so
7f4f7e2ce000-7f4f7e3af000 rw-p 00000000 00:00 0 
7f4f7e3af000-7f4f7e3b6000 ---p 00000000 00:00 0 
7f4f7e3b6000-7f4f7e3be000 rw-s 00000000 08:00 6573404                    /tmp/hsperfdata_root/582
7f4f7e3be000-7f4f7e3c2000 ---p 00000000 00:00 0 
7f4f7e3c2000-7f4f7e4c3000 rw-p 00000000 00:00 0 
7f4f7e4c9000-7f4f7e4ca000 ---p 00000000 00:00 0 
7f4f7e4ca000-7f4f7e4cb000 r--p 00000000 00:00 0 
7f4f7e4cb000-7f4f7e4cc000 r--p 00027000 08:00 6062343                    /lib/x86_64-linux-gnu/ld-2.27.so
7f4f7e4cc000-7f4f7e4cd000 rw-p 00028000 08:00 6062343                    /lib/x86_64-linux-gnu/ld-2.27.so
7f4f7e4cd000-7f4f7e4ce000 rw-p 00000000 00:00 0 
7fff3467d000-7fff3469e000 rw-p 00000000 00:00 0                          [stack]
7fff347dc000-7fff347e0000 r--p 00000000 00:00 0                          [vvar]
7fff347e0000-7fff347e2000 r-xp 00000000 00:00 0                          [vdso]
ffffffffff600000-ffffffffff601000 --xp 00000000 00:00 0                  [vsyscall]


VM Arguments:
java_command: DivaBotGuardian/DivaBotGuardian/DivaBotGuardian.jar 3
java_class_path (initial): DivaBotGuardian/DivaBotGuardian/DivaBotGuardian.jar
Launcher Type: SUN_STANDARD

[Global flags]
     intx CICompilerCount                          = 4                                         {product} {ergonomic}
     uint ConcGCThreads                            = 2                                         {product} {ergonomic}
     uint G1ConcRefinementThreads                  = 8                                         {product} {ergonomic}
   size_t G1HeapRegionSize                         = 1048576                                   {product} {ergonomic}
    uintx GCDrainStackTargetSize                   = 64                                        {product} {ergonomic}
   size_t InitialHeapSize                          = 262144000                                 {product} {ergonomic}
   size_t MarkStackSize                            = 4194304                                   {product} {ergonomic}
   size_t MaxHeapSize                              = 4194304000                                {product} {ergonomic}
   size_t MaxNewSize                               = 2516582400                                {product} {ergonomic}
   size_t MinHeapDeltaBytes                        = 1048576                                   {product} {ergonomic}
    uintx NonNMethodCodeHeapSize                   = 5836300                                {pd product} {ergonomic}
    uintx NonProfiledCodeHeapSize                  = 122910970                              {pd product} {ergonomic}
    uintx ProfiledCodeHeapSize                     = 122910970                              {pd product} {ergonomic}
    uintx ReservedCodeCacheSize                    = 251658240                              {pd product} {ergonomic}
     bool SegmentedCodeCache                       = true                                      {product} {ergonomic}
     bool UseCompressedClassPointers               = true                                 {lp64_product} {ergonomic}
     bool UseCompressedOops                        = true                                 {lp64_product} {ergonomic}
     bool UseG1GC                                  = true                                      {product} {ergonomic}

Logging:
Log output configuration:
 #0: stdout all=warning uptime,level,tags
 #1: stderr all=off uptime,level,tags

Environment Variables:
JAVA_HOME=/opt/java/openjdk
PATH=/opt/java/openjdk/bin:/usr/local/sbin:/usr/local/bin:/usr/sbin:/usr/bin:/sbin:/bin
LANG=en_US.UTF-8
LC_ALL=en_US.UTF-8

Signal Handlers:
SIGSEGV: [libjvm.so+0xe3c180], sa_mask[0]=11111111011111111101111111111110, sa_flags=SA_RESTART|SA_SIGINFO
SIGBUS: [libjvm.so+0xe3c180], sa_mask[0]=11111111011111111101111111111110, sa_flags=SA_RESTART|SA_SIGINFO
SIGFPE: [libjvm.so+0xe3c180], sa_mask[0]=11111111011111111101111111111110, sa_flags=SA_RESTART|SA_SIGINFO
SIGPIPE: [libjvm.so+0xc0d1f0], sa_mask[0]=11111111011111111101111111111110, sa_flags=SA_RESTART|SA_SIGINFO
SIGXFSZ: [libjvm.so+0xc0d1f0], sa_mask[0]=11111111011111111101111111111110, sa_flags=SA_RESTART|SA_SIGINFO
SIGILL: [libjvm.so+0xe3c180], sa_mask[0]=11111111011111111101111111111110, sa_flags=SA_RESTART|SA_SIGINFO
SIGUSR2: [libjvm.so+0xc0d090], sa_mask[0]=00000000000000000000000000000000, sa_flags=SA_RESTART|SA_SIGINFO
SIGHUP: [libjvm.so+0xc0d3f0], sa_mask[0]=11111111011111111101111111111110, sa_flags=SA_RESTART|SA_SIGINFO
SIGINT: SIG_IGN, sa_mask[0]=00000000000000000000000000000000, sa_flags=none
SIGTERM: [libjvm.so+0xc0d3f0], sa_mask[0]=11111111011111111101111111111110, sa_flags=SA_RESTART|SA_SIGINFO
SIGQUIT: [libjvm.so+0xc0d3f0], sa_mask[0]=11111111011111111101111111111110, sa_flags=SA_RESTART|SA_SIGINFO


---------------  S Y S T E M  ---------------

OS:DISTRIB_ID=Ubuntu
DISTRIB_RELEASE=18.04
DISTRIB_CODENAME=bionic
DISTRIB_DESCRIPTION="Ubuntu 18.04.4 LTS"
uname:Linux 5.6.14-x86_64-linode135 #1 SMP PREEMPT Fri May 22 14:57:20 UTC 2020 x86_64
OS uptime: 51 days 1:46 hours
libc:glibc 2.27 NPTL 2.27 
rlimit (soft/hard): STACK 8192k/infinity , CORE infinity/infinity , NPROC infinity/infinity , NOFILE 1048576/1048576 , AS infinity/infinity , CPU infinity/infinity , DATA infinity/infinity , FSIZE infinity/infinity , MEMLOCK 16384k/16384k
load average:0.75 0.64 0.75

/proc/meminfo:
MemTotal:       16379668 kB
MemFree:         3434920 kB
MemAvailable:   13605380 kB
Buffers:         2675408 kB
Cached:           792868 kB
SwapCached:        25020 kB
Active:          3578064 kB
Inactive:        1990456 kB
Active(anon):    1365884 kB
Inactive(anon):   744568 kB
Active(file):    2212180 kB
Inactive(file):  1245888 kB
Unevictable:           0 kB
Mlocked:               0 kB
SwapTotal:        524284 kB
SwapFree:           9708 kB
Dirty:              2164 kB
Writeback:             0 kB
AnonPages:       2075368 kB
Mapped:           176056 kB
Shmem:             31132 kB
KReclaimable:    7058628 kB
Slab:            7231284 kB
SReclaimable:    7058628 kB
SUnreclaim:       172656 kB
KernelStack:       11240 kB
PageTables:        27568 kB
NFS_Unstable:          0 kB
Bounce:                0 kB
WritebackTmp:          0 kB
CommitLimit:     8714116 kB
Committed_AS:    5833868 kB
VmallocTotal:   34359738367 kB
VmallocUsed:       22284 kB
VmallocChunk:          0 kB
Percpu:             6976 kB
HardwareCorrupted:     0 kB
AnonHugePages:         0 kB
ShmemHugePages:        0 kB
ShmemPmdMapped:        0 kB
FileHugePages:         0 kB
FilePmdMapped:         0 kB
HugePages_Total:       0
HugePages_Free:        0
HugePages_Rsvd:        0
HugePages_Surp:        0
Hugepagesize:       2048 kB
Hugetlb:               0 kB
DirectMap4k:    11671408 kB
DirectMap2M:     5105664 kB
DirectMap1G:     2097152 kB

/sys/kernel/mm/transparent_hugepage/enabled:
always [madvise] never

/sys/kernel/mm/transparent_hugepage/defrag (defrag/compaction efforts parameter):
always defer defer+madvise [madvise] never


/proc/sys/kernel/threads-max (system-wide limit on the number of threads):
127912


/proc/sys/vm/max_map_count (maximum number of memory map areas a process may have):
65530


/proc/sys/kernel/pid_max (system-wide limit on number of process identifiers):
32768



container (cgroup) information:
container_type: cgroupv1
cpu_cpuset_cpus: 0-7
cpu_memory_nodes: 0
active_processor_count: 8
cpu_quota: -1
cpu_period: 100000
cpu_shares: -1
memory_limit_in_bytes: -1
memory_and_swap_limit_in_bytes: -1
memory_soft_limit_in_bytes: -1
memory_usage_in_bytes: 480149504
memory_max_usage_in_bytes: 725614592

KVM virtualization detected
Steal ticks since vm start: 29
Steal ticks percentage since vm start:  0.001

CPU:total 8 (initial active 8) (1 cores per cpu, 1 threads per core) family 23 model 1 stepping 2, cmov, cx8, fxsr, mmx, sse, sse2, sse3, ssse3, sse4.1, sse4.2, popcnt, avx, avx2, aes, clmul, mmxext, 3dnowpref, lzcnt, sse4a, tsc, bmi1, bmi2, adx, sha, fma
CPU Model and flags from /proc/cpuinfo:
model name	: AMD EPYC 7601 32-Core Processor
flags		: fpu vme de pse tsc msr pae mce cx8 apic sep mtrr pge mca cmov pat pse36 clflush mmx fxsr sse sse2 syscall nx mmxext fxsr_opt pdpe1gb rdtscp lm rep_good nopl cpuid extd_apicid tsc_known_freq pni pclmulqdq ssse3 fma cx16 sse4_1 sse4_2 x2apic movbe popcnt tsc_deadline_timer aes xsave avx f16c rdrand hypervisor lahf_lm cmp_legacy cr8_legacy abm sse4a misalignsse 3dnowprefetch osvw perfctr_core ssbd ibpb vmmcall fsgsbase tsc_adjust bmi1 avx2 smep bmi2 rdseed adx smap clflushopt sha_ni xsaveopt xsavec xgetbv1 xsaves virt_ssbd arat

Memory: 4k page, physical 16379668k(3434416k free), swap 524284k(9708k free)

vm_info: OpenJDK 64-Bit Server VM (11.0.8+10) for linux-amd64 JRE (11.0.8+10), built on Jul 15 2020 09:02:55 by "" with gcc 7.5.0

END.
