#
# A fatal error has been detected by the Java Runtime Environment:
#
#  SIGSEGV (0xb) at pc=0x00007f211340b0c0, pid=3040, tid=3040
#
# JRE version: OpenJDK Runtime Environment AdoptOpenJDK (11.0.8+10) (build 11.0.8+10)
# Java VM: OpenJDK 64-Bit Server VM AdoptOpenJDK (11.0.8+10, mixed mode, tiered, compressed oops, g1 gc, linux-amd64)
# Problematic frame:
# V  [libjvm.so+0xc0d0c0]  SR_handler(int, siginfo*, ucontext*)+0x30
#
# Core dump will be written. Default location: /divabotguardian/core
#
# If you would like to submit a bug report, please visit:
#   https://github.com/AdoptOpenJDK/openjdk-support/issues
#

---------------  S U M M A R Y ------------

Command Line: DivaBotGuardian/DivaBotGuardian/DivaBotGuardian.jar 3

Host: AMD EPYC 7601 32-Core Processor, 8 cores, 15G, Debian GNU/Linux 9 (stretch)
Time: Mon Sep 28 06:06:38 2020 UTC elapsed time: 408 seconds (0d 0h 6m 48s)

---------------  T H R E A D  ---------------

Current thread is native thread

Stack: [0x00007ffe55ea3000,0x00007ffe566a2000],  sp=0x00007ffe5669ce40,  free space=8167k
Native frames: (J=compiled Java code, A=aot compiled Java code, j=interpreted, Vv=VM code, C=native code)
V  [libjvm.so+0xc0d0c0]  SR_handler(int, siginfo*, ucontext*)+0x30
C  [libpthread.so.0+0x110e0]


siginfo: si_signo: 11 (SIGSEGV), si_code: 1 (SEGV_MAPERR), si_addr: 0x00000000000000d0

Register to memory mapping:

RAX=0x0 is NULL
RBX=
[error occurred during error reporting (printing register info), id 0xb, SIGSEGV (0xb) at pc=0x00007f21135d1e37]

Registers:
RAX=0x0000000000000000, RBX=0x00007f2114a8fe18, RCX=0x00007f211444d6dd, RDX=0x0000000000000000
RSP=0x00007ffe5669ce40, RBP=0x00007ffe5669cef0, RSI=0x00007ffe5669d030, RDI=0x0000000000000001
R8 =0x00000000000000ca, R9 =0x00007f2114a8e9d0, R10=0x0000000000000000, R11=0x0000000000000246
R12=0x0000000000000000, R13=0x00007ffe5669d030, R14=0x00007ffe5669cf00, R15=0x00007f2114a8ed28
RIP=0x00007f211340b0c0, EFLAGS=0x0000000000010246, CSGSFS=0x002b000000000033, ERR=0x0000000000000004
  TRAPNO=0x000000000000000e

Top of Stack: (sp=0x00007ffe5669ce40)
0x00007ffe5669ce40:   0000000001e5cb59 00007f2113ca2038
0x00007ffe5669ce50:   00007ffe5669cf70 00007f2113c94d90
0x00007ffe5669ce60:   00007ffe5669ce94 00007ffe5669cf60
0x00007ffe5669ce70:   0000557d80d2b980 0000000000000009 

Instructions: (pc=0x00007f211340b0c0)
0x00007f211340afc0:   44 39 66 ff 48 8b 45 c8 64 48 33 04 25 28 00 00
0x00007f211340afd0:   00 0f 85 a7 00 00 00 48 81 c4 18 01 00 00 5b 41
0x00007f211340afe0:   5c 41 5d 41 5e 41 5f 5d c3 4c 89 e2 be 00 01 00
0x00007f211340aff0:   00 48 89 df e8 57 3a 66 ff 48 85 c0 74 9b 48 8d
0x00007f211340b000:   35 ea b8 32 00 48 89 df e8 3b 39 66 ff 48 85 c0
0x00007f211340b010:   75 1e 48 8d 35 eb b8 32 00 48 89 df e8 27 39 66
0x00007f211340b020:   ff 48 85 c0 0f 84 6f ff ff ff 66 0f 1f 44 00 00
0x00007f211340b030:   be 22 00 00 00 48 89 df e8 53 39 66 ff 48 85 c0
0x00007f211340b040:   74 26 48 8d 58 01 be 22 00 00 00 48 89 df e8 3d
0x00007f211340b050:   39 66 ff 48 85 c0 0f 85 4f ff ff ff e9 4d ff ff
0x00007f211340b060:   ff 0f 1f 80 00 00 00 00 48 89 df be 3d 00 00 00
0x00007f211340b070:   e8 1b 39 66 ff 48 8d 58 01 e9 1b ff ff ff e8 cd
0x00007f211340b080:   37 66 ff 0f 1f 00 66 2e 0f 1f 84 00 00 00 00 00
0x00007f211340b090:   55 48 89 e5 41 57 41 56 41 55 41 54 49 89 d6 53
0x00007f211340b0a0:   49 89 f5 48 81 ec 88 00 00 00 e8 89 3c 66 ff 48
0x00007f211340b0b0:   89 c3 44 8b 20 e8 46 57 1c 00 31 d2 84 c0 75 38
0x00007f211340b0c0:   48 83 ba d0 00 00 00 00 74 16 4c 8b ba 68 02 00
0x00007f211340b0d0:   00 41 8b 87 a8 00 00 00 83 f8 01 74 2b 44 89 23
0x00007f211340b0e0:   48 81 c4 88 00 00 00 5b 41 5c 41 5d 41 5e 41 5f
0x00007f211340b0f0:   5d c3 66 0f 1f 44 00 00 e8 13 57 1c 00 48 89 c2
0x00007f211340b100:   eb be 66 0f 1f 44 00 00 4d 89 af b0 00 00 00 4d
0x00007f211340b110:   8d af a8 00 00 00 4d 89 b7 b8 00 00 00 ba 02 00
0x00007f211340b120:   00 00 be 01 00 00 00 4c 89 ef e8 01 be ff ff 83
0x00007f211340b130:   f8 02 74 3c 85 c0 75 18 49 c7 87 b8 00 00 00 00
0x00007f211340b140:   00 00 00 49 c7 87 b0 00 00 00 00 00 00 00 eb 8d
0x00007f211340b150:   48 8d 05 51 a9 7f 00 48 8d 3d ba c0 32 00 be 7d
0x00007f211340b160:   11 00 00 48 8b 00 c6 00 58 e8 82 13 a8 ff eb c8
0x00007f211340b170:   4c 8d b5 50 ff ff ff 4c 89 f7 e8 d9 39 66 ff 4c
0x00007f211340b180:   89 f2 31 f6 31 ff e8 55 3a 66 ff 8b 35 1f 4a 81
0x00007f211340b190:   00 4c 89 f7 e8 27 38 66 ff 48 8d 3d c0 85 85 00
0x00007f211340b1a0:   be 01 00 00 00 e8 16 89 0d 00 66 0f 1f 44 00 00
0x00007f211340b1b0:   4c 89 f7 e8 b0 3b 66 ff 31 d2 be 03 00 00 00 4c 


Stack slot to memory mapping:
stack at sp + 0 slots: 
[error occurred during error reporting (inspecting top of stack), id 0xb, SIGSEGV (0xb) at pc=0x00007f21135d1e37]


---------------  P R O C E S S  ---------------

VM state:not at safepoint (normal execution)

VM Mutex/Monitor currently owned by a thread: None

Heap address: 0x0000000706000000, size: 4000 MB, Compressed Oops mode: Zero based, Oop shift amount: 3
Narrow klass base: 0x0000000800000000, Narrow klass shift: 0
Compressed class space size: 1073741824 Address: 0x0000000800000000

Heap:
 garbage-first heap   total 256000K, used 57069K [0x0000000706000000, 0x0000000800000000)
  region size 1024K, 35 young (35840K), 1 survivors (1024K)
 Metaspace       used 9362K, capacity 9644K, committed 9856K, reserved 1058816K
  class space    used 969K, capacity 1085K, committed 1152K, reserved 1048576K
Heap Regions: E=young(eden), S=young(survivor), O=old, HS=humongous(starts), HC=humongous(continues), CS=collection set, F=free, A=archive, TAMS=top-at-mark-start (previous, next)
|   0|0x0000000706000000, 0x0000000706100000, 0x0000000706100000|100%|HS|  |TAMS 0x0000000706000000, 0x0000000706000000| Complete 
|   1|0x0000000706100000, 0x0000000706200000, 0x0000000706200000|100%|HC|  |TAMS 0x0000000706100000, 0x0000000706100000| Complete 
|   2|0x0000000706200000, 0x0000000706300000, 0x0000000706300000|100%|HC|  |TAMS 0x0000000706200000, 0x0000000706200000| Complete 
|   3|0x0000000706300000, 0x0000000706400000, 0x0000000706400000|100%|HS|  |TAMS 0x0000000706300000, 0x0000000706300000| Complete 
|   4|0x0000000706400000, 0x0000000706500000, 0x0000000706500000|100%|HC|  |TAMS 0x0000000706400000, 0x0000000706400000| Complete 
|   5|0x0000000706500000, 0x0000000706600000, 0x0000000706600000|100%|HC|  |TAMS 0x0000000706500000, 0x0000000706500000| Complete 
|   6|0x0000000706600000, 0x0000000706700000, 0x0000000706700000|100%|HS|  |TAMS 0x0000000706600000, 0x0000000706600000| Complete 
|   7|0x0000000706700000, 0x0000000706800000, 0x0000000706800000|100%|HC|  |TAMS 0x0000000706700000, 0x0000000706700000| Complete 
|   8|0x0000000706800000, 0x0000000706900000, 0x0000000706900000|100%|HC|  |TAMS 0x0000000706800000, 0x0000000706800000| Complete 
|   9|0x0000000706900000, 0x0000000706a00000, 0x0000000706a00000|100%|HS|  |TAMS 0x0000000706900000, 0x0000000706900000| Complete 
|  10|0x0000000706a00000, 0x0000000706b00000, 0x0000000706b00000|100%|HC|  |TAMS 0x0000000706a00000, 0x0000000706a00000| Complete 
|  11|0x0000000706b00000, 0x0000000706c00000, 0x0000000706c00000|100%|HC|  |TAMS 0x0000000706b00000, 0x0000000706b00000| Complete 
|  12|0x0000000706c00000, 0x0000000706d00000, 0x0000000706d00000|100%|HS|  |TAMS 0x0000000706c00000, 0x0000000706c00000| Complete 
|  13|0x0000000706d00000, 0x0000000706e00000, 0x0000000706e00000|100%|HC|  |TAMS 0x0000000706d00000, 0x0000000706d00000| Complete 
|  14|0x0000000706e00000, 0x0000000706f00000, 0x0000000706f00000|100%|HC|  |TAMS 0x0000000706e00000, 0x0000000706e00000| Complete 
|  15|0x0000000706f00000, 0x0000000707000000, 0x0000000707000000|100%|HS|  |TAMS 0x0000000706f00000, 0x0000000706f00000| Complete 
|  16|0x0000000707000000, 0x0000000707100000, 0x0000000707100000|100%|HC|  |TAMS 0x0000000707000000, 0x0000000707000000| Complete 
|  17|0x0000000707100000, 0x0000000707200000, 0x0000000707200000|100%|HC|  |TAMS 0x0000000707100000, 0x0000000707100000| Complete 
|  18|0x0000000707200000, 0x0000000707200000, 0x0000000707300000|  0%| F|  |TAMS 0x0000000707200000, 0x0000000707200000| Untracked 
|  19|0x0000000707300000, 0x0000000707300000, 0x0000000707400000|  0%| F|  |TAMS 0x0000000707300000, 0x0000000707300000| Untracked 
|  20|0x0000000707400000, 0x0000000707400000, 0x0000000707500000|  0%| F|  |TAMS 0x0000000707400000, 0x0000000707400000| Untracked 
|  21|0x0000000707500000, 0x0000000707500000, 0x0000000707600000|  0%| F|  |TAMS 0x0000000707500000, 0x0000000707500000| Untracked 
|  22|0x0000000707600000, 0x0000000707600000, 0x0000000707700000|  0%| F|  |TAMS 0x0000000707600000, 0x0000000707600000| Untracked 
|  23|0x0000000707700000, 0x0000000707700000, 0x0000000707800000|  0%| F|  |TAMS 0x0000000707700000, 0x0000000707700000| Untracked 
|  24|0x0000000707800000, 0x0000000707800000, 0x0000000707900000|  0%| F|  |TAMS 0x0000000707800000, 0x0000000707800000| Untracked 
|  25|0x0000000707900000, 0x0000000707900000, 0x0000000707a00000|  0%| F|  |TAMS 0x0000000707900000, 0x0000000707900000| Untracked 
|  26|0x0000000707a00000, 0x0000000707a00000, 0x0000000707b00000|  0%| F|  |TAMS 0x0000000707a00000, 0x0000000707a00000| Untracked 
|  27|0x0000000707b00000, 0x0000000707b00000, 0x0000000707c00000|  0%| F|  |TAMS 0x0000000707b00000, 0x0000000707b00000| Untracked 
|  28|0x0000000707c00000, 0x0000000707c00000, 0x0000000707d00000|  0%| F|  |TAMS 0x0000000707c00000, 0x0000000707c00000| Untracked 
|  29|0x0000000707d00000, 0x0000000707d00000, 0x0000000707e00000|  0%| F|  |TAMS 0x0000000707d00000, 0x0000000707d00000| Untracked 
|  30|0x0000000707e00000, 0x0000000707e00000, 0x0000000707f00000|  0%| F|  |TAMS 0x0000000707e00000, 0x0000000707e00000| Untracked 
|  31|0x0000000707f00000, 0x0000000707f00000, 0x0000000708000000|  0%| F|  |TAMS 0x0000000707f00000, 0x0000000707f00000| Untracked 
|  32|0x0000000708000000, 0x0000000708000000, 0x0000000708100000|  0%| F|  |TAMS 0x0000000708000000, 0x0000000708000000| Untracked 
|  33|0x0000000708100000, 0x0000000708100000, 0x0000000708200000|  0%| F|  |TAMS 0x0000000708100000, 0x0000000708100000| Untracked 
|  34|0x0000000708200000, 0x0000000708200000, 0x0000000708300000|  0%| F|  |TAMS 0x0000000708200000, 0x0000000708200000| Untracked 
|  35|0x0000000708300000, 0x0000000708300000, 0x0000000708400000|  0%| F|  |TAMS 0x0000000708300000, 0x0000000708300000| Untracked 
|  36|0x0000000708400000, 0x0000000708400000, 0x0000000708500000|  0%| F|  |TAMS 0x0000000708400000, 0x0000000708400000| Untracked 
|  37|0x0000000708500000, 0x0000000708500000, 0x0000000708600000|  0%| F|  |TAMS 0x0000000708500000, 0x0000000708500000| Untracked 
|  38|0x0000000708600000, 0x0000000708600000, 0x0000000708700000|  0%| F|  |TAMS 0x0000000708600000, 0x0000000708600000| Untracked 
|  39|0x0000000708700000, 0x0000000708700000, 0x0000000708800000|  0%| F|  |TAMS 0x0000000708700000, 0x0000000708700000| Untracked 
|  40|0x0000000708800000, 0x0000000708800000, 0x0000000708900000|  0%| F|  |TAMS 0x0000000708800000, 0x0000000708800000| Untracked 
|  41|0x0000000708900000, 0x0000000708900000, 0x0000000708a00000|  0%| F|  |TAMS 0x0000000708900000, 0x0000000708900000| Untracked 
|  42|0x0000000708a00000, 0x0000000708a00000, 0x0000000708b00000|  0%| F|  |TAMS 0x0000000708a00000, 0x0000000708a00000| Untracked 
|  43|0x0000000708b00000, 0x0000000708b00000, 0x0000000708c00000|  0%| F|  |TAMS 0x0000000708b00000, 0x0000000708b00000| Untracked 
|  44|0x0000000708c00000, 0x0000000708c00000, 0x0000000708d00000|  0%| F|  |TAMS 0x0000000708c00000, 0x0000000708c00000| Untracked 
|  45|0x0000000708d00000, 0x0000000708d00000, 0x0000000708e00000|  0%| F|  |TAMS 0x0000000708d00000, 0x0000000708d00000| Untracked 
|  46|0x0000000708e00000, 0x0000000708e00000, 0x0000000708f00000|  0%| F|  |TAMS 0x0000000708e00000, 0x0000000708e00000| Untracked 
|  47|0x0000000708f00000, 0x0000000708f00000, 0x0000000709000000|  0%| F|  |TAMS 0x0000000708f00000, 0x0000000708f00000| Untracked 
|  48|0x0000000709000000, 0x0000000709000000, 0x0000000709100000|  0%| F|  |TAMS 0x0000000709000000, 0x0000000709000000| Untracked 
|  49|0x0000000709100000, 0x0000000709100000, 0x0000000709200000|  0%| F|  |TAMS 0x0000000709100000, 0x0000000709100000| Untracked 
|  50|0x0000000709200000, 0x0000000709200000, 0x0000000709300000|  0%| F|  |TAMS 0x0000000709200000, 0x0000000709200000| Untracked 
|  51|0x0000000709300000, 0x0000000709300000, 0x0000000709400000|  0%| F|  |TAMS 0x0000000709300000, 0x0000000709300000| Untracked 
|  52|0x0000000709400000, 0x0000000709400000, 0x0000000709500000|  0%| F|  |TAMS 0x0000000709400000, 0x0000000709400000| Untracked 
|  53|0x0000000709500000, 0x0000000709500000, 0x0000000709600000|  0%| F|  |TAMS 0x0000000709500000, 0x0000000709500000| Untracked 
|  54|0x0000000709600000, 0x0000000709600000, 0x0000000709700000|  0%| F|  |TAMS 0x0000000709600000, 0x0000000709600000| Untracked 
|  55|0x0000000709700000, 0x0000000709700000, 0x0000000709800000|  0%| F|  |TAMS 0x0000000709700000, 0x0000000709700000| Untracked 
|  56|0x0000000709800000, 0x0000000709800000, 0x0000000709900000|  0%| F|  |TAMS 0x0000000709800000, 0x0000000709800000| Untracked 
|  57|0x0000000709900000, 0x0000000709900000, 0x0000000709a00000|  0%| F|  |TAMS 0x0000000709900000, 0x0000000709900000| Untracked 
|  58|0x0000000709a00000, 0x0000000709a00000, 0x0000000709b00000|  0%| F|  |TAMS 0x0000000709a00000, 0x0000000709a00000| Untracked 
|  59|0x0000000709b00000, 0x0000000709b00000, 0x0000000709c00000|  0%| F|  |TAMS 0x0000000709b00000, 0x0000000709b00000| Untracked 
|  60|0x0000000709c00000, 0x0000000709c00000, 0x0000000709d00000|  0%| F|  |TAMS 0x0000000709c00000, 0x0000000709c00000| Untracked 
|  61|0x0000000709d00000, 0x0000000709d00000, 0x0000000709e00000|  0%| F|  |TAMS 0x0000000709d00000, 0x0000000709d00000| Untracked 
|  62|0x0000000709e00000, 0x0000000709e00000, 0x0000000709f00000|  0%| F|  |TAMS 0x0000000709e00000, 0x0000000709e00000| Untracked 
|  63|0x0000000709f00000, 0x0000000709f00000, 0x000000070a000000|  0%| F|  |TAMS 0x0000000709f00000, 0x0000000709f00000| Untracked 
|  64|0x000000070a000000, 0x000000070a000000, 0x000000070a100000|  0%| F|  |TAMS 0x000000070a000000, 0x000000070a000000| Untracked 
|  65|0x000000070a100000, 0x000000070a100000, 0x000000070a200000|  0%| F|  |TAMS 0x000000070a100000, 0x000000070a100000| Untracked 
|  66|0x000000070a200000, 0x000000070a200000, 0x000000070a300000|  0%| F|  |TAMS 0x000000070a200000, 0x000000070a200000| Untracked 
|  67|0x000000070a300000, 0x000000070a300000, 0x000000070a400000|  0%| F|  |TAMS 0x000000070a300000, 0x000000070a300000| Untracked 
|  68|0x000000070a400000, 0x000000070a400000, 0x000000070a500000|  0%| F|  |TAMS 0x000000070a400000, 0x000000070a400000| Untracked 
|  69|0x000000070a500000, 0x000000070a500000, 0x000000070a600000|  0%| F|  |TAMS 0x000000070a500000, 0x000000070a500000| Untracked 
|  70|0x000000070a600000, 0x000000070a600000, 0x000000070a700000|  0%| F|  |TAMS 0x000000070a600000, 0x000000070a600000| Untracked 
|  71|0x000000070a700000, 0x000000070a700000, 0x000000070a800000|  0%| F|  |TAMS 0x000000070a700000, 0x000000070a700000| Untracked 
|  72|0x000000070a800000, 0x000000070a800000, 0x000000070a900000|  0%| F|  |TAMS 0x000000070a800000, 0x000000070a800000| Untracked 
|  73|0x000000070a900000, 0x000000070a900000, 0x000000070aa00000|  0%| F|  |TAMS 0x000000070a900000, 0x000000070a900000| Untracked 
|  74|0x000000070aa00000, 0x000000070aa00000, 0x000000070ab00000|  0%| F|  |TAMS 0x000000070aa00000, 0x000000070aa00000| Untracked 
|  75|0x000000070ab00000, 0x000000070ab00000, 0x000000070ac00000|  0%| F|  |TAMS 0x000000070ab00000, 0x000000070ab00000| Untracked 
|  76|0x000000070ac00000, 0x000000070ac00000, 0x000000070ad00000|  0%| F|  |TAMS 0x000000070ac00000, 0x000000070ac00000| Untracked 
|  77|0x000000070ad00000, 0x000000070ad00000, 0x000000070ae00000|  0%| F|  |TAMS 0x000000070ad00000, 0x000000070ad00000| Untracked 
|  78|0x000000070ae00000, 0x000000070ae00000, 0x000000070af00000|  0%| F|  |TAMS 0x000000070ae00000, 0x000000070ae00000| Untracked 
|  79|0x000000070af00000, 0x000000070af00000, 0x000000070b000000|  0%| F|  |TAMS 0x000000070af00000, 0x000000070af00000| Untracked 
|  80|0x000000070b000000, 0x000000070b000000, 0x000000070b100000|  0%| F|  |TAMS 0x000000070b000000, 0x000000070b000000| Untracked 
|  81|0x000000070b100000, 0x000000070b100000, 0x000000070b200000|  0%| F|  |TAMS 0x000000070b100000, 0x000000070b100000| Untracked 
|  82|0x000000070b200000, 0x000000070b200000, 0x000000070b300000|  0%| F|  |TAMS 0x000000070b200000, 0x000000070b200000| Untracked 
|  83|0x000000070b300000, 0x000000070b300000, 0x000000070b400000|  0%| F|  |TAMS 0x000000070b300000, 0x000000070b300000| Untracked 
|  84|0x000000070b400000, 0x000000070b500000, 0x000000070b500000|100%|HS|  |TAMS 0x000000070b400000, 0x000000070b400000| Complete 
|  85|0x000000070b500000, 0x000000070b600000, 0x000000070b600000|100%|HC|  |TAMS 0x000000070b500000, 0x000000070b500000| Complete 
|  86|0x000000070b600000, 0x000000070b700000, 0x000000070b700000|100%|HC|  |TAMS 0x000000070b600000, 0x000000070b600000| Complete 
|  87|0x000000070b700000, 0x000000070b700000, 0x000000070b800000|  0%| F|  |TAMS 0x000000070b700000, 0x000000070b700000| Untracked 
|  88|0x000000070b800000, 0x000000070b800000, 0x000000070b900000|  0%| F|  |TAMS 0x000000070b800000, 0x000000070b800000| Untracked 
|  89|0x000000070b900000, 0x000000070b900000, 0x000000070ba00000|  0%| F|  |TAMS 0x000000070b900000, 0x000000070b900000| Untracked 
|  90|0x000000070ba00000, 0x000000070bb00000, 0x000000070bb00000|100%| O|  |TAMS 0x000000070ba00000, 0x000000070ba00000| Untracked 
|  91|0x000000070bb00000, 0x000000070bbae800, 0x000000070bc00000| 68%| O|  |TAMS 0x000000070bb00000, 0x000000070bb00000| Untracked 
|  92|0x000000070bc00000, 0x000000070bc00000, 0x000000070bd00000|  0%| F|  |TAMS 0x000000070bc00000, 0x000000070bc00000| Untracked 
|  93|0x000000070bd00000, 0x000000070bd00000, 0x000000070be00000|  0%| F|  |TAMS 0x000000070bd00000, 0x000000070bd00000| Untracked 
|  94|0x000000070be00000, 0x000000070be00000, 0x000000070bf00000|  0%| F|  |TAMS 0x000000070be00000, 0x000000070be00000| Untracked 
|  95|0x000000070bf00000, 0x000000070bf00000, 0x000000070c000000|  0%| F|  |TAMS 0x000000070bf00000, 0x000000070bf00000| Untracked 
|  96|0x000000070c000000, 0x000000070c000000, 0x000000070c100000|  0%| F|  |TAMS 0x000000070c000000, 0x000000070c000000| Untracked 
|  97|0x000000070c100000, 0x000000070c100000, 0x000000070c200000|  0%| F|  |TAMS 0x000000070c100000, 0x000000070c100000| Untracked 
|  98|0x000000070c200000, 0x000000070c200000, 0x000000070c300000|  0%| F|  |TAMS 0x000000070c200000, 0x000000070c200000| Untracked 
|  99|0x000000070c300000, 0x000000070c300000, 0x000000070c400000|  0%| F|  |TAMS 0x000000070c300000, 0x000000070c300000| Untracked 
| 100|0x000000070c400000, 0x000000070c40cff0, 0x000000070c500000|  5%| S|CS|TAMS 0x000000070c400000, 0x000000070c400000| Complete 
| 101|0x000000070c500000, 0x000000070c500000, 0x000000070c600000|  0%| F|  |TAMS 0x000000070c500000, 0x000000070c500000| Untracked 
| 102|0x000000070c600000, 0x000000070c600000, 0x000000070c700000|  0%| F|  |TAMS 0x000000070c600000, 0x000000070c600000| Untracked 
| 103|0x000000070c700000, 0x000000070c700000, 0x000000070c800000|  0%| F|  |TAMS 0x000000070c700000, 0x000000070c700000| Untracked 
| 104|0x000000070c800000, 0x000000070c800000, 0x000000070c900000|  0%| F|  |TAMS 0x000000070c800000, 0x000000070c800000| Untracked 
| 105|0x000000070c900000, 0x000000070c900000, 0x000000070ca00000|  0%| F|  |TAMS 0x000000070c900000, 0x000000070c900000| Untracked 
| 106|0x000000070ca00000, 0x000000070ca00000, 0x000000070cb00000|  0%| F|  |TAMS 0x000000070ca00000, 0x000000070ca00000| Untracked 
| 107|0x000000070cb00000, 0x000000070cb00000, 0x000000070cc00000|  0%| F|  |TAMS 0x000000070cb00000, 0x000000070cb00000| Untracked 
| 108|0x000000070cc00000, 0x000000070cc00000, 0x000000070cd00000|  0%| F|  |TAMS 0x000000070cc00000, 0x000000070cc00000| Untracked 
| 109|0x000000070cd00000, 0x000000070cd00000, 0x000000070ce00000|  0%| F|  |TAMS 0x000000070cd00000, 0x000000070cd00000| Untracked 
| 110|0x000000070ce00000, 0x000000070ce00000, 0x000000070cf00000|  0%| F|  |TAMS 0x000000070ce00000, 0x000000070ce00000| Untracked 
| 111|0x000000070cf00000, 0x000000070cf00000, 0x000000070d000000|  0%| F|  |TAMS 0x000000070cf00000, 0x000000070cf00000| Untracked 
| 112|0x000000070d000000, 0x000000070d000000, 0x000000070d100000|  0%| F|  |TAMS 0x000000070d000000, 0x000000070d000000| Untracked 
| 113|0x000000070d100000, 0x000000070d100000, 0x000000070d200000|  0%| F|  |TAMS 0x000000070d100000, 0x000000070d100000| Untracked 
| 114|0x000000070d200000, 0x000000070d200000, 0x000000070d300000|  0%| F|  |TAMS 0x000000070d200000, 0x000000070d200000| Untracked 
| 115|0x000000070d300000, 0x000000070d300000, 0x000000070d400000|  0%| F|  |TAMS 0x000000070d300000, 0x000000070d300000| Untracked 
| 116|0x000000070d400000, 0x000000070d400000, 0x000000070d500000|  0%| F|  |TAMS 0x000000070d400000, 0x000000070d400000| Untracked 
| 117|0x000000070d500000, 0x000000070d500000, 0x000000070d600000|  0%| F|  |TAMS 0x000000070d500000, 0x000000070d500000| Untracked 
| 118|0x000000070d600000, 0x000000070d600000, 0x000000070d700000|  0%| F|  |TAMS 0x000000070d600000, 0x000000070d600000| Untracked 
| 119|0x000000070d700000, 0x000000070d700000, 0x000000070d800000|  0%| F|  |TAMS 0x000000070d700000, 0x000000070d700000| Untracked 
| 120|0x000000070d800000, 0x000000070d800000, 0x000000070d900000|  0%| F|  |TAMS 0x000000070d800000, 0x000000070d800000| Untracked 
| 121|0x000000070d900000, 0x000000070d900000, 0x000000070da00000|  0%| F|  |TAMS 0x000000070d900000, 0x000000070d900000| Untracked 
| 122|0x000000070da00000, 0x000000070da00000, 0x000000070db00000|  0%| F|  |TAMS 0x000000070da00000, 0x000000070da00000| Untracked 
| 123|0x000000070db00000, 0x000000070db00000, 0x000000070dc00000|  0%| F|  |TAMS 0x000000070db00000, 0x000000070db00000| Untracked 
| 124|0x000000070dc00000, 0x000000070dc00000, 0x000000070dd00000|  0%| F|  |TAMS 0x000000070dc00000, 0x000000070dc00000| Untracked 
| 125|0x000000070dd00000, 0x000000070dd00000, 0x000000070de00000|  0%| F|  |TAMS 0x000000070dd00000, 0x000000070dd00000| Untracked 
| 126|0x000000070de00000, 0x000000070de00000, 0x000000070df00000|  0%| F|  |TAMS 0x000000070de00000, 0x000000070de00000| Untracked 
| 127|0x000000070df00000, 0x000000070df00000, 0x000000070e000000|  0%| F|  |TAMS 0x000000070df00000, 0x000000070df00000| Untracked 
| 128|0x000000070e000000, 0x000000070e000000, 0x000000070e100000|  0%| F|  |TAMS 0x000000070e000000, 0x000000070e000000| Untracked 
| 129|0x000000070e100000, 0x000000070e100000, 0x000000070e200000|  0%| F|  |TAMS 0x000000070e100000, 0x000000070e100000| Untracked 
| 130|0x000000070e200000, 0x000000070e200000, 0x000000070e300000|  0%| F|  |TAMS 0x000000070e200000, 0x000000070e200000| Untracked 
| 131|0x000000070e300000, 0x000000070e300000, 0x000000070e400000|  0%| F|  |TAMS 0x000000070e300000, 0x000000070e300000| Untracked 
| 132|0x000000070e400000, 0x000000070e400000, 0x000000070e500000|  0%| F|  |TAMS 0x000000070e400000, 0x000000070e400000| Untracked 
| 133|0x000000070e500000, 0x000000070e500000, 0x000000070e600000|  0%| F|  |TAMS 0x000000070e500000, 0x000000070e500000| Untracked 
| 134|0x000000070e600000, 0x000000070e600000, 0x000000070e700000|  0%| F|  |TAMS 0x000000070e600000, 0x000000070e600000| Untracked 
| 135|0x000000070e700000, 0x000000070e700000, 0x000000070e800000|  0%| F|  |TAMS 0x000000070e700000, 0x000000070e700000| Untracked 
| 136|0x000000070e800000, 0x000000070e800000, 0x000000070e900000|  0%| F|  |TAMS 0x000000070e800000, 0x000000070e800000| Untracked 
| 137|0x000000070e900000, 0x000000070e900000, 0x000000070ea00000|  0%| F|  |TAMS 0x000000070e900000, 0x000000070e900000| Untracked 
| 138|0x000000070ea00000, 0x000000070ea00000, 0x000000070eb00000|  0%| F|  |TAMS 0x000000070ea00000, 0x000000070ea00000| Untracked 
| 139|0x000000070eb00000, 0x000000070eb00000, 0x000000070ec00000|  0%| F|  |TAMS 0x000000070eb00000, 0x000000070eb00000| Untracked 
| 140|0x000000070ec00000, 0x000000070ec00000, 0x000000070ed00000|  0%| F|  |TAMS 0x000000070ec00000, 0x000000070ec00000| Untracked 
| 141|0x000000070ed00000, 0x000000070ed00000, 0x000000070ee00000|  0%| F|  |TAMS 0x000000070ed00000, 0x000000070ed00000| Untracked 
| 142|0x000000070ee00000, 0x000000070ee00000, 0x000000070ef00000|  0%| F|  |TAMS 0x000000070ee00000, 0x000000070ee00000| Untracked 
| 143|0x000000070ef00000, 0x000000070ef00000, 0x000000070f000000|  0%| F|  |TAMS 0x000000070ef00000, 0x000000070ef00000| Untracked 
| 144|0x000000070f000000, 0x000000070f000000, 0x000000070f100000|  0%| F|  |TAMS 0x000000070f000000, 0x000000070f000000| Untracked 
| 145|0x000000070f100000, 0x000000070f100000, 0x000000070f200000|  0%| F|  |TAMS 0x000000070f100000, 0x000000070f100000| Untracked 
| 146|0x000000070f200000, 0x000000070f200000, 0x000000070f300000|  0%| F|  |TAMS 0x000000070f200000, 0x000000070f200000| Untracked 
| 147|0x000000070f300000, 0x000000070f300000, 0x000000070f400000|  0%| F|  |TAMS 0x000000070f300000, 0x000000070f300000| Untracked 
| 148|0x000000070f400000, 0x000000070f400000, 0x000000070f500000|  0%| F|  |TAMS 0x000000070f400000, 0x000000070f400000| Untracked 
| 149|0x000000070f500000, 0x000000070f500000, 0x000000070f600000|  0%| F|  |TAMS 0x000000070f500000, 0x000000070f500000| Untracked 
| 150|0x000000070f600000, 0x000000070f600000, 0x000000070f700000|  0%| F|  |TAMS 0x000000070f600000, 0x000000070f600000| Untracked 
| 151|0x000000070f700000, 0x000000070f700000, 0x000000070f800000|  0%| F|  |TAMS 0x000000070f700000, 0x000000070f700000| Untracked 
| 152|0x000000070f800000, 0x000000070f800000, 0x000000070f900000|  0%| F|  |TAMS 0x000000070f800000, 0x000000070f800000| Untracked 
| 153|0x000000070f900000, 0x000000070f900000, 0x000000070fa00000|  0%| F|  |TAMS 0x000000070f900000, 0x000000070f900000| Untracked 
| 154|0x000000070fa00000, 0x000000070fa00000, 0x000000070fb00000|  0%| F|  |TAMS 0x000000070fa00000, 0x000000070fa00000| Untracked 
| 155|0x000000070fb00000, 0x000000070fb00000, 0x000000070fc00000|  0%| F|  |TAMS 0x000000070fb00000, 0x000000070fb00000| Untracked 
| 156|0x000000070fc00000, 0x000000070fc00000, 0x000000070fd00000|  0%| F|  |TAMS 0x000000070fc00000, 0x000000070fc00000| Untracked 
| 157|0x000000070fd00000, 0x000000070fd00000, 0x000000070fe00000|  0%| F|  |TAMS 0x000000070fd00000, 0x000000070fd00000| Untracked 
| 158|0x000000070fe00000, 0x000000070fe00000, 0x000000070ff00000|  0%| F|  |TAMS 0x000000070fe00000, 0x000000070fe00000| Untracked 
| 159|0x000000070ff00000, 0x000000070ff00000, 0x0000000710000000|  0%| F|  |TAMS 0x000000070ff00000, 0x000000070ff00000| Untracked 
| 160|0x0000000710000000, 0x0000000710000000, 0x0000000710100000|  0%| F|  |TAMS 0x0000000710000000, 0x0000000710000000| Untracked 
| 161|0x0000000710100000, 0x0000000710100000, 0x0000000710200000|  0%| F|  |TAMS 0x0000000710100000, 0x0000000710100000| Untracked 
| 162|0x0000000710200000, 0x0000000710200000, 0x0000000710300000|  0%| F|  |TAMS 0x0000000710200000, 0x0000000710200000| Untracked 
| 163|0x0000000710300000, 0x0000000710300000, 0x0000000710400000|  0%| F|  |TAMS 0x0000000710300000, 0x0000000710300000| Untracked 
| 164|0x0000000710400000, 0x0000000710400000, 0x0000000710500000|  0%| F|  |TAMS 0x0000000710400000, 0x0000000710400000| Untracked 
| 165|0x0000000710500000, 0x0000000710500000, 0x0000000710600000|  0%| F|  |TAMS 0x0000000710500000, 0x0000000710500000| Untracked 
| 166|0x0000000710600000, 0x0000000710600000, 0x0000000710700000|  0%| F|  |TAMS 0x0000000710600000, 0x0000000710600000| Untracked 
| 167|0x0000000710700000, 0x0000000710700000, 0x0000000710800000|  0%| F|  |TAMS 0x0000000710700000, 0x0000000710700000| Untracked 
| 168|0x0000000710800000, 0x0000000710800000, 0x0000000710900000|  0%| F|  |TAMS 0x0000000710800000, 0x0000000710800000| Untracked 
| 169|0x0000000710900000, 0x0000000710900000, 0x0000000710a00000|  0%| F|  |TAMS 0x0000000710900000, 0x0000000710900000| Untracked 
| 170|0x0000000710a00000, 0x0000000710a00000, 0x0000000710b00000|  0%| F|  |TAMS 0x0000000710a00000, 0x0000000710a00000| Untracked 
| 171|0x0000000710b00000, 0x0000000710b00000, 0x0000000710c00000|  0%| F|  |TAMS 0x0000000710b00000, 0x0000000710b00000| Untracked 
| 172|0x0000000710c00000, 0x0000000710c00000, 0x0000000710d00000|  0%| F|  |TAMS 0x0000000710c00000, 0x0000000710c00000| Untracked 
| 173|0x0000000710d00000, 0x0000000710d00000, 0x0000000710e00000|  0%| F|  |TAMS 0x0000000710d00000, 0x0000000710d00000| Untracked 
| 174|0x0000000710e00000, 0x0000000710e00000, 0x0000000710f00000|  0%| F|  |TAMS 0x0000000710e00000, 0x0000000710e00000| Untracked 
| 175|0x0000000710f00000, 0x0000000710f00000, 0x0000000711000000|  0%| F|  |TAMS 0x0000000710f00000, 0x0000000710f00000| Untracked 
| 176|0x0000000711000000, 0x0000000711000000, 0x0000000711100000|  0%| F|  |TAMS 0x0000000711000000, 0x0000000711000000| Untracked 
| 177|0x0000000711100000, 0x0000000711100000, 0x0000000711200000|  0%| F|  |TAMS 0x0000000711100000, 0x0000000711100000| Untracked 
| 178|0x0000000711200000, 0x0000000711200000, 0x0000000711300000|  0%| F|  |TAMS 0x0000000711200000, 0x0000000711200000| Untracked 
| 179|0x0000000711300000, 0x0000000711300000, 0x0000000711400000|  0%| F|  |TAMS 0x0000000711300000, 0x0000000711300000| Untracked 
| 180|0x0000000711400000, 0x0000000711400000, 0x0000000711500000|  0%| F|  |TAMS 0x0000000711400000, 0x0000000711400000| Untracked 
| 181|0x0000000711500000, 0x0000000711500000, 0x0000000711600000|  0%| F|  |TAMS 0x0000000711500000, 0x0000000711500000| Untracked 
| 182|0x0000000711600000, 0x0000000711600000, 0x0000000711700000|  0%| F|  |TAMS 0x0000000711600000, 0x0000000711600000| Untracked 
| 183|0x0000000711700000, 0x0000000711700000, 0x0000000711800000|  0%| F|  |TAMS 0x0000000711700000, 0x0000000711700000| Untracked 
| 184|0x0000000711800000, 0x0000000711800000, 0x0000000711900000|  0%| F|  |TAMS 0x0000000711800000, 0x0000000711800000| Untracked 
| 185|0x0000000711900000, 0x0000000711900000, 0x0000000711a00000|  0%| F|  |TAMS 0x0000000711900000, 0x0000000711900000| Untracked 
| 186|0x0000000711a00000, 0x0000000711a00000, 0x0000000711b00000|  0%| F|  |TAMS 0x0000000711a00000, 0x0000000711a00000| Untracked 
| 187|0x0000000711b00000, 0x0000000711b00000, 0x0000000711c00000|  0%| F|  |TAMS 0x0000000711b00000, 0x0000000711b00000| Untracked 
| 188|0x0000000711c00000, 0x0000000711c00000, 0x0000000711d00000|  0%| F|  |TAMS 0x0000000711c00000, 0x0000000711c00000| Untracked 
| 189|0x0000000711d00000, 0x0000000711d00000, 0x0000000711e00000|  0%| F|  |TAMS 0x0000000711d00000, 0x0000000711d00000| Untracked 
| 190|0x0000000711e00000, 0x0000000711e00000, 0x0000000711f00000|  0%| F|  |TAMS 0x0000000711e00000, 0x0000000711e00000| Untracked 
| 191|0x0000000711f00000, 0x0000000711f00000, 0x0000000712000000|  0%| F|  |TAMS 0x0000000711f00000, 0x0000000711f00000| Untracked 
| 192|0x0000000712000000, 0x0000000712000000, 0x0000000712100000|  0%| F|  |TAMS 0x0000000712000000, 0x0000000712000000| Untracked 
| 193|0x0000000712100000, 0x0000000712100000, 0x0000000712200000|  0%| F|  |TAMS 0x0000000712100000, 0x0000000712100000| Untracked 
| 194|0x0000000712200000, 0x0000000712200000, 0x0000000712300000|  0%| F|  |TAMS 0x0000000712200000, 0x0000000712200000| Untracked 
| 195|0x0000000712300000, 0x0000000712300000, 0x0000000712400000|  0%| F|  |TAMS 0x0000000712300000, 0x0000000712300000| Untracked 
| 196|0x0000000712400000, 0x0000000712400000, 0x0000000712500000|  0%| F|  |TAMS 0x0000000712400000, 0x0000000712400000| Untracked 
| 197|0x0000000712500000, 0x0000000712500000, 0x0000000712600000|  0%| F|  |TAMS 0x0000000712500000, 0x0000000712500000| Untracked 
| 198|0x0000000712600000, 0x0000000712600000, 0x0000000712700000|  0%| F|  |TAMS 0x0000000712600000, 0x0000000712600000| Untracked 
| 199|0x0000000712700000, 0x0000000712700000, 0x0000000712800000|  0%| F|  |TAMS 0x0000000712700000, 0x0000000712700000| Untracked 
| 200|0x0000000712800000, 0x0000000712800000, 0x0000000712900000|  0%| F|  |TAMS 0x0000000712800000, 0x0000000712800000| Untracked 
| 201|0x0000000712900000, 0x0000000712900000, 0x0000000712a00000|  0%| F|  |TAMS 0x0000000712900000, 0x0000000712900000| Untracked 
| 202|0x0000000712a00000, 0x0000000712a00000, 0x0000000712b00000|  0%| F|  |TAMS 0x0000000712a00000, 0x0000000712a00000| Untracked 
| 203|0x0000000712b00000, 0x0000000712b00000, 0x0000000712c00000|  0%| F|  |TAMS 0x0000000712b00000, 0x0000000712b00000| Untracked 
| 204|0x0000000712c00000, 0x0000000712c00000, 0x0000000712d00000|  0%| F|  |TAMS 0x0000000712c00000, 0x0000000712c00000| Untracked 
| 205|0x0000000712d00000, 0x0000000712d00000, 0x0000000712e00000|  0%| F|  |TAMS 0x0000000712d00000, 0x0000000712d00000| Untracked 
| 206|0x0000000712e00000, 0x0000000712e00000, 0x0000000712f00000|  0%| F|  |TAMS 0x0000000712e00000, 0x0000000712e00000| Untracked 
| 207|0x0000000712f00000, 0x0000000712f00000, 0x0000000713000000|  0%| F|  |TAMS 0x0000000712f00000, 0x0000000712f00000| Untracked 
| 208|0x0000000713000000, 0x0000000713000000, 0x0000000713100000|  0%| F|  |TAMS 0x0000000713000000, 0x0000000713000000| Untracked 
| 209|0x0000000713100000, 0x0000000713100000, 0x0000000713200000|  0%| F|  |TAMS 0x0000000713100000, 0x0000000713100000| Untracked 
| 210|0x0000000713200000, 0x0000000713200000, 0x0000000713300000|  0%| F|  |TAMS 0x0000000713200000, 0x0000000713200000| Untracked 
| 211|0x0000000713300000, 0x0000000713300000, 0x0000000713400000|  0%| F|  |TAMS 0x0000000713300000, 0x0000000713300000| Untracked 
| 212|0x0000000713400000, 0x0000000713400000, 0x0000000713500000|  0%| F|  |TAMS 0x0000000713400000, 0x0000000713400000| Untracked 
| 213|0x0000000713500000, 0x0000000713500000, 0x0000000713600000|  0%| F|  |TAMS 0x0000000713500000, 0x0000000713500000| Untracked 
| 214|0x0000000713600000, 0x0000000713600000, 0x0000000713700000|  0%| F|  |TAMS 0x0000000713600000, 0x0000000713600000| Untracked 
| 215|0x0000000713700000, 0x0000000713700000, 0x0000000713800000|  0%| F|  |TAMS 0x0000000713700000, 0x0000000713700000| Untracked 
| 216|0x0000000713800000, 0x0000000713880800, 0x0000000713900000| 50%| E|  |TAMS 0x0000000713800000, 0x0000000713800000| Complete 
| 217|0x0000000713900000, 0x0000000713a00000, 0x0000000713a00000|100%| E|CS|TAMS 0x0000000713900000, 0x0000000713900000| Complete 
| 218|0x0000000713a00000, 0x0000000713b00000, 0x0000000713b00000|100%| E|CS|TAMS 0x0000000713a00000, 0x0000000713a00000| Complete 
| 219|0x0000000713b00000, 0x0000000713c00000, 0x0000000713c00000|100%| E|CS|TAMS 0x0000000713b00000, 0x0000000713b00000| Complete 
| 220|0x0000000713c00000, 0x0000000713d00000, 0x0000000713d00000|100%| E|CS|TAMS 0x0000000713c00000, 0x0000000713c00000| Complete 
| 221|0x0000000713d00000, 0x0000000713e00000, 0x0000000713e00000|100%| E|CS|TAMS 0x0000000713d00000, 0x0000000713d00000| Complete 
| 222|0x0000000713e00000, 0x0000000713f00000, 0x0000000713f00000|100%| E|CS|TAMS 0x0000000713e00000, 0x0000000713e00000| Complete 
| 223|0x0000000713f00000, 0x0000000714000000, 0x0000000714000000|100%| E|CS|TAMS 0x0000000713f00000, 0x0000000713f00000| Complete 
| 224|0x0000000714000000, 0x0000000714100000, 0x0000000714100000|100%| E|CS|TAMS 0x0000000714000000, 0x0000000714000000| Complete 
| 225|0x0000000714100000, 0x0000000714200000, 0x0000000714200000|100%| E|CS|TAMS 0x0000000714100000, 0x0000000714100000| Complete 
| 226|0x0000000714200000, 0x0000000714300000, 0x0000000714300000|100%| E|CS|TAMS 0x0000000714200000, 0x0000000714200000| Complete 
| 227|0x0000000714300000, 0x0000000714400000, 0x0000000714400000|100%| E|CS|TAMS 0x0000000714300000, 0x0000000714300000| Complete 
| 228|0x0000000714400000, 0x0000000714500000, 0x0000000714500000|100%| E|CS|TAMS 0x0000000714400000, 0x0000000714400000| Complete 
| 229|0x0000000714500000, 0x0000000714600000, 0x0000000714600000|100%| E|CS|TAMS 0x0000000714500000, 0x0000000714500000| Complete 
| 230|0x0000000714600000, 0x0000000714700000, 0x0000000714700000|100%| E|CS|TAMS 0x0000000714600000, 0x0000000714600000| Complete 
| 231|0x0000000714700000, 0x0000000714800000, 0x0000000714800000|100%| E|CS|TAMS 0x0000000714700000, 0x0000000714700000| Complete 
| 232|0x0000000714800000, 0x0000000714900000, 0x0000000714900000|100%| E|CS|TAMS 0x0000000714800000, 0x0000000714800000| Complete 
| 233|0x0000000714900000, 0x0000000714a00000, 0x0000000714a00000|100%| E|CS|TAMS 0x0000000714900000, 0x0000000714900000| Complete 
| 234|0x0000000714a00000, 0x0000000714b00000, 0x0000000714b00000|100%| E|CS|TAMS 0x0000000714a00000, 0x0000000714a00000| Complete 
| 235|0x0000000714b00000, 0x0000000714c00000, 0x0000000714c00000|100%| E|CS|TAMS 0x0000000714b00000, 0x0000000714b00000| Complete 
| 236|0x0000000714c00000, 0x0000000714d00000, 0x0000000714d00000|100%| E|CS|TAMS 0x0000000714c00000, 0x0000000714c00000| Complete 
| 237|0x0000000714d00000, 0x0000000714e00000, 0x0000000714e00000|100%| E|CS|TAMS 0x0000000714d00000, 0x0000000714d00000| Complete 
| 238|0x0000000714e00000, 0x0000000714f00000, 0x0000000714f00000|100%| E|CS|TAMS 0x0000000714e00000, 0x0000000714e00000| Complete 
| 239|0x0000000714f00000, 0x0000000715000000, 0x0000000715000000|100%| E|CS|TAMS 0x0000000714f00000, 0x0000000714f00000| Complete 
| 240|0x0000000715000000, 0x0000000715100000, 0x0000000715100000|100%| E|CS|TAMS 0x0000000715000000, 0x0000000715000000| Complete 
| 241|0x0000000715100000, 0x0000000715200000, 0x0000000715200000|100%| E|CS|TAMS 0x0000000715100000, 0x0000000715100000| Complete 
| 242|0x0000000715200000, 0x0000000715300000, 0x0000000715300000|100%| E|CS|TAMS 0x0000000715200000, 0x0000000715200000| Complete 
| 243|0x0000000715300000, 0x0000000715400000, 0x0000000715400000|100%| E|CS|TAMS 0x0000000715300000, 0x0000000715300000| Complete 
| 244|0x0000000715400000, 0x0000000715500000, 0x0000000715500000|100%| E|CS|TAMS 0x0000000715400000, 0x0000000715400000| Complete 
| 245|0x0000000715500000, 0x0000000715600000, 0x0000000715600000|100%| E|CS|TAMS 0x0000000715500000, 0x0000000715500000| Complete 
| 246|0x0000000715600000, 0x0000000715700000, 0x0000000715700000|100%| E|CS|TAMS 0x0000000715600000, 0x0000000715600000| Complete 
| 247|0x0000000715700000, 0x0000000715800000, 0x0000000715800000|100%| E|CS|TAMS 0x0000000715700000, 0x0000000715700000| Complete 
| 248|0x0000000715800000, 0x0000000715900000, 0x0000000715900000|100%| E|CS|TAMS 0x0000000715800000, 0x0000000715800000| Complete 
| 249|0x0000000715900000, 0x0000000715a00000, 0x0000000715a00000|100%| E|CS|TAMS 0x0000000715900000, 0x0000000715900000| Complete 

Card table byte_map: [0x00007f20f65dd000,0x00007f20f6dad000] _byte_map_base: 0x00007f20f2dad000

Marking Bits (Prev, Next): (CMBitMap*) 0x00007f210c08d578, (CMBitMap*) 0x00007f210c08d5b0
 Prev Bits: [0x00007f20ec180000, 0x00007f20f0000000)
 Next Bits: [0x00007f20e8300000, 0x00007f20ec180000)

Polling page: 0x00007f2114a9d000

Metaspace:

Usage:
  Non-class:      8.36 MB capacity,     8.20 MB ( 98%) used,   141.87 KB (  2%) free+waste,    24.19 KB ( <1%) overhead. 
      Class:      1.06 MB capacity,   969.90 KB ( 89%) used,   102.85 KB (  9%) free+waste,    12.25 KB (  1%) overhead. 
       Both:      9.42 MB capacity,     9.14 MB ( 97%) used,   244.72 KB (  3%) free+waste,    36.44 KB ( <1%) overhead. 

Virtual space:
  Non-class space:       10.00 MB reserved,       8.50 MB ( 85%) committed 
      Class space:        1.00 GB reserved,       1.12 MB ( <1%) committed 
             Both:        1.01 GB reserved,       9.62 MB ( <1%) committed 

Chunk freelists:
   Non-Class:  33.00 KB
       Class:  3.00 KB
        Both:  36.00 KB

MaxMetaspaceSize: unlimited
CompressedClassSpaceSize: 1.00 GB

CodeHeap 'non-profiled nmethods': size=120032Kb used=835Kb max_used=835Kb free=119196Kb
 bounds [0x00007f20ff045000, 0x00007f20ff2b5000, 0x00007f210657d000]
CodeHeap 'profiled nmethods': size=120028Kb used=2066Kb max_used=2710Kb free=117961Kb
 bounds [0x00007f20f7b0e000, 0x00007f20f7dbe000, 0x00007f20ff045000]
CodeHeap 'non-nmethods': size=5700Kb used=1100Kb max_used=1138Kb free=4599Kb
 bounds [0x00007f20f757d000, 0x00007f20f77ed000, 0x00007f20f7b0e000]
 total_blobs=1651 nmethods=1219 adapters=345
 compilation: enabled
              stopped_count=0, restarted_count=0
 full_count=0

Compilation events (20 events):
Event: 364.754 Thread 0x00007f210c28c800 1430       4       sun.java2d.StateTrackableDelegate::createInstance (80 bytes)
Event: 364.757 Thread 0x00007f210c28c800 nmethod 1430 0x00007f20ff093810 code [0x00007f20ff0939c0, 0x00007f20ff093b58]
Event: 398.960 Thread 0x00007f210c28c800 1431       4       sun.nio.ch.FileChannelImpl::<init> (144 bytes)
Event: 398.974 Thread 0x00007f210c28c800 nmethod 1431 0x00007f20ff092990 code [0x00007f20ff092b60, 0x00007f20ff093598]
Event: 401.604 Thread 0x00007f210c28c800 1432       4       sun.nio.ch.FileDispatcherImpl::seek (6 bytes)
Event: 401.605 Thread 0x00007f210c28c800 nmethod 1432 0x00007f20ff092690 code [0x00007f20ff092820, 0x00007f20ff0928a8]
Event: 401.874 Thread 0x00007f210c28c800 1433       4       java.util.HashMap::values (25 bytes)
Event: 401.874 Thread 0x00007f210c28c800 nmethod 1433 0x00007f20ff045490 code [0x00007f20ff045620, 0x00007f20ff045698]
Event: 402.889 Thread 0x00007f210c28c800 1434  s!   4       java.io.FileDescriptor::closeAll (163 bytes)
Event: 402.892 Thread 0x00007f210c28c800 nmethod 1434 0x00007f20ff091f10 code [0x00007f20ff0920c0, 0x00007f20ff0924f8]
Event: 403.427 Thread 0x00007f210c28c800 1435  s!   4       com.sun.imageio.stream.CloseableDisposerRecord::dispose (42 bytes)
Event: 403.447 Thread 0x00007f210c28c800 nmethod 1435 0x00007f20ff10f590 code [0x00007f20ff10f760, 0x00007f20ff110ba8]
Event: 403.671 Thread 0x00007f210c28c800 1437       4       javax.imageio.spi.FilterIterator::advance (50 bytes)
Event: 403.693 Thread 0x00007f210c28c800 nmethod 1437 0x00007f20ff0a1390 code [0x00007f20ff0a15c0, 0x00007f20ff0a2088]
Event: 404.693 Thread 0x00007f210c28c800 1438       4       com.sun.imageio.plugins.png.PNGMetadata::<init> (165 bytes)
Event: 404.742 Thread 0x00007f210c28c800 nmethod 1438 0x00007f20ff111090 code [0x00007f20ff1112e0, 0x00007f20ff112db8]
Event: 404.976 Thread 0x00007f210c28c800 1439   !   4       com.sun.imageio.plugins.png.PNGImageReader::readHeader (609 bytes)
Event: 405.014 Thread 0x00007f210c28c800 nmethod 1439 0x00007f20ff113090 code [0x00007f20ff113400, 0x00007f20ff114c68]
Event: 405.143 Thread 0x00007f210c28c800 1440   !   4       java.io.PrintStream::println (24 bytes)
Event: 405.181 Thread 0x00007f210c28c800 nmethod 1440 0x00007f20ff116090 code [0x00007f20ff116300, 0x00007f20ff118300]

GC Heap History (20 events):
Event: 371.589 GC heap before
{Heap before GC invocations=87 (full 0):
 garbage-first heap   total 256000K, used 243433K [0x0000000706000000, 0x0000000800000000)
  region size 1024K, 150 young (153600K), 1 survivors (1024K)
 Metaspace       used 9362K, capacity 9644K, committed 9856K, reserved 1058816K
  class space    used 969K, capacity 1085K, committed 1152K, reserved 1048576K
}
Event: 371.591 GC heap after
{Heap after GC invocations=88 (full 0):
 garbage-first heap   total 256000K, used 4839K [0x0000000706000000, 0x0000000800000000)
  region size 1024K, 1 young (1024K), 1 survivors (1024K)
 Metaspace       used 9362K, capacity 9644K, committed 9856K, reserved 1058816K
  class space    used 969K, capacity 1085K, committed 1152K, reserved 1048576K
}
Event: 375.672 GC heap before
{Heap before GC invocations=88 (full 0):
 garbage-first heap   total 256000K, used 243431K [0x0000000706000000, 0x0000000800000000)
  region size 1024K, 150 young (153600K), 1 survivors (1024K)
 Metaspace       used 9362K, capacity 9644K, committed 9856K, reserved 1058816K
  class space    used 969K, capacity 1085K, committed 1152K, reserved 1048576K
}
Event: 375.675 GC heap after
{Heap after GC invocations=89 (full 0):
 garbage-first heap   total 256000K, used 4838K [0x0000000706000000, 0x0000000800000000)
  region size 1024K, 1 young (1024K), 1 survivors (1024K)
 Metaspace       used 9362K, capacity 9644K, committed 9856K, reserved 1058816K
  class space    used 969K, capacity 1085K, committed 1152K, reserved 1048576K
}
Event: 379.611 GC heap before
{Heap before GC invocations=89 (full 0):
 garbage-first heap   total 256000K, used 243430K [0x0000000706000000, 0x0000000800000000)
  region size 1024K, 150 young (153600K), 1 survivors (1024K)
 Metaspace       used 9362K, capacity 9644K, committed 9856K, reserved 1058816K
  class space    used 969K, capacity 1085K, committed 1152K, reserved 1048576K
}
Event: 379.614 GC heap after
{Heap after GC invocations=90 (full 0):
 garbage-first heap   total 256000K, used 4837K [0x0000000706000000, 0x0000000800000000)
  region size 1024K, 1 young (1024K), 1 survivors (1024K)
 Metaspace       used 9362K, capacity 9644K, committed 9856K, reserved 1058816K
  class space    used 969K, capacity 1085K, committed 1152K, reserved 1048576K
}
Event: 383.675 GC heap before
{Heap before GC invocations=90 (full 0):
 garbage-first heap   total 256000K, used 246501K [0x0000000706000000, 0x0000000800000000)
  region size 1024K, 150 young (153600K), 1 survivors (1024K)
 Metaspace       used 9362K, capacity 9644K, committed 9856K, reserved 1058816K
  class space    used 969K, capacity 1085K, committed 1152K, reserved 1048576K
}
Event: 383.677 GC heap after
{Heap after GC invocations=91 (full 0):
 garbage-first heap   total 256000K, used 4837K [0x0000000706000000, 0x0000000800000000)
  region size 1024K, 1 young (1024K), 1 survivors (1024K)
 Metaspace       used 9362K, capacity 9644K, committed 9856K, reserved 1058816K
  class space    used 969K, capacity 1085K, committed 1152K, reserved 1048576K
}
Event: 387.694 GC heap before
{Heap before GC invocations=91 (full 0):
 garbage-first heap   total 256000K, used 243429K [0x0000000706000000, 0x0000000800000000)
  region size 1024K, 150 young (153600K), 1 survivors (1024K)
 Metaspace       used 9362K, capacity 9644K, committed 9856K, reserved 1058816K
  class space    used 969K, capacity 1085K, committed 1152K, reserved 1048576K
}
Event: 387.695 GC heap after
{Heap after GC invocations=92 (full 0):
 garbage-first heap   total 256000K, used 4839K [0x0000000706000000, 0x0000000800000000)
  region size 1024K, 1 young (1024K), 1 survivors (1024K)
 Metaspace       used 9362K, capacity 9644K, committed 9856K, reserved 1058816K
  class space    used 969K, capacity 1085K, committed 1152K, reserved 1048576K
}
Event: 391.649 GC heap before
{Heap before GC invocations=92 (full 0):
 garbage-first heap   total 256000K, used 243431K [0x0000000706000000, 0x0000000800000000)
  region size 1024K, 150 young (153600K), 1 survivors (1024K)
 Metaspace       used 9362K, capacity 9644K, committed 9856K, reserved 1058816K
  class space    used 969K, capacity 1085K, committed 1152K, reserved 1048576K
}
Event: 391.651 GC heap after
{Heap after GC invocations=93 (full 0):
 garbage-first heap   total 256000K, used 4837K [0x0000000706000000, 0x0000000800000000)
  region size 1024K, 1 young (1024K), 1 survivors (1024K)
 Metaspace       used 9362K, capacity 9644K, committed 9856K, reserved 1058816K
  class space    used 969K, capacity 1085K, committed 1152K, reserved 1048576K
}
Event: 395.616 GC heap before
{Heap before GC invocations=93 (full 0):
 garbage-first heap   total 256000K, used 243429K [0x0000000706000000, 0x0000000800000000)
  region size 1024K, 150 young (153600K), 1 survivors (1024K)
 Metaspace       used 9362K, capacity 9644K, committed 9856K, reserved 1058816K
  class space    used 969K, capacity 1085K, committed 1152K, reserved 1048576K
}
Event: 395.618 GC heap after
{Heap after GC invocations=94 (full 0):
 garbage-first heap   total 256000K, used 4837K [0x0000000706000000, 0x0000000800000000)
  region size 1024K, 1 young (1024K), 1 survivors (1024K)
 Metaspace       used 9362K, capacity 9644K, committed 9856K, reserved 1058816K
  class space    used 969K, capacity 1085K, committed 1152K, reserved 1048576K
}
Event: 399.505 GC heap before
{Heap before GC invocations=94 (full 0):
 garbage-first heap   total 256000K, used 243429K [0x0000000706000000, 0x0000000800000000)
  region size 1024K, 150 young (153600K), 1 survivors (1024K)
 Metaspace       used 9362K, capacity 9644K, committed 9856K, reserved 1058816K
  class space    used 969K, capacity 1085K, committed 1152K, reserved 1048576K
}
Event: 399.507 GC heap after
{Heap after GC invocations=95 (full 0):
 garbage-first heap   total 256000K, used 4837K [0x0000000706000000, 0x0000000800000000)
  region size 1024K, 1 young (1024K), 1 survivors (1024K)
 Metaspace       used 9362K, capacity 9644K, committed 9856K, reserved 1058816K
  class space    used 969K, capacity 1085K, committed 1152K, reserved 1048576K
}
Event: 403.425 GC heap before
{Heap before GC invocations=95 (full 0):
 garbage-first heap   total 256000K, used 243429K [0x0000000706000000, 0x0000000800000000)
  region size 1024K, 150 young (153600K), 1 survivors (1024K)
 Metaspace       used 9362K, capacity 9644K, committed 9856K, reserved 1058816K
  class space    used 969K, capacity 1085K, committed 1152K, reserved 1048576K
}
Event: 403.427 GC heap after
{Heap after GC invocations=96 (full 0):
 garbage-first heap   total 256000K, used 4837K [0x0000000706000000, 0x0000000800000000)
  region size 1024K, 1 young (1024K), 1 survivors (1024K)
 Metaspace       used 9362K, capacity 9644K, committed 9856K, reserved 1058816K
  class space    used 969K, capacity 1085K, committed 1152K, reserved 1048576K
}
Event: 407.385 GC heap before
{Heap before GC invocations=96 (full 0):
 garbage-first heap   total 256000K, used 243429K [0x0000000706000000, 0x0000000800000000)
  region size 1024K, 150 young (153600K), 1 survivors (1024K)
 Metaspace       used 9362K, capacity 9644K, committed 9856K, reserved 1058816K
  class space    used 969K, capacity 1085K, committed 1152K, reserved 1048576K
}
Event: 407.387 GC heap after
{Heap after GC invocations=97 (full 0):
 garbage-first heap   total 256000K, used 4845K [0x0000000706000000, 0x0000000800000000)
  region size 1024K, 1 young (1024K), 1 survivors (1024K)
 Metaspace       used 9362K, capacity 9644K, committed 9856K, reserved 1058816K
  class space    used 969K, capacity 1085K, committed 1152K, reserved 1048576K
}

Deoptimization events (20 events):
Event: 217.439 Thread 0x00007f210c027800 DEOPT PACKING pc=0x00007f20ff0fcaa8 sp=0x00007f2114a8cd80
Event: 217.439 Thread 0x00007f210c027800 DEOPT UNPACKING pc=0x00007f20f75a37a5 sp=0x00007f2114a8cd28 mode 2
Event: 217.439 Thread 0x00007f210c027800 Uncommon trap: trap_request=0xffffffde fr.pc=0x00007f20ff0fcaa8 relative=0x0000000000000108
Event: 217.439 Thread 0x00007f210c027800 Uncommon trap: reason=class_check action=maybe_recompile pc=0x00007f20ff0fcaa8 method=jdk.internal.misc.Unsafe.allocateUninitializedArray(Ljava/lang/Class;I)Ljava/lang/Object; @ 51 c2
Event: 217.439 Thread 0x00007f210c027800 DEOPT PACKING pc=0x00007f20ff0fcaa8 sp=0x00007f2114a8ccf0
Event: 217.439 Thread 0x00007f210c027800 DEOPT UNPACKING pc=0x00007f20f75a37a5 sp=0x00007f2114a8cc98 mode 2
Event: 340.483 Thread 0x00007f210c027800 Uncommon trap: trap_request=0xffffff4d fr.pc=0x00007f20ff0c3b28 relative=0x00000000000012a8
Event: 340.483 Thread 0x00007f210c027800 Uncommon trap: reason=unstable_if action=reinterpret pc=0x00007f20ff0c3b28 method=com.sun.imageio.plugins.png.PNGImageReader.decodePass(IIIIIII)V @ 755 c2
Event: 340.483 Thread 0x00007f210c027800 DEOPT PACKING pc=0x00007f20ff0c3b28 sp=0x00007f2114a8cd20
Event: 340.485 Thread 0x00007f210c027800 DEOPT UNPACKING pc=0x00007f20f75a37a5 sp=0x00007f2114a8cc48 mode 2
Event: 342.185 Thread 0x00007f210c027800 DEOPT PACKING pc=0x00007f20f7b8a7ee sp=0x00007f2114a8cb50
Event: 342.185 Thread 0x00007f210c027800 DEOPT UNPACKING pc=0x00007f20f75a35ba sp=0x00007f2114a8c140 mode 0
Event: 343.909 Thread 0x00007f210c027800 DEOPT PACKING pc=0x00007f20f7b8a7ee sp=0x00007f2114a8cb50
Event: 343.909 Thread 0x00007f210c027800 DEOPT UNPACKING pc=0x00007f20f75a35ba sp=0x00007f2114a8c140 mode 0
Event: 345.579 Thread 0x00007f210c027800 DEOPT PACKING pc=0x00007f20f7b8a7ee sp=0x00007f2114a8cb50
Event: 345.579 Thread 0x00007f210c027800 DEOPT UNPACKING pc=0x00007f20f75a35ba sp=0x00007f2114a8c140 mode 0
Event: 347.156 Thread 0x00007f210c027800 DEOPT PACKING pc=0x00007f20f7b8a7ee sp=0x00007f2114a8cb50
Event: 347.156 Thread 0x00007f210c027800 DEOPT UNPACKING pc=0x00007f20f75a35ba sp=0x00007f2114a8c140 mode 0
Event: 348.762 Thread 0x00007f210c027800 DEOPT PACKING pc=0x00007f20f7b8a7ee sp=0x00007f2114a8cb50
Event: 348.762 Thread 0x00007f210c027800 DEOPT UNPACKING pc=0x00007f20f75a35ba sp=0x00007f2114a8c140 mode 0

Classes redefined (0 events):
No events

Internal exceptions (20 events):
Event: 0.267 Thread 0x00007f210c027800 Exception <a 'java/lang/NoSuchMethodError'{0x0000000715643c38}: 'java.lang.Object java.lang.invoke.DirectMethodHandle$Holder.invokeStatic(java.lang.Object, java.lang.Object, java.lang.Object, java.lang.Object, java.lang.Object, java.lang.Object, java.lang.Object, java.lang.Object, java.lang.Object, java.lang.Object, java.lang.Object, java.lang.Object, java.lang.Object, java.lang.Object, java.lang.Object)'> (0x0000000715643c38) thrown at [./src/hotspot/share/interpreter/linkResolver.cpp, line 773]
Event: 0.269 Thread 0x00007f210c027800 Exception <a 'java/lang/NoSuchMethodError'{0x0000000715651ea8}: 'java.lang.Object java.lang.invoke.DirectMethodHandle$Holder.invokeStatic(java.lang.Object, java.lang.Object, java.lang.Object, java.lang.Object, java.lang.Object, java.lang.Object, java.lang.Object, java.lang.Object, java.lang.Object, java.lang.Object, java.lang.Object, java.lang.Object, java.lang.Object, java.lang.Object, java.lang.Object, java.lang.Object)'> (0x0000000715651ea8) thrown at [./src/hotspot/share/interpreter/linkResolver.cpp, l
Event: 0.271 Thread 0x00007f210c027800 Exception <a 'java/lang/NoSuchMethodError'{0x000000071565fb18}: 'java.lang.Object java.lang.invoke.DirectMethodHandle$Holder.invokeSpecial(java.lang.Object, java.lang.Object, int, int, java.lang.Object, java.lang.Object, java.lang.Object)'> (0x000000071565fb18) thrown at [./src/hotspot/share/interpreter/linkResolver.cpp, line 773]
Event: 0.271 Thread 0x00007f210c027800 Exception <a 'java/lang/NoSuchMethodError'{0x00000007156630a8}: 'java.lang.Object java.lang.invoke.DelegatingMethodHandle$Holder.reinvoke_L(java.lang.Object, int, int, java.lang.Object, java.lang.Object, java.lang.Object)'> (0x00000007156630a8) thrown at [./src/hotspot/share/interpreter/linkResolver.cpp, line 773]
Event: 0.272 Thread 0x00007f210c027800 Exception <a 'java/lang/NoSuchMethodError'{0x0000000715667430}: 'java.lang.Object java.lang.invoke.DirectMethodHandle$Holder.invokeStatic(java.lang.Object, java.lang.Object, java.lang.Object, java.lang.Object, int)'> (0x0000000715667430) thrown at [./src/hotspot/share/interpreter/linkResolver.cpp, line 773]
Event: 0.283 Thread 0x00007f210c027800 Exception <a 'java/io/FileNotFoundException'{0x00000007156ca2e0}> (0x00000007156ca2e0) thrown at [./src/hotspot/share/prims/jni.cpp, line 615]
Event: 18.750 Thread 0x00007f210c027800 Exception <a 'java/lang/NoSuchMethodError'{0x0000000714583bd0}: 'java.lang.Object java.lang.invoke.DirectMethodHandle$Holder.invokeSpecial(java.lang.Object, java.lang.Object, int, int, int, java.lang.Object, int, int)'> (0x0000000714583bd0) thrown at [./src/hotspot/share/interpreter/linkResolver.cpp, line 773]
Event: 18.750 Thread 0x00007f210c027800 Exception <a 'java/lang/NoSuchMethodError'{0x0000000714587010}: 'java.lang.Object java.lang.invoke.DelegatingMethodHandle$Holder.reinvoke_L(java.lang.Object, int, int, int, java.lang.Object, int, int)'> (0x0000000714587010) thrown at [./src/hotspot/share/interpreter/linkResolver.cpp, line 773]
Event: 18.751 Thread 0x00007f210c027800 Exception <a 'java/lang/NoSuchMethodError'{0x000000071458e008}: 'java.lang.Object java.lang.invoke.DirectMethodHandle$Holder.invokeStatic(java.lang.Object, java.lang.Object, java.lang.Object, java.lang.Object, java.lang.Object, int)'> (0x000000071458e008) thrown at [./src/hotspot/share/interpreter/linkResolver.cpp, line 773]
Event: 18.757 Thread 0x00007f210c027800 Exception <a 'java/lang/NoSuchMethodError'{0x00000007145c1760}: 'java.lang.Object java.lang.invoke.Invokers$Holder.linkToTargetMethod(java.lang.Object, int, int, java.lang.Object)'> (0x00000007145c1760) thrown at [./src/hotspot/share/interpreter/linkResolver.cpp, line 773]
Event: 18.768 Thread 0x00007f210c027800 Exception <a 'java/lang/NoSuchMethodError'{0x0000000714433268}: 'java.lang.Object java.lang.invoke.DirectMethodHandle$Holder.invokeSpecial(java.lang.Object, java.lang.Object, int, int, int, java.lang.Object, int, int, int, int)'> (0x0000000714433268) thrown at [./src/hotspot/share/interpreter/linkResolver.cpp, line 773]
Event: 18.768 Thread 0x00007f210c027800 Exception <a 'java/lang/NoSuchMethodError'{0x0000000714436830}: 'java.lang.Object java.lang.invoke.DelegatingMethodHandle$Holder.reinvoke_L(java.lang.Object, int, int, int, java.lang.Object, int, int, int, int)'> (0x0000000714436830) thrown at [./src/hotspot/share/interpreter/linkResolver.cpp, line 773]
Event: 18.773 Thread 0x00007f210c027800 Exception <a 'java/lang/NoSuchMethodError'{0x0000000714472a50}: 'java.lang.Object java.lang.invoke.DirectMethodHandle$Holder.invokeStatic(java.lang.Object, java.lang.Object, java.lang.Object, java.lang.Object, java.lang.Object, java.lang.Object, java.lang.Object, java.lang.Object, java.lang.Object, java.lang.Object, java.lang.Object, java.lang.Object, java.lang.Object, int)'> (0x0000000714472a50) thrown at [./src/hotspot/share/interpreter/linkResolver.cpp, line 773]
Event: 18.775 Thread 0x00007f210c027800 Exception <a 'java/lang/NoSuchMethodError'{0x000000071447f530}: 'java.lang.Object java.lang.invoke.DirectMethodHandle$Holder.invokeStatic(java.lang.Object, java.lang.Object, java.lang.Object, java.lang.Object, java.lang.Object, java.lang.Object, java.lang.Object, java.lang.Object, java.lang.Object, java.lang.Object, java.lang.Object, java.lang.Object, java.lang.Object, int, int)'> (0x000000071447f530) thrown at [./src/hotspot/share/interpreter/linkResolver.cpp, line 773]
Event: 18.778 Thread 0x00007f210c027800 Exception <a 'java/lang/NoSuchMethodError'{0x000000071449b258}: 'java.lang.Object java.lang.invoke.DelegatingMethodHandle$Holder.reinvoke_L(java.lang.Object, java.lang.Object, int, int, int, int)'> (0x000000071449b258) thrown at [./src/hotspot/share/interpreter/linkResolver.cpp, line 773]
Event: 31.159 Thread 0x00007f210c027800 Implicit null exception at 0x00007f20ff0a4098 to 0x00007f20ff0a483c
Event: 31.160 Thread 0x00007f210c027800 Implicit null exception at 0x00007f20ff0b21f4 to 0x00007f20ff0b2774
Event: 52.376 Thread 0x00007f210c027800 Implicit null exception at 0x00007f20ff0a4098 to 0x00007f20ff0a483c
Event: 52.376 Thread 0x00007f210c027800 Implicit null exception at 0x00007f20ff09ec74 to 0x00007f20ff09f218
Event: 184.788 Thread 0x00007f210c027800 Implicit null exception at 0x00007f20ff0a4098 to 0x00007f20ff0a483c

Events (20 events):
Event: 379.611 Executing VM operation: G1CollectForAllocation
Event: 379.614 Executing VM operation: G1CollectForAllocation done
Event: 383.675 Executing VM operation: G1CollectForAllocation
Event: 383.677 Executing VM operation: G1CollectForAllocation done
Event: 387.694 Executing VM operation: G1CollectForAllocation
Event: 387.695 Executing VM operation: G1CollectForAllocation done
Event: 391.649 Executing VM operation: G1CollectForAllocation
Event: 391.651 Executing VM operation: G1CollectForAllocation done
Event: 395.616 Executing VM operation: G1CollectForAllocation
Event: 395.618 Executing VM operation: G1CollectForAllocation done
Event: 398.973 Thread 0x00007f210c290800 flushing nmethod 0x00007f20f7ca1f10
Event: 398.973 Thread 0x00007f210c290800 flushing nmethod 0x00007f20f7cb4e90
Event: 398.973 Thread 0x00007f210c290800 flushing nmethod 0x00007f20f7cc5e90
Event: 398.973 Thread 0x00007f210c290800 flushing nmethod 0x00007f20f7ccc010
Event: 399.505 Executing VM operation: G1CollectForAllocation
Event: 399.507 Executing VM operation: G1CollectForAllocation done
Event: 403.425 Executing VM operation: G1CollectForAllocation
Event: 403.427 Executing VM operation: G1CollectForAllocation done
Event: 407.385 Executing VM operation: G1CollectForAllocation
Event: 407.387 Executing VM operation: G1CollectForAllocation done


Dynamic libraries:
706000000-715a00000 rw-p 00000000 00:00 0 
715a00000-800000000 ---p 00000000 00:00 0 
800000000-800120000 rw-p 00000000 00:00 0 
800120000-840000000 ---p 00000000 00:00 0 
557d7f276000-557d7f277000 r-xp 00000000 08:00 1087605                    /opt/java/openjdk/bin/java
557d7f477000-557d7f478000 r--p 00001000 08:00 1087605                    /opt/java/openjdk/bin/java
557d7f478000-557d7f479000 rw-p 00002000 08:00 1087605                    /opt/java/openjdk/bin/java
557d80d16000-557d80e96000 rw-p 00000000 00:00 0                          [heap]
7f2088000000-7f2088021000 rw-p 00000000 00:00 0 
7f2088021000-7f208c000000 ---p 00000000 00:00 0 
7f2090000000-7f2090021000 rw-p 00000000 00:00 0 
7f2090021000-7f2094000000 ---p 00000000 00:00 0 
7f2094000000-7f2094021000 rw-p 00000000 00:00 0 
7f2094021000-7f2098000000 ---p 00000000 00:00 0 
7f2098000000-7f2098021000 rw-p 00000000 00:00 0 
7f2098021000-7f209c000000 ---p 00000000 00:00 0 
7f209c000000-7f209c021000 rw-p 00000000 00:00 0 
7f209c021000-7f20a0000000 ---p 00000000 00:00 0 
7f20a0000000-7f20a035e000 rw-p 00000000 00:00 0 
7f20a035e000-7f20a4000000 ---p 00000000 00:00 0 
7f20a4000000-7f20a4112000 rw-p 00000000 00:00 0 
7f20a4112000-7f20a8000000 ---p 00000000 00:00 0 
7f20a8000000-7f20a8021000 rw-p 00000000 00:00 0 
7f20a8021000-7f20ac000000 ---p 00000000 00:00 0 
7f20ac000000-7f20ac021000 rw-p 00000000 00:00 0 
7f20ac021000-7f20b0000000 ---p 00000000 00:00 0 
7f20b0000000-7f20b0021000 rw-p 00000000 00:00 0 
7f20b0021000-7f20b4000000 ---p 00000000 00:00 0 
7f20b4000000-7f20b4021000 rw-p 00000000 00:00 0 
7f20b4021000-7f20b8000000 ---p 00000000 00:00 0 
7f20b8000000-7f20b837f000 rw-p 00000000 00:00 0 
7f20b837f000-7f20bc000000 ---p 00000000 00:00 0 
7f20bc000000-7f20bc021000 rw-p 00000000 00:00 0 
7f20bc021000-7f20c0000000 ---p 00000000 00:00 0 
7f20c0000000-7f20c0021000 rw-p 00000000 00:00 0 
7f20c0021000-7f20c4000000 ---p 00000000 00:00 0 
7f20c4000000-7f20c5572000 rw-p 00000000 00:00 0 
7f20c5572000-7f20c8000000 ---p 00000000 00:00 0 
7f20c8000000-7f20c8021000 rw-p 00000000 00:00 0 
7f20c8021000-7f20cc000000 ---p 00000000 00:00 0 
7f20cc000000-7f20cc021000 rw-p 00000000 00:00 0 
7f20cc021000-7f20d0000000 ---p 00000000 00:00 0 
7f20d0000000-7f20d0021000 rw-p 00000000 00:00 0 
7f20d0021000-7f20d4000000 ---p 00000000 00:00 0 
7f20d4000000-7f20d4021000 rw-p 00000000 00:00 0 
7f20d4021000-7f20d8000000 ---p 00000000 00:00 0 
7f20d8000000-7f20d8021000 rw-p 00000000 00:00 0 
7f20d8021000-7f20dc000000 ---p 00000000 00:00 0 
7f20dc000000-7f20dc021000 rw-p 00000000 00:00 0 
7f20dc021000-7f20e0000000 ---p 00000000 00:00 0 
7f20e1185000-7f20e144c000 rw-p 00000000 00:00 0 
7f20e144c000-7f20e15cc000 ---p 00000000 00:00 0 
7f20e16eb000-7f20e16ec000 ---p 00000000 00:00 0 
7f20e16ec000-7f20e17ed000 rw-p 00000000 00:00 0 
7f20e17ed000-7f20e17ee000 ---p 00000000 00:00 0 
7f20e17ee000-7f20e18ef000 rw-p 00000000 00:00 0 
7f20e18ef000-7f20e18f0000 ---p 00000000 00:00 0 
7f20e18f0000-7f20e19f1000 rw-p 00000000 00:00 0 
7f20e19f1000-7f20e19f2000 ---p 00000000 00:00 0 
7f20e19f2000-7f20e1af3000 rw-p 00000000 00:00 0 
7f20e1af3000-7f20e1af4000 ---p 00000000 00:00 0 
7f20e1af4000-7f20e1bf5000 rw-p 00000000 00:00 0 
7f20e1bf5000-7f20e1bf9000 ---p 00000000 00:00 0 
7f20e1bf9000-7f20e1cf6000 rw-p 00000000 00:00 0 
7f20e1cf6000-7f20e1cfa000 ---p 00000000 00:00 0 
7f20e1cfa000-7f20e1df7000 rw-p 00000000 00:00 0 
7f20e1df7000-7f20e1dff000 r-xp 00000000 08:00 5871138                    /opt/java/openjdk/lib/libawt_headless.so
7f20e1dff000-7f20e1ffe000 ---p 00008000 08:00 5871138                    /opt/java/openjdk/lib/libawt_headless.so
7f20e1ffe000-7f20e1fff000 r--p 00007000 08:00 5871138                    /opt/java/openjdk/lib/libawt_headless.so
7f20e1fff000-7f20e2000000 rw-p 00008000 08:00 5871138                    /opt/java/openjdk/lib/libawt_headless.so
7f20e2000000-7f20e4000000 rw-p 00000000 00:00 0 
7f20e4000000-7f20e4021000 rw-p 00000000 00:00 0 
7f20e4021000-7f20e8000000 ---p 00000000 00:00 0 
7f20e8032000-7f20e80d0000 r-xp 00000000 08:00 5871137                    /opt/java/openjdk/lib/libawt.so
7f20e80d0000-7f20e82cf000 ---p 0009e000 08:00 5871137                    /opt/java/openjdk/lib/libawt.so
7f20e82cf000-7f20e82d0000 r--p 0009d000 08:00 5871137                    /opt/java/openjdk/lib/libawt.so
7f20e82d0000-7f20e82db000 rw-p 0009e000 08:00 5871137                    /opt/java/openjdk/lib/libawt.so
7f20e82db000-7f20e86e8000 rw-p 00000000 00:00 0 
7f20e86e8000-7f20ec180000 ---p 00000000 00:00 0 
7f20ec180000-7f20ec568000 rw-p 00000000 00:00 0 
7f20ec568000-7f20f0000000 ---p 00000000 00:00 0 
7f20f0000000-7f20f0021000 rw-p 00000000 00:00 0 
7f20f0021000-7f20f4000000 ---p 00000000 00:00 0 
7f20f40d0000-7f20f40d4000 ---p 00000000 00:00 0 
7f20f40d4000-7f20f41d1000 rw-p 00000000 00:00 0 
7f20f41d1000-7f20f41e7000 r-xp 00000000 08:00 5871161                    /opt/java/openjdk/lib/libnet.so
7f20f41e7000-7f20f43e6000 ---p 00016000 08:00 5871161                    /opt/java/openjdk/lib/libnet.so
7f20f43e6000-7f20f43e7000 r--p 00015000 08:00 5871161                    /opt/java/openjdk/lib/libnet.so
7f20f43e7000-7f20f43e8000 rw-p 00016000 08:00 5871161                    /opt/java/openjdk/lib/libnet.so
7f20f43e8000-7f20f43f7000 r-xp 00000000 08:00 5871162                    /opt/java/openjdk/lib/libnio.so
7f20f43f7000-7f20f45f7000 ---p 0000f000 08:00 5871162                    /opt/java/openjdk/lib/libnio.so
7f20f45f7000-7f20f45f8000 r--p 0000f000 08:00 5871162                    /opt/java/openjdk/lib/libnio.so
7f20f45f8000-7f20f45f9000 rw-p 00010000 08:00 5871162                    /opt/java/openjdk/lib/libnio.so
7f20f45f9000-7f20f45fd000 ---p 00000000 00:00 0 
7f20f45fd000-7f20f46fa000 rw-p 00000000 00:00 0 
7f20f46fa000-7f20f46fb000 ---p 00000000 00:00 0 
7f20f46fb000-7f20f47fc000 rw-p 00000000 00:00 0 
7f20f47fc000-7f20f4800000 ---p 00000000 00:00 0 
7f20f4800000-7f20f48fd000 rw-p 00000000 00:00 0 
7f20f48fd000-7f20f4901000 ---p 00000000 00:00 0 
7f20f4901000-7f20f49fe000 rw-p 00000000 00:00 0 
7f20f49fe000-7f20f4a02000 ---p 00000000 00:00 0 
7f20f4a02000-7f20f4aff000 rw-p 00000000 00:00 0 
7f20f4aff000-7f20f4b03000 ---p 00000000 00:00 0 
7f20f4b03000-7f20f4c00000 rw-p 00000000 00:00 0 
7f20f4c00000-7f20f4c04000 ---p 00000000 00:00 0 
7f20f4c04000-7f20f4d01000 rw-p 00000000 00:00 0 
7f20f4d01000-7f20f4d05000 ---p 00000000 00:00 0 
7f20f4d05000-7f20f4e02000 rw-p 00000000 00:00 0 
7f20f4e02000-7f20f4e06000 ---p 00000000 00:00 0 
7f20f4e06000-7f20f4f03000 rw-p 00000000 00:00 0 
7f20f4f03000-7f20f4f04000 ---p 00000000 00:00 0 
7f20f4f04000-7f20f5805000 rw-p 00000000 00:00 0 
7f20f5805000-7f20f5806000 ---p 00000000 00:00 0 
7f20f5806000-7f20f5907000 rw-p 00000000 00:00 0 
7f20f5907000-7f20f5908000 ---p 00000000 00:00 0 
7f20f5908000-7f20f5e8a000 rw-p 00000000 00:00 0 
7f20f5e8a000-7f20f65dd000 ---p 00000000 00:00 0 
7f20f65dd000-7f20f665a000 rw-p 00000000 00:00 0 
7f20f665a000-7f20f6dad000 ---p 00000000 00:00 0 
7f20f6dad000-7f20f6e2a000 rw-p 00000000 00:00 0 
7f20f6e2a000-7f20f757d000 ---p 00000000 00:00 0 
7f20f757d000-7f20f77ed000 rwxp 00000000 00:00 0 
7f20f77ed000-7f20f7b0e000 ---p 00000000 00:00 0 
7f20f7b0e000-7f20f7dbe000 rwxp 00000000 00:00 0 
7f20f7dbe000-7f20ff045000 ---p 00000000 00:00 0 
7f20ff045000-7f20ff2b5000 rwxp 00000000 00:00 0 
7f20ff2b5000-7f210657d000 ---p 00000000 00:00 0 
7f210657d000-7f210c000000 r--s 00000000 08:00 5871171                    /opt/java/openjdk/lib/modules
7f210c000000-7f210c4ec000 rw-p 00000000 00:00 0 
7f210c4ec000-7f2110000000 ---p 00000000 00:00 0 
7f2110066000-7f211046a000 rw-p 00000000 00:00 0 
7f211046a000-7f211046b000 ---p 00000000 00:00 0 
7f211046b000-7f211056c000 rw-p 00000000 00:00 0 
7f211056c000-7f211056d000 ---p 00000000 00:00 0 
7f211056d000-7f2110f78000 rw-p 00000000 00:00 0 
7f2110f78000-7f2110f79000 ---p 00000000 00:00 0 
7f2110f79000-7f211107f000 rw-p 00000000 00:00 0 
7f211107f000-7f2111165000 ---p 00000000 00:00 0 
7f2111165000-7f211116b000 rw-p 00000000 00:00 0 
7f211116b000-7f2111250000 ---p 00000000 00:00 0 
7f2111250000-7f2111257000 r-xp 00000000 08:00 5871170                    /opt/java/openjdk/lib/libzip.so
7f2111257000-7f2111456000 ---p 00007000 08:00 5871170                    /opt/java/openjdk/lib/libzip.so
7f2111456000-7f2111457000 r--p 00006000 08:00 5871170                    /opt/java/openjdk/lib/libzip.so
7f2111457000-7f2111458000 rw-p 00007000 08:00 5871170                    /opt/java/openjdk/lib/libzip.so
7f2111458000-7f2111462000 r-xp 00000000 08:00 345897                     /lib/x86_64-linux-gnu/libnss_files-2.24.so
7f2111462000-7f2111662000 ---p 0000a000 08:00 345897                     /lib/x86_64-linux-gnu/libnss_files-2.24.so
7f2111662000-7f2111663000 r--p 0000a000 08:00 345897                     /lib/x86_64-linux-gnu/libnss_files-2.24.so
7f2111663000-7f2111664000 rw-p 0000b000 08:00 345897                     /lib/x86_64-linux-gnu/libnss_files-2.24.so
7f2111664000-7f211166a000 rw-p 00000000 00:00 0 
7f211166a000-7f2111675000 r-xp 00000000 08:00 345901                     /lib/x86_64-linux-gnu/libnss_nis-2.24.so
7f2111675000-7f2111874000 ---p 0000b000 08:00 345901                     /lib/x86_64-linux-gnu/libnss_nis-2.24.so
7f2111874000-7f2111875000 r--p 0000a000 08:00 345901                     /lib/x86_64-linux-gnu/libnss_nis-2.24.so
7f2111875000-7f2111876000 rw-p 0000b000 08:00 345901                     /lib/x86_64-linux-gnu/libnss_nis-2.24.so
7f2111876000-7f211188a000 r-xp 00000000 08:00 345891                     /lib/x86_64-linux-gnu/libnsl-2.24.so
7f211188a000-7f2111a8a000 ---p 00014000 08:00 345891                     /lib/x86_64-linux-gnu/libnsl-2.24.so
7f2111a8a000-7f2111a8b000 r--p 00014000 08:00 345891                     /lib/x86_64-linux-gnu/libnsl-2.24.so
7f2111a8b000-7f2111a8c000 rw-p 00015000 08:00 345891                     /lib/x86_64-linux-gnu/libnsl-2.24.so
7f2111a8c000-7f2111a8e000 rw-p 00000000 00:00 0 
7f2111a8e000-7f2111a95000 r-xp 00000000 08:00 345893                     /lib/x86_64-linux-gnu/libnss_compat-2.24.so
7f2111a95000-7f2111c94000 ---p 00007000 08:00 345893                     /lib/x86_64-linux-gnu/libnss_compat-2.24.so
7f2111c94000-7f2111c95000 r--p 00006000 08:00 345893                     /lib/x86_64-linux-gnu/libnss_compat-2.24.so
7f2111c95000-7f2111c96000 rw-p 00007000 08:00 345893                     /lib/x86_64-linux-gnu/libnss_compat-2.24.so
7f2111c96000-7f2111cb1000 r-xp 00000000 08:00 5871153                    /opt/java/openjdk/lib/libjimage.so
7f2111cb1000-7f2111eb1000 ---p 0001b000 08:00 5871153                    /opt/java/openjdk/lib/libjimage.so
7f2111eb1000-7f2111eb3000 r--p 0001b000 08:00 5871153                    /opt/java/openjdk/lib/libjimage.so
7f2111eb3000-7f2111eb4000 rw-p 0001d000 08:00 5871153                    /opt/java/openjdk/lib/libjimage.so
7f2111eb4000-7f2111edc000 r-xp 00000000 08:00 5871149                    /opt/java/openjdk/lib/libjava.so
7f2111edc000-7f21120dc000 ---p 00028000 08:00 5871149                    /opt/java/openjdk/lib/libjava.so
7f21120dc000-7f21120dd000 r--p 00028000 08:00 5871149                    /opt/java/openjdk/lib/libjava.so
7f21120dd000-7f21120de000 rw-p 00029000 08:00 5871149                    /opt/java/openjdk/lib/libjava.so
7f21120de000-7f21120df000 rw-p 00000000 00:00 0 
7f21120df000-7f21120f0000 r-xp 00000000 08:00 5871169                    /opt/java/openjdk/lib/libverify.so
7f21120f0000-7f21122ef000 ---p 00011000 08:00 5871169                    /opt/java/openjdk/lib/libverify.so
7f21122ef000-7f21122f1000 r--p 00010000 08:00 5871169                    /opt/java/openjdk/lib/libverify.so
7f21122f1000-7f21122f2000 rw-p 00012000 08:00 5871169                    /opt/java/openjdk/lib/libverify.so
7f21122f2000-7f21122f9000 r-xp 00000000 08:00 345918                     /lib/x86_64-linux-gnu/librt-2.24.so
7f21122f9000-7f21124f8000 ---p 00007000 08:00 345918                     /lib/x86_64-linux-gnu/librt-2.24.so
7f21124f8000-7f21124f9000 r--p 00006000 08:00 345918                     /lib/x86_64-linux-gnu/librt-2.24.so
7f21124f9000-7f21124fa000 rw-p 00007000 08:00 345918                     /lib/x86_64-linux-gnu/librt-2.24.so
7f21124fa000-7f21125fd000 r-xp 00000000 08:00 345880                     /lib/x86_64-linux-gnu/libm-2.24.so
7f21125fd000-7f21127fc000 ---p 00103000 08:00 345880                     /lib/x86_64-linux-gnu/libm-2.24.so
7f21127fc000-7f21127fd000 r--p 00102000 08:00 345880                     /lib/x86_64-linux-gnu/libm-2.24.so
7f21127fd000-7f21127fe000 rw-p 00103000 08:00 345880                     /lib/x86_64-linux-gnu/libm-2.24.so
7f21127fe000-7f2113942000 r-xp 00000000 08:00 5871180                    /opt/java/openjdk/lib/server/libjvm.so
7f2113942000-7f2113b42000 ---p 01144000 08:00 5871180                    /opt/java/openjdk/lib/server/libjvm.so
7f2113b42000-7f2113c01000 r--p 01144000 08:00 5871180                    /opt/java/openjdk/lib/server/libjvm.so
7f2113c01000-7f2113c3a000 rw-p 01203000 08:00 5871180                    /opt/java/openjdk/lib/server/libjvm.so
7f2113c3a000-7f2113c91000 rw-p 00000000 00:00 0 
7f2113c91000-7f2113e26000 r-xp 00000000 08:00 345851                     /lib/x86_64-linux-gnu/libc-2.24.so
7f2113e26000-7f2114026000 ---p 00195000 08:00 345851                     /lib/x86_64-linux-gnu/libc-2.24.so
7f2114026000-7f211402a000 r--p 00195000 08:00 345851                     /lib/x86_64-linux-gnu/libc-2.24.so
7f211402a000-7f211402c000 rw-p 00199000 08:00 345851                     /lib/x86_64-linux-gnu/libc-2.24.so
7f211402c000-7f2114030000 rw-p 00000000 00:00 0 
7f2114030000-7f2114033000 r-xp 00000000 08:00 345863                     /lib/x86_64-linux-gnu/libdl-2.24.so
7f2114033000-7f2114232000 ---p 00003000 08:00 345863                     /lib/x86_64-linux-gnu/libdl-2.24.so
7f2114232000-7f2114233000 r--p 00002000 08:00 345863                     /lib/x86_64-linux-gnu/libdl-2.24.so
7f2114233000-7f2114234000 rw-p 00003000 08:00 345863                     /lib/x86_64-linux-gnu/libdl-2.24.so
7f2114234000-7f2114244000 r-xp 00000000 08:00 5871133                    /opt/java/openjdk/lib/jli/libjli.so
7f2114244000-7f2114443000 ---p 00010000 08:00 5871133                    /opt/java/openjdk/lib/jli/libjli.so
7f2114443000-7f2114444000 r--p 0000f000 08:00 5871133                    /opt/java/openjdk/lib/jli/libjli.so
7f2114444000-7f2114445000 rw-p 00010000 08:00 5871133                    /opt/java/openjdk/lib/jli/libjli.so
7f2114445000-7f211445d000 r-xp 00000000 08:00 345914                     /lib/x86_64-linux-gnu/libpthread-2.24.so
7f211445d000-7f211465c000 ---p 00018000 08:00 345914                     /lib/x86_64-linux-gnu/libpthread-2.24.so
7f211465c000-7f211465d000 r--p 00017000 08:00 345914                     /lib/x86_64-linux-gnu/libpthread-2.24.so
7f211465d000-7f211465e000 rw-p 00018000 08:00 345914                     /lib/x86_64-linux-gnu/libpthread-2.24.so
7f211465e000-7f2114662000 rw-p 00000000 00:00 0 
7f2114662000-7f211467b000 r-xp 00000000 08:00 345939                     /lib/x86_64-linux-gnu/libz.so.1.2.8
7f211467b000-7f211487a000 ---p 00019000 08:00 345939                     /lib/x86_64-linux-gnu/libz.so.1.2.8
7f211487a000-7f211487b000 r--p 00018000 08:00 345939                     /lib/x86_64-linux-gnu/libz.so.1.2.8
7f211487b000-7f211487c000 rw-p 00019000 08:00 345939                     /lib/x86_64-linux-gnu/libz.so.1.2.8
7f211487c000-7f211489f000 r-xp 00000000 08:00 345833                     /lib/x86_64-linux-gnu/ld-2.24.so
7f21148a6000-7f2114987000 rw-p 00000000 00:00 0 
7f2114987000-7f211498e000 ---p 00000000 00:00 0 
7f211498e000-7f2114992000 ---p 00000000 00:00 0 
7f2114992000-7f2114a93000 rw-p 00000000 00:00 0 
7f2114a95000-7f2114a9d000 rw-s 00000000 08:00 957927                     /tmp/hsperfdata_root/3040
7f2114a9d000-7f2114a9e000 ---p 00000000 00:00 0 
7f2114a9e000-7f2114a9f000 r--p 00000000 00:00 0 
7f2114a9f000-7f2114aa0000 r--p 00023000 08:00 345833                     /lib/x86_64-linux-gnu/ld-2.24.so
7f2114aa0000-7f2114aa1000 rw-p 00024000 08:00 345833                     /lib/x86_64-linux-gnu/ld-2.24.so
7f2114aa1000-7f2114aa2000 rw-p 00000000 00:00 0 
7ffe56682000-7ffe566a3000 rw-p 00000000 00:00 0                          [stack]
7ffe56764000-7ffe56768000 r--p 00000000 00:00 0                          [vvar]
7ffe56768000-7ffe5676a000 r-xp 00000000 00:00 0                          [vdso]
ffffffffff600000-ffffffffff601000 --xp 00000000 00:00 0                  [vsyscall]


VM Arguments:
java_command: DivaBotGuardian/DivaBotGuardian/DivaBotGuardian.jar 3
java_class_path (initial): DivaBotGuardian/DivaBotGuardian/DivaBotGuardian.jar
Launcher Type: SUN_STANDARD

[Global flags]
     intx CICompilerCount                          = 4                                         {product} {ergonomic}
     uint ConcGCThreads                            = 2                                         {product} {ergonomic}
     uint G1ConcRefinementThreads                  = 8                                         {product} {ergonomic}
   size_t G1HeapRegionSize                         = 1048576                                   {product} {ergonomic}
    uintx GCDrainStackTargetSize                   = 64                                        {product} {ergonomic}
   size_t InitialHeapSize                          = 262144000                                 {product} {ergonomic}
   size_t MarkStackSize                            = 4194304                                   {product} {ergonomic}
   size_t MaxHeapSize                              = 4194304000                                {product} {ergonomic}
   size_t MaxNewSize                               = 2516582400                                {product} {ergonomic}
   size_t MinHeapDeltaBytes                        = 1048576                                   {product} {ergonomic}
    uintx NonNMethodCodeHeapSize                   = 5836300                                {pd product} {ergonomic}
    uintx NonProfiledCodeHeapSize                  = 122910970                              {pd product} {ergonomic}
    uintx ProfiledCodeHeapSize                     = 122910970                              {pd product} {ergonomic}
    uintx ReservedCodeCacheSize                    = 251658240                              {pd product} {ergonomic}
     bool SegmentedCodeCache                       = true                                      {product} {ergonomic}
     bool UseCompressedClassPointers               = true                                 {lp64_product} {ergonomic}
     bool UseCompressedOops                        = true                                 {lp64_product} {ergonomic}
     bool UseG1GC                                  = true                                      {product} {ergonomic}

Logging:
Log output configuration:
 #0: stdout all=warning uptime,level,tags
 #1: stderr all=off uptime,level,tags

Environment Variables:
JAVA_HOME=/opt/java/openjdk
PATH=/opt/java/openjdk/bin:/usr/local/sbin:/usr/local/bin:/usr/sbin:/usr/bin:/sbin:/bin

Signal Handlers:
SIGSEGV: [libjvm.so+0xe3c180], sa_mask[0]=11111111011111111101111111111110, sa_flags=SA_RESTART|SA_SIGINFO
SIGBUS: [libjvm.so+0xe3c180], sa_mask[0]=11111111011111111101111111111110, sa_flags=SA_RESTART|SA_SIGINFO
SIGFPE: [libjvm.so+0xe3c180], sa_mask[0]=11111111011111111101111111111110, sa_flags=SA_RESTART|SA_SIGINFO
SIGPIPE: [libjvm.so+0xc0d1f0], sa_mask[0]=11111111011111111101111111111110, sa_flags=SA_RESTART|SA_SIGINFO
SIGXFSZ: [libjvm.so+0xc0d1f0], sa_mask[0]=11111111011111111101111111111110, sa_flags=SA_RESTART|SA_SIGINFO
SIGILL: [libjvm.so+0xe3c180], sa_mask[0]=11111111011111111101111111111110, sa_flags=SA_RESTART|SA_SIGINFO
SIGUSR2: [libjvm.so+0xc0d090], sa_mask[0]=00000000000000000000000000000000, sa_flags=SA_RESTART|SA_SIGINFO
SIGHUP: [libjvm.so+0xc0d3f0], sa_mask[0]=11111111011111111101111111111110, sa_flags=SA_RESTART|SA_SIGINFO
SIGINT: SIG_IGN, sa_mask[0]=00000000000000000000000000000000, sa_flags=none
SIGTERM: [libjvm.so+0xc0d3f0], sa_mask[0]=11111111011111111101111111111110, sa_flags=SA_RESTART|SA_SIGINFO
SIGQUIT: [libjvm.so+0xc0d3f0], sa_mask[0]=11111111011111111101111111111110, sa_flags=SA_RESTART|SA_SIGINFO


---------------  S Y S T E M  ---------------

OS:PRETTY_NAME="Debian GNU/Linux 9 (stretch)"
NAME="Debian GNU/Linux"
VERSION_ID="9"
VERSION="9 (stretch)"
VERSION_CODENAME=stretch
ID=debian
HOME_URL="https://www.debian.org/"
SUPPORT_URL="https://www.debian.org/support"
BUG_REPORT_URL="https://bugs.debian.org/"
uname:Linux 5.6.14-x86_64-linode135 #1 SMP PREEMPT Fri May 22 14:57:20 UTC 2020 x86_64
OS uptime: 51 days 0:43 hours
libc:glibc 2.24 NPTL 2.24 
rlimit (soft/hard): STACK 8192k/infinity , CORE infinity/infinity , NPROC infinity/infinity , NOFILE 1048576/1048576 , AS infinity/infinity , CPU infinity/infinity , DATA infinity/infinity , FSIZE infinity/infinity , MEMLOCK 16384k/16384k
load average:3.49 3.17 2.15

/proc/meminfo:
MemTotal:       16379668 kB
MemFree:         4189312 kB
MemAvailable:   13408156 kB
Buffers:         2313384 kB
Cached:           552644 kB
SwapCached:        24900 kB
Active:          3026616 kB
Inactive:        2056572 kB
Active(anon):    1394288 kB
Inactive(anon):   840204 kB
Active(file):    1632328 kB
Inactive(file):  1216368 kB
Unevictable:           0 kB
Mlocked:               0 kB
SwapTotal:        524284 kB
SwapFree:           8664 kB
Dirty:               624 kB
Writeback:             0 kB
AnonPages:       2192200 kB
Mapped:           204404 kB
Shmem:             31460 kB
KReclaimable:    6773728 kB
Slab:            6949268 kB
SReclaimable:    6773728 kB
SUnreclaim:       175540 kB
KernelStack:       11632 kB
PageTables:        30124 kB
NFS_Unstable:          0 kB
Bounce:                0 kB
WritebackTmp:          0 kB
CommitLimit:     8714116 kB
Committed_AS:    6286608 kB
VmallocTotal:   34359738367 kB
VmallocUsed:       22896 kB
VmallocChunk:          0 kB
Percpu:             6752 kB
HardwareCorrupted:     0 kB
AnonHugePages:         0 kB
ShmemHugePages:        0 kB
ShmemPmdMapped:        0 kB
FileHugePages:         0 kB
FilePmdMapped:         0 kB
HugePages_Total:       0
HugePages_Free:        0
HugePages_Rsvd:        0
HugePages_Surp:        0
Hugepagesize:       2048 kB
Hugetlb:               0 kB
DirectMap4k:    11661168 kB
DirectMap2M:     5115904 kB
DirectMap1G:     2097152 kB

/sys/kernel/mm/transparent_hugepage/enabled:
always [madvise] never

/sys/kernel/mm/transparent_hugepage/defrag (defrag/compaction efforts parameter):
always defer defer+madvise [madvise] never


/proc/sys/kernel/threads-max (system-wide limit on the number of threads):
127912


/proc/sys/vm/max_map_count (maximum number of memory map areas a process may have):
65530


/proc/sys/kernel/pid_max (system-wide limit on number of process identifiers):
32768



container (cgroup) information:
container_type: cgroupv1
cpu_cpuset_cpus: 0-7
cpu_memory_nodes: 0
active_processor_count: 8
cpu_quota: -1
cpu_period: 100000
cpu_shares: -1
memory_limit_in_bytes: -1
memory_and_swap_limit_in_bytes: -1
memory_soft_limit_in_bytes: -1
memory_usage_in_bytes: 382287872
memory_max_usage_in_bytes: 606339072

KVM virtualization detected
Steal ticks since vm start: 203
Steal ticks percentage since vm start:  0.001

CPU:total 8 (initial active 8) (1 cores per cpu, 1 threads per core) family 23 model 1 stepping 2, cmov, cx8, fxsr, mmx, sse, sse2, sse3, ssse3, sse4.1, sse4.2, popcnt, avx, avx2, aes, clmul, mmxext, 3dnowpref, lzcnt, sse4a, tsc, bmi1, bmi2, adx, sha, fma
CPU Model and flags from /proc/cpuinfo:
model name	: AMD EPYC 7601 32-Core Processor
flags		: fpu vme de pse tsc msr pae mce cx8 apic sep mtrr pge mca cmov pat pse36 clflush mmx fxsr sse sse2 syscall nx mmxext fxsr_opt pdpe1gb rdtscp lm rep_good nopl cpuid extd_apicid tsc_known_freq pni pclmulqdq ssse3 fma cx16 sse4_1 sse4_2 x2apic movbe popcnt tsc_deadline_timer aes xsave avx f16c rdrand hypervisor lahf_lm cmp_legacy cr8_legacy abm sse4a misalignsse 3dnowprefetch osvw perfctr_core ssbd ibpb vmmcall fsgsbase tsc_adjust bmi1 avx2 smep bmi2 rdseed adx smap clflushopt sha_ni xsaveopt xsavec xgetbv1 xsaves virt_ssbd arat

Memory: 4k page, physical 16379668k(4191272k free), swap 524284k(8664k free)

vm_info: OpenJDK 64-Bit Server VM (11.0.8+10) for linux-amd64 JRE (11.0.8+10), built on Jul 15 2020 09:02:55 by "" with gcc 7.5.0

END.
