#
# A fatal error has been detected by the Java Runtime Environment:
#
#  SIGSEGV (0xb) at pc=0x00007f1a6d0dc0c0, pid=78, tid=78
#
# JRE version: OpenJDK Runtime Environment AdoptOpenJDK (11.0.8+10) (build 11.0.8+10)
# Java VM: OpenJDK 64-Bit Server VM AdoptOpenJDK (11.0.8+10, mixed mode, tiered, compressed oops, g1 gc, linux-amd64)
# Problematic frame:
# V  [libjvm.so+0xc0d0c0]  SR_handler(int, siginfo*, ucontext*)+0x30
#
# Core dump will be written. Default location: /divabotguardian/core
#
# If you would like to submit a bug report, please visit:
#   https://github.com/AdoptOpenJDK/openjdk-support/issues
#

---------------  S U M M A R Y ------------

Command Line: DivaBotGuardian/DivaBotGuardian/DivaBotGuardian.jar 3

Host: AMD EPYC 7601 32-Core Processor, 8 cores, 15G, Debian GNU/Linux 9 (stretch)
Time: Mon Sep 28 06:40:51 2020 UTC elapsed time: 70 seconds (0d 0h 1m 10s)

---------------  T H R E A D  ---------------

Current thread is native thread

Stack: [0x00007fff9bc18000,0x00007fff9c417000],  sp=0x00007fff9c411b80,  free space=8166k
Native frames: (J=compiled Java code, A=aot compiled Java code, j=interpreted, Vv=VM code, C=native code)
V  [libjvm.so+0xc0d0c0]  SR_handler(int, siginfo*, ucontext*)+0x30
C  [libpthread.so.0+0x110e0]


siginfo: si_signo: 11 (SIGSEGV), si_code: 1 (SEGV_MAPERR), si_addr: 0x00000000000000d0

Register to memory mapping:

RAX=0x0 is NULL
RBX=
[error occurred during error reporting (printing register info), id 0xb, SIGSEGV (0xb) at pc=0x00007f1a6d2a2e37]

Registers:
RAX=0x0000000000000000, RBX=0x00007f1a6e760e18, RCX=0x00007f1a6e11e6dd, RDX=0x0000000000000000
RSP=0x00007fff9c411b80, RBP=0x00007fff9c411c30, RSI=0x00007fff9c411d70, RDI=0x0000000000000001
R8 =0x00000000000000ca, R9 =0x00007f1a6e75f9d0, R10=0x0000000000000000, R11=0x0000000000000246
R12=0x0000000000000000, R13=0x00007fff9c411d70, R14=0x00007fff9c411c40, R15=0x00007f1a6e75fd28
RIP=0x00007f1a6d0dc0c0, EFLAGS=0x0000000000010246, CSGSFS=0x002b000000000033, ERR=0x0000000000000004
  TRAPNO=0x000000000000000e

Top of Stack: (sp=0x00007fff9c411b80)
0x00007fff9c411b80:   0000000001e5cb59 00007f1a6d973038
0x00007fff9c411b90:   00007fff9c411cb0 00007f1a6d965d90
0x00007fff9c411ba0:   00007fff9c411bd4 00007fff9c411ca0
0x00007fff9c411bb0:   0000557280844980 0000000000000009 

Instructions: (pc=0x00007f1a6d0dc0c0)
0x00007f1a6d0dbfc0:   44 39 66 ff 48 8b 45 c8 64 48 33 04 25 28 00 00
0x00007f1a6d0dbfd0:   00 0f 85 a7 00 00 00 48 81 c4 18 01 00 00 5b 41
0x00007f1a6d0dbfe0:   5c 41 5d 41 5e 41 5f 5d c3 4c 89 e2 be 00 01 00
0x00007f1a6d0dbff0:   00 48 89 df e8 57 3a 66 ff 48 85 c0 74 9b 48 8d
0x00007f1a6d0dc000:   35 ea b8 32 00 48 89 df e8 3b 39 66 ff 48 85 c0
0x00007f1a6d0dc010:   75 1e 48 8d 35 eb b8 32 00 48 89 df e8 27 39 66
0x00007f1a6d0dc020:   ff 48 85 c0 0f 84 6f ff ff ff 66 0f 1f 44 00 00
0x00007f1a6d0dc030:   be 22 00 00 00 48 89 df e8 53 39 66 ff 48 85 c0
0x00007f1a6d0dc040:   74 26 48 8d 58 01 be 22 00 00 00 48 89 df e8 3d
0x00007f1a6d0dc050:   39 66 ff 48 85 c0 0f 85 4f ff ff ff e9 4d ff ff
0x00007f1a6d0dc060:   ff 0f 1f 80 00 00 00 00 48 89 df be 3d 00 00 00
0x00007f1a6d0dc070:   e8 1b 39 66 ff 48 8d 58 01 e9 1b ff ff ff e8 cd
0x00007f1a6d0dc080:   37 66 ff 0f 1f 00 66 2e 0f 1f 84 00 00 00 00 00
0x00007f1a6d0dc090:   55 48 89 e5 41 57 41 56 41 55 41 54 49 89 d6 53
0x00007f1a6d0dc0a0:   49 89 f5 48 81 ec 88 00 00 00 e8 89 3c 66 ff 48
0x00007f1a6d0dc0b0:   89 c3 44 8b 20 e8 46 57 1c 00 31 d2 84 c0 75 38
0x00007f1a6d0dc0c0:   48 83 ba d0 00 00 00 00 74 16 4c 8b ba 68 02 00
0x00007f1a6d0dc0d0:   00 41 8b 87 a8 00 00 00 83 f8 01 74 2b 44 89 23
0x00007f1a6d0dc0e0:   48 81 c4 88 00 00 00 5b 41 5c 41 5d 41 5e 41 5f
0x00007f1a6d0dc0f0:   5d c3 66 0f 1f 44 00 00 e8 13 57 1c 00 48 89 c2
0x00007f1a6d0dc100:   eb be 66 0f 1f 44 00 00 4d 89 af b0 00 00 00 4d
0x00007f1a6d0dc110:   8d af a8 00 00 00 4d 89 b7 b8 00 00 00 ba 02 00
0x00007f1a6d0dc120:   00 00 be 01 00 00 00 4c 89 ef e8 01 be ff ff 83
0x00007f1a6d0dc130:   f8 02 74 3c 85 c0 75 18 49 c7 87 b8 00 00 00 00
0x00007f1a6d0dc140:   00 00 00 49 c7 87 b0 00 00 00 00 00 00 00 eb 8d
0x00007f1a6d0dc150:   48 8d 05 51 a9 7f 00 48 8d 3d ba c0 32 00 be 7d
0x00007f1a6d0dc160:   11 00 00 48 8b 00 c6 00 58 e8 82 13 a8 ff eb c8
0x00007f1a6d0dc170:   4c 8d b5 50 ff ff ff 4c 89 f7 e8 d9 39 66 ff 4c
0x00007f1a6d0dc180:   89 f2 31 f6 31 ff e8 55 3a 66 ff 8b 35 1f 4a 81
0x00007f1a6d0dc190:   00 4c 89 f7 e8 27 38 66 ff 48 8d 3d c0 85 85 00
0x00007f1a6d0dc1a0:   be 01 00 00 00 e8 16 89 0d 00 66 0f 1f 44 00 00
0x00007f1a6d0dc1b0:   4c 89 f7 e8 b0 3b 66 ff 31 d2 be 03 00 00 00 4c 


Stack slot to memory mapping:
stack at sp + 0 slots: 
[error occurred during error reporting (inspecting top of stack), id 0xb, SIGSEGV (0xb) at pc=0x00007f1a6d2a2e37]


---------------  P R O C E S S  ---------------

VM state:not at safepoint (normal execution)

VM Mutex/Monitor currently owned by a thread: None

Heap address: 0x0000000706000000, size: 4000 MB, Compressed Oops mode: Zero based, Oop shift amount: 3
Narrow klass base: 0x0000000800000000, Narrow klass shift: 0
Compressed class space size: 1073741824 Address: 0x0000000800000000

Heap:
 garbage-first heap   total 256000K, used 101032K [0x0000000706000000, 0x0000000800000000)
  region size 1024K, 64 young (65536K), 2 survivors (2048K)
 Metaspace       used 9265K, capacity 9544K, committed 9856K, reserved 1058816K
  class space    used 968K, capacity 1053K, committed 1152K, reserved 1048576K
Heap Regions: E=young(eden), S=young(survivor), O=old, HS=humongous(starts), HC=humongous(continues), CS=collection set, F=free, A=archive, TAMS=top-at-mark-start (previous, next)
|   0|0x0000000706000000, 0x0000000706100000, 0x0000000706100000|100%|HS|  |TAMS 0x0000000706000000, 0x0000000706000000| Complete 
|   1|0x0000000706100000, 0x0000000706200000, 0x0000000706200000|100%|HC|  |TAMS 0x0000000706100000, 0x0000000706100000| Complete 
|   2|0x0000000706200000, 0x0000000706300000, 0x0000000706300000|100%|HC|  |TAMS 0x0000000706200000, 0x0000000706200000| Complete 
|   3|0x0000000706300000, 0x0000000706400000, 0x0000000706400000|100%|HS|  |TAMS 0x0000000706300000, 0x0000000706300000| Complete 
|   4|0x0000000706400000, 0x0000000706500000, 0x0000000706500000|100%|HC|  |TAMS 0x0000000706400000, 0x0000000706400000| Complete 
|   5|0x0000000706500000, 0x0000000706600000, 0x0000000706600000|100%|HC|  |TAMS 0x0000000706500000, 0x0000000706500000| Complete 
|   6|0x0000000706600000, 0x0000000706700000, 0x0000000706700000|100%|HS|  |TAMS 0x0000000706600000, 0x0000000706600000| Complete 
|   7|0x0000000706700000, 0x0000000706800000, 0x0000000706800000|100%|HC|  |TAMS 0x0000000706700000, 0x0000000706700000| Complete 
|   8|0x0000000706800000, 0x0000000706900000, 0x0000000706900000|100%|HC|  |TAMS 0x0000000706800000, 0x0000000706800000| Complete 
|   9|0x0000000706900000, 0x0000000706a00000, 0x0000000706a00000|100%|HS|  |TAMS 0x0000000706900000, 0x0000000706900000| Complete 
|  10|0x0000000706a00000, 0x0000000706b00000, 0x0000000706b00000|100%|HC|  |TAMS 0x0000000706a00000, 0x0000000706a00000| Complete 
|  11|0x0000000706b00000, 0x0000000706c00000, 0x0000000706c00000|100%|HC|  |TAMS 0x0000000706b00000, 0x0000000706b00000| Complete 
|  12|0x0000000706c00000, 0x0000000706d00000, 0x0000000706d00000|100%|HS|  |TAMS 0x0000000706c00000, 0x0000000706c00000| Complete 
|  13|0x0000000706d00000, 0x0000000706e00000, 0x0000000706e00000|100%|HC|  |TAMS 0x0000000706d00000, 0x0000000706d00000| Complete 
|  14|0x0000000706e00000, 0x0000000706f00000, 0x0000000706f00000|100%|HC|  |TAMS 0x0000000706e00000, 0x0000000706e00000| Complete 
|  15|0x0000000706f00000, 0x0000000707000000, 0x0000000707000000|100%|HS|  |TAMS 0x0000000706f00000, 0x0000000706f00000| Complete 
|  16|0x0000000707000000, 0x0000000707100000, 0x0000000707100000|100%|HC|  |TAMS 0x0000000707000000, 0x0000000707000000| Complete 
|  17|0x0000000707100000, 0x0000000707200000, 0x0000000707200000|100%|HC|  |TAMS 0x0000000707100000, 0x0000000707100000| Complete 
|  18|0x0000000707200000, 0x0000000707300000, 0x0000000707300000|100%|HS|  |TAMS 0x0000000707200000, 0x0000000707200000| Complete 
|  19|0x0000000707300000, 0x0000000707400000, 0x0000000707400000|100%|HC|  |TAMS 0x0000000707300000, 0x0000000707300000| Complete 
|  20|0x0000000707400000, 0x0000000707500000, 0x0000000707500000|100%|HC|  |TAMS 0x0000000707400000, 0x0000000707400000| Complete 
|  21|0x0000000707500000, 0x0000000707600000, 0x0000000707600000|100%|HS|  |TAMS 0x0000000707500000, 0x0000000707500000| Complete 
|  22|0x0000000707600000, 0x0000000707700000, 0x0000000707700000|100%|HC|  |TAMS 0x0000000707600000, 0x0000000707600000| Complete 
|  23|0x0000000707700000, 0x0000000707800000, 0x0000000707800000|100%|HC|  |TAMS 0x0000000707700000, 0x0000000707700000| Complete 
|  24|0x0000000707800000, 0x0000000707900000, 0x0000000707900000|100%|HS|  |TAMS 0x0000000707800000, 0x0000000707800000| Complete 
|  25|0x0000000707900000, 0x0000000707a00000, 0x0000000707a00000|100%|HC|  |TAMS 0x0000000707900000, 0x0000000707900000| Complete 
|  26|0x0000000707a00000, 0x0000000707b00000, 0x0000000707b00000|100%|HC|  |TAMS 0x0000000707a00000, 0x0000000707a00000| Complete 
|  27|0x0000000707b00000, 0x0000000707c00000, 0x0000000707c00000|100%|HS|  |TAMS 0x0000000707b00000, 0x0000000707b00000| Complete 
|  28|0x0000000707c00000, 0x0000000707d00000, 0x0000000707d00000|100%|HC|  |TAMS 0x0000000707c00000, 0x0000000707c00000| Complete 
|  29|0x0000000707d00000, 0x0000000707e00000, 0x0000000707e00000|100%|HC|  |TAMS 0x0000000707d00000, 0x0000000707d00000| Complete 
|  30|0x0000000707e00000, 0x0000000707f00000, 0x0000000707f00000|100%|HS|  |TAMS 0x0000000707e00000, 0x0000000707e00000| Complete 
|  31|0x0000000707f00000, 0x0000000708000000, 0x0000000708000000|100%|HC|  |TAMS 0x0000000707f00000, 0x0000000707f00000| Complete 
|  32|0x0000000708000000, 0x0000000708100000, 0x0000000708100000|100%|HC|  |TAMS 0x0000000708000000, 0x0000000708000000| Complete 
|  33|0x0000000708100000, 0x0000000708100000, 0x0000000708200000|  0%| F|  |TAMS 0x0000000708100000, 0x0000000708100000| Untracked 
|  34|0x0000000708200000, 0x0000000708200000, 0x0000000708300000|  0%| F|  |TAMS 0x0000000708200000, 0x0000000708200000| Untracked 
|  35|0x0000000708300000, 0x0000000708300000, 0x0000000708400000|  0%| F|  |TAMS 0x0000000708300000, 0x0000000708300000| Untracked 
|  36|0x0000000708400000, 0x0000000708400000, 0x0000000708500000|  0%| F|  |TAMS 0x0000000708400000, 0x0000000708400000| Untracked 
|  37|0x0000000708500000, 0x0000000708500000, 0x0000000708600000|  0%| F|  |TAMS 0x0000000708500000, 0x0000000708500000| Untracked 
|  38|0x0000000708600000, 0x0000000708600000, 0x0000000708700000|  0%| F|  |TAMS 0x0000000708600000, 0x0000000708600000| Untracked 
|  39|0x0000000708700000, 0x0000000708700000, 0x0000000708800000|  0%| F|  |TAMS 0x0000000708700000, 0x0000000708700000| Untracked 
|  40|0x0000000708800000, 0x0000000708800000, 0x0000000708900000|  0%| F|  |TAMS 0x0000000708800000, 0x0000000708800000| Untracked 
|  41|0x0000000708900000, 0x0000000708900000, 0x0000000708a00000|  0%| F|  |TAMS 0x0000000708900000, 0x0000000708900000| Untracked 
|  42|0x0000000708a00000, 0x0000000708a00000, 0x0000000708b00000|  0%| F|  |TAMS 0x0000000708a00000, 0x0000000708a00000| Untracked 
|  43|0x0000000708b00000, 0x0000000708b00000, 0x0000000708c00000|  0%| F|  |TAMS 0x0000000708b00000, 0x0000000708b00000| Untracked 
|  44|0x0000000708c00000, 0x0000000708c00000, 0x0000000708d00000|  0%| F|  |TAMS 0x0000000708c00000, 0x0000000708c00000| Untracked 
|  45|0x0000000708d00000, 0x0000000708d00000, 0x0000000708e00000|  0%| F|  |TAMS 0x0000000708d00000, 0x0000000708d00000| Untracked 
|  46|0x0000000708e00000, 0x0000000708e00000, 0x0000000708f00000|  0%| F|  |TAMS 0x0000000708e00000, 0x0000000708e00000| Untracked 
|  47|0x0000000708f00000, 0x0000000708f00000, 0x0000000709000000|  0%| F|  |TAMS 0x0000000708f00000, 0x0000000708f00000| Untracked 
|  48|0x0000000709000000, 0x0000000709000000, 0x0000000709100000|  0%| F|  |TAMS 0x0000000709000000, 0x0000000709000000| Untracked 
|  49|0x0000000709100000, 0x0000000709100000, 0x0000000709200000|  0%| F|  |TAMS 0x0000000709100000, 0x0000000709100000| Untracked 
|  50|0x0000000709200000, 0x0000000709200000, 0x0000000709300000|  0%| F|  |TAMS 0x0000000709200000, 0x0000000709200000| Untracked 
|  51|0x0000000709300000, 0x0000000709300000, 0x0000000709400000|  0%| F|  |TAMS 0x0000000709300000, 0x0000000709300000| Untracked 
|  52|0x0000000709400000, 0x0000000709400000, 0x0000000709500000|  0%| F|  |TAMS 0x0000000709400000, 0x0000000709400000| Untracked 
|  53|0x0000000709500000, 0x0000000709500000, 0x0000000709600000|  0%| F|  |TAMS 0x0000000709500000, 0x0000000709500000| Untracked 
|  54|0x0000000709600000, 0x0000000709600000, 0x0000000709700000|  0%| F|  |TAMS 0x0000000709600000, 0x0000000709600000| Untracked 
|  55|0x0000000709700000, 0x0000000709700000, 0x0000000709800000|  0%| F|  |TAMS 0x0000000709700000, 0x0000000709700000| Untracked 
|  56|0x0000000709800000, 0x0000000709800000, 0x0000000709900000|  0%| F|  |TAMS 0x0000000709800000, 0x0000000709800000| Untracked 
|  57|0x0000000709900000, 0x0000000709900000, 0x0000000709a00000|  0%| F|  |TAMS 0x0000000709900000, 0x0000000709900000| Untracked 
|  58|0x0000000709a00000, 0x0000000709a00000, 0x0000000709b00000|  0%| F|  |TAMS 0x0000000709a00000, 0x0000000709a00000| Untracked 
|  59|0x0000000709b00000, 0x0000000709b00000, 0x0000000709c00000|  0%| F|  |TAMS 0x0000000709b00000, 0x0000000709b00000| Untracked 
|  60|0x0000000709c00000, 0x0000000709c00000, 0x0000000709d00000|  0%| F|  |TAMS 0x0000000709c00000, 0x0000000709c00000| Untracked 
|  61|0x0000000709d00000, 0x0000000709d00000, 0x0000000709e00000|  0%| F|  |TAMS 0x0000000709d00000, 0x0000000709d00000| Untracked 
|  62|0x0000000709e00000, 0x0000000709e00000, 0x0000000709f00000|  0%| F|  |TAMS 0x0000000709e00000, 0x0000000709e00000| Untracked 
|  63|0x0000000709f00000, 0x0000000709f00000, 0x000000070a000000|  0%| F|  |TAMS 0x0000000709f00000, 0x0000000709f00000| Untracked 
|  64|0x000000070a000000, 0x000000070a000000, 0x000000070a100000|  0%| F|  |TAMS 0x000000070a000000, 0x000000070a000000| Untracked 
|  65|0x000000070a100000, 0x000000070a100000, 0x000000070a200000|  0%| F|  |TAMS 0x000000070a100000, 0x000000070a100000| Untracked 
|  66|0x000000070a200000, 0x000000070a200000, 0x000000070a300000|  0%| F|  |TAMS 0x000000070a200000, 0x000000070a200000| Untracked 
|  67|0x000000070a300000, 0x000000070a300000, 0x000000070a400000|  0%| F|  |TAMS 0x000000070a300000, 0x000000070a300000| Untracked 
|  68|0x000000070a400000, 0x000000070a400000, 0x000000070a500000|  0%| F|  |TAMS 0x000000070a400000, 0x000000070a400000| Untracked 
|  69|0x000000070a500000, 0x000000070a500000, 0x000000070a600000|  0%| F|  |TAMS 0x000000070a500000, 0x000000070a500000| Untracked 
|  70|0x000000070a600000, 0x000000070a600000, 0x000000070a700000|  0%| F|  |TAMS 0x000000070a600000, 0x000000070a600000| Untracked 
|  71|0x000000070a700000, 0x000000070a700000, 0x000000070a800000|  0%| F|  |TAMS 0x000000070a700000, 0x000000070a700000| Untracked 
|  72|0x000000070a800000, 0x000000070a800000, 0x000000070a900000|  0%| F|  |TAMS 0x000000070a800000, 0x000000070a800000| Untracked 
|  73|0x000000070a900000, 0x000000070a900000, 0x000000070aa00000|  0%| F|  |TAMS 0x000000070a900000, 0x000000070a900000| Untracked 
|  74|0x000000070aa00000, 0x000000070aa00000, 0x000000070ab00000|  0%| F|  |TAMS 0x000000070aa00000, 0x000000070aa00000| Untracked 
|  75|0x000000070ab00000, 0x000000070ab00000, 0x000000070ac00000|  0%| F|  |TAMS 0x000000070ab00000, 0x000000070ab00000| Untracked 
|  76|0x000000070ac00000, 0x000000070ac00000, 0x000000070ad00000|  0%| F|  |TAMS 0x000000070ac00000, 0x000000070ac00000| Untracked 
|  77|0x000000070ad00000, 0x000000070ad00000, 0x000000070ae00000|  0%| F|  |TAMS 0x000000070ad00000, 0x000000070ad00000| Untracked 
|  78|0x000000070ae00000, 0x000000070ae00000, 0x000000070af00000|  0%| F|  |TAMS 0x000000070ae00000, 0x000000070ae00000| Untracked 
|  79|0x000000070af00000, 0x000000070af00000, 0x000000070b000000|  0%| F|  |TAMS 0x000000070af00000, 0x000000070af00000| Untracked 
|  80|0x000000070b000000, 0x000000070b000000, 0x000000070b100000|  0%| F|  |TAMS 0x000000070b000000, 0x000000070b000000| Untracked 
|  81|0x000000070b100000, 0x000000070b200000, 0x000000070b200000|100%|HS|  |TAMS 0x000000070b100000, 0x000000070b100000| Complete 
|  82|0x000000070b200000, 0x000000070b300000, 0x000000070b300000|100%|HC|  |TAMS 0x000000070b200000, 0x000000070b200000| Complete 
|  83|0x000000070b300000, 0x000000070b400000, 0x000000070b400000|100%|HC|  |TAMS 0x000000070b300000, 0x000000070b300000| Complete 
|  84|0x000000070b400000, 0x000000070b400000, 0x000000070b500000|  0%| F|  |TAMS 0x000000070b400000, 0x000000070b400000| Untracked 
|  85|0x000000070b500000, 0x000000070b500000, 0x000000070b600000|  0%| F|  |TAMS 0x000000070b500000, 0x000000070b500000| Untracked 
|  86|0x000000070b600000, 0x000000070b600000, 0x000000070b700000|  0%| F|  |TAMS 0x000000070b600000, 0x000000070b600000| Untracked 
|  87|0x000000070b700000, 0x000000070b700000, 0x000000070b800000|  0%| F|  |TAMS 0x000000070b700000, 0x000000070b700000| Untracked 
|  88|0x000000070b800000, 0x000000070b800000, 0x000000070b900000|  0%| F|  |TAMS 0x000000070b800000, 0x000000070b800000| Untracked 
|  89|0x000000070b900000, 0x000000070b900000, 0x000000070ba00000|  0%| F|  |TAMS 0x000000070b900000, 0x000000070b900000| Untracked 
|  90|0x000000070ba00000, 0x000000070ba00000, 0x000000070bb00000|  0%| F|  |TAMS 0x000000070ba00000, 0x000000070ba00000| Untracked 
|  91|0x000000070bb00000, 0x000000070bb00000, 0x000000070bc00000|  0%| F|  |TAMS 0x000000070bb00000, 0x000000070bb00000| Untracked 
|  92|0x000000070bc00000, 0x000000070bc00000, 0x000000070bd00000|  0%| F|  |TAMS 0x000000070bc00000, 0x000000070bc00000| Untracked 
|  93|0x000000070bd00000, 0x000000070bd00000, 0x000000070be00000|  0%| F|  |TAMS 0x000000070bd00000, 0x000000070bd00000| Untracked 
|  94|0x000000070be00000, 0x000000070be00000, 0x000000070bf00000|  0%| F|  |TAMS 0x000000070be00000, 0x000000070be00000| Untracked 
|  95|0x000000070bf00000, 0x000000070bf00000, 0x000000070c000000|  0%| F|  |TAMS 0x000000070bf00000, 0x000000070bf00000| Untracked 
|  96|0x000000070c000000, 0x000000070c000000, 0x000000070c100000|  0%| F|  |TAMS 0x000000070c000000, 0x000000070c000000| Untracked 
|  97|0x000000070c100000, 0x000000070c100000, 0x000000070c200000|  0%| F|  |TAMS 0x000000070c100000, 0x000000070c100000| Untracked 
|  98|0x000000070c200000, 0x000000070c2aa3b0, 0x000000070c300000| 66%| S|CS|TAMS 0x000000070c200000, 0x000000070c200000| Complete 
|  99|0x000000070c300000, 0x000000070c400000, 0x000000070c400000|100%| S|CS|TAMS 0x000000070c300000, 0x000000070c300000| Complete 
| 100|0x000000070c400000, 0x000000070c400000, 0x000000070c500000|  0%| F|  |TAMS 0x000000070c400000, 0x000000070c400000| Untracked 
| 101|0x000000070c500000, 0x000000070c500000, 0x000000070c600000|  0%| F|  |TAMS 0x000000070c500000, 0x000000070c500000| Untracked 
| 102|0x000000070c600000, 0x000000070c600000, 0x000000070c700000|  0%| F|  |TAMS 0x000000070c600000, 0x000000070c600000| Untracked 
| 103|0x000000070c700000, 0x000000070c700000, 0x000000070c800000|  0%| F|  |TAMS 0x000000070c700000, 0x000000070c700000| Untracked 
| 104|0x000000070c800000, 0x000000070c800000, 0x000000070c900000|  0%| F|  |TAMS 0x000000070c800000, 0x000000070c800000| Untracked 
| 105|0x000000070c900000, 0x000000070c900000, 0x000000070ca00000|  0%| F|  |TAMS 0x000000070c900000, 0x000000070c900000| Untracked 
| 106|0x000000070ca00000, 0x000000070ca00000, 0x000000070cb00000|  0%| F|  |TAMS 0x000000070ca00000, 0x000000070ca00000| Untracked 
| 107|0x000000070cb00000, 0x000000070cb00000, 0x000000070cc00000|  0%| F|  |TAMS 0x000000070cb00000, 0x000000070cb00000| Untracked 
| 108|0x000000070cc00000, 0x000000070cc00000, 0x000000070cd00000|  0%| F|  |TAMS 0x000000070cc00000, 0x000000070cc00000| Untracked 
| 109|0x000000070cd00000, 0x000000070cd00000, 0x000000070ce00000|  0%| F|  |TAMS 0x000000070cd00000, 0x000000070cd00000| Untracked 
| 110|0x000000070ce00000, 0x000000070ce00000, 0x000000070cf00000|  0%| F|  |TAMS 0x000000070ce00000, 0x000000070ce00000| Untracked 
| 111|0x000000070cf00000, 0x000000070cf00000, 0x000000070d000000|  0%| F|  |TAMS 0x000000070cf00000, 0x000000070cf00000| Untracked 
| 112|0x000000070d000000, 0x000000070d000000, 0x000000070d100000|  0%| F|  |TAMS 0x000000070d000000, 0x000000070d000000| Untracked 
| 113|0x000000070d100000, 0x000000070d100000, 0x000000070d200000|  0%| F|  |TAMS 0x000000070d100000, 0x000000070d100000| Untracked 
| 114|0x000000070d200000, 0x000000070d200000, 0x000000070d300000|  0%| F|  |TAMS 0x000000070d200000, 0x000000070d200000| Untracked 
| 115|0x000000070d300000, 0x000000070d300000, 0x000000070d400000|  0%| F|  |TAMS 0x000000070d300000, 0x000000070d300000| Untracked 
| 116|0x000000070d400000, 0x000000070d400000, 0x000000070d500000|  0%| F|  |TAMS 0x000000070d400000, 0x000000070d400000| Untracked 
| 117|0x000000070d500000, 0x000000070d500000, 0x000000070d600000|  0%| F|  |TAMS 0x000000070d500000, 0x000000070d500000| Untracked 
| 118|0x000000070d600000, 0x000000070d600000, 0x000000070d700000|  0%| F|  |TAMS 0x000000070d600000, 0x000000070d600000| Untracked 
| 119|0x000000070d700000, 0x000000070d700000, 0x000000070d800000|  0%| F|  |TAMS 0x000000070d700000, 0x000000070d700000| Untracked 
| 120|0x000000070d800000, 0x000000070d800000, 0x000000070d900000|  0%| F|  |TAMS 0x000000070d800000, 0x000000070d800000| Untracked 
| 121|0x000000070d900000, 0x000000070d900000, 0x000000070da00000|  0%| F|  |TAMS 0x000000070d900000, 0x000000070d900000| Untracked 
| 122|0x000000070da00000, 0x000000070da00000, 0x000000070db00000|  0%| F|  |TAMS 0x000000070da00000, 0x000000070da00000| Untracked 
| 123|0x000000070db00000, 0x000000070db00000, 0x000000070dc00000|  0%| F|  |TAMS 0x000000070db00000, 0x000000070db00000| Untracked 
| 124|0x000000070dc00000, 0x000000070dc00000, 0x000000070dd00000|  0%| F|  |TAMS 0x000000070dc00000, 0x000000070dc00000| Untracked 
| 125|0x000000070dd00000, 0x000000070dd00000, 0x000000070de00000|  0%| F|  |TAMS 0x000000070dd00000, 0x000000070dd00000| Untracked 
| 126|0x000000070de00000, 0x000000070de00000, 0x000000070df00000|  0%| F|  |TAMS 0x000000070de00000, 0x000000070de00000| Untracked 
| 127|0x000000070df00000, 0x000000070df00000, 0x000000070e000000|  0%| F|  |TAMS 0x000000070df00000, 0x000000070df00000| Untracked 
| 128|0x000000070e000000, 0x000000070e000000, 0x000000070e100000|  0%| F|  |TAMS 0x000000070e000000, 0x000000070e000000| Untracked 
| 129|0x000000070e100000, 0x000000070e100000, 0x000000070e200000|  0%| F|  |TAMS 0x000000070e100000, 0x000000070e100000| Untracked 
| 130|0x000000070e200000, 0x000000070e200000, 0x000000070e300000|  0%| F|  |TAMS 0x000000070e200000, 0x000000070e200000| Untracked 
| 131|0x000000070e300000, 0x000000070e300000, 0x000000070e400000|  0%| F|  |TAMS 0x000000070e300000, 0x000000070e300000| Untracked 
| 132|0x000000070e400000, 0x000000070e400000, 0x000000070e500000|  0%| F|  |TAMS 0x000000070e400000, 0x000000070e400000| Untracked 
| 133|0x000000070e500000, 0x000000070e500000, 0x000000070e600000|  0%| F|  |TAMS 0x000000070e500000, 0x000000070e500000| Untracked 
| 134|0x000000070e600000, 0x000000070e600000, 0x000000070e700000|  0%| F|  |TAMS 0x000000070e600000, 0x000000070e600000| Untracked 
| 135|0x000000070e700000, 0x000000070e700000, 0x000000070e800000|  0%| F|  |TAMS 0x000000070e700000, 0x000000070e700000| Untracked 
| 136|0x000000070e800000, 0x000000070e800000, 0x000000070e900000|  0%| F|  |TAMS 0x000000070e800000, 0x000000070e800000| Untracked 
| 137|0x000000070e900000, 0x000000070e900000, 0x000000070ea00000|  0%| F|  |TAMS 0x000000070e900000, 0x000000070e900000| Untracked 
| 138|0x000000070ea00000, 0x000000070ea00000, 0x000000070eb00000|  0%| F|  |TAMS 0x000000070ea00000, 0x000000070ea00000| Untracked 
| 139|0x000000070eb00000, 0x000000070eb00000, 0x000000070ec00000|  0%| F|  |TAMS 0x000000070eb00000, 0x000000070eb00000| Untracked 
| 140|0x000000070ec00000, 0x000000070ec00000, 0x000000070ed00000|  0%| F|  |TAMS 0x000000070ec00000, 0x000000070ec00000| Untracked 
| 141|0x000000070ed00000, 0x000000070ed00000, 0x000000070ee00000|  0%| F|  |TAMS 0x000000070ed00000, 0x000000070ed00000| Untracked 
| 142|0x000000070ee00000, 0x000000070ee00000, 0x000000070ef00000|  0%| F|  |TAMS 0x000000070ee00000, 0x000000070ee00000| Untracked 
| 143|0x000000070ef00000, 0x000000070ef00000, 0x000000070f000000|  0%| F|  |TAMS 0x000000070ef00000, 0x000000070ef00000| Untracked 
| 144|0x000000070f000000, 0x000000070f000000, 0x000000070f100000|  0%| F|  |TAMS 0x000000070f000000, 0x000000070f000000| Untracked 
| 145|0x000000070f100000, 0x000000070f100000, 0x000000070f200000|  0%| F|  |TAMS 0x000000070f100000, 0x000000070f100000| Untracked 
| 146|0x000000070f200000, 0x000000070f200000, 0x000000070f300000|  0%| F|  |TAMS 0x000000070f200000, 0x000000070f200000| Untracked 
| 147|0x000000070f300000, 0x000000070f300000, 0x000000070f400000|  0%| F|  |TAMS 0x000000070f300000, 0x000000070f300000| Untracked 
| 148|0x000000070f400000, 0x000000070f400000, 0x000000070f500000|  0%| F|  |TAMS 0x000000070f400000, 0x000000070f400000| Untracked 
| 149|0x000000070f500000, 0x000000070f500000, 0x000000070f600000|  0%| F|  |TAMS 0x000000070f500000, 0x000000070f500000| Untracked 
| 150|0x000000070f600000, 0x000000070f600000, 0x000000070f700000|  0%| F|  |TAMS 0x000000070f600000, 0x000000070f600000| Untracked 
| 151|0x000000070f700000, 0x000000070f700000, 0x000000070f800000|  0%| F|  |TAMS 0x000000070f700000, 0x000000070f700000| Untracked 
| 152|0x000000070f800000, 0x000000070f800000, 0x000000070f900000|  0%| F|  |TAMS 0x000000070f800000, 0x000000070f800000| Untracked 
| 153|0x000000070f900000, 0x000000070f900000, 0x000000070fa00000|  0%| F|  |TAMS 0x000000070f900000, 0x000000070f900000| Untracked 
| 154|0x000000070fa00000, 0x000000070fa00000, 0x000000070fb00000|  0%| F|  |TAMS 0x000000070fa00000, 0x000000070fa00000| Untracked 
| 155|0x000000070fb00000, 0x000000070fb00000, 0x000000070fc00000|  0%| F|  |TAMS 0x000000070fb00000, 0x000000070fb00000| Untracked 
| 156|0x000000070fc00000, 0x000000070fc00000, 0x000000070fd00000|  0%| F|  |TAMS 0x000000070fc00000, 0x000000070fc00000| Untracked 
| 157|0x000000070fd00000, 0x000000070fd00000, 0x000000070fe00000|  0%| F|  |TAMS 0x000000070fd00000, 0x000000070fd00000| Untracked 
| 158|0x000000070fe00000, 0x000000070fe00000, 0x000000070ff00000|  0%| F|  |TAMS 0x000000070fe00000, 0x000000070fe00000| Untracked 
| 159|0x000000070ff00000, 0x000000070ff00000, 0x0000000710000000|  0%| F|  |TAMS 0x000000070ff00000, 0x000000070ff00000| Untracked 
| 160|0x0000000710000000, 0x0000000710000000, 0x0000000710100000|  0%| F|  |TAMS 0x0000000710000000, 0x0000000710000000| Untracked 
| 161|0x0000000710100000, 0x0000000710100000, 0x0000000710200000|  0%| F|  |TAMS 0x0000000710100000, 0x0000000710100000| Untracked 
| 162|0x0000000710200000, 0x0000000710200000, 0x0000000710300000|  0%| F|  |TAMS 0x0000000710200000, 0x0000000710200000| Untracked 
| 163|0x0000000710300000, 0x0000000710300000, 0x0000000710400000|  0%| F|  |TAMS 0x0000000710300000, 0x0000000710300000| Untracked 
| 164|0x0000000710400000, 0x0000000710400000, 0x0000000710500000|  0%| F|  |TAMS 0x0000000710400000, 0x0000000710400000| Untracked 
| 165|0x0000000710500000, 0x0000000710500000, 0x0000000710600000|  0%| F|  |TAMS 0x0000000710500000, 0x0000000710500000| Untracked 
| 166|0x0000000710600000, 0x0000000710600000, 0x0000000710700000|  0%| F|  |TAMS 0x0000000710600000, 0x0000000710600000| Untracked 
| 167|0x0000000710700000, 0x0000000710700000, 0x0000000710800000|  0%| F|  |TAMS 0x0000000710700000, 0x0000000710700000| Untracked 
| 168|0x0000000710800000, 0x0000000710800000, 0x0000000710900000|  0%| F|  |TAMS 0x0000000710800000, 0x0000000710800000| Untracked 
| 169|0x0000000710900000, 0x0000000710900000, 0x0000000710a00000|  0%| F|  |TAMS 0x0000000710900000, 0x0000000710900000| Untracked 
| 170|0x0000000710a00000, 0x0000000710a00000, 0x0000000710b00000|  0%| F|  |TAMS 0x0000000710a00000, 0x0000000710a00000| Untracked 
| 171|0x0000000710b00000, 0x0000000710b00000, 0x0000000710c00000|  0%| F|  |TAMS 0x0000000710b00000, 0x0000000710b00000| Untracked 
| 172|0x0000000710c00000, 0x0000000710c00000, 0x0000000710d00000|  0%| F|  |TAMS 0x0000000710c00000, 0x0000000710c00000| Untracked 
| 173|0x0000000710d00000, 0x0000000710d00000, 0x0000000710e00000|  0%| F|  |TAMS 0x0000000710d00000, 0x0000000710d00000| Untracked 
| 174|0x0000000710e00000, 0x0000000710e00000, 0x0000000710f00000|  0%| F|  |TAMS 0x0000000710e00000, 0x0000000710e00000| Untracked 
| 175|0x0000000710f00000, 0x0000000710f00000, 0x0000000711000000|  0%| F|  |TAMS 0x0000000710f00000, 0x0000000710f00000| Untracked 
| 176|0x0000000711000000, 0x0000000711000000, 0x0000000711100000|  0%| F|  |TAMS 0x0000000711000000, 0x0000000711000000| Untracked 
| 177|0x0000000711100000, 0x0000000711100000, 0x0000000711200000|  0%| F|  |TAMS 0x0000000711100000, 0x0000000711100000| Untracked 
| 178|0x0000000711200000, 0x0000000711200000, 0x0000000711300000|  0%| F|  |TAMS 0x0000000711200000, 0x0000000711200000| Untracked 
| 179|0x0000000711300000, 0x0000000711300000, 0x0000000711400000|  0%| F|  |TAMS 0x0000000711300000, 0x0000000711300000| Untracked 
| 180|0x0000000711400000, 0x0000000711400000, 0x0000000711500000|  0%| F|  |TAMS 0x0000000711400000, 0x0000000711400000| Untracked 
| 181|0x0000000711500000, 0x0000000711500000, 0x0000000711600000|  0%| F|  |TAMS 0x0000000711500000, 0x0000000711500000| Untracked 
| 182|0x0000000711600000, 0x0000000711600000, 0x0000000711700000|  0%| F|  |TAMS 0x0000000711600000, 0x0000000711600000| Untracked 
| 183|0x0000000711700000, 0x0000000711700000, 0x0000000711800000|  0%| F|  |TAMS 0x0000000711700000, 0x0000000711700000| Untracked 
| 184|0x0000000711800000, 0x0000000711800000, 0x0000000711900000|  0%| F|  |TAMS 0x0000000711800000, 0x0000000711800000| Untracked 
| 185|0x0000000711900000, 0x0000000711900000, 0x0000000711a00000|  0%| F|  |TAMS 0x0000000711900000, 0x0000000711900000| Untracked 
| 186|0x0000000711a00000, 0x0000000711a00000, 0x0000000711b00000|  0%| F|  |TAMS 0x0000000711a00000, 0x0000000711a00000| Untracked 
| 187|0x0000000711b00000, 0x0000000711b00000, 0x0000000711c00000|  0%| F|  |TAMS 0x0000000711b00000, 0x0000000711b00000| Untracked 
| 188|0x0000000711c00000, 0x0000000711c80800, 0x0000000711d00000| 50%| E|  |TAMS 0x0000000711c00000, 0x0000000711c00000| Complete 
| 189|0x0000000711d00000, 0x0000000711e00000, 0x0000000711e00000|100%| E|CS|TAMS 0x0000000711d00000, 0x0000000711d00000| Complete 
| 190|0x0000000711e00000, 0x0000000711f00000, 0x0000000711f00000|100%| E|CS|TAMS 0x0000000711e00000, 0x0000000711e00000| Complete 
| 191|0x0000000711f00000, 0x0000000712000000, 0x0000000712000000|100%| E|CS|TAMS 0x0000000711f00000, 0x0000000711f00000| Complete 
| 192|0x0000000712000000, 0x0000000712100000, 0x0000000712100000|100%| E|CS|TAMS 0x0000000712000000, 0x0000000712000000| Complete 
| 193|0x0000000712100000, 0x0000000712200000, 0x0000000712200000|100%| E|CS|TAMS 0x0000000712100000, 0x0000000712100000| Complete 
| 194|0x0000000712200000, 0x0000000712300000, 0x0000000712300000|100%| E|CS|TAMS 0x0000000712200000, 0x0000000712200000| Complete 
| 195|0x0000000712300000, 0x0000000712400000, 0x0000000712400000|100%| E|CS|TAMS 0x0000000712300000, 0x0000000712300000| Complete 
| 196|0x0000000712400000, 0x0000000712500000, 0x0000000712500000|100%| E|CS|TAMS 0x0000000712400000, 0x0000000712400000| Complete 
| 197|0x0000000712500000, 0x0000000712600000, 0x0000000712600000|100%| E|CS|TAMS 0x0000000712500000, 0x0000000712500000| Complete 
| 198|0x0000000712600000, 0x0000000712700000, 0x0000000712700000|100%| E|CS|TAMS 0x0000000712600000, 0x0000000712600000| Complete 
| 199|0x0000000712700000, 0x0000000712800000, 0x0000000712800000|100%| E|CS|TAMS 0x0000000712700000, 0x0000000712700000| Complete 
| 200|0x0000000712800000, 0x0000000712900000, 0x0000000712900000|100%| E|CS|TAMS 0x0000000712800000, 0x0000000712800000| Complete 
| 201|0x0000000712900000, 0x0000000712a00000, 0x0000000712a00000|100%| E|CS|TAMS 0x0000000712900000, 0x0000000712900000| Complete 
| 202|0x0000000712a00000, 0x0000000712b00000, 0x0000000712b00000|100%| E|CS|TAMS 0x0000000712a00000, 0x0000000712a00000| Complete 
| 203|0x0000000712b00000, 0x0000000712c00000, 0x0000000712c00000|100%| E|CS|TAMS 0x0000000712b00000, 0x0000000712b00000| Complete 
| 204|0x0000000712c00000, 0x0000000712d00000, 0x0000000712d00000|100%| E|CS|TAMS 0x0000000712c00000, 0x0000000712c00000| Complete 
| 205|0x0000000712d00000, 0x0000000712e00000, 0x0000000712e00000|100%| E|CS|TAMS 0x0000000712d00000, 0x0000000712d00000| Complete 
| 206|0x0000000712e00000, 0x0000000712f00000, 0x0000000712f00000|100%| E|CS|TAMS 0x0000000712e00000, 0x0000000712e00000| Complete 
| 207|0x0000000712f00000, 0x0000000713000000, 0x0000000713000000|100%| E|CS|TAMS 0x0000000712f00000, 0x0000000712f00000| Complete 
| 208|0x0000000713000000, 0x0000000713100000, 0x0000000713100000|100%| E|CS|TAMS 0x0000000713000000, 0x0000000713000000| Complete 
| 209|0x0000000713100000, 0x0000000713200000, 0x0000000713200000|100%| E|CS|TAMS 0x0000000713100000, 0x0000000713100000| Complete 
| 210|0x0000000713200000, 0x0000000713300000, 0x0000000713300000|100%| E|CS|TAMS 0x0000000713200000, 0x0000000713200000| Complete 
| 211|0x0000000713300000, 0x0000000713400000, 0x0000000713400000|100%| E|CS|TAMS 0x0000000713300000, 0x0000000713300000| Complete 
| 212|0x0000000713400000, 0x0000000713500000, 0x0000000713500000|100%| E|CS|TAMS 0x0000000713400000, 0x0000000713400000| Complete 
| 213|0x0000000713500000, 0x0000000713600000, 0x0000000713600000|100%| E|CS|TAMS 0x0000000713500000, 0x0000000713500000| Complete 
| 214|0x0000000713600000, 0x0000000713700000, 0x0000000713700000|100%| E|CS|TAMS 0x0000000713600000, 0x0000000713600000| Complete 
| 215|0x0000000713700000, 0x0000000713800000, 0x0000000713800000|100%| E|CS|TAMS 0x0000000713700000, 0x0000000713700000| Complete 
| 216|0x0000000713800000, 0x0000000713900000, 0x0000000713900000|100%| E|CS|TAMS 0x0000000713800000, 0x0000000713800000| Complete 
| 217|0x0000000713900000, 0x0000000713a00000, 0x0000000713a00000|100%| E|CS|TAMS 0x0000000713900000, 0x0000000713900000| Complete 
| 218|0x0000000713a00000, 0x0000000713b00000, 0x0000000713b00000|100%| E|CS|TAMS 0x0000000713a00000, 0x0000000713a00000| Complete 
| 219|0x0000000713b00000, 0x0000000713c00000, 0x0000000713c00000|100%| E|CS|TAMS 0x0000000713b00000, 0x0000000713b00000| Complete 
| 220|0x0000000713c00000, 0x0000000713d00000, 0x0000000713d00000|100%| E|CS|TAMS 0x0000000713c00000, 0x0000000713c00000| Complete 
| 221|0x0000000713d00000, 0x0000000713e00000, 0x0000000713e00000|100%| E|CS|TAMS 0x0000000713d00000, 0x0000000713d00000| Complete 
| 222|0x0000000713e00000, 0x0000000713f00000, 0x0000000713f00000|100%| E|CS|TAMS 0x0000000713e00000, 0x0000000713e00000| Complete 
| 223|0x0000000713f00000, 0x0000000714000000, 0x0000000714000000|100%| E|CS|TAMS 0x0000000713f00000, 0x0000000713f00000| Complete 
| 224|0x0000000714000000, 0x0000000714100000, 0x0000000714100000|100%| E|CS|TAMS 0x0000000714000000, 0x0000000714000000| Complete 
| 225|0x0000000714100000, 0x0000000714200000, 0x0000000714200000|100%| E|CS|TAMS 0x0000000714100000, 0x0000000714100000| Complete 
| 226|0x0000000714200000, 0x0000000714300000, 0x0000000714300000|100%| E|CS|TAMS 0x0000000714200000, 0x0000000714200000| Complete 
| 227|0x0000000714300000, 0x0000000714400000, 0x0000000714400000|100%| E|CS|TAMS 0x0000000714300000, 0x0000000714300000| Complete 
| 228|0x0000000714400000, 0x0000000714500000, 0x0000000714500000|100%| E|CS|TAMS 0x0000000714400000, 0x0000000714400000| Complete 
| 229|0x0000000714500000, 0x0000000714600000, 0x0000000714600000|100%| E|CS|TAMS 0x0000000714500000, 0x0000000714500000| Complete 
| 230|0x0000000714600000, 0x0000000714700000, 0x0000000714700000|100%| E|CS|TAMS 0x0000000714600000, 0x0000000714600000| Complete 
| 231|0x0000000714700000, 0x0000000714800000, 0x0000000714800000|100%| E|CS|TAMS 0x0000000714700000, 0x0000000714700000| Complete 
| 232|0x0000000714800000, 0x0000000714900000, 0x0000000714900000|100%| E|CS|TAMS 0x0000000714800000, 0x0000000714800000| Complete 
| 233|0x0000000714900000, 0x0000000714a00000, 0x0000000714a00000|100%| E|CS|TAMS 0x0000000714900000, 0x0000000714900000| Complete 
| 234|0x0000000714a00000, 0x0000000714b00000, 0x0000000714b00000|100%| E|CS|TAMS 0x0000000714a00000, 0x0000000714a00000| Complete 
| 235|0x0000000714b00000, 0x0000000714c00000, 0x0000000714c00000|100%| E|CS|TAMS 0x0000000714b00000, 0x0000000714b00000| Complete 
| 236|0x0000000714c00000, 0x0000000714d00000, 0x0000000714d00000|100%| E|CS|TAMS 0x0000000714c00000, 0x0000000714c00000| Complete 
| 237|0x0000000714d00000, 0x0000000714e00000, 0x0000000714e00000|100%| E|CS|TAMS 0x0000000714d00000, 0x0000000714d00000| Complete 
| 238|0x0000000714e00000, 0x0000000714f00000, 0x0000000714f00000|100%| E|CS|TAMS 0x0000000714e00000, 0x0000000714e00000| Complete 
| 239|0x0000000714f00000, 0x0000000715000000, 0x0000000715000000|100%| E|CS|TAMS 0x0000000714f00000, 0x0000000714f00000| Complete 
| 240|0x0000000715000000, 0x0000000715100000, 0x0000000715100000|100%| E|CS|TAMS 0x0000000715000000, 0x0000000715000000| Complete 
| 241|0x0000000715100000, 0x0000000715200000, 0x0000000715200000|100%| E|CS|TAMS 0x0000000715100000, 0x0000000715100000| Complete 
| 242|0x0000000715200000, 0x0000000715300000, 0x0000000715300000|100%| E|CS|TAMS 0x0000000715200000, 0x0000000715200000| Complete 
| 243|0x0000000715300000, 0x0000000715400000, 0x0000000715400000|100%| E|CS|TAMS 0x0000000715300000, 0x0000000715300000| Complete 
| 244|0x0000000715400000, 0x0000000715500000, 0x0000000715500000|100%| E|CS|TAMS 0x0000000715400000, 0x0000000715400000| Complete 
| 245|0x0000000715500000, 0x0000000715600000, 0x0000000715600000|100%| E|CS|TAMS 0x0000000715500000, 0x0000000715500000| Complete 
| 246|0x0000000715600000, 0x0000000715700000, 0x0000000715700000|100%| E|CS|TAMS 0x0000000715600000, 0x0000000715600000| Complete 
| 247|0x0000000715700000, 0x0000000715800000, 0x0000000715800000|100%| E|CS|TAMS 0x0000000715700000, 0x0000000715700000| Complete 
| 248|0x0000000715800000, 0x0000000715900000, 0x0000000715900000|100%| E|CS|TAMS 0x0000000715800000, 0x0000000715800000| Complete 
| 249|0x0000000715900000, 0x0000000715a00000, 0x0000000715a00000|100%| E|CS|TAMS 0x0000000715900000, 0x0000000715900000| Complete 

Card table byte_map: [0x00007f1a5093e000,0x00007f1a5110e000] _byte_map_base: 0x00007f1a4d10e000

Marking Bits (Prev, Next): (CMBitMap*) 0x00007f1a6808d578, (CMBitMap*) 0x00007f1a6808d5b0
 Prev Bits: [0x00007f1a48180000, 0x00007f1a4c000000)
 Next Bits: [0x00007f1a44300000, 0x00007f1a48180000)

Polling page: 0x00007f1a6e76e000

Metaspace:

Usage:
  Non-class:      8.29 MB capacity,     8.10 MB ( 98%) used,   170.86 KB (  2%) free+waste,    24.06 KB ( <1%) overhead. 
      Class:      1.03 MB capacity,   968.92 KB ( 92%) used,    71.89 KB (  7%) free+waste,    12.19 KB (  1%) overhead. 
       Both:      9.32 MB capacity,     9.05 MB ( 97%) used,   242.75 KB (  3%) free+waste,    36.25 KB ( <1%) overhead. 

Virtual space:
  Non-class space:       10.00 MB reserved,       8.50 MB ( 85%) committed 
      Class space:        1.00 GB reserved,       1.12 MB ( <1%) committed 
             Both:        1.01 GB reserved,       9.62 MB ( <1%) committed 

Chunk freelists:
   Non-Class:  57.00 KB
       Class:  0 bytes
        Both:  57.00 KB

MaxMetaspaceSize: unlimited
CompressedClassSpaceSize: 1.00 GB

CodeHeap 'non-profiled nmethods': size=120032Kb used=569Kb max_used=569Kb free=119463Kb
 bounds [0x00007f1a59d9b000, 0x00007f1a5a00b000, 0x00007f1a612d3000]
CodeHeap 'profiled nmethods': size=120028Kb used=2254Kb max_used=2254Kb free=117773Kb
 bounds [0x00007f1a52864000, 0x00007f1a52ad4000, 0x00007f1a59d9b000]
CodeHeap 'non-nmethods': size=5700Kb used=1100Kb max_used=1129Kb free=4599Kb
 bounds [0x00007f1a522d3000, 0x00007f1a52543000, 0x00007f1a52864000]
 total_blobs=1632 nmethods=1200 adapters=345
 compilation: enabled
              stopped_count=0, restarted_count=0
 full_count=0

Compilation events (20 events):
Event: 64.866 Thread 0x00007f1a6828c800 1193       4       java.nio.channels.spi.AbstractInterruptibleChannel::isOpen (13 bytes)
Event: 64.866 Thread 0x00007f1a6828c800 nmethod 1193 0x00007f1a59e26a10 code [0x00007f1a59e26ba0, 0x00007f1a59e26c18]
Event: 64.867 Thread 0x00007f1a6828e800 1194       3       javax.imageio.ImageTypeSpecifier::createComponentCM (61 bytes)
Event: 64.868 Thread 0x00007f1a6828e800 nmethod 1194 0x00007f1a52a8ca10 code [0x00007f1a52a8cc20, 0x00007f1a52a8d200]
Event: 64.868 Thread 0x00007f1a6828e800 1195       3       javax.imageio.ImageTypeSpecifier$Interleaved::<init> (242 bytes)
Event: 64.869 Thread 0x00007f1a6828e800 nmethod 1195 0x00007f1a52a8d510 code [0x00007f1a52a8d7c0, 0x00007f1a52a8e720]
Event: 65.001 Thread 0x00007f1a6828e800 1196       3       java.awt.image.ComponentColorModel::isCompatibleRaster (77 bytes)
Event: 65.002 Thread 0x00007f1a6828e800 nmethod 1196 0x00007f1a52a8eb90 code [0x00007f1a52a8ed80, 0x00007f1a52a8f520]
Event: 65.002 Thread 0x00007f1a6828e800 1197       3       java.awt.image.BufferedImage::<init> (1012 bytes)
Event: 65.007 Thread 0x00007f1a6828e800 nmethod 1197 0x00007f1a52a8f710 code [0x00007f1a52a8fdc0, 0x00007f1a52a957c0]
Event: 65.135 Thread 0x00007f1a6828e800 1198       3       java.awt.image.ComponentSampleModel::getPixel (115 bytes)
Event: 65.136 Thread 0x00007f1a6828e800 nmethod 1198 0x00007f1a52a96b10 code [0x00007f1a52a96d20, 0x00007f1a52a972f0]
Event: 66.837 Thread 0x00007f1a6828c800 1199       4       java.lang.Integer::getChars (131 bytes)
Event: 66.845 Thread 0x00007f1a6828c800 nmethod 1199 0x00007f1a59e26c90 code [0x00007f1a59e26e40, 0x00007f1a59e271f8]
Event: 67.075 Thread 0x00007f1a6828c800 1200       4       java.awt.Rectangle::<init> (26 bytes)
Event: 67.076 Thread 0x00007f1a6828c800 nmethod 1200 0x00007f1a59e27410 code [0x00007f1a59e275a0, 0x00007f1a59e27618]
Event: 67.746 Thread 0x00007f1a6828c800 1201       4       java.util.HashMap::putVal (300 bytes)
Event: 67.766 Thread 0x00007f1a6828c800 nmethod 1201 0x00007f1a59e27690 code [0x00007f1a59e278a0, 0x00007f1a59e286c8]
Event: 70.811 Thread 0x00007f1a6828e800 1204   !   3       java.io.FileInputStream::getFinalizer (42 bytes)
Event: 70.811 Thread 0x00007f1a6828e800 nmethod 1204 0x00007f1a52a97590 code [0x00007f1a52a97780, 0x00007f1a52a97b60]

GC Heap History (20 events):
Event: 33.488 GC heap before
{Heap before GC invocations=4 (full 0):
 garbage-first heap   total 256000K, used 239369K [0x0000000706000000, 0x0000000800000000)
  region size 1024K, 150 young (153600K), 2 survivors (2048K)
 Metaspace       used 9096K, capacity 9332K, committed 9600K, reserved 1058816K
  class space    used 966K, capacity 1053K, committed 1152K, reserved 1048576K
}
Event: 33.491 GC heap after
{Heap after GC invocations=5 (full 0):
 garbage-first heap   total 256000K, used 4856K [0x0000000706000000, 0x0000000800000000)
  region size 1024K, 2 young (2048K), 2 survivors (2048K)
 Metaspace       used 9096K, capacity 9332K, committed 9600K, reserved 1058816K
  class space    used 966K, capacity 1053K, committed 1152K, reserved 1048576K
}
Event: 37.405 GC heap before
{Heap before GC invocations=5 (full 0):
 garbage-first heap   total 256000K, used 242424K [0x0000000706000000, 0x0000000800000000)
  region size 1024K, 150 young (153600K), 2 survivors (2048K)
 Metaspace       used 9155K, capacity 9402K, committed 9600K, reserved 1058816K
  class space    used 966K, capacity 1053K, committed 1152K, reserved 1048576K
}
Event: 37.409 GC heap after
{Heap after GC invocations=6 (full 0):
 garbage-first heap   total 256000K, used 4925K [0x0000000706000000, 0x0000000800000000)
  region size 1024K, 2 young (2048K), 2 survivors (2048K)
 Metaspace       used 9155K, capacity 9402K, committed 9600K, reserved 1058816K
  class space    used 966K, capacity 1053K, committed 1152K, reserved 1048576K
}
Event: 41.411 GC heap before
{Heap before GC invocations=6 (full 0):
 garbage-first heap   total 256000K, used 242493K [0x0000000706000000, 0x0000000800000000)
  region size 1024K, 150 young (153600K), 2 survivors (2048K)
 Metaspace       used 9156K, capacity 9402K, committed 9600K, reserved 1058816K
  class space    used 966K, capacity 1053K, committed 1152K, reserved 1048576K
}
Event: 41.413 GC heap after
{Heap after GC invocations=7 (full 0):
 garbage-first heap   total 256000K, used 4825K [0x0000000706000000, 0x0000000800000000)
  region size 1024K, 2 young (2048K), 2 survivors (2048K)
 Metaspace       used 9156K, capacity 9402K, committed 9600K, reserved 1058816K
  class space    used 966K, capacity 1053K, committed 1152K, reserved 1048576K
}
Event: 45.469 GC heap before
{Heap before GC invocations=7 (full 0):
 garbage-first heap   total 256000K, used 242393K [0x0000000706000000, 0x0000000800000000)
  region size 1024K, 150 young (153600K), 2 survivors (2048K)
 Metaspace       used 9173K, capacity 9402K, committed 9600K, reserved 1058816K
  class space    used 968K, capacity 1053K, committed 1152K, reserved 1048576K
}
Event: 45.472 GC heap after
{Heap after GC invocations=8 (full 0):
 garbage-first heap   total 256000K, used 4811K [0x0000000706000000, 0x0000000800000000)
  region size 1024K, 2 young (2048K), 2 survivors (2048K)
 Metaspace       used 9173K, capacity 9402K, committed 9600K, reserved 1058816K
  class space    used 968K, capacity 1053K, committed 1152K, reserved 1048576K
}
Event: 49.493 GC heap before
{Heap before GC invocations=8 (full 0):
 garbage-first heap   total 256000K, used 245451K [0x0000000706000000, 0x0000000800000000)
  region size 1024K, 150 young (153600K), 2 survivors (2048K)
 Metaspace       used 9182K, capacity 9476K, committed 9856K, reserved 1058816K
  class space    used 968K, capacity 1053K, committed 1152K, reserved 1048576K
}
Event: 49.496 GC heap after
{Heap after GC invocations=9 (full 0):
 garbage-first heap   total 256000K, used 4784K [0x0000000706000000, 0x0000000800000000)
  region size 1024K, 2 young (2048K), 2 survivors (2048K)
 Metaspace       used 9182K, capacity 9476K, committed 9856K, reserved 1058816K
  class space    used 968K, capacity 1053K, committed 1152K, reserved 1048576K
}
Event: 53.532 GC heap before
{Heap before GC invocations=9 (full 0):
 garbage-first heap   total 256000K, used 242352K [0x0000000706000000, 0x0000000800000000)
  region size 1024K, 150 young (153600K), 2 survivors (2048K)
 Metaspace       used 9236K, capacity 9476K, committed 9856K, reserved 1058816K
  class space    used 968K, capacity 1053K, committed 1152K, reserved 1048576K
}
Event: 53.537 GC heap after
{Heap after GC invocations=10 (full 0):
 garbage-first heap   total 256000K, used 4796K [0x0000000706000000, 0x0000000800000000)
  region size 1024K, 2 young (2048K), 2 survivors (2048K)
 Metaspace       used 9236K, capacity 9476K, committed 9856K, reserved 1058816K
  class space    used 968K, capacity 1053K, committed 1152K, reserved 1048576K
}
Event: 57.464 GC heap before
{Heap before GC invocations=10 (full 0):
 garbage-first heap   total 256000K, used 242364K [0x0000000706000000, 0x0000000800000000)
  region size 1024K, 150 young (153600K), 2 survivors (2048K)
 Metaspace       used 9248K, capacity 9480K, committed 9856K, reserved 1058816K
  class space    used 968K, capacity 1053K, committed 1152K, reserved 1048576K
}
Event: 57.466 GC heap after
{Heap after GC invocations=11 (full 0):
 garbage-first heap   total 256000K, used 4892K [0x0000000706000000, 0x0000000800000000)
  region size 1024K, 2 young (2048K), 2 survivors (2048K)
 Metaspace       used 9248K, capacity 9480K, committed 9856K, reserved 1058816K
  class space    used 968K, capacity 1053K, committed 1152K, reserved 1048576K
}
Event: 61.331 GC heap before
{Heap before GC invocations=11 (full 0):
 garbage-first heap   total 256000K, used 242460K [0x0000000706000000, 0x0000000800000000)
  region size 1024K, 150 young (153600K), 2 survivors (2048K)
 Metaspace       used 9248K, capacity 9480K, committed 9856K, reserved 1058816K
  class space    used 968K, capacity 1053K, committed 1152K, reserved 1048576K
}
Event: 61.334 GC heap after
{Heap after GC invocations=12 (full 0):
 garbage-first heap   total 256000K, used 4867K [0x0000000706000000, 0x0000000800000000)
  region size 1024K, 2 young (2048K), 2 survivors (2048K)
 Metaspace       used 9248K, capacity 9480K, committed 9856K, reserved 1058816K
  class space    used 968K, capacity 1053K, committed 1152K, reserved 1048576K
}
Event: 65.285 GC heap before
{Heap before GC invocations=12 (full 0):
 garbage-first heap   total 256000K, used 242435K [0x0000000706000000, 0x0000000800000000)
  region size 1024K, 150 young (153600K), 2 survivors (2048K)
 Metaspace       used 9265K, capacity 9544K, committed 9856K, reserved 1058816K
  class space    used 968K, capacity 1053K, committed 1152K, reserved 1048576K
}
Event: 65.288 GC heap after
{Heap after GC invocations=13 (full 0):
 garbage-first heap   total 256000K, used 4860K [0x0000000706000000, 0x0000000800000000)
  region size 1024K, 2 young (2048K), 2 survivors (2048K)
 Metaspace       used 9265K, capacity 9544K, committed 9856K, reserved 1058816K
  class space    used 968K, capacity 1053K, committed 1152K, reserved 1048576K
}
Event: 69.283 GC heap before
{Heap before GC invocations=13 (full 0):
 garbage-first heap   total 256000K, used 242428K [0x0000000706000000, 0x0000000800000000)
  region size 1024K, 150 young (153600K), 2 survivors (2048K)
 Metaspace       used 9265K, capacity 9544K, committed 9856K, reserved 1058816K
  class space    used 968K, capacity 1053K, committed 1152K, reserved 1048576K
}
Event: 69.286 GC heap after
{Heap after GC invocations=14 (full 0):
 garbage-first heap   total 256000K, used 4776K [0x0000000706000000, 0x0000000800000000)
  region size 1024K, 2 young (2048K), 2 survivors (2048K)
 Metaspace       used 9265K, capacity 9544K, committed 9856K, reserved 1058816K
  class space    used 968K, capacity 1053K, committed 1152K, reserved 1048576K
}

Deoptimization events (20 events):
Event: 43.164 Thread 0x00007f1a68027800 Uncommon trap: trap_request=0xffffff4d fr.pc=0x00007f1a59ded784 relative=0x0000000000000fe4
Event: 43.164 Thread 0x00007f1a68027800 Uncommon trap: reason=unstable_if action=reinterpret pc=0x00007f1a59ded784 method=javax.imageio.stream.FileImageInputStream.read([BII)I @ 24 c2
Event: 43.164 Thread 0x00007f1a68027800 DEOPT PACKING pc=0x00007f1a59ded784 sp=0x00007f1a6e75d970
Event: 43.164 Thread 0x00007f1a68027800 DEOPT UNPACKING pc=0x00007f1a522f97a5 sp=0x00007f1a6e75d828 mode 2
Event: 46.955 Thread 0x00007f1a68027800 DEOPT PACKING pc=0x00007f1a529b959e sp=0x00007f1a6e75db20
Event: 46.955 Thread 0x00007f1a68027800 DEOPT UNPACKING pc=0x00007f1a522f95ba sp=0x00007f1a6e75d108 mode 0
Event: 49.173 Thread 0x00007f1a68027800 Uncommon trap: trap_request=0xffffff4d fr.pc=0x00007f1a59e0b390 relative=0x0000000000001290
Event: 49.173 Thread 0x00007f1a68027800 Uncommon trap: reason=unstable_if action=reinterpret pc=0x00007f1a59e0b390 method=com.sun.imageio.plugins.png.PNGImageReader.decodePass(IIIIIII)V @ 755 c2
Event: 49.173 Thread 0x00007f1a68027800 DEOPT PACKING pc=0x00007f1a59e0b390 sp=0x00007f1a6e75dd80
Event: 49.173 Thread 0x00007f1a68027800 DEOPT UNPACKING pc=0x00007f1a522f97a5 sp=0x00007f1a6e75dce8 mode 2
Event: 50.852 Thread 0x00007f1a68027800 DEOPT PACKING pc=0x00007f1a52a5c66e sp=0x00007f1a6e75dbb0
Event: 50.852 Thread 0x00007f1a68027800 DEOPT UNPACKING pc=0x00007f1a522f95ba sp=0x00007f1a6e75d1e0 mode 0
Event: 52.599 Thread 0x00007f1a68027800 DEOPT PACKING pc=0x00007f1a52a5c66e sp=0x00007f1a6e75dbb0
Event: 52.599 Thread 0x00007f1a68027800 DEOPT UNPACKING pc=0x00007f1a522f95ba sp=0x00007f1a6e75d1e0 mode 0
Event: 54.263 Thread 0x00007f1a68027800 DEOPT PACKING pc=0x00007f1a52a5c66e sp=0x00007f1a6e75db70
Event: 54.263 Thread 0x00007f1a68027800 DEOPT UNPACKING pc=0x00007f1a522f95ba sp=0x00007f1a6e75d1a0 mode 0
Event: 55.866 Thread 0x00007f1a68027800 DEOPT PACKING pc=0x00007f1a52a5c66e sp=0x00007f1a6e75db70
Event: 55.866 Thread 0x00007f1a68027800 DEOPT UNPACKING pc=0x00007f1a522f95ba sp=0x00007f1a6e75d1a0 mode 0
Event: 57.457 Thread 0x00007f1a68027800 DEOPT PACKING pc=0x00007f1a52a5c66e sp=0x00007f1a6e75db70
Event: 57.457 Thread 0x00007f1a68027800 DEOPT UNPACKING pc=0x00007f1a522f95ba sp=0x00007f1a6e75d1a0 mode 0

Classes redefined (0 events):
No events

Internal exceptions (17 events):
Event: 0.253 Thread 0x00007f1a68027800 Exception <a 'java/lang/ClassNotFoundException'{0x00000007157592d0}: sun/awt/resources/spi/awtProvider> (0x00000007157592d0) thrown at [./src/hotspot/share/classfile/systemDictionary.cpp, line 231]
Event: 0.297 Thread 0x00007f1a68027800 Exception <a 'java/io/FileNotFoundException'{0x00000007157e8bb0}> (0x00000007157e8bb0) thrown at [./src/hotspot/share/prims/jni.cpp, line 615]
Event: 0.312 Thread 0x00007f1a68027800 Exception <a 'java/lang/NoSuchMethodError'{0x0000000715644128}: 'java.lang.Object java.lang.invoke.DirectMethodHandle$Holder.invokeStatic(java.lang.Object, java.lang.Object, java.lang.Object, java.lang.Object, java.lang.Object, java.lang.Object, java.lang.Object, java.lang.Object, java.lang.Object, java.lang.Object, java.lang.Object, java.lang.Object, java.lang.Object, java.lang.Object, java.lang.Object)'> (0x0000000715644128) thrown at [./src/hotspot/share/interpreter/linkResolver.cpp, line 773]
Event: 0.314 Thread 0x00007f1a68027800 Exception <a 'java/lang/NoSuchMethodError'{0x0000000715652340}: 'java.lang.Object java.lang.invoke.DirectMethodHandle$Holder.invokeStatic(java.lang.Object, java.lang.Object, java.lang.Object, java.lang.Object, java.lang.Object, java.lang.Object, java.lang.Object, java.lang.Object, java.lang.Object, java.lang.Object, java.lang.Object, java.lang.Object, java.lang.Object, java.lang.Object, java.lang.Object, java.lang.Object)'> (0x0000000715652340) thrown at [./src/hotspot/share/interpreter/linkResolver.cpp, l
Event: 0.316 Thread 0x00007f1a68027800 Exception <a 'java/lang/NoSuchMethodError'{0x000000071565ffb0}: 'java.lang.Object java.lang.invoke.DirectMethodHandle$Holder.invokeSpecial(java.lang.Object, java.lang.Object, int, int, java.lang.Object, java.lang.Object, java.lang.Object)'> (0x000000071565ffb0) thrown at [./src/hotspot/share/interpreter/linkResolver.cpp, line 773]
Event: 0.316 Thread 0x00007f1a68027800 Exception <a 'java/lang/NoSuchMethodError'{0x0000000715663540}: 'java.lang.Object java.lang.invoke.DelegatingMethodHandle$Holder.reinvoke_L(java.lang.Object, int, int, java.lang.Object, java.lang.Object, java.lang.Object)'> (0x0000000715663540) thrown at [./src/hotspot/share/interpreter/linkResolver.cpp, line 773]
Event: 0.317 Thread 0x00007f1a68027800 Exception <a 'java/lang/NoSuchMethodError'{0x00000007156678c8}: 'java.lang.Object java.lang.invoke.DirectMethodHandle$Holder.invokeStatic(java.lang.Object, java.lang.Object, java.lang.Object, java.lang.Object, int)'> (0x00000007156678c8) thrown at [./src/hotspot/share/interpreter/linkResolver.cpp, line 773]
Event: 0.330 Thread 0x00007f1a68027800 Exception <a 'java/io/FileNotFoundException'{0x00000007156ca5c8}> (0x00000007156ca5c8) thrown at [./src/hotspot/share/prims/jni.cpp, line 615]
Event: 17.894 Thread 0x00007f1a68027800 Exception <a 'java/lang/NoSuchMethodError'{0x00000007145c5db8}: 'java.lang.Object java.lang.invoke.DirectMethodHandle$Holder.invokeSpecial(java.lang.Object, java.lang.Object, int, int, int, java.lang.Object, int, int)'> (0x00000007145c5db8) thrown at [./src/hotspot/share/interpreter/linkResolver.cpp, line 773]
Event: 17.894 Thread 0x00007f1a68027800 Exception <a 'java/lang/NoSuchMethodError'{0x00000007145c91f8}: 'java.lang.Object java.lang.invoke.DelegatingMethodHandle$Holder.reinvoke_L(java.lang.Object, int, int, int, java.lang.Object, int, int)'> (0x00000007145c91f8) thrown at [./src/hotspot/share/interpreter/linkResolver.cpp, line 773]
Event: 17.895 Thread 0x00007f1a68027800 Exception <a 'java/lang/NoSuchMethodError'{0x00000007145d01f0}: 'java.lang.Object java.lang.invoke.DirectMethodHandle$Holder.invokeStatic(java.lang.Object, java.lang.Object, java.lang.Object, java.lang.Object, java.lang.Object, int)'> (0x00000007145d01f0) thrown at [./src/hotspot/share/interpreter/linkResolver.cpp, line 773]
Event: 17.899 Thread 0x00007f1a68027800 Exception <a 'java/lang/NoSuchMethodError'{0x00000007144043d0}: 'java.lang.Object java.lang.invoke.Invokers$Holder.linkToTargetMethod(java.lang.Object, int, int, java.lang.Object)'> (0x00000007144043d0) thrown at [./src/hotspot/share/interpreter/linkResolver.cpp, line 773]
Event: 17.908 Thread 0x00007f1a68027800 Exception <a 'java/lang/NoSuchMethodError'{0x00000007144751d8}: 'java.lang.Object java.lang.invoke.DirectMethodHandle$Holder.invokeSpecial(java.lang.Object, java.lang.Object, int, int, int, java.lang.Object, int, int, int, int)'> (0x00000007144751d8) thrown at [./src/hotspot/share/interpreter/linkResolver.cpp, line 773]
Event: 17.908 Thread 0x00007f1a68027800 Exception <a 'java/lang/NoSuchMethodError'{0x00000007144787a0}: 'java.lang.Object java.lang.invoke.DelegatingMethodHandle$Holder.reinvoke_L(java.lang.Object, int, int, int, java.lang.Object, int, int, int, int)'> (0x00000007144787a0) thrown at [./src/hotspot/share/interpreter/linkResolver.cpp, line 773]
Event: 17.913 Thread 0x00007f1a68027800 Exception <a 'java/lang/NoSuchMethodError'{0x00000007144b4cc8}: 'java.lang.Object java.lang.invoke.DirectMethodHandle$Holder.invokeStatic(java.lang.Object, java.lang.Object, java.lang.Object, java.lang.Object, java.lang.Object, java.lang.Object, java.lang.Object, java.lang.Object, java.lang.Object, java.lang.Object, java.lang.Object, java.lang.Object, java.lang.Object, int)'> (0x00000007144b4cc8) thrown at [./src/hotspot/share/interpreter/linkResolver.cpp, line 773]
Event: 17.914 Thread 0x00007f1a68027800 Exception <a 'java/lang/NoSuchMethodError'{0x00000007144c1548}: 'java.lang.Object java.lang.invoke.DirectMethodHandle$Holder.invokeStatic(java.lang.Object, java.lang.Object, java.lang.Object, java.lang.Object, java.lang.Object, java.lang.Object, java.lang.Object, java.lang.Object, java.lang.Object, java.lang.Object, java.lang.Object, java.lang.Object, java.lang.Object, int, int)'> (0x00000007144c1548) thrown at [./src/hotspot/share/interpreter/linkResolver.cpp, line 773]
Event: 17.916 Thread 0x00007f1a68027800 Exception <a 'java/lang/NoSuchMethodError'{0x00000007144dd270}: 'java.lang.Object java.lang.invoke.DelegatingMethodHandle$Holder.reinvoke_L(java.lang.Object, java.lang.Object, int, int, int, int)'> (0x00000007144dd270) thrown at [./src/hotspot/share/interpreter/linkResolver.cpp, line 773]

Events (20 events):
Event: 43.164 loading class java/io/EOFException done
Event: 43.164 loading class java/util/zip/DataFormatException
Event: 43.164 loading class java/util/zip/DataFormatException done
Event: 43.164 loading class java/util/zip/ZipException
Event: 43.164 loading class java/util/zip/ZipException done
Event: 45.468 Executing VM operation: G1CollectForAllocation
Event: 45.472 Executing VM operation: G1CollectForAllocation done
Event: 49.493 Executing VM operation: G1CollectForAllocation
Event: 49.496 Executing VM operation: G1CollectForAllocation done
Event: 50.688 Loaded shared library /opt/java/openjdk/lib/libzip.so
Event: 53.532 Executing VM operation: G1CollectForAllocation
Event: 53.537 Executing VM operation: G1CollectForAllocation done
Event: 57.464 Executing VM operation: G1CollectForAllocation
Event: 57.466 Executing VM operation: G1CollectForAllocation done
Event: 61.331 Executing VM operation: G1CollectForAllocation
Event: 61.334 Executing VM operation: G1CollectForAllocation done
Event: 65.285 Executing VM operation: G1CollectForAllocation
Event: 65.288 Executing VM operation: G1CollectForAllocation done
Event: 69.282 Executing VM operation: G1CollectForAllocation
Event: 69.286 Executing VM operation: G1CollectForAllocation done


Dynamic libraries:
706000000-715a00000 rw-p 00000000 00:00 0 
715a00000-800000000 ---p 00000000 00:00 0 
800000000-800120000 rw-p 00000000 00:00 0 
800120000-840000000 ---p 00000000 00:00 0 
55727ee87000-55727ee88000 r-xp 00000000 08:00 1087605                    /opt/java/openjdk/bin/java
55727f088000-55727f089000 r--p 00001000 08:00 1087605                    /opt/java/openjdk/bin/java
55727f089000-55727f08a000 rw-p 00002000 08:00 1087605                    /opt/java/openjdk/bin/java
55728082f000-557280874000 rw-p 00000000 00:00 0                          [heap]
7f19e0000000-7f19e0021000 rw-p 00000000 00:00 0 
7f19e0021000-7f19e4000000 ---p 00000000 00:00 0 
7f19e8000000-7f19e8021000 rw-p 00000000 00:00 0 
7f19e8021000-7f19ec000000 ---p 00000000 00:00 0 
7f19ec000000-7f19ec021000 rw-p 00000000 00:00 0 
7f19ec021000-7f19f0000000 ---p 00000000 00:00 0 
7f19f0000000-7f19f0021000 rw-p 00000000 00:00 0 
7f19f0021000-7f19f4000000 ---p 00000000 00:00 0 
7f19f4000000-7f19f4021000 rw-p 00000000 00:00 0 
7f19f4021000-7f19f8000000 ---p 00000000 00:00 0 
7f19f8000000-7f19f8021000 rw-p 00000000 00:00 0 
7f19f8021000-7f19fc000000 ---p 00000000 00:00 0 
7f19fc000000-7f19fc35e000 rw-p 00000000 00:00 0 
7f19fc35e000-7f1a00000000 ---p 00000000 00:00 0 
7f1a00000000-7f1a004a0000 rw-p 00000000 00:00 0 
7f1a004a0000-7f1a04000000 ---p 00000000 00:00 0 
7f1a04000000-7f1a04021000 rw-p 00000000 00:00 0 
7f1a04021000-7f1a08000000 ---p 00000000 00:00 0 
7f1a0ab4c000-7f1a0af57000 rw-p 00000000 00:00 0 
7f1a0af57000-7f1a0b0d7000 ---p 00000000 00:00 0 
7f1a0b206000-7f1a0b207000 ---p 00000000 00:00 0 
7f1a0b207000-7f1a0b308000 rw-p 00000000 00:00 0 
7f1a0b308000-7f1a0b309000 ---p 00000000 00:00 0 
7f1a0b309000-7f1a0b40a000 rw-p 00000000 00:00 0 
7f1a0b40a000-7f1a0b40b000 ---p 00000000 00:00 0 
7f1a0b40b000-7f1a0b50c000 rw-p 00000000 00:00 0 
7f1a0b50c000-7f1a0b50d000 ---p 00000000 00:00 0 
7f1a0b50d000-7f1a0b60e000 rw-p 00000000 00:00 0 
7f1a0b60e000-7f1a0b60f000 ---p 00000000 00:00 0 
7f1a0b60f000-7f1a0b710000 rw-p 00000000 00:00 0 
7f1a0b710000-7f1a0b714000 ---p 00000000 00:00 0 
7f1a0b714000-7f1a0b811000 rw-p 00000000 00:00 0 
7f1a0b811000-7f1a0b815000 ---p 00000000 00:00 0 
7f1a0b815000-7f1a0b912000 rw-p 00000000 00:00 0 
7f1a0b912000-7f1a0b91a000 r-xp 00000000 08:00 5871138                    /opt/java/openjdk/lib/libawt_headless.so
7f1a0b91a000-7f1a0bb19000 ---p 00008000 08:00 5871138                    /opt/java/openjdk/lib/libawt_headless.so
7f1a0bb19000-7f1a0bb1a000 r--p 00007000 08:00 5871138                    /opt/java/openjdk/lib/libawt_headless.so
7f1a0bb1a000-7f1a0bb1b000 rw-p 00008000 08:00 5871138                    /opt/java/openjdk/lib/libawt_headless.so
7f1a0bb1b000-7f1a0bbb9000 r-xp 00000000 08:00 5871137                    /opt/java/openjdk/lib/libawt.so
7f1a0bbb9000-7f1a0bdb8000 ---p 0009e000 08:00 5871137                    /opt/java/openjdk/lib/libawt.so
7f1a0bdb8000-7f1a0bdb9000 r--p 0009d000 08:00 5871137                    /opt/java/openjdk/lib/libawt.so
7f1a0bdb9000-7f1a0bdc4000 rw-p 0009e000 08:00 5871137                    /opt/java/openjdk/lib/libawt.so
7f1a0bdc4000-7f1a0bde9000 rw-p 00000000 00:00 0 
7f1a0bde9000-7f1a0bdff000 r-xp 00000000 08:00 5871161                    /opt/java/openjdk/lib/libnet.so
7f1a0bdff000-7f1a0bffe000 ---p 00016000 08:00 5871161                    /opt/java/openjdk/lib/libnet.so
7f1a0bffe000-7f1a0bfff000 r--p 00015000 08:00 5871161                    /opt/java/openjdk/lib/libnet.so
7f1a0bfff000-7f1a0c000000 rw-p 00016000 08:00 5871161                    /opt/java/openjdk/lib/libnet.so
7f1a0c000000-7f1a0c021000 rw-p 00000000 00:00 0 
7f1a0c021000-7f1a10000000 ---p 00000000 00:00 0 
7f1a10000000-7f1a10021000 rw-p 00000000 00:00 0 
7f1a10021000-7f1a14000000 ---p 00000000 00:00 0 
7f1a14000000-7f1a143cd000 rw-p 00000000 00:00 0 
7f1a143cd000-7f1a18000000 ---p 00000000 00:00 0 
7f1a18000000-7f1a18021000 rw-p 00000000 00:00 0 
7f1a18021000-7f1a1c000000 ---p 00000000 00:00 0 
7f1a1c000000-7f1a1c021000 rw-p 00000000 00:00 0 
7f1a1c021000-7f1a20000000 ---p 00000000 00:00 0 
7f1a20000000-7f1a21072000 rw-p 00000000 00:00 0 
7f1a21072000-7f1a24000000 ---p 00000000 00:00 0 
7f1a24000000-7f1a24021000 rw-p 00000000 00:00 0 
7f1a24021000-7f1a28000000 ---p 00000000 00:00 0 
7f1a28000000-7f1a28021000 rw-p 00000000 00:00 0 
7f1a28021000-7f1a2c000000 ---p 00000000 00:00 0 
7f1a2c000000-7f1a2c021000 rw-p 00000000 00:00 0 
7f1a2c021000-7f1a30000000 ---p 00000000 00:00 0 
7f1a30000000-7f1a30021000 rw-p 00000000 00:00 0 
7f1a30021000-7f1a34000000 ---p 00000000 00:00 0 
7f1a34000000-7f1a34021000 rw-p 00000000 00:00 0 
7f1a34021000-7f1a38000000 ---p 00000000 00:00 0 
7f1a38000000-7f1a38021000 rw-p 00000000 00:00 0 
7f1a38021000-7f1a3c000000 ---p 00000000 00:00 0 
7f1a3c0d6000-7f1a3c0da000 ---p 00000000 00:00 0 
7f1a3c0da000-7f1a3c1d7000 rw-p 00000000 00:00 0 
7f1a3c1d7000-7f1a3c1e6000 r-xp 00000000 08:00 5871162                    /opt/java/openjdk/lib/libnio.so
7f1a3c1e6000-7f1a3c3e6000 ---p 0000f000 08:00 5871162                    /opt/java/openjdk/lib/libnio.so
7f1a3c3e6000-7f1a3c3e7000 r--p 0000f000 08:00 5871162                    /opt/java/openjdk/lib/libnio.so
7f1a3c3e7000-7f1a3c3e8000 rw-p 00010000 08:00 5871162                    /opt/java/openjdk/lib/libnio.so
7f1a3c3e8000-7f1a3c3ec000 ---p 00000000 00:00 0 
7f1a3c3ec000-7f1a3c4e9000 rw-p 00000000 00:00 0 
7f1a3c4e9000-7f1a3c4ea000 ---p 00000000 00:00 0 
7f1a3c4ea000-7f1a3c5eb000 rw-p 00000000 00:00 0 
7f1a3c5eb000-7f1a3c5ef000 ---p 00000000 00:00 0 
7f1a3c5ef000-7f1a3c6ec000 rw-p 00000000 00:00 0 
7f1a3c6ec000-7f1a3c6f0000 ---p 00000000 00:00 0 
7f1a3c6f0000-7f1a3c7ed000 rw-p 00000000 00:00 0 
7f1a3c7ed000-7f1a3c7f1000 ---p 00000000 00:00 0 
7f1a3c7f1000-7f1a3c8ee000 rw-p 00000000 00:00 0 
7f1a3c8ee000-7f1a3c8f2000 ---p 00000000 00:00 0 
7f1a3c8f2000-7f1a3c9ef000 rw-p 00000000 00:00 0 
7f1a3c9ef000-7f1a3c9f3000 ---p 00000000 00:00 0 
7f1a3c9f3000-7f1a3caf0000 rw-p 00000000 00:00 0 
7f1a3caf0000-7f1a3caf4000 ---p 00000000 00:00 0 
7f1a3caf4000-7f1a3cbf1000 rw-p 00000000 00:00 0 
7f1a3cbf1000-7f1a3cbf5000 ---p 00000000 00:00 0 
7f1a3cbf5000-7f1a3ccf2000 rw-p 00000000 00:00 0 
7f1a3ccf2000-7f1a3ccf3000 ---p 00000000 00:00 0 
7f1a3ccf3000-7f1a3d5f4000 rw-p 00000000 00:00 0 
7f1a3d5f4000-7f1a3d5f5000 ---p 00000000 00:00 0 
7f1a3d5f5000-7f1a3d6f6000 rw-p 00000000 00:00 0 
7f1a3d6f6000-7f1a3d6f7000 ---p 00000000 00:00 0 
7f1a3d6f7000-7f1a40000000 rw-p 00000000 00:00 0 
7f1a40000000-7f1a40021000 rw-p 00000000 00:00 0 
7f1a40021000-7f1a44000000 ---p 00000000 00:00 0 
7f1a440fc000-7f1a440fd000 ---p 00000000 00:00 0 
7f1a440fd000-7f1a441fe000 rw-p 00000000 00:00 0 
7f1a441fe000-7f1a441ff000 ---p 00000000 00:00 0 
7f1a441ff000-7f1a446e8000 rw-p 00000000 00:00 0 
7f1a446e8000-7f1a48180000 ---p 00000000 00:00 0 
7f1a48180000-7f1a48568000 rw-p 00000000 00:00 0 
7f1a48568000-7f1a4c000000 ---p 00000000 00:00 0 
7f1a4c000000-7f1a4c021000 rw-p 00000000 00:00 0 
7f1a4c021000-7f1a50000000 ---p 00000000 00:00 0 
7f1a5006c000-7f1a501eb000 rw-p 00000000 00:00 0 
7f1a501eb000-7f1a5093e000 ---p 00000000 00:00 0 
7f1a5093e000-7f1a509bb000 rw-p 00000000 00:00 0 
7f1a509bb000-7f1a5110e000 ---p 00000000 00:00 0 
7f1a5110e000-7f1a5118b000 rw-p 00000000 00:00 0 
7f1a5118b000-7f1a518de000 ---p 00000000 00:00 0 
7f1a518de000-7f1a520e6000 rw-p 00000000 00:00 0 
7f1a520e6000-7f1a520e7000 ---p 00000000 00:00 0 
7f1a520e7000-7f1a521ed000 rw-p 00000000 00:00 0 
7f1a521ed000-7f1a522d3000 ---p 00000000 00:00 0 
7f1a522d3000-7f1a52543000 rwxp 00000000 00:00 0 
7f1a52543000-7f1a52864000 ---p 00000000 00:00 0 
7f1a52864000-7f1a52ad4000 rwxp 00000000 00:00 0 
7f1a52ad4000-7f1a59d9b000 ---p 00000000 00:00 0 
7f1a59d9b000-7f1a5a00b000 rwxp 00000000 00:00 0 
7f1a5a00b000-7f1a612d3000 ---p 00000000 00:00 0 
7f1a612d3000-7f1a66d56000 r--s 00000000 08:00 5871171                    /opt/java/openjdk/lib/modules
7f1a66d56000-7f1a66d5d000 r-xp 00000000 08:00 5871170                    /opt/java/openjdk/lib/libzip.so
7f1a66d5d000-7f1a66f5c000 ---p 00007000 08:00 5871170                    /opt/java/openjdk/lib/libzip.so
7f1a66f5c000-7f1a66f5d000 r--p 00006000 08:00 5871170                    /opt/java/openjdk/lib/libzip.so
7f1a66f5d000-7f1a66f5e000 rw-p 00007000 08:00 5871170                    /opt/java/openjdk/lib/libzip.so
7f1a66f5e000-7f1a66f68000 r-xp 00000000 08:00 345897                     /lib/x86_64-linux-gnu/libnss_files-2.24.so
7f1a66f68000-7f1a67168000 ---p 0000a000 08:00 345897                     /lib/x86_64-linux-gnu/libnss_files-2.24.so
7f1a67168000-7f1a67169000 r--p 0000a000 08:00 345897                     /lib/x86_64-linux-gnu/libnss_files-2.24.so
7f1a67169000-7f1a6716a000 rw-p 0000b000 08:00 345897                     /lib/x86_64-linux-gnu/libnss_files-2.24.so
7f1a6716a000-7f1a67170000 rw-p 00000000 00:00 0 
7f1a67170000-7f1a6717b000 r-xp 00000000 08:00 345901                     /lib/x86_64-linux-gnu/libnss_nis-2.24.so
7f1a6717b000-7f1a6737a000 ---p 0000b000 08:00 345901                     /lib/x86_64-linux-gnu/libnss_nis-2.24.so
7f1a6737a000-7f1a6737b000 r--p 0000a000 08:00 345901                     /lib/x86_64-linux-gnu/libnss_nis-2.24.so
7f1a6737b000-7f1a6737c000 rw-p 0000b000 08:00 345901                     /lib/x86_64-linux-gnu/libnss_nis-2.24.so
7f1a6737c000-7f1a67390000 r-xp 00000000 08:00 345891                     /lib/x86_64-linux-gnu/libnsl-2.24.so
7f1a67390000-7f1a67590000 ---p 00014000 08:00 345891                     /lib/x86_64-linux-gnu/libnsl-2.24.so
7f1a67590000-7f1a67591000 r--p 00014000 08:00 345891                     /lib/x86_64-linux-gnu/libnsl-2.24.so
7f1a67591000-7f1a67592000 rw-p 00015000 08:00 345891                     /lib/x86_64-linux-gnu/libnsl-2.24.so
7f1a67592000-7f1a67594000 rw-p 00000000 00:00 0 
7f1a67594000-7f1a6759b000 r-xp 00000000 08:00 345893                     /lib/x86_64-linux-gnu/libnss_compat-2.24.so
7f1a6759b000-7f1a6779a000 ---p 00007000 08:00 345893                     /lib/x86_64-linux-gnu/libnss_compat-2.24.so
7f1a6779a000-7f1a6779b000 r--p 00006000 08:00 345893                     /lib/x86_64-linux-gnu/libnss_compat-2.24.so
7f1a6779b000-7f1a6779c000 rw-p 00007000 08:00 345893                     /lib/x86_64-linux-gnu/libnss_compat-2.24.so
7f1a6779c000-7f1a677b7000 r-xp 00000000 08:00 5871153                    /opt/java/openjdk/lib/libjimage.so
7f1a677b7000-7f1a679b7000 ---p 0001b000 08:00 5871153                    /opt/java/openjdk/lib/libjimage.so
7f1a679b7000-7f1a679b9000 r--p 0001b000 08:00 5871153                    /opt/java/openjdk/lib/libjimage.so
7f1a679b9000-7f1a679ba000 rw-p 0001d000 08:00 5871153                    /opt/java/openjdk/lib/libjimage.so
7f1a679ba000-7f1a679e2000 r-xp 00000000 08:00 5871149                    /opt/java/openjdk/lib/libjava.so
7f1a679e2000-7f1a67be2000 ---p 00028000 08:00 5871149                    /opt/java/openjdk/lib/libjava.so
7f1a67be2000-7f1a67be3000 r--p 00028000 08:00 5871149                    /opt/java/openjdk/lib/libjava.so
7f1a67be3000-7f1a67be4000 rw-p 00029000 08:00 5871149                    /opt/java/openjdk/lib/libjava.so
7f1a67be4000-7f1a67be5000 rw-p 00000000 00:00 0 
7f1a67be5000-7f1a67bf6000 r-xp 00000000 08:00 5871169                    /opt/java/openjdk/lib/libverify.so
7f1a67bf6000-7f1a67df5000 ---p 00011000 08:00 5871169                    /opt/java/openjdk/lib/libverify.so
7f1a67df5000-7f1a67df7000 r--p 00010000 08:00 5871169                    /opt/java/openjdk/lib/libverify.so
7f1a67df7000-7f1a67df8000 rw-p 00012000 08:00 5871169                    /opt/java/openjdk/lib/libverify.so
7f1a67df8000-7f1a67dff000 r-xp 00000000 08:00 345918                     /lib/x86_64-linux-gnu/librt-2.24.so
7f1a67dff000-7f1a67ffe000 ---p 00007000 08:00 345918                     /lib/x86_64-linux-gnu/librt-2.24.so
7f1a67ffe000-7f1a67fff000 r--p 00006000 08:00 345918                     /lib/x86_64-linux-gnu/librt-2.24.so
7f1a67fff000-7f1a68000000 rw-p 00007000 08:00 345918                     /lib/x86_64-linux-gnu/librt-2.24.so
7f1a68000000-7f1a68547000 rw-p 00000000 00:00 0 
7f1a68547000-7f1a6c000000 ---p 00000000 00:00 0 
7f1a6c0e0000-7f1a6c0e5000 rw-p 00000000 00:00 0 
7f1a6c0e5000-7f1a6c1cb000 ---p 00000000 00:00 0 
7f1a6c1cb000-7f1a6c2ce000 r-xp 00000000 08:00 345880                     /lib/x86_64-linux-gnu/libm-2.24.so
7f1a6c2ce000-7f1a6c4cd000 ---p 00103000 08:00 345880                     /lib/x86_64-linux-gnu/libm-2.24.so
7f1a6c4cd000-7f1a6c4ce000 r--p 00102000 08:00 345880                     /lib/x86_64-linux-gnu/libm-2.24.so
7f1a6c4ce000-7f1a6c4cf000 rw-p 00103000 08:00 345880                     /lib/x86_64-linux-gnu/libm-2.24.so
7f1a6c4cf000-7f1a6d613000 r-xp 00000000 08:00 5871180                    /opt/java/openjdk/lib/server/libjvm.so
7f1a6d613000-7f1a6d813000 ---p 01144000 08:00 5871180                    /opt/java/openjdk/lib/server/libjvm.so
7f1a6d813000-7f1a6d8d2000 r--p 01144000 08:00 5871180                    /opt/java/openjdk/lib/server/libjvm.so
7f1a6d8d2000-7f1a6d90b000 rw-p 01203000 08:00 5871180                    /opt/java/openjdk/lib/server/libjvm.so
7f1a6d90b000-7f1a6d962000 rw-p 00000000 00:00 0 
7f1a6d962000-7f1a6daf7000 r-xp 00000000 08:00 345851                     /lib/x86_64-linux-gnu/libc-2.24.so
7f1a6daf7000-7f1a6dcf7000 ---p 00195000 08:00 345851                     /lib/x86_64-linux-gnu/libc-2.24.so
7f1a6dcf7000-7f1a6dcfb000 r--p 00195000 08:00 345851                     /lib/x86_64-linux-gnu/libc-2.24.so
7f1a6dcfb000-7f1a6dcfd000 rw-p 00199000 08:00 345851                     /lib/x86_64-linux-gnu/libc-2.24.so
7f1a6dcfd000-7f1a6dd01000 rw-p 00000000 00:00 0 
7f1a6dd01000-7f1a6dd04000 r-xp 00000000 08:00 345863                     /lib/x86_64-linux-gnu/libdl-2.24.so
7f1a6dd04000-7f1a6df03000 ---p 00003000 08:00 345863                     /lib/x86_64-linux-gnu/libdl-2.24.so
7f1a6df03000-7f1a6df04000 r--p 00002000 08:00 345863                     /lib/x86_64-linux-gnu/libdl-2.24.so
7f1a6df04000-7f1a6df05000 rw-p 00003000 08:00 345863                     /lib/x86_64-linux-gnu/libdl-2.24.so
7f1a6df05000-7f1a6df15000 r-xp 00000000 08:00 5871133                    /opt/java/openjdk/lib/jli/libjli.so
7f1a6df15000-7f1a6e114000 ---p 00010000 08:00 5871133                    /opt/java/openjdk/lib/jli/libjli.so
7f1a6e114000-7f1a6e115000 r--p 0000f000 08:00 5871133                    /opt/java/openjdk/lib/jli/libjli.so
7f1a6e115000-7f1a6e116000 rw-p 00010000 08:00 5871133                    /opt/java/openjdk/lib/jli/libjli.so
7f1a6e116000-7f1a6e12e000 r-xp 00000000 08:00 345914                     /lib/x86_64-linux-gnu/libpthread-2.24.so
7f1a6e12e000-7f1a6e32d000 ---p 00018000 08:00 345914                     /lib/x86_64-linux-gnu/libpthread-2.24.so
7f1a6e32d000-7f1a6e32e000 r--p 00017000 08:00 345914                     /lib/x86_64-linux-gnu/libpthread-2.24.so
7f1a6e32e000-7f1a6e32f000 rw-p 00018000 08:00 345914                     /lib/x86_64-linux-gnu/libpthread-2.24.so
7f1a6e32f000-7f1a6e333000 rw-p 00000000 00:00 0 
7f1a6e333000-7f1a6e34c000 r-xp 00000000 08:00 345939                     /lib/x86_64-linux-gnu/libz.so.1.2.8
7f1a6e34c000-7f1a6e54b000 ---p 00019000 08:00 345939                     /lib/x86_64-linux-gnu/libz.so.1.2.8
7f1a6e54b000-7f1a6e54c000 r--p 00018000 08:00 345939                     /lib/x86_64-linux-gnu/libz.so.1.2.8
7f1a6e54c000-7f1a6e54d000 rw-p 00019000 08:00 345939                     /lib/x86_64-linux-gnu/libz.so.1.2.8
7f1a6e54d000-7f1a6e570000 r-xp 00000000 08:00 345833                     /lib/x86_64-linux-gnu/ld-2.24.so
7f1a6e577000-7f1a6e658000 rw-p 00000000 00:00 0 
7f1a6e658000-7f1a6e65f000 ---p 00000000 00:00 0 
7f1a6e65f000-7f1a6e663000 ---p 00000000 00:00 0 
7f1a6e663000-7f1a6e764000 rw-p 00000000 00:00 0 
7f1a6e766000-7f1a6e76e000 rw-s 00000000 08:00 1075130                    /tmp/hsperfdata_root/78
7f1a6e76e000-7f1a6e76f000 ---p 00000000 00:00 0 
7f1a6e76f000-7f1a6e770000 r--p 00000000 00:00 0 
7f1a6e770000-7f1a6e771000 r--p 00023000 08:00 345833                     /lib/x86_64-linux-gnu/ld-2.24.so
7f1a6e771000-7f1a6e772000 rw-p 00024000 08:00 345833                     /lib/x86_64-linux-gnu/ld-2.24.so
7f1a6e772000-7f1a6e773000 rw-p 00000000 00:00 0 
7fff9c3f7000-7fff9c418000 rw-p 00000000 00:00 0                          [stack]
7fff9c5cb000-7fff9c5cf000 r--p 00000000 00:00 0                          [vvar]
7fff9c5cf000-7fff9c5d1000 r-xp 00000000 00:00 0                          [vdso]
ffffffffff600000-ffffffffff601000 --xp 00000000 00:00 0                  [vsyscall]


VM Arguments:
java_command: DivaBotGuardian/DivaBotGuardian/DivaBotGuardian.jar 3
java_class_path (initial): DivaBotGuardian/DivaBotGuardian/DivaBotGuardian.jar
Launcher Type: SUN_STANDARD

[Global flags]
     intx CICompilerCount                          = 4                                         {product} {ergonomic}
     uint ConcGCThreads                            = 2                                         {product} {ergonomic}
     uint G1ConcRefinementThreads                  = 8                                         {product} {ergonomic}
   size_t G1HeapRegionSize                         = 1048576                                   {product} {ergonomic}
    uintx GCDrainStackTargetSize                   = 64                                        {product} {ergonomic}
   size_t InitialHeapSize                          = 262144000                                 {product} {ergonomic}
   size_t MarkStackSize                            = 4194304                                   {product} {ergonomic}
   size_t MaxHeapSize                              = 4194304000                                {product} {ergonomic}
   size_t MaxNewSize                               = 2516582400                                {product} {ergonomic}
   size_t MinHeapDeltaBytes                        = 1048576                                   {product} {ergonomic}
    uintx NonNMethodCodeHeapSize                   = 5836300                                {pd product} {ergonomic}
    uintx NonProfiledCodeHeapSize                  = 122910970                              {pd product} {ergonomic}
    uintx ProfiledCodeHeapSize                     = 122910970                              {pd product} {ergonomic}
    uintx ReservedCodeCacheSize                    = 251658240                              {pd product} {ergonomic}
     bool SegmentedCodeCache                       = true                                      {product} {ergonomic}
     bool UseCompressedClassPointers               = true                                 {lp64_product} {ergonomic}
     bool UseCompressedOops                        = true                                 {lp64_product} {ergonomic}
     bool UseG1GC                                  = true                                      {product} {ergonomic}

Logging:
Log output configuration:
 #0: stdout all=warning uptime,level,tags
 #1: stderr all=off uptime,level,tags

Environment Variables:
JAVA_HOME=/opt/java/openjdk
PATH=/opt/java/openjdk/bin:/usr/local/sbin:/usr/local/bin:/usr/sbin:/usr/bin:/sbin:/bin

Signal Handlers:
SIGSEGV: [libjvm.so+0xe3c180], sa_mask[0]=11111111011111111101111111111110, sa_flags=SA_RESTART|SA_SIGINFO
SIGBUS: [libjvm.so+0xe3c180], sa_mask[0]=11111111011111111101111111111110, sa_flags=SA_RESTART|SA_SIGINFO
SIGFPE: [libjvm.so+0xe3c180], sa_mask[0]=11111111011111111101111111111110, sa_flags=SA_RESTART|SA_SIGINFO
SIGPIPE: [libjvm.so+0xc0d1f0], sa_mask[0]=11111111011111111101111111111110, sa_flags=SA_RESTART|SA_SIGINFO
SIGXFSZ: [libjvm.so+0xc0d1f0], sa_mask[0]=11111111011111111101111111111110, sa_flags=SA_RESTART|SA_SIGINFO
SIGILL: [libjvm.so+0xe3c180], sa_mask[0]=11111111011111111101111111111110, sa_flags=SA_RESTART|SA_SIGINFO
SIGUSR2: [libjvm.so+0xc0d090], sa_mask[0]=00000000000000000000000000000000, sa_flags=SA_RESTART|SA_SIGINFO
SIGHUP: [libjvm.so+0xc0d3f0], sa_mask[0]=11111111011111111101111111111110, sa_flags=SA_RESTART|SA_SIGINFO
SIGINT: SIG_IGN, sa_mask[0]=00000000000000000000000000000000, sa_flags=none
SIGTERM: [libjvm.so+0xc0d3f0], sa_mask[0]=11111111011111111101111111111110, sa_flags=SA_RESTART|SA_SIGINFO
SIGQUIT: [libjvm.so+0xc0d3f0], sa_mask[0]=11111111011111111101111111111110, sa_flags=SA_RESTART|SA_SIGINFO


---------------  S Y S T E M  ---------------

OS:PRETTY_NAME="Debian GNU/Linux 9 (stretch)"
NAME="Debian GNU/Linux"
VERSION_ID="9"
VERSION="9 (stretch)"
VERSION_CODENAME=stretch
ID=debian
HOME_URL="https://www.debian.org/"
SUPPORT_URL="https://www.debian.org/support"
BUG_REPORT_URL="https://bugs.debian.org/"
uname:Linux 5.6.14-x86_64-linode135 #1 SMP PREEMPT Fri May 22 14:57:20 UTC 2020 x86_64
OS uptime: 51 days 1:17 hours
libc:glibc 2.24 NPTL 2.24 
rlimit (soft/hard): STACK 8192k/infinity , CORE infinity/infinity , NPROC infinity/infinity , NOFILE 1048576/1048576 , AS infinity/infinity , CPU infinity/infinity , DATA infinity/infinity , FSIZE infinity/infinity , MEMLOCK 16384k/16384k
load average:1.85 1.16 0.91

/proc/meminfo:
MemTotal:       16379668 kB
MemFree:         5667736 kB
MemAvailable:   13565480 kB
Buffers:         1596208 kB
Cached:          4773476 kB
SwapCached:        24976 kB
Active:          4281348 kB
Inactive:        4312868 kB
Active(anon):    1488712 kB
Inactive(anon):   647580 kB
Active(file):    2792636 kB
Inactive(file):  3665288 kB
Unevictable:           0 kB
Mlocked:               0 kB
SwapTotal:        524284 kB
SwapFree:           9560 kB
Dirty:               544 kB
Writeback:             0 kB
AnonPages:       2199788 kB
Mapped:           242288 kB
Shmem:             31144 kB
KReclaimable:    1781960 kB
Slab:            1962688 kB
SReclaimable:    1781960 kB
SUnreclaim:       180728 kB
KernelStack:       11708 kB
PageTables:        28696 kB
NFS_Unstable:          0 kB
Bounce:                0 kB
WritebackTmp:          0 kB
CommitLimit:     8714116 kB
Committed_AS:    6052036 kB
VmallocTotal:   34359738367 kB
VmallocUsed:       22888 kB
VmallocChunk:          0 kB
Percpu:             6752 kB
HardwareCorrupted:     0 kB
AnonHugePages:         0 kB
ShmemHugePages:        0 kB
ShmemPmdMapped:        0 kB
FileHugePages:         0 kB
FilePmdMapped:         0 kB
HugePages_Total:       0
HugePages_Free:        0
HugePages_Rsvd:        0
HugePages_Surp:        0
Hugepagesize:       2048 kB
Hugetlb:               0 kB
DirectMap4k:    11663216 kB
DirectMap2M:     5113856 kB
DirectMap1G:     2097152 kB

/sys/kernel/mm/transparent_hugepage/enabled:
always [madvise] never

/sys/kernel/mm/transparent_hugepage/defrag (defrag/compaction efforts parameter):
always defer defer+madvise [madvise] never


/proc/sys/kernel/threads-max (system-wide limit on the number of threads):
127912


/proc/sys/vm/max_map_count (maximum number of memory map areas a process may have):
65530


/proc/sys/kernel/pid_max (system-wide limit on number of process identifiers):
32768



container (cgroup) information:
container_type: cgroupv1
cpu_cpuset_cpus: 0-7
cpu_memory_nodes: 0
active_processor_count: 8
cpu_quota: -1
cpu_period: 100000
cpu_shares: -1
memory_limit_in_bytes: -1
memory_and_swap_limit_in_bytes: -1
memory_soft_limit_in_bytes: -1
memory_usage_in_bytes: 437424128
memory_max_usage_in_bytes: 578015232

KVM virtualization detected
Steal ticks since vm start: 64
Steal ticks percentage since vm start:  0.001

CPU:total 8 (initial active 8) (1 cores per cpu, 1 threads per core) family 23 model 1 stepping 2, cmov, cx8, fxsr, mmx, sse, sse2, sse3, ssse3, sse4.1, sse4.2, popcnt, avx, avx2, aes, clmul, mmxext, 3dnowpref, lzcnt, sse4a, tsc, bmi1, bmi2, adx, sha, fma
CPU Model and flags from /proc/cpuinfo:
model name	: AMD EPYC 7601 32-Core Processor
flags		: fpu vme de pse tsc msr pae mce cx8 apic sep mtrr pge mca cmov pat pse36 clflush mmx fxsr sse sse2 syscall nx mmxext fxsr_opt pdpe1gb rdtscp lm rep_good nopl cpuid extd_apicid tsc_known_freq pni pclmulqdq ssse3 fma cx16 sse4_1 sse4_2 x2apic movbe popcnt tsc_deadline_timer aes xsave avx f16c rdrand hypervisor lahf_lm cmp_legacy cr8_legacy abm sse4a misalignsse 3dnowprefetch osvw perfctr_core ssbd ibpb vmmcall fsgsbase tsc_adjust bmi1 avx2 smep bmi2 rdseed adx smap clflushopt sha_ni xsaveopt xsavec xgetbv1 xsaves virt_ssbd arat

Memory: 4k page, physical 16379668k(5667736k free), swap 524284k(9560k free)

vm_info: OpenJDK 64-Bit Server VM (11.0.8+10) for linux-amd64 JRE (11.0.8+10), built on Jul 15 2020 09:02:55 by "" with gcc 7.5.0

END.
