[Mon Sep 28 05:54:37 UTC 2020]Started Guardian[3]
[Mon Sep 28 05:54:37 UTC 2020]ffmpeg:2460[3]
[Mon Sep 28 05:54:37 UTC 2020]guardian:2463[3]
[Mon Sep 28 05:58:47 UTC 2020]Killed off 2460 and 2463[3]
[Mon Sep 28 05:59:50 UTC 2020]Started Guardian[3]
[Mon Sep 28 05:59:50 UTC 2020]ffmpeg:3037[3]
[Mon Sep 28 05:59:50 UTC 2020]guardian:3040[3]
[Mon Sep 28 06:33:42 UTC 2020]Started Guardian[3]
[Mon Sep 28 06:33:42 UTC 2020]ffmpeg:53[3]
[Mon Sep 28 06:33:42 UTC 2020]guardian:56[3]
[Mon Sep 28 06:33:42 UTC 2020]Killed off 56 and 53[3]
[Mon Sep 28 06:39:40 UTC 2020]Started Guardian[3]
[Mon Sep 28 06:39:40 UTC 2020]ffmpeg:75[3]
[Mon Sep 28 06:39:40 UTC 2020]guardian:78[3]
[Mon Sep 28 06:41:45 UTC 2020]Started Guardian[3]
[Mon Sep 28 06:41:45 UTC 2020]ffmpeg:51[3]
[Mon Sep 28 06:41:45 UTC 2020]guardian:54[3]
[Mon Sep 28 06:43:35 UTC 2020]Killed off 51 and 54[3]
[Mon Sep 28 06:50:54 UTC 2020]Started Guardian[3]
[Mon Sep 28 06:50:54 UTC 2020]ffmpeg:36[3]
[Mon Sep 28 06:50:54 UTC 2020]guardian:39[3]
[Mon Sep 28 06:51:09 UTC 2020]Killed off 36 and 39[3]
[Mon Sep 28 06:52:20 UTC 2020]Started Guardian[3]
[Mon Sep 28 06:52:20 UTC 2020]ffmpeg:163[3]
[Mon Sep 28 06:52:20 UTC 2020]guardian:166[3]
[Mon Sep 28 06:52:30 UTC 2020]Killed off 163 and 166[3]
[Mon Sep 28 06:54:09 UTC 2020]Started Guardian[3]
[Mon Sep 28 06:54:09 UTC 2020]ffmpeg:258[3]
[Mon Sep 28 06:54:09 UTC 2020]guardian:261[3]
[Mon Sep 28 06:54:24 UTC 2020]Killed off 258 and 261[3]
[Mon Sep 28 07:00:29 UTC 2020]Started Guardian[3]
[Mon Sep 28 07:00:29 UTC 2020]ffmpeg:36[3]
[Mon Sep 28 07:00:29 UTC 2020]guardian:39[3]
[Mon Sep 28 07:08:36 UTC 2020]Started Guardian[3]
[Mon Sep 28 07:08:36 UTC 2020]ffmpeg:579[3]
[Mon Sep 28 07:08:36 UTC 2020]guardian:582[3]
[Mon Sep 28 07:11:03 UTC 2020]Started Guardian[3]
[Mon Sep 28 07:11:03 UTC 2020]ffmpeg:35[3]
[Mon Sep 28 07:11:03 UTC 2020]guardian:38[3]
[Mon Sep 28 07:26:12 UTC 2020]Started Guardian[3]
[Mon Sep 28 07:26:12 UTC 2020]ffmpeg:40[3]
[Mon Sep 28 07:26:12 UTC 2020]guardian:43[3]
[Mon Sep 28 07:30:03 UTC 2020]Started Guardian[3]
[Mon Sep 28 07:30:03 UTC 2020]ffmpeg:287[3]
[Mon Sep 28 07:30:03 UTC 2020]guardian:290[3]
[Mon Sep 28 07:30:28 UTC 2020]Killed off 287 and 290[3]
[Mon Sep 28 07:31:00 UTC 2020]Started Guardian[3]
[Mon Sep 28 07:31:00 UTC 2020]ffmpeg:445[3]
[Mon Sep 28 07:31:00 UTC 2020]guardian:448[3]
[Mon Sep 28 07:31:31 UTC 2020]Killed off 445 and 448[3]
[Mon Sep 28 07:38:38 UTC 2020]Started Guardian[3]
[Mon Sep 28 07:38:38 UTC 2020]ffmpeg:604[3]
[Mon Sep 28 07:38:38 UTC 2020]guardian:607[3]
[Mon Sep 28 07:40:44 UTC 2020]Killed off 604 and 607[3]
[Mon Sep 28 07:40:54 UTC 2020]Started Guardian[3]
[Mon Sep 28 07:40:54 UTC 2020]ffmpeg:995[3]
[Mon Sep 28 07:40:54 UTC 2020]guardian:998[3]
[Mon Sep 28 07:41:39 UTC 2020]Killed off 995 and 998[3]
[Mon Sep 28 07:41:44 UTC 2020]Started Guardian[3]
[Mon Sep 28 07:41:44 UTC 2020]ffmpeg:1190[3]
[Mon Sep 28 07:41:44 UTC 2020]guardian:1193[3]
[Mon Sep 28 07:44:05 UTC 2020]Killed off 1190 and 1193[3]
[Mon Sep 28 07:44:11 UTC 2020]Started Guardian[3]
[Mon Sep 28 07:44:11 UTC 2020]ffmpeg:1569[3]
[Mon Sep 28 07:44:11 UTC 2020]guardian:1572[3]
[Mon Sep 28 07:44:16 UTC 2020]Killed off 1569 and 1572[3]
[Mon Sep 28 07:53:34 UTC 2020]Started Guardian[3]
[Mon Sep 28 07:53:34 UTC 2020]ffmpeg:1664[3]
[Mon Sep 28 07:53:34 UTC 2020]guardian:1667[3]
[Mon Sep 28 07:53:39 UTC 2020]Killed off 1664 and 1667[3]
[Mon Sep 28 07:53:41 UTC 2020]Started Guardian[3]
[Mon Sep 28 07:53:41 UTC 2020]ffmpeg:1718[3]
[Mon Sep 28 07:53:41 UTC 2020]guardian:1721[3]
[Mon Sep 28 08:06:55 UTC 2020]Killed off 1718 and 1721[3]
[Mon Sep 28 08:21:53 UTC 2020]Started Guardian[3]
[Mon Sep 28 08:21:53 UTC 2020]ffmpeg:4246[3]
[Mon Sep 28 08:21:53 UTC 2020]guardian:4249[3]
[Mon Sep 28 08:24:59 UTC 2020]Killed off 4246 and 4249[3]
[Mon Sep 28 08:25:05 UTC 2020]Started Guardian[3]
[Mon Sep 28 08:25:05 UTC 2020]ffmpeg:4814[3]
[Mon Sep 28 08:25:05 UTC 2020]guardian:4817[3]
[Mon Sep 28 08:28:26 UTC 2020]Killed off 4814 and 4817[3]
[Mon Sep 28 08:28:33 UTC 2020]Started Guardian[3]
[Mon Sep 28 08:28:33 UTC 2020]ffmpeg:5418[3]
[Mon Sep 28 08:28:33 UTC 2020]guardian:5421[3]
[Mon Sep 28 08:31:03 UTC 2020]Killed off 5418 and 5421[3]
[Mon Sep 28 08:31:08 UTC 2020]Started Guardian[3]
[Mon Sep 28 08:31:08 UTC 2020]ffmpeg:5895[3]
[Mon Sep 28 08:31:08 UTC 2020]guardian:5898[3]
[Mon Sep 28 08:36:54 UTC 2020]Killed off 5895 and 5898[3]
[Mon Sep 28 08:37:44 UTC 2020]Started Guardian[3]
[Mon Sep 28 08:37:44 UTC 2020]ffmpeg:6889[3]
[Mon Sep 28 08:37:44 UTC 2020]guardian:6892[3]
[Mon Sep 28 08:40:24 UTC 2020]Killed off 6889 and 6892[3]
[Mon Sep 28 08:40:43 UTC 2020]Started Guardian[3]
[Mon Sep 28 08:40:43 UTC 2020]ffmpeg:7391[3]
[Mon Sep 28 08:40:43 UTC 2020]guardian:7394[3]
[Mon Sep 28 08:45:49 UTC 2020]Killed off 7391 and 7394[3]
[Mon Sep 28 08:45:54 UTC 2020]Started Guardian[3]
[Mon Sep 28 08:45:54 UTC 2020]ffmpeg:8270[3]
[Mon Sep 28 08:45:54 UTC 2020]guardian:8273[3]
[Mon Sep 28 08:48:49 UTC 2020]Killed off 8270 and 8273[3]
[Mon Sep 28 08:49:53 UTC 2020]Started Guardian[3]
[Mon Sep 28 08:49:53 UTC 2020]ffmpeg:8821[3]
[Mon Sep 28 08:49:53 UTC 2020]guardian:8824[3]
[Mon Sep 28 08:54:18 UTC 2020]Killed off 8821 and 8824[3]
[Mon Sep 28 15:59:18 UTC 2020]Started Guardian[3]
[Mon Sep 28 15:59:18 UTC 2020]ffmpeg:414[3]
[Mon Sep 28 15:59:18 UTC 2020]guardian:417[3]
[Mon Sep 28 15:59:23 UTC 2020]Killed off 414 and 417[3]
[Tue Sep 29 13:38:40 UTC 2020]Started Guardian[3]
[Tue Sep 29 13:38:40 UTC 2020]ffmpeg:480[3]
[Tue Sep 29 13:38:40 UTC 2020]guardian:483[3]
[Tue Sep 29 13:38:45 UTC 2020]Killed off 480 and 483[3]
